Spine 0: (contain: 4 ports)
	Port: 1 (contain 24 entries)
		0/0/0/0/0	0.0263322/0/0/0/0	0/0/0/0/0	0.00027704/0/0/0/0	0.166062/4/5816/0/0	0.0830378/0/0/0/0	0.0336669/0/0/0/0	0.0247936/0/0/0/0	9.712e-05/0/0/0/0	0.00129344/0/0/0/0	0/0/0/0/0	0/0/0/0/0	0/0/0/0/0	0/0/0/0/0	0/0/0/0/0	0/0/0/0/0	0/0/0/0/0	0/0/0/0/0	0/0/0/0/0	0/0/0/0/0	0/0/0/0/0	0/0/0/0/0	0/0/0/0/0	0/0/0/0/0	
	Port: 2 (contain 24 entries)
		0.00015312/0/0/0/0	8.28e-05/0/0/0/0	0.00646952/0/0/0/0	0.00705272/0/0/0/0	0.00253808/0/0/0/0	0.151568/0/0/0/0	0.912204/0/0/0/0	0.839353/0/0/0/0	1.00339/41/59614/0/0	0.99886/42/61068/0/0	0.998744/42/61068/0/0	0.996885/25/36350/0/0	0.998744/25/36350/0/0	0.99886/25/36350/0/0	0.998744/25/36350/0/0	0.998866/25/36350/0/0	0.998744/25/36350/0/0	0.99886/25/36350/0/0	0.651087/0/0/0/0	0.277042/0/0/0/0	0.319208/0/0/0/0	0.312122/0/0/0/0	0.332106/0/0/0/0	0.99886/0/0/0/0	
	Port: 3 (contain 24 entries)
		1.28e-05/0/0/0/0	4.256e-05/0/0/0/0	0.00142344/0/0/0/0	0.00016976/0/0/0/0	0.00023072/0/0/0/0	1.28e-05/0/0/0/0	0.0267873/0/0/0/0	0/0/0/0/0	0.0149173/0/0/0/0	0.0309784/0/0/0/0	0/0/0/0/0	0/0/0/0/0	0/0/0/0/0	0/0/0/0/0	0/0/0/0/0	0/0/0/0/0	0/0/0/0/0	0/0/0/0/0	0/0/0/0/0	0/0/0/0/0	0/0/0/0/0	0/0/0/0/0	0/0/0/0/0	0/0/0/0/0	
	Port: 4 (contain 24 entries)
		0.00017864/0/0/0/0	6.728e-05/0/0/0/0	0.00019584/0/0/0/0	0.0210531/0/0/0/0	0.352836/0/0/0/0	0.60828/279/398666/0/0	0.964436/0/0/0/0	0.688043/0/0/0/0	0.056276/0/0/0/0	0.0973296/0/0/0/0	0/0/0/0/0	0/0/0/0/0	0/0/0/0/0	0/0/0/0/0	0/0/0/0/0	0/0/0/0/0	0/0/0/0/0	0/0/0/0/0	0/0/0/0/0	0/0/0/0/0	0/0/0/0/0	0/0/0/0/0	0/0/0/0/0	0/0/0/0/0	

Spine 1: (contain: 4 ports)
	Port: 1 (contain 24 entries)
		0.00246584/0/0/0/0	0.00562432/0/0/0/0	0.0377168/0/0/0/0	0.197042/0/0/0/0	0.056799/0/0/0/0	0.00019584/0/0/0/0	0.102322/0/0/0/0	0.00061456/0/0/0/0	2.976e-05/0/0/0/0	0.00358192/0/0/0/0	0/0/0/0/0	4.16e-06/0/0/0/0	0/0/0/0/0	0/0/0/0/0	0/0/0/0/0	0/0/0/0/0	0/0/0/0/0	0/0/0/0/0	0/0/0/0/0	0/0/0/0/0	0/0/0/0/0	0/0/0/0/0	0/0/0/0/0	0/0/0/0/0	
	Port: 2 (contain 24 entries)
		1.28e-05/0/0/0/0	0/0/0/0/0	0/0/0/0/0	0.595577/0/0/0/0	0.904538/0/0/0/0	0.0401334/0/0/0/0	0.658452/358/520532/0/0	0.930334/128/186112/0/0	1.06937/600/872400/0/0	0.937067/68/98872/0/0	0.941128/0/0/0/0	0.570694/0/0/0/0	0.563957/0/0/0/0	0.558265/0/0/0/0	0.552689/0/0/0/0	0.558153/0/0/0/0	0.551412/0/0/0/0	0.544907/0/0/0/0	0.547346/0/0/0/0	0.693359/0/0/0/0	0.682788/0/0/0/0	0.689642/0/0/0/0	0.621065/0/0/0/0	0/0/0/0/0	
	Port: 3 (contain 24 entries)
		0.00027664/0/0/0/0	1.696e-05/0/0/0/0	2.936e-05/0/0/0/0	1.28e-05/0/0/0/0	0.00538776/0/0/0/0	0.00371056/0/0/0/0	0.00028736/0/0/0/0	0.0268122/0/0/0/0	0.00533712/0/0/0/0	0.00983008/0/0/0/0	0.00204672/0/0/0/0	0.015496/0/0/0/0	0.0156291/0/0/0/0	0.0158288/0/0/0/0	0.016041/0/0/0/0	0.0158454/0/0/0/0	0.0160534/0/0/0/0	0.0163155/0/0/0/0	0.0162074/0/0/0/0	0.0110032/0/0/0/0	0.011336/0/0/0/0	0.0111654/0/0/0/0	0.0118851/0/0/0/0	0.0357677/0/0/0/0	
	Port: 4 (contain 24 entries)
		0/0/0/0/0	0.00039984/0/0/0/0	0/0/0/0/0	4.952e-05/0/0/0/0	0.00326496/0/0/0/0	0.024441/0/0/0/0	0.0398097/0/0/0/0	0.0287803/0/0/0/0	0.0346902/0/0/0/0	0.0355896/0/0/0/0	0.0394285/0/0/0/0	0.0464838/0/0/0/0	0.0407139/0/0/0/0	0.0357677/0/0/0/0	0.0357718/0/0/0/0	0.035776/0/0/0/0	0.0357718/0/0/0/0	0.0357677/0/0/0/0	0.023583/0/0/0/0	0/0/0/0/0	0/0/0/0/0	0/0/0/0/0	0/0/0/0/0	0/0/0/0/0	

Spine 2: (contain: 4 ports)
	Port: 1 (contain 24 entries)
		2.56e-05/0/0/0/0	3.36e-05/0/0/0/0	5.856e-05/0/0/0/0	9.024e-05/0/0/0/0	0.00049328/0/0/0/0	9.28e-05/0/0/0/0	0.0167533/0/0/0/0	0.0198869/0/0/0/0	0.163513/0/0/0/0	0.0257798/0/0/0/0	0.0335962/0/0/0/0	0.0202758/0/0/0/0	0.0201386/0/0/0/0	0.0199389/0/0/0/0	0.0197309/0/0/0/0	0.0199222/0/0/0/0	0.0197184/0/0/0/0	0.0194522/0/0/0/0	0.0195645/0/0/0/0	0.0247645/0/0/0/0	0.0244358/0/0/0/0	0.0246022/0/0/0/0	0.0238909/0/0/0/0	0/0/0/0/0	
	Port: 2 (contain 24 entries)
		0.0720566/0/0/0/0	0.555865/0/0/0/0	0.813765/0/0/0/0	0.94833/0/0/0/0	1.07286/512/744448/0/0	0.432928/0/0/0/0	0.00013984/0/0/0/0	0.0153233/0/0/0/0	0.0288309/0/0/0/0	0.0107106/0/0/0/0	0.194481/0/0/0/0	0.748535/1/1454/0/0	0.556591/0/0/0/0	0.443847/0/0/0/0	0.449075/0/0/0/0	0.443964/0/0/0/0	0.450352/0/0/0/0	0.456509/0/0/0/0	0.453837/0/0/0/0	0.0137069/0/0/0/0	0/0/0/0/0	0/0/0/0/0	0/0/0/0/0	0/0/0/0/0	
	Port: 3 (contain 24 entries)
		6.064e-05/0/0/0/0	0.00049744/0/0/0/0	0.0144782/0/0/0/0	1.28e-05/0/0/0/0	1.28e-05/0/0/0/0	0.00706984/0/0/0/0	0.0232034/0/0/0/0	0.0353952/0/0/0/0	0.0349363/0/0/0/0	0.0358624/0/0/0/0	0.0350234/0/0/0/0	0.0221603/0/0/0/0	0/0/0/0/0	0/0/0/0/0	0/0/0/0/0	0/0/0/0/0	0/0/0/0/0	0/0/0/0/0	0/0/0/0/0	0/0/0/0/0	0/0/0/0/0	0/0/0/0/0	0/0/0/0/0	0/0/0/0/0	
	Port: 4 (contain 24 entries)
		0/0/0/0/0	0.0006292/0/0/0/0	0/0/0/0/0	0/0/0/0/0	0/0/0/0/0	3.808e-05/0/0/0/0	0.000278/0/0/0/0	0.219698/0/0/0/0	0.0769144/0/0/0/0	2.976e-05/0/0/0/0	0/0/0/0/0	0/0/0/0/0	0/0/0/0/0	0/0/0/0/0	0/0/0/0/0	0/0/0/0/0	0/0/0/0/0	0/0/0/0/0	0/0/0/0/0	0/0/0/0/0	0/0/0/0/0	0/0/0/0/0	0/0/0/0/0	0/0/0/0/0	

Spine 3: (contain: 4 ports)
	Port: 1 (contain 24 entries)
		0.00062936/0/0/0/0	0.0142774/0/0/0/0	0.027004/0/0/0/0	0.034758/0/0/0/0	0.031375/0/0/0/0	0.216716/34/25636/0/0	0.726512/120/90480/0/0	1.02194/395/389530/0/0	1.00149/470/432780/0/0	1.00225/514/484156/0/0	1.00031/543/512322/0/0	0.60094/0/0/0/0	0.0357677/0/0/0/0	0.0357677/0/0/0/0	0.0357718/0/0/0/0	0.0357677/0/0/0/0	0.0357718/0/0/0/0	0.0357677/0/0/0/0	0.0357718/0/0/0/0	0.0357677/0/0/0/0	0.0357718/0/0/0/0	0.0357677/0/0/0/0	0.0357718/0/0/0/0	0.0357677/0/0/0/0	
	Port: 2 (contain 24 entries)
		0.00010216/0/0/0/0	0.00098888/0/0/0/0	1.28e-05/0/0/0/0	6.336e-05/0/0/0/0	0/0/0/0/0	0.598168/0/0/0/0	0.993301/0/0/0/0	0.64643/0/0/0/0	0.652716/0/0/0/0	0.55931/0/0/0/0	0.57627/0/0/0/0	0.739591/0/0/0/0	0.99886/0/0/0/0	0.998744/0/0/0/0	0.998744/0/0/0/0	0.99886/0/0/0/0	0.998744/0/0/0/0	0.99886/0/0/0/0	0.998744/0/0/0/0	0.99886/0/0/0/0	0.998744/0/0/0/0	0.99886/0/0/0/0	0.998744/0/0/0/0	0.998744/0/0/0/0	
	Port: 3 (contain 24 entries)
		0.0784279/0/0/0/0	0.00063176/0/0/0/0	0.154148/0/0/0/0	0.0506373/0/0/0/0	0/0/0/0/0	0.00040832/0/0/0/0	1.28e-05/0/0/0/0	0.0006876/0/0/0/0	0/0/0/0/0	1.28e-05/0/0/0/0	0/0/0/0/0	0/0/0/0/0	0/0/0/0/0	0/0/0/0/0	0/0/0/0/0	0/0/0/0/0	0/0/0/0/0	0/0/0/0/0	0/0/0/0/0	0/0/0/0/0	0/0/0/0/0	0/0/0/0/0	0/0/0/0/0	0/0/0/0/0	
	Port: 4 (contain 24 entries)
		0/0/0/0/0	1.28e-05/0/0/0/0	0.0217138/0/0/0/0	0/0/0/0/0	0/0/0/0/0	0/0/0/0/0	0/0/0/0/0	0/0/0/0/0	4.624e-05/0/0/0/0	9.096e-05/0/0/0/0	0/0/0/0/0	0/0/0/0/0	0/0/0/0/0	0/0/0/0/0	0/0/0/0/0	0/0/0/0/0	0/0/0/0/0	0/0/0/0/0	0/0/0/0/0	0/0/0/0/0	0/0/0/0/0	0/0/0/0/0	0/0/0/0/0	0/0/0/0/0	

Leaf 0: (contain: 12 ports)
	Port: 1 (contain 24 entries)
		1.28e-05/0/0/0/0	0/0/0/0/0	0/0/0/0/0	1.28e-05/0/0/0/0	0/0/0/0/0	3.352e-05/0/0/0/0	2.56e-05/0/0/0/0	0/0/0/0/0	0.130022/0/0/0/0	0/0/0/0/0	0/0/0/0/0	0/0/0/0/0	0/0/0/0/0	0/0/0/0/0	0/0/0/0/0	0/0/0/0/0	0/0/0/0/0	0/0/0/0/0	0/0/0/0/0	0/0/0/0/0	0/0/0/0/0	0/0/0/0/0	0/0/0/0/0	0/0/0/0/0	
	Port: 2 (contain 24 entries)
		1.28e-05/0/0/0/0	0.0001548/0/0/0/0	0/0/0/0/0	0.195369/0/0/0/0	0.056799/0/0/0/0	0.184355/0/0/0/0	0.685692/0/0/0/0	0.975721/0/0/0/0	0.976891/0/0/0/0	0.978183/0/0/0/0	0.977603/0/0/0/0	0.615619/0/0/0/0	0/0/0/0/0	0/0/0/0/0	0/0/0/0/0	0/0/0/0/0	0/0/0/0/0	0/0/0/0/0	0/0/0/0/0	0/0/0/0/0	0/0/0/0/0	0/0/0/0/0	0/0/0/0/0	0/0/0/0/0	
	Port: 3 (contain 24 entries)
		0/0/0/0/0	0.0001456/0/0/0/0	0/0/0/0/0	0.00085136/0/0/0/0	0.00043144/0/0/0/0	0.00016224/0/0/0/0	0/0/0/0/0	0.00010128/0/0/0/0	2.168e-05/0/0/0/0	0.00017408/0/0/0/0	0/0/0/0/0	0/0/0/0/0	0/0/0/0/0	0/0/0/0/0	0/0/0/0/0	0/0/0/0/0	0/0/0/0/0	0/0/0/0/0	0/0/0/0/0	0/0/0/0/0	0/0/0/0/0	0/0/0/0/0	0/0/0/0/0	0/0/0/0/0	
	Port: 4 (contain 24 entries)
		0/0/0/0/0	0/0/0/0/0	0.00016752/0/0/0/0	0/0/0/0/0	0.152896/0/0/0/0	0.0737127/0/0/0/0	0/0/0/0/0	4.872e-05/0/0/0/0	0.00014008/0/0/0/0	0.00349472/0/0/0/0	0/0/0/0/0	0/0/0/0/0	0/0/0/0/0	0/0/0/0/0	0/0/0/0/0	0/0/0/0/0	0/0/0/0/0	0/0/0/0/0	0/0/0/0/0	0/0/0/0/0	0/0/0/0/0	0/0/0/0/0	0/0/0/0/0	0/0/0/0/0	
	Port: 5 (contain 24 entries)
		0.00061656/0/0/0/0	3.488e-05/0/0/0/0	1.28e-05/0/0/0/0	0.00011656/0/0/0/0	0.0115738/0/0/0/0	0.0190278/0/0/0/0	0.135984/0/0/0/0	0.0248563/0/0/0/0	2.976e-05/0/0/0/0	1.28e-05/0/0/0/0	0/0/0/0/0	0/0/0/0/0	0/0/0/0/0	0/0/0/0/0	0/0/0/0/0	0/0/0/0/0	0/0/0/0/0	0/0/0/0/0	0/0/0/0/0	0/0/0/0/0	0/0/0/0/0	0/0/0/0/0	0/0/0/0/0	0/0/0/0/0	
	Port: 6 (contain 24 entries)
		0.00011896/0/0/0/0	0.0142442/0/0/0/0	0.0645363/0/0/0/0	0.0357921/0/0/0/0	0.0313996/0/0/0/0	0.0212035/0/0/0/0	0.0355254/0/0/0/0	0.0230324/0/0/0/0	0.0240618/0/0/0/0	0.0199938/0/0/0/0	0.0205712/0/0/0/0	0.0272563/0/0/0/0	0.0357677/0/0/0/0	0.0357718/0/0/0/0	0.0357677/0/0/0/0	0.0357718/0/0/0/0	0.0357677/0/0/0/0	0.0357718/0/0/0/0	0.0357677/0/0/0/0	0.0357718/0/0/0/0	0.0357677/0/0/0/0	0.0357677/0/0/0/0	0.0357718/0/0/0/0	0.0357677/0/0/0/0	
	Port: 7 (contain 24 entries)
		2.56e-05/0/0/0/0	0.025997/0/0/0/0	5.856e-05/0/0/0/0	1.28e-05/0/0/0/0	0/0/0/0/0	3.36e-05/0/0/0/0	0/0/0/0/0	1.824e-05/0/0/0/0	0/0/0/0/0	0/0/0/0/0	0/0/0/0/0	0/0/0/0/0	0/0/0/0/0	0/0/0/0/0	0/0/0/0/0	0/0/0/0/0	0/0/0/0/0	0/0/0/0/0	0/0/0/0/0	0/0/0/0/0	0/0/0/0/0	0/0/0/0/0	0/0/0/0/0	0/0/0/0/0	
	Port: 8 (contain 24 entries)
		0.00229664/0/0/0/0	0.00569536/0/0/0/0	0/0/0/0/0	1.28e-05/0/0/0/0	2.416e-05/0/0/0/0	0/0/0/0/0	0.0166944/0/0/0/0	0.0196227/0/0/0/0	0.0305306/0/0/0/0	0.0269395/0/0/0/0	0.0335878/0/0/0/0	0.0203008/0/0/0/0	0.0201344/0/0/0/0	0.0199389/0/0/0/0	0.0197309/0/0/0/0	0.0199264/0/0/0/0	0.0197184/0/0/0/0	0.0194522/0/0/0/0	0.0195603/0/0/0/0	0.024777/0/0/0/0	0.0244026/0/0/0/0	0.0246314/0/0/0/0	0.0238992/0/0/0/0	0/0/0/0/0	
	Port: 9 (contain 24 entries)
		0.00025624/0/0/0/0	2.976e-05/0/0/0/0	0.00257576/0/0/0/0	0.00708376/0/0/0/0	0.325343/0/0/0/0	0.575921/0/0/0/0	0.964128/0/0/0/0	0.686998/0/0/0/0	0.0609438/0/0/0/0	0.128247/0/0/0/0	0/0/0/0/0	0/0/0/0/0	0/0/0/0/0	0/0/0/0/0	0/0/0/0/0	0/0/0/0/0	0/0/0/0/0	0/0/0/0/0	0/0/0/0/0	0/0/0/0/0	0/0/0/0/0	0/0/0/0/0	4.16e-06/0/0/0/0	0/0/0/0/0	
	Port: 10 (contain 24 entries)
		0.00028944/0/0/0/0	0/0/0/0/0	0/0/0/0/0	2.56e-05/0/0/0/0	0.00539584/0/0/0/0	0.00245504/0/0/0/0	0.522514/0/0/0/0	0.584775/0/0/0/0	0.880144/0/0/0/0	0.698354/0/0/0/0	0.941128/0/0/0/0	0.570113/0/0/0/0	0.563841/0/0/0/0	0.558381/0/0/0/0	0.552689/0/0/0/0	0.558033/0/0/0/0	0.55176/0/0/0/0	0.544558/0/0/0/0	0.547462/0/0/0/0	0.693243/0/0/0/0	0.682905/0/0/0/0	0.68941/0/0/0/0	0.620833/0/0/0/0	0/0/0/0/0	
	Port: 11 (contain 24 entries)
		0.0704016/0/0/0/0	0.562006/49/71246/0/0	0.807544/0/0/0/0	0.94833/0/0/0/0	0.894664/0/0/0/0	0.00654432/0/0/0/0	0.0231414/0/0/0/0	0.0511467/0/0/0/0	0.0576534/0/0/0/0	0.035159/0/0/0/0	0.0350147/0/0/0/0	0.022127/0/0/0/0	0/0/0/0/0	0/0/0/0/0	0/0/0/0/0	0/0/0/0/0	0/0/0/0/0	0/0/0/0/0	0/0/0/0/0	0/0/0/0/0	0/0/0/0/0	0/0/0/0/0	0/0/0/0/0	0/0/0/0/0	
	Port: 12 (contain 24 entries)
		0.00018752/0/0/0/0	0.00157224/0/0/0/0	0.153361/0/0/0/0	0.0505468/0/0/0/0	0/0/0/0/0	0.599117/0/0/0/0	0.9934/0/0/0/0	0.645966/0/0/0/0	0.652355/0/0/0/0	0.559543/0/0/0/0	0.576386/0/0/0/0	0.740055/0/0/0/0	0.998744/0/0/0/0	0.99886/0/0/0/0	0.998744/0/0/0/0	0.998744/0/0/0/0	0.99886/0/0/0/0	0.998744/0/0/0/0	0.99886/0/0/0/0	0.998744/0/0/0/0	0.99886/0/0/0/0	0.998744/0/0/0/0	0.99886/0/0/0/0	0.998744/0/0/0/0	

Leaf 1: (contain: 12 ports)
	Port: 1 (contain 24 entries)
		8.936e-05/0/0/0/0	0.0009928/0/0/0/0	0/0/0/0/0	5.056e-05/0/0/0/0	0.0004044/0/0/0/0	0.0002608/0/0/0/0	0/0/0/0/0	0/0/0/0/0	0.0279348/0/0/0/0	0/0/0/0/0	0/0/0/0/0	0/0/0/0/0	0/0/0/0/0	0/0/0/0/0	0/0/0/0/0	0/0/0/0/0	0/0/0/0/0	0/0/0/0/0	0/0/0/0/0	0/0/0/0/0	0/0/0/0/0	0/0/0/0/0	0/0/0/0/0	0/0/0/0/0	
	Port: 2 (contain 24 entries)
		0/0/0/0/0	1.28e-05/0/0/0/0	0/0/0/0/0	0.00699328/0/0/0/0	0.00203424/0/0/0/0	1.28e-05/0/0/0/0	0.470108/0/0/0/0	0.957051/0/0/0/0	0.998919/1/1454/0/0	1.00929/91/132314/0/0	1.0328/384/558336/0/0	1.00269/418/607772/0/0	1.00234/448/651392/0/0	1.00211/477/693558/0/0	1.00188/503/731362/0/0	1.002/531/772074/0/0	1.00188/557/809878/0/0	1.0013/579/841866/0/0	1.0013/599/870946/0/0	0.983991/472/686288/0/0	1.00211/501/728454/0/0	1.00165/525/763350/0/0	0.953287/134/193436/0/0	0.998744/133/193382/0/0	
	Port: 3 (contain 24 entries)
		0/0/0/0/0	0/0/0/0/0	0/0/0/0/0	1.28e-05/0/0/0/0	0/0/0/0/0	1.696e-05/0/0/0/0	0.0009696/0/0/0/0	0/0/0/0/0	0.00525152/0/0/0/0	8.56e-05/0/0/0/0	4.16e-06/0/0/0/0	0/0/0/0/0	0/0/0/0/0	0/0/0/0/0	0/0/0/0/0	0/0/0/0/0	0/0/0/0/0	0/0/0/0/0	0/0/0/0/0	0/0/0/0/0	0/0/0/0/0	0/0/0/0/0	0/0/0/0/0	0/0/0/0/0	
	Port: 4 (contain 24 entries)
		4.536e-05/0/0/0/0	1.696e-05/0/0/0/0	0.00523616/0/0/0/0	0.594323/0/0/0/0	1.03014/600/872400/0/0	0.675816/0/0/0/0	0.91246/0/0/0/0	0.15066/0/0/0/0	0.36904/0/0/0/0	0.377997/0/0/0/0	0.696612/54/78516/0/0	1.0099/153/222462/0/0	0.794835/0/0/0/0	0.690571/0/0/0/0	0.67245/0/0/0/0	0.0204548/0/0/0/0	0/0/0/0/0	0/0/0/0/0	0/0/0/0/0	0/0/0/0/0	0/0/0/0/0	0/0/0/0/0	0/0/0/0/0	0/0/0/0/0	
	Port: 5 (contain 24 entries)
		0/0/0/0/0	0/0/0/0/0	0.00116512/0/0/0/0	0/0/0/0/0	1.88e-05/0/0/0/0	0/0/0/0/0	0.0744842/0/0/0/0	0.680731/0/0/0/0	0.623211/0/0/0/0	0.620772/0/0/0/0	0.4126/0/0/0/0	0.305152/0/0/0/0	0.322809/0/0/0/0	0.308172/0/0/0/0	0.32641/0/0/0/0	0.9783/0/0/0/0	0.99886/0/0/0/0	0.998744/0/0/0/0	0.655153/0/0/0/0	0/0/0/0/0	0/0/0/0/0	0/0/0/0/0	0/0/0/0/0	0/0/0/0/0	
	Port: 6 (contain 24 entries)
		0.0710112/0/0/0/0	0.555752/0/0/0/0	0.813421/0/0/0/0	0.948363/0/0/0/0	0.873652/0/0/0/0	0.605472/0/0/0/0	0.993284/0/0/0/0	0.654397/0/0/0/0	0.654658/0/0/0/0	0.559078/0/0/0/0	0.57627/0/0/0/0	0.739242/0/0/0/0	0.99886/0/0/0/0	0.998744/0/0/0/0	0.99886/0/0/0/0	0.998744/0/0/0/0	0.99886/0/0/0/0	0.998744/0/0/0/0	0.99886/0/0/0/0	0.998744/0/0/0/0	0.99886/0/0/0/0	0.998744/0/0/0/0	0.998744/0/0/0/0	0.99886/0/0/0/0	
	Port: 7 (contain 24 entries)
		0.00012056/0/0/0/0	1.28e-05/0/0/0/0	0/0/0/0/0	0.00011976/0/0/0/0	4.256e-05/0/0/0/0	0.00046072/0/0/0/0	0/0/0/0/0	3.424e-05/0/0/0/0	5.08e-05/0/0/0/0	5.456e-05/0/0/0/0	0/0/0/0/0	0/0/0/0/0	0/0/0/0/0	0/0/0/0/0	0/0/0/0/0	0/0/0/0/0	0/0/0/0/0	0/0/0/0/0	0/0/0/0/0	0/0/0/0/0	0/0/0/0/0	0/0/0/0/0	0/0/0/0/0	0/0/0/0/0	
	Port: 8 (contain 24 entries)
		1.28e-05/0/0/0/0	3.248e-05/0/0/0/0	0.00054144/0/0/0/0	0/0/0/0/0	0/0/0/0/0	0/0/0/0/0	0/0/0/0/0	0.0152858/0/0/0/0	0.00020248/0/0/0/0	0/0/0/0/0	0/0/0/0/0	0/0/0/0/0	0/0/0/0/0	0/0/0/0/0	0/0/0/0/0	0/0/0/0/0	0/0/0/0/0	0/0/0/0/0	0/0/0/0/0	0/0/0/0/0	0/0/0/0/0	0/0/0/0/0	0/0/0/0/0	0/0/0/0/0	
	Port: 9 (contain 24 entries)
		4.296e-05/0/0/0/0	0.0261218/0/0/0/0	0.00020864/0/0/0/0	0.0210275/0/0/0/0	0.0302675/0/0/0/0	0.00181048/0/0/0/0	0.0269786/0/0/0/0	0/0/0/0/0	0.0149518/0/0/0/0	1.28e-05/0/0/0/0	0/0/0/0/0	0/0/0/0/0	0/0/0/0/0	0/0/0/0/0	0/0/0/0/0	0/0/0/0/0	0/0/0/0/0	0/0/0/0/0	0/0/0/0/0	0/0/0/0/0	0/0/0/0/0	0/0/0/0/0	0/0/0/0/0	0/0/0/0/0	
	Port: 10 (contain 24 entries)
		0.00246936/0/0/0/0	0.00587688/0/0/0/0	0.0322463/0/0/0/0	0.19537/0/0/0/0	0.0600735/0/0/0/0	0.0244335/0/0/0/0	0.0351702/0/0/0/0	0.0418318/0/0/0/0	0.040044/0/0/0/0	0.0454075/0/0/0/0	0.0414918/0/0/0/0	0.0620006/0/0/0/0	0.0563306/0/0/0/0	0.0516006/0/0/0/0	0.0518086/0/0/0/0	0.0516173/0/0/0/0	0.0518253/0/0/0/0	0.0520957/0/0/0/0	0.0397488/0/0/0/0	0.010999/0/0/0/0	0.0113152/0/0/0/0	0.0111904/0/0/0/0	0.0118976/0/0/0/0	0.0357677/0/0/0/0	
	Port: 11 (contain 24 entries)
		0/0/0/0/0	0.00049744/0/0/0/0	0.0144782/0/0/0/0	9.024e-05/0/0/0/0	0.00049328/0/0/0/0	9.28e-05/0/0/0/0	0.0167821/0/0/0/0	0.238202/0/0/0/0	0.214818/0/0/0/0	0.026387/0/0/0/0	0.033609/0/0/0/0	0.020255/0/0/0/0	0.0201386/0/0/0/0	0.0199347/0/0/0/0	0.0197309/0/0/0/0	0.0199306/0/0/0/0	0.0197101/0/0/0/0	0.019448/0/0/0/0	0.0195645/0/0/0/0	0.0247728/0/0/0/0	0.0244525/0/0/0/0	0.0245814/0/0/0/0	0.0238784/0/0/0/0	0/0/0/0/0	
	Port: 12 (contain 24 entries)
		0.0789591/0/0/0/0	0.0143277/0/0/0/0	0.0268237/0/0/0/0	0.0347708/0/0/0/0	0.0313584/0/0/0/0	0.0295406/0/0/0/0	0.035568/0/0/0/0	0.0231754/0/0/0/0	0.0234629/0/0/0/0	0.0200922/0/0/0/0	0.0206378/0/0/0/0	0.0264451/0/0/0/0	0.0357718/0/0/0/0	0.0357677/0/0/0/0	0.0357718/0/0/0/0	0.0357677/0/0/0/0	0.0357677/0/0/0/0	0.0357718/0/0/0/0	0.0357677/0/0/0/0	0.0357718/0/0/0/0	0.0357677/0/0/0/0	0.0357718/0/0/0/0	0.0357677/0/0/0/0	0.0357718/0/0/0/0	

Leaf 2: (contain: 12 ports)
	Port: 1 (contain 24 entries)
		0.0786064/0/0/0/0	1.28e-05/0/0/0/0	0.0144782/0/0/0/0	1.28e-05/0/0/0/0	0/0/0/0/0	0.00651344/0/0/0/0	0.0230922/0/0/0/0	0.0349232/0/0/0/0	0.0349066/0/0/0/0	0.0350355/0/0/0/0	0.0350064/0/0/0/0	0.0221978/0/0/0/0	0/0/0/0/0	0/0/0/0/0	0/0/0/0/0	0/0/0/0/0	0/0/0/0/0	0/0/0/0/0	0/0/0/0/0	0/0/0/0/0	0/0/0/0/0	0/0/0/0/0	0/0/0/0/0	0/0/0/0/0	
	Port: 2 (contain 24 entries)
		0/0/0/0/0	1.28e-05/0/0/0/0	0.153411/0/0/0/0	0.0505938/0/0/0/0	0/0/0/0/0	0.0003872/0/0/0/0	0.00021704/0/0/0/0	3.84e-05/0/0/0/0	1.28e-05/0/0/0/0	0/0/0/0/0	0/0/0/0/0	0/0/0/0/0	0/0/0/0/0	0/0/0/0/0	0/0/0/0/0	0/0/0/0/0	0/0/0/0/0	0/0/0/0/0	0/0/0/0/0	0/0/0/0/0	0/0/0/0/0	0/0/0/0/0	0/0/0/0/0	0/0/0/0/0	
	Port: 3 (contain 24 entries)
		0/0/0/0/0	1.696e-05/0/0/0/0	0/0/0/0/0	0/0/0/0/0	2.936e-05/0/0/0/0	5.056e-05/0/0/0/0	0.026817/0/0/0/0	0.0123866/0/0/0/0	0.0052336/0/0/0/0	0.00998152/0/0/0/0	0.00205088/0/0/0/0	0.015471/0/0/0/0	0.0156333/0/0/0/0	0.015833/0/0/0/0	0.0160368/0/0/0/0	0.0158454/0/0/0/0	0.0160493/0/0/0/0	0.0163197/0/0/0/0	0.0162074/0/0/0/0	0.0109949/0/0/0/0	0.0113651/0/0/0/0	0.0111363/0/0/0/0	0.0118768/0/0/0/0	0.0357718/0/0/0/0	
	Port: 4 (contain 24 entries)
		0.0001588/0/0/0/0	0.00063176/0/0/0/0	0.0013612/0/0/0/0	5.728e-05/0/0/0/0	0.00532512/0/0/0/0	0.00250048/0/0/0/0	3.256e-05/0/0/0/0	0/0/0/0/0	3.384e-05/0/0/0/0	2.976e-05/0/0/0/0	1.28e-05/0/0/0/0	0/0/0/0/0	0/0/0/0/0	0/0/0/0/0	0/0/0/0/0	0/0/0/0/0	0/0/0/0/0	0/0/0/0/0	0/0/0/0/0	0/0/0/0/0	0/0/0/0/0	0/0/0/0/0	0/0/0/0/0	0/0/0/0/0	
	Port: 5 (contain 24 entries)
		0/0/0/0/0	0/0/0/0/0	0.00078656/0/0/0/0	0/0/0/0/0	1.28e-05/0/0/0/0	0/0/0/0/0	0/0/0/0/0	0/0/0/0/0	0/0/0/0/0	0.00058632/0/0/0/0	0/0/0/0/0	0/0/0/0/0	0/0/0/0/0	0/0/0/0/0	0/0/0/0/0	0/0/0/0/0	0/0/0/0/0	0/0/0/0/0	0/0/0/0/0	0/0/0/0/0	0/0/0/0/0	0/0/0/0/0	0/0/0/0/0	0/0/0/0/0	
	Port: 6 (contain 24 entries)
		1.28e-05/0/0/0/0	0.00049744/0/0/0/0	2.936e-05/0/0/0/0	9.12e-05/0/0/0/0	0/0/0/0/0	0.00115712/0/0/0/0	0.00013208/0/0/0/0	0.00053184/0/0/0/0	9.528e-05/0/0/0/0	0.0309784/0/0/0/0	0/0/0/0/0	0/0/0/0/0	0/0/0/0/0	0/0/0/0/0	0/0/0/0/0	0/0/0/0/0	0/0/0/0/0	0/0/0/0/0	0/0/0/0/0	0/0/0/0/0	0/0/0/0/0	0/0/0/0/0	0/0/0/0/0	0/0/0/0/0	
	Port: 7 (contain 24 entries)
		0/0/0/0/0	1.696e-05/0/0/0/0	0/0/0/0/0	6.472e-05/0/0/0/0	0/0/0/0/0	0.00059272/0/0/0/0	0/0/0/0/0	0.0006876/0/0/0/0	0/0/0/0/0	0/0/0/0/0	0/0/0/0/0	0/0/0/0/0	0/0/0/0/0	0/0/0/0/0	0/0/0/0/0	0/0/0/0/0	0/0/0/0/0	0/0/0/0/0	0/0/0/0/0	0/0/0/0/0	0/0/0/0/0	0/0/0/0/0	0/0/0/0/0	0/0/0/0/0	
	Port: 8 (contain 24 entries)
		0/0/0/0/0	0/0/0/0/0	1.28e-05/0/0/0/0	1.28e-05/0/0/0/0	0.00023072/0/0/0/0	0/0/0/0/0	0/0/0/0/0	0.0143232/0/0/0/0	0.0149045/0/0/0/0	7.632e-05/0/0/0/0	0/0/0/0/0	0/0/0/0/0	0/0/0/0/0	0/0/0/0/0	0/0/0/0/0	0/0/0/0/0	0/0/0/0/0	0/0/0/0/0	0/0/0/0/0	0/0/0/0/0	0/0/0/0/0	0/0/0/0/0	0/0/0/0/0	0/0/0/0/0	
	Port: 9 (contain 24 entries)
		4.536e-05/0/0/0/0	0.0002596/0/0/0/0	6.824e-05/0/0/0/0	0.0002132/0/0/0/0	0.155327/0/0/0/0	0.0953309/0/0/0/0	0/0/0/0/0	1.28e-05/0/0/0/0	6.264e-05/0/0/0/0	0.00134128/0/0/0/0	0/0/0/0/0	0/0/0/0/0	0/0/0/0/0	0/0/0/0/0	0/0/0/0/0	0/0/0/0/0	0/0/0/0/0	0/0/0/0/0	0/0/0/0/0	0.277739/0/0/0/0	0.319208/0/0/0/0	0.312238/0/0/0/0	0.33245/0/0/0/0	0.998744/0/0/0/0	
	Port: 10 (contain 24 entries)
		2.112e-05/0/0/0/0	0.0001268/0/0/0/0	0.00549984/0/0/0/0	0.0018416/0/0/0/0	3.648e-05/0/0/0/0	0.00053136/0/0/0/0	0.0018616/0/0/0/0	0.345864/0/0/0/0	0.188992/0/0/0/0	0.238709/0/0/0/0	0/0/0/0/0	4.16e-06/0/0/0/0	0/0/0/0/0	0/0/0/0/0	0/0/0/0/0	0/0/0/0/0	0/0/0/0/0	0/0/0/0/0	0/0/0/0/0	0/0/0/0/0	0/0/0/0/0	0/0/0/0/0	0/0/0/0/0	0/0/0/0/0	
	Port: 11 (contain 24 entries)
		0.00282944/0/0/0/0	0.00018792/0/0/0/0	0.0005872/0/0/0/0	0/0/0/0/0	0/0/0/0/0	0.000254/0/0/0/0	0.0001568/0/0/0/0	0.0007864/0/0/0/0	0.0006808/0/0/0/0	0.0105181/0/0/0/0	0.0837762/0/0/0/0	0.432696/0/0/0/0	0.438388/0/0/0/0	0.443847/0/0/0/0	0.449075/0/0/0/0	0.443964/0/0/0/0	0.45012/0/0/0/0	0.456741/0/0/0/0	0.453837/0/0/0/0	0.0130099/0/0/0/0	0/0/0/0/0	0/0/0/0/0	0/0/0/0/0	0/0/0/0/0	
	Port: 12 (contain 24 entries)
		0/0/0/0/0	0/0/0/0/0	0.0219069/0/0/0/0	0/0/0/0/0	0/0/0/0/0	0.188599/0/0/0/0	0.690687/0/0/0/0	0.99886/0/0/0/0	0.977951/0/0/0/0	0.982365/0/0/0/0	0.979577/0/0/0/0	0.573449/0/0/0/0	0/0/0/0/0	0/0/0/0/0	0/0/0/0/0	0/0/0/0/0	0/0/0/0/0	0/0/0/0/0	0/0/0/0/0	0/0/0/0/0	0/0/0/0/0	0/0/0/0/0	0/0/0/0/0	0/0/0/0/0	

Leaf 3: (contain: 12 ports)
	Port: 1 (contain 24 entries)
		0/0/0/0/0	0.00024/0/0/0/0	0/0/0/0/0	0.020913/0/0/0/0	0.352832/0/0/0/0	0.543659/0/0/0/0	1.00056/41/38614/0/0	0.693698/0/0/0/0	0.0113277/0/0/0/0	0.0129631/0/0/0/0	0.0103792/0/0/0/0	0.0111197/0/0/0/0	0.00454688/0/0/0/0	0/0/0/0/0	0/0/0/0/0	0/0/0/0/0	0/0/0/0/0	0/0/0/0/0	0/0/0/0/0	0/0/0/0/0	0/0/0/0/0	0/0/0/0/0	0/0/0/0/0	0/0/0/0/0	
	Port: 2 (contain 24 entries)
		3.184e-05/0/0/0/0	0.00067088/0/0/0/0	0.00019584/0/0/0/0	1.28e-05/0/0/0/0	0/0/0/0/0	3.392e-05/0/0/0/0	0.00022424/0/0/0/0	8.72e-05/0/0/0/0	0/0/0/0/0	0/0/0/0/0	0/0/0/0/0	0/0/0/0/0	0/0/0/0/0	0/0/0/0/0	0/0/0/0/0	0/0/0/0/0	0/0/0/0/0	0/0/0/0/0	0/0/0/0/0	0/0/0/0/0	0/0/0/0/0	0/0/0/0/0	0/0/0/0/0	0/0/0/0/0	
	Port: 3 (contain 24 entries)
		0/0/0/0/0	0.0001268/0/0/0/0	0.0217138/0/0/0/0	0/0/0/0/0	0/0/0/0/0	0/0/0/0/0	5.696e-05/0/0/0/0	0/0/0/0/0	0.001024/0/0/0/0	2.976e-05/0/0/0/0	0/0/0/0/0	0/0/0/0/0	0/0/0/0/0	0/0/0/0/0	0/0/0/0/0	0/0/0/0/0	0/0/0/0/0	0/0/0/0/0	0/0/0/0/0	0/0/0/0/0	0/0/0/0/0	0/0/0/0/0	0/0/0/0/0	0/0/0/0/0	
	Port: 4 (contain 24 entries)
		0/0/0/0/0	4.584e-05/0/0/0/0	0/0/0/0/0	0.00012736/0/0/0/0	0/0/0/0/0	0/0/0/0/0	0.00370336/0/0/0/0	0.00053728/0/0/0/0	0.0227304/0/0/0/0	0.0972434/0/0/0/0	0/0/0/0/0	0/0/0/0/0	0/0/0/0/0	0/0/0/0/0	0/0/0/0/0	0/0/0/0/0	0/0/0/0/0	0/0/0/0/0	0/0/0/0/0	0/0/0/0/0	0/0/0/0/0	0/0/0/0/0	0/0/0/0/0	0/0/0/0/0	
	Port: 5 (contain 24 entries)
		0/0/0/0/0	0/0/0/0/0	0/0/0/0/0	2.392e-05/0/0/0/0	0/0/0/0/0	0.00065912/0/0/0/0	0.0007912/0/0/0/0	0.00027976/0/0/0/0	2.216e-05/0/0/0/0	4.784e-05/0/0/0/0	0/0/0/0/0	0/0/0/0/0	0/0/0/0/0	0/0/0/0/0	0/0/0/0/0	0/0/0/0/0	0/0/0/0/0	0/0/0/0/0	0/0/0/0/0	0/0/0/0/0	0/0/0/0/0	0/0/0/0/0	0/0/0/0/0	0/0/0/0/0	
	Port: 6 (contain 24 entries)
		0.00011664/0/0/0/0	0/0/0/0/0	0/0/0/0/0	0/0/0/0/0	1.952e-05/0/0/0/0	1.28e-05/0/0/0/0	0.00292664/0/0/0/0	0.242297/0/0/0/0	0.0757134/0/0/0/0	0.022377/0/0/0/0	0.014743/0/0/0/0	0.0107827/0/0/0/0	0.0115773/0/0/0/0	0.011024/0/0/0/0	0.0116813/0/0/0/0	0.0349482/0/0/0/0	0.0357677/0/0/0/0	0.0357677/0/0/0/0	0.0236205/0/0/0/0	0/0/0/0/0	0/0/0/0/0	0/0/0/0/0	0/0/0/0/0	0/0/0/0/0	
	Port: 7 (contain 24 entries)
		3.016e-05/0/0/0/0	0/0/0/0/0	0/0/0/0/0	1.28e-05/0/0/0/0	0.003216/0/0/0/0	0.0554958/0/0/0/0	0.0280086/0/0/0/0	0.00064336/0/0/0/0	0.0570165/0/0/0/0	0.00036608/0/0/0/0	0.0142979/0/0/0/0	0.0245856/0/0/0/0	0.0245939/0/0/0/0	0.0247478/0/0/0/0	0.0240864/0/0/0/0	0.000832/0/0/0/0	0/0/0/0/0	0/0/0/0/0	0/0/0/0/0	0/0/0/0/0	0/0/0/0/0	0/0/0/0/0	0/0/0/0/0	0/0/0/0/0	
	Port: 8 (contain 24 entries)
		0/0/0/0/0	2.56e-05/0/0/0/0	0/0/0/0/0	1.28e-05/0/0/0/0	0/0/0/0/0	1.696e-05/0/0/0/0	0/0/0/0/0	0/0/0/0/0	0.00020056/0/0/0/0	1.28e-05/0/0/0/0	0/0/0/0/0	0/0/0/0/0	0/0/0/0/0	0/0/0/0/0	0/0/0/0/0	0/0/0/0/0	0/0/0/0/0	0/0/0/0/0	0/0/0/0/0	0/0/0/0/0	0/0/0/0/0	0/0/0/0/0	0/0/0/0/0	0/0/0/0/0	
	Port: 9 (contain 24 entries)
		0/0/0/0/0	0.00011376/0/0/0/0	0.00523616/0/0/0/0	0.00022816/0/0/0/0	0.0117958/0/0/0/0	0.17113/0/0/0/0	1.01073/0/0/0/0	0.883015/147/213738/0/0	1.00163/172/250088/0/0	1.00513/227/330058/0/0	1.00188/171/248634/0/0	0.9934/141/205014/0/0	1.01559/286/415844/0/0	1.00327/325/472550/0/0	0.992013/267/386847/0/0	0.97435/56/81424/0/0	0.99886/56/81424/0/0	0.998744/56/81424/0/0	0.643537/0/0/0/0	0/0/0/0/0	0/0/0/0/0	0/0/0/0/0	0/0/0/0/0	0/0/0/0/0	
	Port: 10 (contain 24 entries)
		1.28e-05/0/0/0/0	0/0/0/0/0	0/0/0/0/0	0.59649/0/0/0/0	0.904189/0/0/0/0	0.0403432/0/0/0/0	0.242358/0/0/0/0	0.0143232/0/0/0/0	2.976e-05/0/0/0/0	0.0035736/0/0/0/0	0/0/0/0/0	0/0/0/0/0	0/0/0/0/0	0/0/0/0/0	0/0/0/0/0	4.16e-06/0/0/0/0	0/0/0/0/0	0/0/0/0/0	0/0/0/0/0	0/0/0/0/0	0/0/0/0/0	0/0/0/0/0	0/0/0/0/0	0/0/0/0/0	
	Port: 11 (contain 24 entries)
		7.344e-05/0/0/0/0	2.56e-05/0/0/0/0	0/0/0/0/0	1.28e-05/0/0/0/0	0.177979/0/0/0/0	0.432558/0/0/0/0	0.00011992/0/0/0/0	0.00016464/0/0/0/0	0.0310214/0/0/0/0	0.00033928/0/0/0/0	0.111281/0/0/0/0	0.316304/0/0/0/0	0.117854/0/0/0/0	0/0/0/0/0	0/0/0/0/0	0/0/0/0/0	0/0/0/0/0	0/0/0/0/0	0/0/0/0/0	0/0/0/0/0	0/0/0/0/0	0/0/0/0/0	0/0/0/0/0	0/0/0/0/0	
	Port: 12 (contain 24 entries)
		1.28e-05/0/0/0/0	4.84e-05/0/0/0/0	0.00078656/0/0/0/0	0.00014104/0/0/0/0	0/0/0/0/0	0.00025928/0/0/0/0	0.00017024/0/0/0/0	0.0006876/0/0/0/0	1.28e-05/0/0/0/0	1.28e-05/0/0/0/0	0/0/0/0/0	0/0/0/0/0	0/0/0/0/0	0/0/0/0/0	0/0/0/0/0	0/0/0/0/0	0/0/0/0/0	0/0/0/0/0	0/0/0/0/0	0/0/0/0/0	0/0/0/0/0	0/0/0/0/0	0/0/0/0/0	0/0/0/0/0	

