Spine 0: (contain: 4 ports)
	Port: 1 (contain 24 entries)
		0.00182448/0/0/0/0	9.72e-05/0/0/0/0	2.976e-05/0/0/0/0	0.0192812/0/0/0/0	0.0297984/0/0/0/0	0.0357971/0/0/0/0	0.0357677/0/0/0/0	0.0359462/0/0/0/0	0.0146019/0/0/0/0	5.4e-05/0/0/0/0	0/0/0/0/0	0/0/0/0/0	0/0/0/0/0	0/0/0/0/0	0/0/0/0/0	0/0/0/0/0	0/0/0/0/0	0/0/0/0/0	0/0/0/0/0	0/0/0/0/0	0/0/0/0/0	0/0/0/0/0	0/0/0/0/0	0/0/0/0/0	
	Port: 2 (contain 24 entries)
		0.0112833/0/0/0/0	0/0/0/0/0	0/0/0/0/0	0/0/0/0/0	0/0/0/0/0	0.0006076/0/0/0/0	0.00253112/0/0/0/0	0.00019168/0/0/0/0	4.48e-06/0/0/0/0	0.00012248/0/0/0/0	0/0/0/0/0	0/0/0/0/0	0/0/0/0/0	0/0/0/0/0	0/0/0/0/0	0/0/0/0/0	0/0/0/0/0	0/0/0/0/0	0/0/0/0/0	0/0/0/0/0	0/0/0/0/0	0/0/0/0/0	0/0/0/0/0	0/0/0/0/0	
	Port: 3 (contain 24 entries)
		0/0/0/0/0	0.00060416/0/0/0/0	0/0/0/0/0	0/0/0/0/0	3.36e-05/0/0/0/0	0.00035888/0/0/0/0	2.56e-05/0/0/0/0	0/0/0/0/0	0.0002612/0/0/0/0	2.112e-05/0/0/0/0	0/0/0/0/0	0/0/0/0/0	0/0/0/0/0	0/0/0/0/0	0/0/0/0/0	0/0/0/0/0	0/0/0/0/0	0/0/0/0/0	0/0/0/0/0	0/0/0/0/0	0/0/0/0/0	0/0/0/0/0	0/0/0/0/0	0/0/0/0/0	
	Port: 4 (contain 24 entries)
		3.144e-05/0/0/0/0	4.44e-05/0/0/0/0	0/0/0/0/0	0.617529/0/0/0/0	0/0/0/0/0	1.696e-05/0/0/0/0	0.00013712/0/0/0/0	1.696e-05/0/0/0/0	2.44e-05/0/0/0/0	4.232e-05/0/0/0/0	0/0/0/0/0	0/0/0/0/0	0/0/0/0/0	0/0/0/0/0	0/0/0/0/0	0/0/0/0/0	0/0/0/0/0	0/0/0/0/0	0/0/0/0/0	0/0/0/0/0	0/0/0/0/0	0/0/0/0/0	0/0/0/0/0	0/0/0/0/0	

Spine 1: (contain: 4 ports)
	Port: 1 (contain 24 entries)
		1.28e-05/0/0/0/0	0.00025376/0/0/0/0	0.0003976/0/0/0/0	0.0152883/0/0/0/0	0.0325811/0/0/0/0	0.0357722/0/0/0/0	0.674308/2/1508/0/0	0.962273/0/0/0/0	0.99886/0/0/0/0	0.998744/0/0/0/0	0.99886/0/0/0/0	0.998744/0/0/0/0	0.99886/0/0/0/0	0.998744/0/0/0/0	0.99886/0/0/0/0	0.160608/0/0/0/0	0/0/0/0/0	0/0/0/0/0	0/0/0/0/0	0/0/0/0/0	0/0/0/0/0	0/0/0/0/0	0/0/0/0/0	0/0/0/0/0	
	Port: 2 (contain 24 entries)
		0/0/0/0/0	0/0/0/0/0	0/0/0/0/0	1.28e-05/0/0/0/0	0/0/0/0/0	1.28e-05/0/0/0/0	0/0/0/0/0	0/0/0/0/0	0.000136/0/0/0/0	0/0/0/0/0	0/0/0/0/0	0/0/0/0/0	0/0/0/0/0	0/0/0/0/0	0/0/0/0/0	0/0/0/0/0	0/0/0/0/0	0/0/0/0/0	0/0/0/0/0	0/0/0/0/0	0/0/0/0/0	0/0/0/0/0	0/0/0/0/0	0/0/0/0/0	
	Port: 3 (contain 24 entries)
		0/0/0/0/0	0/0/0/0/0	3.552e-05/0/0/0/0	0.43064/0/0/0/0	0.950305/0/0/0/0	0.99886/0/0/0/0	0.998628/0/0/0/0	0.0344638/0/0/0/0	0/0/0/0/0	0/0/0/0/0	0/0/0/0/0	0/0/0/0/0	0/0/0/0/0	0/0/0/0/0	0/0/0/0/0	0/0/0/0/0	0/0/0/0/0	0/0/0/0/0	0/0/0/0/0	0/0/0/0/0	0/0/0/0/0	0/0/0/0/0	0/0/0/0/0	0/0/0/0/0	
	Port: 4 (contain 24 entries)
		0/0/0/0/0	0/0/0/0/0	0/0/0/0/0	0.0430954/0/0/0/0	0.0168522/0/0/0/0	0.00020192/0/0/0/0	0/0/0/0/0	0/0/0/0/0	0.00294448/0/0/0/0	1.28e-05/0/0/0/0	0/0/0/0/0	0/0/0/0/0	0/0/0/0/0	0/0/0/0/0	0/0/0/0/0	0/0/0/0/0	0/0/0/0/0	0/0/0/0/0	0/0/0/0/0	0/0/0/0/0	0/0/0/0/0	0/0/0/0/0	0/0/0/0/0	0/0/0/0/0	

Spine 2: (contain: 4 ports)
	Port: 1 (contain 24 entries)
		0/0/0/0/0	0/0/0/0/0	0/0/0/0/0	1.28e-05/0/0/0/0	5.28e-05/0/0/0/0	0/0/0/0/0	1.696e-05/0/0/0/0	0/0/0/0/0	0/0/0/0/0	0/0/0/0/0	0/0/0/0/0	0/0/0/0/0	0/0/0/0/0	0/0/0/0/0	0/0/0/0/0	0/0/0/0/0	0/0/0/0/0	0/0/0/0/0	0/0/0/0/0	0/0/0/0/0	0/0/0/0/0	0/0/0/0/0	0/0/0/0/0	0/0/0/0/0	
	Port: 2 (contain 24 entries)
		2.528e-05/0/0/0/0	0/0/0/0/0	0.00021264/0/0/0/0	0/0/0/0/0	0.00016232/0/0/0/0	0/0/0/0/0	0/0/0/0/0	0/0/0/0/0	0/0/0/0/0	0.00035088/0/0/0/0	0/0/0/0/0	0/0/0/0/0	0/0/0/0/0	0/0/0/0/0	0/0/0/0/0	0/0/0/0/0	0/0/0/0/0	0/0/0/0/0	0/0/0/0/0	0/0/0/0/0	0/0/0/0/0	0/0/0/0/0	0/0/0/0/0	0/0/0/0/0	
	Port: 3 (contain 24 entries)
		1.28e-05/0/0/0/0	0.00056608/0/0/0/0	3.36e-05/0/0/0/0	0.00823712/0/0/0/0	0.00100504/0/0/0/0	0/0/0/0/0	0/0/0/0/0	0/0/0/0/0	1.696e-05/0/0/0/0	0/0/0/0/0	0/0/0/0/0	0/0/0/0/0	0/0/0/0/0	0/0/0/0/0	0/0/0/0/0	0/0/0/0/0	0/0/0/0/0	0/0/0/0/0	0/0/0/0/0	0/0/0/0/0	0/0/0/0/0	0/0/0/0/0	0/0/0/0/0	0/0/0/0/0	
	Port: 4 (contain 24 entries)
		0/0/0/0/0	3.808e-05/0/0/0/0	4.192e-05/0/0/0/0	0.0001196/0/0/0/0	0.0009276/0/0/0/0	0/0/0/0/0	0.0228266/0/0/0/0	0.0327766/0/0/0/0	0.0357677/0/0/0/0	0.0357718/0/0/0/0	0.0357677/0/0/0/0	0.0357718/0/0/0/0	0.0357677/0/0/0/0	0.0357718/0/0/0/0	0.0357677/0/0/0/0	0.00591136/0/0/0/0	0/0/0/0/0	0/0/0/0/0	0/0/0/0/0	0/0/0/0/0	0/0/0/0/0	0/0/0/0/0	0/0/0/0/0	0/0/0/0/0	

Spine 3: (contain: 4 ports)
	Port: 1 (contain 24 entries)
		0/0/0/0/0	1.696e-05/0/0/0/0	0/0/0/0/0	1.28e-05/0/0/0/0	0/0/0/0/0	0/0/0/0/0	0.00026616/0/0/0/0	0/0/0/0/0	0.00080192/0/0/0/0	3.776e-05/0/0/0/0	0/0/0/0/0	0/0/0/0/0	0/0/0/0/0	0/0/0/0/0	0/0/0/0/0	0/0/0/0/0	0/0/0/0/0	0/0/0/0/0	0/0/0/0/0	0/0/0/0/0	0/0/0/0/0	0/0/0/0/0	0/0/0/0/0	0/0/0/0/0	
	Port: 2 (contain 24 entries)
		0/0/0/0/0	0/0/0/0/0	0.00064776/0/0/0/0	3.256e-05/0/0/0/0	0/0/0/0/0	0/0/0/0/0	0.0001288/0/0/0/0	0/0/0/0/0	2.112e-05/0/0/0/0	0/0/0/0/0	0/0/0/0/0	0/0/0/0/0	0/0/0/0/0	0/0/0/0/0	0/0/0/0/0	0/0/0/0/0	0/0/0/0/0	0/0/0/0/0	0/0/0/0/0	0/0/0/0/0	0/0/0/0/0	0/0/0/0/0	0/0/0/0/0	0/0/0/0/0	
	Port: 3 (contain 24 entries)
		0.0272812/0/0/0/0	0/0/0/0/0	8.104e-05/0/0/0/0	0/0/0/0/0	0/0/0/0/0	0/0/0/0/0	0/0/0/0/0	0/0/0/0/0	0/0/0/0/0	1.992e-05/0/0/0/0	0/0/0/0/0	0/0/0/0/0	0/0/0/0/0	0/0/0/0/0	0/0/0/0/0	0/0/0/0/0	0/0/0/0/0	0/0/0/0/0	0/0/0/0/0	0/0/0/0/0	0/0/0/0/0	0/0/0/0/0	0/0/0/0/0	0/0/0/0/0	
	Port: 4 (contain 24 entries)
		3.776e-05/0/0/0/0	0.0157244/0/0/0/0	0.0001636/0/0/0/0	0.119309/0/0/0/0	0.905816/0/0/0/0	0.99886/0/0/0/0	0.998744/0/0/0/0	0.998744/0/0/0/0	0.402977/0/0/0/0	0/0/0/0/0	0/0/0/0/0	0/0/0/0/0	0/0/0/0/0	0/0/0/0/0	0/0/0/0/0	0/0/0/0/0	0/0/0/0/0	0/0/0/0/0	0/0/0/0/0	0/0/0/0/0	0/0/0/0/0	0/0/0/0/0	0/0/0/0/0	0/0/0/0/0	

Leaf 0: (contain: 12 ports)
	Port: 1 (contain 24 entries)
		0/0/0/0/0	0/0/0/0/0	0/0/0/0/0	0/0/0/0/0	1.696e-05/0/0/0/0	4.224e-05/0/0/0/0	0.00027032/0/0/0/0	0/0/0/0/0	0/0/0/0/0	0/0/0/0/0	0/0/0/0/0	0/0/0/0/0	0/0/0/0/0	0/0/0/0/0	0/0/0/0/0	0/0/0/0/0	0/0/0/0/0	0/0/0/0/0	0/0/0/0/0	0/0/0/0/0	0/0/0/0/0	0/0/0/0/0	0/0/0/0/0	0/0/0/0/0	
	Port: 2 (contain 24 entries)
		0.00098624/0/0/0/0	0.00024096/0/0/0/0	0.0004104/0/0/0/0	0.0152883/0/0/0/0	0.0325437/0/0/0/0	0.0357594/0/0/0/0	0.0357805/0/0/0/0	0.0014352/0/0/0/0	0.00012544/0/0/0/0	0/0/0/0/0	0/0/0/0/0	0/0/0/0/0	0/0/0/0/0	0/0/0/0/0	0/0/0/0/0	0/0/0/0/0	0/0/0/0/0	0/0/0/0/0	0/0/0/0/0	0/0/0/0/0	0/0/0/0/0	0/0/0/0/0	0/0/0/0/0	0/0/0/0/0	
	Port: 3 (contain 24 entries)
		7.584e-05/0/0/0/0	2.976e-05/0/0/0/0	0/0/0/0/0	0/0/0/0/0	2.752e-05/0/0/0/0	0/0/0/0/0	0/0/0/0/0	0.00015736/0/0/0/0	0/0/0/0/0	2.376e-05/0/0/0/0	0/0/0/0/0	0/0/0/0/0	0/0/0/0/0	0/0/0/0/0	0/0/0/0/0	0/0/0/0/0	0/0/0/0/0	0/0/0/0/0	0/0/0/0/0	0/0/0/0/0	0/0/0/0/0	0/0/0/0/0	0/0/0/0/0	0/0/0/0/0	
	Port: 4 (contain 24 entries)
		0.000388/0/0/0/0	0/0/0/0/0	1.696e-05/0/0/0/0	0/0/0/0/0	2.528e-05/0/0/0/0	0/0/0/0/0	0.637379/0/0/0/0	0.960992/0/0/0/0	0.998744/0/0/0/0	0.99886/0/0/0/0	0.998744/0/0/0/0	0.99886/0/0/0/0	0.998744/0/0/0/0	0.99886/0/0/0/0	0.998744/0/0/0/0	0.16177/0/0/0/0	0/0/0/0/0	0/0/0/0/0	0/0/0/0/0	0/0/0/0/0	0/0/0/0/0	0/0/0/0/0	0/0/0/0/0	0/0/0/0/0	
	Port: 5 (contain 24 entries)
		0/0/0/0/0	9.72e-05/0/0/0/0	0/0/0/0/0	0.0001036/0/0/0/0	0/0/0/0/0	0/0/0/0/0	0/0/0/0/0	1.696e-05/0/0/0/0	0/0/0/0/0	1.28e-05/0/0/0/0	0/0/0/0/0	0/0/0/0/0	0/0/0/0/0	0/0/0/0/0	0/0/0/0/0	0/0/0/0/0	0/0/0/0/0	0/0/0/0/0	0/0/0/0/0	0/0/0/0/0	0/0/0/0/0	0/0/0/0/0	0/0/0/0/0	0/0/0/0/0	
	Port: 6 (contain 24 entries)
		0/0/0/0/0	0/0/0/0/0	0/0/0/0/0	0/0/0/0/0	0/0/0/0/0	0/0/0/0/0	0/0/0/0/0	0/0/0/0/0	0/0/0/0/0	0/0/0/0/0	0/0/0/0/0	0/0/0/0/0	0/0/0/0/0	0/0/0/0/0	0/0/0/0/0	0/0/0/0/0	0/0/0/0/0	0/0/0/0/0	0/0/0/0/0	0/0/0/0/0	0/0/0/0/0	0/0/0/0/0	0/0/0/0/0	0/0/0/0/0	
	Port: 7 (contain 24 entries)
		0/0/0/0/0	0/0/0/0/0	0/0/0/0/0	0.0191862/0/0/0/0	0.0297482/0/0/0/0	0.0357677/0/0/0/0	0.0357718/0/0/0/0	0.0357677/0/0/0/0	0.0146266/0/0/0/0	3.024e-05/0/0/0/0	0/0/0/0/0	0/0/0/0/0	0/0/0/0/0	0/0/0/0/0	0/0/0/0/0	0/0/0/0/0	0/0/0/0/0	0/0/0/0/0	0/0/0/0/0	0/0/0/0/0	0/0/0/0/0	0/0/0/0/0	0/0/0/0/0	0/0/0/0/0	
	Port: 8 (contain 24 entries)
		0.0003872/0/0/0/0	0/0/0/0/0	0/0/0/0/0	1.28e-05/0/0/0/0	0/0/0/0/0	0/0/0/0/0	0/0/0/0/0	0/0/0/0/0	0.00068928/0/0/0/0	2.496e-05/0/0/0/0	0/0/0/0/0	0/0/0/0/0	0/0/0/0/0	0/0/0/0/0	0/0/0/0/0	0/0/0/0/0	0/0/0/0/0	0/0/0/0/0	0/0/0/0/0	0/0/0/0/0	0/0/0/0/0	0/0/0/0/0	0/0/0/0/0	0/0/0/0/0	
	Port: 9 (contain 24 entries)
		0.0105173/0/0/0/0	4.44e-05/0/0/0/0	0/0/0/0/0	0.418998/0/0/0/0	0/0/0/0/0	0.00068992/0/0/0/0	0.00027176/0/0/0/0	0.00020864/0/0/0/0	2.888e-05/0/0/0/0	0.00012248/0/0/0/0	0/0/0/0/0	0/0/0/0/0	0/0/0/0/0	0/0/0/0/0	0/0/0/0/0	0/0/0/0/0	0/0/0/0/0	0/0/0/0/0	0/0/0/0/0	0/0/0/0/0	0/0/0/0/0	0/0/0/0/0	0/0/0/0/0	0/0/0/0/0	
	Port: 10 (contain 24 entries)
		0/0/0/0/0	0/0/0/0/0	3.552e-05/0/0/0/0	0.431659/0/0/0/0	0.950421/0/0/0/0	0.998744/0/0/0/0	0.998744/0/0/0/0	0.0333022/0/0/0/0	0.00294448/0/0/0/0	1.28e-05/0/0/0/0	0/0/0/0/0	0/0/0/0/0	0/0/0/0/0	0/0/0/0/0	0/0/0/0/0	0/0/0/0/0	0/0/0/0/0	0/0/0/0/0	0/0/0/0/0	0/0/0/0/0	0/0/0/0/0	0/0/0/0/0	0/0/0/0/0	0/0/0/0/0	
	Port: 11 (contain 24 entries)
		3.808e-05/0/0/0/0	1.28e-05/0/0/0/0	0.00023344/0/0/0/0	0.0001196/0/0/0/0	0.00065296/0/0/0/0	0/0/0/0/0	0.0227638/0/0/0/0	0.0327808/0/0/0/0	0.0357677/0/0/0/0	0.0357718/0/0/0/0	0.0357677/0/0/0/0	0.0357677/0/0/0/0	0.0357718/0/0/0/0	0.0357677/0/0/0/0	0.0357718/0/0/0/0	0.00587392/0/0/0/0	0/0/0/0/0	0/0/0/0/0	0/0/0/0/0	0/0/0/0/0	0/0/0/0/0	0/0/0/0/0	0/0/0/0/0	0/0/0/0/0	
	Port: 12 (contain 24 entries)
		0.0272684/0/0/0/0	0.00015768/0/0/0/0	0/0/0/0/0	0.120387/0/0/0/0	0.905932/0/0/0/0	0.998744/0/0/0/0	0.99886/0/0/0/0	0.998744/0/0/0/0	0.401815/0/0/0/0	0/0/0/0/0	0/0/0/0/0	0/0/0/0/0	0/0/0/0/0	0/0/0/0/0	0/0/0/0/0	0/0/0/0/0	0/0/0/0/0	0/0/0/0/0	0/0/0/0/0	0/0/0/0/0	0/0/0/0/0	0/0/0/0/0	0/0/0/0/0	0/0/0/0/0	

Leaf 1: (contain: 12 ports)
	Port: 1 (contain 24 entries)
		0/0/0/0/0	0/0/0/0/0	0.0006308/0/0/0/0	0/0/0/0/0	0/0/0/0/0	0/0/0/0/0	0/0/0/0/0	0/0/0/0/0	0/0/0/0/0	0.00010136/0/0/0/0	0/0/0/0/0	0/0/0/0/0	0/0/0/0/0	0/0/0/0/0	0/0/0/0/0	0/0/0/0/0	0/0/0/0/0	0/0/0/0/0	0/0/0/0/0	0/0/0/0/0	0/0/0/0/0	0/0/0/0/0	0/0/0/0/0	0/0/0/0/0	
	Port: 2 (contain 24 entries)
		0.0104858/0/0/0/0	0/0/0/0/0	0/0/0/0/0	0/0/0/0/0	0/0/0/0/0	0/0/0/0/0	0/0/0/0/0	0.00019168/0/0/0/0	2.112e-05/0/0/0/0	0/0/0/0/0	0/0/0/0/0	0/0/0/0/0	0/0/0/0/0	0/0/0/0/0	0/0/0/0/0	0/0/0/0/0	0/0/0/0/0	0/0/0/0/0	0/0/0/0/0	0/0/0/0/0	0/0/0/0/0	0/0/0/0/0	0/0/0/0/0	0/0/0/0/0	
	Port: 3 (contain 24 entries)
		0/0/0/0/0	0/0/0/0/0	0/0/0/0/0	0/0/0/0/0	0.00016232/0/0/0/0	0/0/0/0/0	0.00253112/0/0/0/0	0/0/0/0/0	4.48e-06/0/0/0/0	8.32e-06/0/0/0/0	0/0/0/0/0	0/0/0/0/0	0/0/0/0/0	0/0/0/0/0	0/0/0/0/0	0/0/0/0/0	0/0/0/0/0	0/0/0/0/0	0/0/0/0/0	0/0/0/0/0	0/0/0/0/0	0/0/0/0/0	0/0/0/0/0	0/0/0/0/0	
	Port: 4 (contain 24 entries)
		0/0/0/0/0	0/0/0/0/0	0/0/0/0/0	3.256e-05/0/0/0/0	0/0/0/0/0	0.0006076/0/0/0/0	0/0/0/0/0	0/0/0/0/0	0.000136/0/0/0/0	0.00033808/0/0/0/0	0/0/0/0/0	0/0/0/0/0	0/0/0/0/0	0/0/0/0/0	0/0/0/0/0	0/0/0/0/0	0/0/0/0/0	0/0/0/0/0	0/0/0/0/0	0/0/0/0/0	0/0/0/0/0	0/0/0/0/0	0/0/0/0/0	0/0/0/0/0	
	Port: 5 (contain 24 entries)
		0/0/0/0/0	0/0/0/0/0	0.00021264/0/0/0/0	0/0/0/0/0	0/0/0/0/0	0/0/0/0/0	0/0/0/0/0	0/0/0/0/0	0/0/0/0/0	0/0/0/0/0	0/0/0/0/0	0/0/0/0/0	0/0/0/0/0	0/0/0/0/0	0/0/0/0/0	0/0/0/0/0	0/0/0/0/0	0/0/0/0/0	0/0/0/0/0	0/0/0/0/0	0/0/0/0/0	0/0/0/0/0	0/0/0/0/0	0/0/0/0/0	
	Port: 6 (contain 24 entries)
		0.00076504/0/0/0/0	0/0/0/0/0	1.696e-05/0/0/0/0	1.28e-05/0/0/0/0	0/0/0/0/0	0/0/0/0/0	0.0001288/0/0/0/0	0/0/0/0/0	0/0/0/0/0	0/0/0/0/0	0/0/0/0/0	0/0/0/0/0	0/0/0/0/0	0/0/0/0/0	0/0/0/0/0	0/0/0/0/0	0/0/0/0/0	0/0/0/0/0	0/0/0/0/0	0/0/0/0/0	0/0/0/0/0	0/0/0/0/0	0/0/0/0/0	0/0/0/0/0	
	Port: 7 (contain 24 entries)
		3.24e-05/0/0/0/0	0/0/0/0/0	0/0/0/0/0	0/0/0/0/0	0/0/0/0/0	1.28e-05/0/0/0/0	0/0/0/0/0	0/0/0/0/0	0/0/0/0/0	0/0/0/0/0	0/0/0/0/0	0/0/0/0/0	0/0/0/0/0	0/0/0/0/0	0/0/0/0/0	0/0/0/0/0	0/0/0/0/0	0/0/0/0/0	0/0/0/0/0	0/0/0/0/0	0/0/0/0/0	0/0/0/0/0	0/0/0/0/0	0/0/0/0/0	
	Port: 8 (contain 24 entries)
		2.528e-05/0/0/0/0	0/0/0/0/0	0/0/0/0/0	0/0/0/0/0	0/0/0/0/0	0/0/0/0/0	0/0/0/0/0	0/0/0/0/0	0/0/0/0/0	2.56e-05/0/0/0/0	0/0/0/0/0	0/0/0/0/0	0/0/0/0/0	0/0/0/0/0	0/0/0/0/0	0/0/0/0/0	0/0/0/0/0	0/0/0/0/0	0/0/0/0/0	0/0/0/0/0	0/0/0/0/0	0/0/0/0/0	0/0/0/0/0	0/0/0/0/0	
	Port: 9 (contain 24 entries)
		0.0007752/0/0/0/0	0/0/0/0/0	1.696e-05/0/0/0/0	0/0/0/0/0	0/0/0/0/0	0.00013296/0/0/0/0	1.28e-05/0/0/0/0	1.696e-05/0/0/0/0	0.0002612/0/0/0/0	5.064e-05/0/0/0/0	0/0/0/0/0	0/0/0/0/0	0/0/0/0/0	0/0/0/0/0	0/0/0/0/0	0/0/0/0/0	0/0/0/0/0	0/0/0/0/0	0/0/0/0/0	0/0/0/0/0	0/0/0/0/0	0/0/0/0/0	0/0/0/0/0	0/0/0/0/0	
	Port: 10 (contain 24 entries)
		0/0/0/0/0	0/0/0/0/0	0/0/0/0/0	2.608e-05/0/0/0/0	0/0/0/0/0	0.00020192/0/0/0/0	0/0/0/0/0	0/0/0/0/0	0/0/0/0/0	0/0/0/0/0	0/0/0/0/0	0/0/0/0/0	0/0/0/0/0	0/0/0/0/0	0/0/0/0/0	0/0/0/0/0	0/0/0/0/0	0/0/0/0/0	0/0/0/0/0	0/0/0/0/0	0/0/0/0/0	0/0/0/0/0	0/0/0/0/0	0/0/0/0/0	
	Port: 11 (contain 24 entries)
		0/0/0/0/0	0/0/0/0/0	3.36e-05/0/0/0/0	1.28e-05/0/0/0/0	1.696e-05/0/0/0/0	0/0/0/0/0	0.00011296/0/0/0/0	0/0/0/0/0	1.696e-05/0/0/0/0	0/0/0/0/0	0/0/0/0/0	0/0/0/0/0	0/0/0/0/0	0/0/0/0/0	0/0/0/0/0	0/0/0/0/0	0/0/0/0/0	0/0/0/0/0	0/0/0/0/0	0/0/0/0/0	0/0/0/0/0	0/0/0/0/0	0/0/0/0/0	0/0/0/0/0	
	Port: 12 (contain 24 entries)
		5.056e-05/0/0/0/0	0/0/0/0/0	0.0001636/0/0/0/0	0/0/0/0/0	0/0/0/0/0	0/0/0/0/0	0/0/0/0/0	0/0/0/0/0	4.48e-06/0/0/0/0	5.768e-05/0/0/0/0	0/0/0/0/0	0/0/0/0/0	0/0/0/0/0	0/0/0/0/0	0/0/0/0/0	0/0/0/0/0	0/0/0/0/0	0/0/0/0/0	0/0/0/0/0	0/0/0/0/0	0/0/0/0/0	0/0/0/0/0	0/0/0/0/0	0/0/0/0/0	

Leaf 2: (contain: 12 ports)
	Port: 1 (contain 24 entries)
		0/0/0/0/0	0/0/0/0/0	6.912e-05/0/0/0/0	0/0/0/0/0	0.00040184/0/0/0/0	9.928e-05/0/0/0/0	0/0/0/0/0	0/0/0/0/0	0/0/0/0/0	0/0/0/0/0	0/0/0/0/0	0/0/0/0/0	0/0/0/0/0	0/0/0/0/0	0/0/0/0/0	0/0/0/0/0	0/0/0/0/0	0/0/0/0/0	0/0/0/0/0	0/0/0/0/0	0/0/0/0/0	0/0/0/0/0	0/0/0/0/0	0/0/0/0/0	
	Port: 2 (contain 24 entries)
		1.28e-05/0/0/0/0	0.00060416/0/0/0/0	8.104e-05/0/0/0/0	2.608e-05/0/0/0/0	0/0/0/0/0	0/0/0/0/0	0/0/0/0/0	0/0/0/0/0	0.00027816/0/0/0/0	0/0/0/0/0	0/0/0/0/0	0/0/0/0/0	0/0/0/0/0	0/0/0/0/0	0/0/0/0/0	0/0/0/0/0	0/0/0/0/0	0/0/0/0/0	0/0/0/0/0	0/0/0/0/0	0/0/0/0/0	0/0/0/0/0	0/0/0/0/0	0/0/0/0/0	
	Port: 3 (contain 24 entries)
		0/0/0/0/0	0.00056608/0/0/0/0	0/0/0/0/0	0.00823712/0/0/0/0	0.0006032/0/0/0/0	0/0/0/0/0	1.28e-05/0/0/0/0	0/0/0/0/0	0/0/0/0/0	2.112e-05/0/0/0/0	0/0/0/0/0	0/0/0/0/0	0/0/0/0/0	0/0/0/0/0	0/0/0/0/0	0/0/0/0/0	0/0/0/0/0	0/0/0/0/0	0/0/0/0/0	0/0/0/0/0	0/0/0/0/0	0/0/0/0/0	0/0/0/0/0	0/0/0/0/0	
	Port: 4 (contain 24 entries)
		0/0/0/0/0	0/0/0/0/0	0/0/0/0/0	0/0/0/0/0	3.36e-05/0/0/0/0	0/0/0/0/0	0/0/0/0/0	0/0/0/0/0	0/0/0/0/0	0/0/0/0/0	0/0/0/0/0	0/0/0/0/0	0/0/0/0/0	0/0/0/0/0	0/0/0/0/0	0/0/0/0/0	0/0/0/0/0	0/0/0/0/0	0/0/0/0/0	0/0/0/0/0	0/0/0/0/0	0/0/0/0/0	0/0/0/0/0	0/0/0/0/0	
	Port: 5 (contain 24 entries)
		0/0/0/0/0	0/0/0/0/0	0/0/0/0/0	0.429684/0/0/0/0	0.950189/0/0/0/0	0.999003/2/2908/0/0	0.998744/2/2908/0/0	0.0355093/0/0/0/0	0/0/0/0/0	0/0/0/0/0	0/0/0/0/0	0/0/0/0/0	0/0/0/0/0	0/0/0/0/0	0/0/0/0/0	0/0/0/0/0	0/0/0/0/0	0/0/0/0/0	0/0/0/0/0	0/0/0/0/0	0/0/0/0/0	0/0/0/0/0	0/0/0/0/0	0/0/0/0/0	
	Port: 6 (contain 24 entries)
		0.0272812/0/0/0/0	0/0/0/0/0	0/0/0/0/0	0/0/0/0/0	0/0/0/0/0	0/0/0/0/0	0/0/0/0/0	0/0/0/0/0	0/0/0/0/0	0/0/0/0/0	0/0/0/0/0	0/0/0/0/0	0/0/0/0/0	0/0/0/0/0	0/0/0/0/0	0/0/0/0/0	0/0/0/0/0	0/0/0/0/0	0/0/0/0/0	0/0/0/0/0	0/0/0/0/0	0/0/0/0/0	0/0/0/0/0	0/0/0/0/0	
	Port: 7 (contain 24 entries)
		0/0/0/0/0	0/0/0/0/0	0/0/0/0/0	0/0/0/0/0	0/0/0/0/0	0/0/0/0/0	1.28e-05/0/0/0/0	0/0/0/0/0	0/0/0/0/0	0/0/0/0/0	0/0/0/0/0	0/0/0/0/0	0/0/0/0/0	0/0/0/0/0	0/0/0/0/0	0/0/0/0/0	0/0/0/0/0	0/0/0/0/0	0/0/0/0/0	0/0/0/0/0	0/0/0/0/0	0/0/0/0/0	0/0/0/0/0	0/0/0/0/0	
	Port: 8 (contain 24 entries)
		0/0/0/0/0	0/0/0/0/0	0/0/0/0/0	0/0/0/0/0	0/0/0/0/0	0/0/0/0/0	0/0/0/0/0	0/0/0/0/0	0/0/0/0/0	1.992e-05/0/0/0/0	0/0/0/0/0	0/0/0/0/0	0/0/0/0/0	0/0/0/0/0	0/0/0/0/0	0/0/0/0/0	0/0/0/0/0	0/0/0/0/0	0/0/0/0/0	0/0/0/0/0	0/0/0/0/0	0/0/0/0/0	0/0/0/0/0	0/0/0/0/0	
	Port: 9 (contain 24 entries)
		0.00108168/0/0/0/0	0/0/0/0/0	1.28e-05/0/0/0/0	0.198531/0/0/0/0	0/0/0/0/0	1.696e-05/0/0/0/0	2.176e-05/0/0/0/0	0/0/0/0/0	0/0/0/0/0	1.28e-05/0/0/0/0	0/0/0/0/0	0/0/0/0/0	0/0/0/0/0	0/0/0/0/0	0/0/0/0/0	0/0/0/0/0	0/0/0/0/0	0/0/0/0/0	0/0/0/0/0	0/0/0/0/0	0/0/0/0/0	0/0/0/0/0	0/0/0/0/0	0/0/0/0/0	
	Port: 10 (contain 24 entries)
		0/0/0/0/0	0/0/0/0/0	0/0/0/0/0	0.0588861/0/0/0/0	0.048977/0/0/0/0	0.0357891/0/0/0/0	0.0357677/0/0/0/0	0.00136032/0/0/0/0	0.000136/0/0/0/0	0/0/0/0/0	0/0/0/0/0	0/0/0/0/0	0/0/0/0/0	0/0/0/0/0	0/0/0/0/0	0/0/0/0/0	0/0/0/0/0	0/0/0/0/0	0/0/0/0/0	0/0/0/0/0	0/0/0/0/0	0/0/0/0/0	0/0/0/0/0	0/0/0/0/0	
	Port: 11 (contain 24 entries)
		0/0/0/0/0	3.36e-05/0/0/0/0	1.28e-05/0/0/0/0	0/0/0/0/0	0.0006848/0/0/0/0	0/0/0/0/0	0/0/0/0/0	0/0/0/0/0	0/0/0/0/0	0.00033808/0/0/0/0	0/0/0/0/0	0/0/0/0/0	0/0/0/0/0	0/0/0/0/0	0/0/0/0/0	0/0/0/0/0	0/0/0/0/0	0/0/0/0/0	0/0/0/0/0	0/0/0/0/0	0/0/0/0/0	0/0/0/0/0	0/0/0/0/0	0/0/0/0/0	
	Port: 12 (contain 24 entries)
		0/0/0/0/0	0.0155667/0/0/0/0	0.0006308/0/0/0/0	0/0/0/0/0	0/0/0/0/0	0/0/0/0/0	0.0001288/0/0/0/0	0/0/0/0/0	2.112e-05/0/0/0/0	0/0/0/0/0	0/0/0/0/0	0/0/0/0/0	0/0/0/0/0	0/0/0/0/0	0/0/0/0/0	0/0/0/0/0	0/0/0/0/0	0/0/0/0/0	0/0/0/0/0	0/0/0/0/0	0/0/0/0/0	0/0/0/0/0	0/0/0/0/0	0/0/0/0/0	

Leaf 3: (contain: 12 ports)
	Port: 1 (contain 24 entries)
		0/0/0/0/0	0/0/0/0/0	1.28e-05/0/0/0/0	0.0001196/0/0/0/0	1.696e-05/0/0/0/0	0/0/0/0/0	0/0/0/0/0	0/0/0/0/0	2.44e-05/0/0/0/0	5.512e-05/0/0/0/0	0/0/0/0/0	0/0/0/0/0	0/0/0/0/0	0/0/0/0/0	0/0/0/0/0	0/0/0/0/0	0/0/0/0/0	0/0/0/0/0	0/0/0/0/0	0/0/0/0/0	0/0/0/0/0	0/0/0/0/0	0/0/0/0/0	0/0/0/0/0	
	Port: 2 (contain 24 entries)
		0/0/0/0/0	3.16e-05/0/0/0/0	0/0/0/0/0	0/0/0/0/0	0.00023832/0/0/0/0	1.696e-05/0/0/0/0	9.6e-05/0/0/0/0	0/0/0/0/0	0/0/0/0/0	0/0/0/0/0	0/0/0/0/0	0/0/0/0/0	0/0/0/0/0	0/0/0/0/0	0/0/0/0/0	0/0/0/0/0	0/0/0/0/0	0/0/0/0/0	0/0/0/0/0	0/0/0/0/0	0/0/0/0/0	0/0/0/0/0	0/0/0/0/0	0/0/0/0/0	
	Port: 3 (contain 24 entries)
		0/0/0/0/0	0.0155667/0/0/0/0	0/0/0/0/0	0/0/0/0/0	0/0/0/0/0	0/0/0/0/0	2.112e-05/0/0/0/0	0/0/0/0/0	0/0/0/0/0	0/0/0/0/0	0/0/0/0/0	0/0/0/0/0	0/0/0/0/0	0/0/0/0/0	0/0/0/0/0	0/0/0/0/0	0/0/0/0/0	0/0/0/0/0	0/0/0/0/0	0/0/0/0/0	0/0/0/0/0	0/0/0/0/0	0/0/0/0/0	0/0/0/0/0	
	Port: 4 (contain 24 entries)
		0/0/0/0/0	1.728e-05/0/0/0/0	0.00019272/0/0/0/0	0/0/0/0/0	0.00065952/0/0/0/0	0/0/0/0/0	0/0/0/0/0	0/0/0/0/0	3.36e-05/0/0/0/0	0/0/0/0/0	0/0/0/0/0	0/0/0/0/0	0/0/0/0/0	0/0/0/0/0	0/0/0/0/0	0/0/0/0/0	0/0/0/0/0	0/0/0/0/0	0/0/0/0/0	0/0/0/0/0	0/0/0/0/0	0/0/0/0/0	0/0/0/0/0	0/0/0/0/0	
	Port: 5 (contain 24 entries)
		0/0/0/0/0	3.36e-05/0/0/0/0	0/0/0/0/0	0/0/0/0/0	0/0/0/0/0	0/0/0/0/0	9.424e-05/0/0/0/0	0/0/0/0/0	0/0/0/0/0	0/0/0/0/0	0/0/0/0/0	0/0/0/0/0	0/0/0/0/0	0/0/0/0/0	0/0/0/0/0	0/0/0/0/0	0/0/0/0/0	0/0/0/0/0	0/0/0/0/0	0/0/0/0/0	0/0/0/0/0	0/0/0/0/0	0/0/0/0/0	0/0/0/0/0	
	Port: 6 (contain 24 entries)
		3.776e-05/0/0/0/0	0/0/0/0/0	0/0/0/0/0	1.28e-05/0/0/0/0	0/0/0/0/0	0/0/0/0/0	2.176e-05/0/0/0/0	0/0/0/0/0	0.00291088/0/0/0/0	0/0/0/0/0	0/0/0/0/0	0/0/0/0/0	0/0/0/0/0	0/0/0/0/0	0/0/0/0/0	0/0/0/0/0	0/0/0/0/0	0/0/0/0/0	0/0/0/0/0	0/0/0/0/0	0/0/0/0/0	0/0/0/0/0	0/0/0/0/0	0/0/0/0/0	
	Port: 7 (contain 24 entries)
		0/0/0/0/0	0/0/0/0/0	0/0/0/0/0	0.777829/39/56706/0/0	0.923597/0/0/0/0	0.99886/0/0/0/0	0.998744/0/0/0/0	0.99886/0/0/0/0	0.404022/0/0/0/0	0/0/0/0/0	0/0/0/0/0	0/0/0/0/0	0/0/0/0/0	0/0/0/0/0	0/0/0/0/0	0/0/0/0/0	0/0/0/0/0	0/0/0/0/0	0/0/0/0/0	0/0/0/0/0	0/0/0/0/0	0/0/0/0/0	0/0/0/0/0	0/0/0/0/0	
	Port: 8 (contain 24 entries)
		3.144e-05/0/0/0/0	0.00015768/0/0/0/0	0/0/0/0/0	0/0/0/0/0	1.28e-05/0/0/0/0	0.00020192/0/0/0/0	0.0227014/0/0/0/0	0.0327853/0/0/0/0	0.0357718/0/0/0/0	0.0357677/0/0/0/0	0.0357718/0/0/0/0	0.0357677/0/0/0/0	0.0357718/0/0/0/0	0.0357677/0/0/0/0	0.0357718/0/0/0/0	0.00594464/0/0/0/0	0/0/0/0/0	0/0/0/0/0	0/0/0/0/0	0/0/0/0/0	0/0/0/0/0	0/0/0/0/0	0/0/0/0/0	0/0/0/0/0	
	Port: 9 (contain 24 entries)
		0.00076504/0/0/0/0	0.00070136/0/0/0/0	0/0/0/0/0	0.0192854/0/0/0/0	0.0298611/0/0/0/0	0.0359449/0/0/0/0	0.0381552/0/0/0/0	0.0359292/0/0/0/0	0.0145645/0/0/0/0	5.4e-05/0/0/0/0	0/0/0/0/0	0/0/0/0/0	0/0/0/0/0	0/0/0/0/0	0/0/0/0/0	0/0/0/0/0	0/0/0/0/0	0/0/0/0/0	0/0/0/0/0	0/0/0/0/0	0/0/0/0/0	0/0/0/0/0	0/0/0/0/0	0/0/0/0/0	
	Port: 10 (contain 24 entries)
		1.28e-05/0/0/0/0	0.00025376/0/0/0/0	0.0003976/0/0/0/0	0/0/0/0/0	0/0/0/0/0	0/0/0/0/0	0.639586/0/0/0/0	0.960992/0/0/0/0	0.99886/0/0/0/0	0.998744/0/0/0/0	0.998744/0/0/0/0	0.99886/0/0/0/0	0.998744/0/0/0/0	0.99886/0/0/0/0	0.998744/0/0/0/0	0.159563/0/0/0/0	0/0/0/0/0	0/0/0/0/0	0/0/0/0/0	0/0/0/0/0	0/0/0/0/0	0/0/0/0/0	0/0/0/0/0	0/0/0/0/0	
	Port: 11 (contain 24 entries)
		0/0/0/0/0	0.00056608/0/0/0/0	0/0/0/0/0	0.00823712/0/0/0/0	0.00079304/0/0/0/0	0/0/0/0/0	0/0/0/0/0	0/0/0/0/0	0/0/0/0/0	1.28e-05/0/0/0/0	0/0/0/0/0	0/0/0/0/0	0/0/0/0/0	0/0/0/0/0	0/0/0/0/0	0/0/0/0/0	0/0/0/0/0	0/0/0/0/0	0/0/0/0/0	0/0/0/0/0	0/0/0/0/0	0/0/0/0/0	0/0/0/0/0	0/0/0/0/0	
	Port: 12 (contain 24 entries)
		0/0/0/0/0	1.696e-05/0/0/0/0	9.8e-05/0/0/0/0	1.28e-05/0/0/0/0	0/0/0/0/0	0/0/0/0/0	0.00026616/0/0/0/0	0/0/0/0/0	0.00079744/0/0/0/0	0/0/0/0/0	0/0/0/0/0	0/0/0/0/0	0/0/0/0/0	0/0/0/0/0	0/0/0/0/0	0/0/0/0/0	0/0/0/0/0	0/0/0/0/0	0/0/0/0/0	0/0/0/0/0	0/0/0/0/0	0/0/0/0/0	0/0/0/0/0	0/0/0/0/0	

