Spine 0: (contain: 4 ports)
	Port: 1 (contain 24 entries)
		2.472e-05/0/0/0/0	0.00012792/0/0/0/0	0.00110504/0/0/0/0	0.00011448/0/0/0/0	0/0/0/0/0	6.688e-05/0/0/0/0	4.672e-05/0/0/0/0	0/0/0/0/0	8.312e-05/0/0/0/0	6.784e-05/0/0/0/0	0/0/0/0/0	0/0/0/0/0	0/0/0/0/0	0/0/0/0/0	0/0/0/0/0	0/0/0/0/0	0/0/0/0/0	0/0/0/0/0	0/0/0/0/0	0/0/0/0/0	0/0/0/0/0	0/0/0/0/0	0/0/0/0/0	0/0/0/0/0	
	Port: 2 (contain 24 entries)
		0.0001504/0/0/0/0	6.992e-05/0/0/0/0	0.0274246/0/0/0/0	0.00056192/0/0/0/0	0.0264452/0/0/0/0	0.0263745/0/0/0/0	0.0104147/0/0/0/0	0.575231/0/0/0/0	0.380076/0/0/0/0	0.513311/0/0/0/0	0.509013/0/0/0/0	0.503321/0/0/0/0	0.506341/0/0/0/0	0.514008/0/0/0/0	0.504134/0/0/0/0	0.500998/0/0/0/0	0.506341/0/0/0/0	0.508665/0/0/0/0	0.499953/0/0/0/0	0.511569/0/0/0/0	0.699632/19/27626/0/0	0.978313/0/0/0/0	0.998744/0/0/0/0	0.99886/0/0/0/0	
	Port: 3 (contain 24 entries)
		0.00026176/0/0/0/0	0.389854/0/0/0/0	0.937559/0/0/0/0	0.75595/0/0/0/0	8.784e-05/0/0/0/0	0/0/0/0/0	0.0005044/0/0/0/0	0.169158/0/0/0/0	0.00058672/0/0/0/0	0.0010068/0/0/0/0	0.00038304/0/0/0/0	0/0/0/0/0	0/0/0/0/0	0/0/0/0/0	0/0/0/0/0	0/0/0/0/0	0/0/0/0/0	0/0/0/0/0	0/0/0/0/0	0/0/0/0/0	0/0/0/0/0	0/0/0/0/0	0/0/0/0/0	0/0/0/0/0	
	Port: 4 (contain 24 entries)
		4.256e-05/0/0/0/0	0.149843/0/0/0/0	0.006432/0/0/0/0	0.0191526/0/0/0/0	0.035119/0/0/0/0	0.0348234/0/0/0/0	0.0361216/0/0/0/0	0.0100426/0/0/0/0	0.0224275/0/0/0/0	0.0184208/0/0/0/0	0.0175261/0/0/0/0	0.0177965/0/0/0/0	0.0177091/0/0/0/0	0.0175136/0/0/0/0	0.017705/0/0/0/0	0.0179379/0/0/0/0	0.0177382/0/0/0/0	0.0174886/0/0/0/0	0.0179088/0/0/0/0	0.0175386/0/0/0/0	0.0178464/0/0/0/0	0.0336502/0/0/0/0	0.0357718/0/0/0/0	0.0357677/0/0/0/0	

Spine 1: (contain: 4 ports)
	Port: 1 (contain 24 entries)
		0.00013992/0/0/0/0	6.272e-05/0/0/0/0	0.025165/0/0/0/0	0/0/0/0/0	4.48e-06/0/0/0/0	9.768e-05/0/0/0/0	1.696e-05/0/0/0/0	0/0/0/0/0	0/0/0/0/0	0.00095928/0/0/0/0	0/0/0/0/0	0/0/0/0/0	0/0/0/0/0	0/0/0/0/0	0/0/0/0/0	0/0/0/0/0	0/0/0/0/0	0/0/0/0/0	0/0/0/0/0	0/0/0/0/0	0/0/0/0/0	0/0/0/0/0	0/0/0/0/0	0/0/0/0/0	
	Port: 2 (contain 24 entries)
		0/0/0/0/0	1.28e-05/0/0/0/0	0.183476/0/0/0/0	0.572308/0/0/0/0	0.980274/0/0/0/0	0.998873/0/0/0/0	0.999059/3/4362/0/0	0.287148/0/0/0/0	0.638324/0/0/0/0	0.495615/0/0/0/0	0.494609/0/0/0/0	0.499836/0/0/0/0	0.496584/0/0/0/0	0.48822/0/0/0/0	0.498326/0/0/0/0	0.501114/0/0/0/0	0.495539/0/0/0/0	0.492867/0/0/0/0	0.501695/0/0/0/0	0.490079/0/0/0/0	0.263683/0/0/0/0	0/0/0/0/0	0/0/0/0/0	0/0/0/0/0	
	Port: 3 (contain 24 entries)
		0/0/0/0/0	0.522264/0/0/0/0	0.962107/0/0/0/0	0.675536/0/0/0/0	0/0/0/0/0	0/0/0/0/0	0/0/0/0/0	0/0/0/0/0	1.28e-05/0/0/0/0	3.184e-05/0/0/0/0	0/0/0/0/0	0/0/0/0/0	0/0/0/0/0	0/0/0/0/0	0/0/0/0/0	0/0/0/0/0	0/0/0/0/0	0/0/0/0/0	0/0/0/0/0	0/0/0/0/0	0/0/0/0/0	0/0/0/0/0	0/0/0/0/0	0/0/0/0/0	
	Port: 4 (contain 24 entries)
		3.248e-05/0/0/0/0	0.0153979/0/0/0/0	0.0330019/0/0/0/0	0.0470992/0/0/0/0	0.0242782/0/0/0/0	0/0/0/0/0	1.28e-05/0/0/0/0	4.448e-05/0/0/0/0	3.008e-05/0/0/0/0	4.464e-05/0/0/0/0	0/0/0/0/0	0/0/0/0/0	0/0/0/0/0	0/0/0/0/0	0/0/0/0/0	0/0/0/0/0	0/0/0/0/0	0/0/0/0/0	0/0/0/0/0	0/0/0/0/0	0/0/0/0/0	0/0/0/0/0	0/0/0/0/0	0/0/0/0/0	

Spine 2: (contain: 4 ports)
	Port: 1 (contain 24 entries)
		5.088e-05/0/0/0/0	0.00537504/0/0/0/0	0.00012896/0/0/0/0	0.0871711/0/0/0/0	0.0183958/0/0/0/0	0.00050784/0/0/0/0	0/0/0/0/0	1.28e-05/0/0/0/0	0/0/0/0/0	0/0/0/0/0	0/0/0/0/0	0/0/0/0/0	0/0/0/0/0	0/0/0/0/0	0/0/0/0/0	0/0/0/0/0	0/0/0/0/0	0/0/0/0/0	0/0/0/0/0	0/0/0/0/0	0/0/0/0/0	0/0/0/0/0	0/0/0/0/0	0/0/0/0/0	
	Port: 2 (contain 24 entries)
		0/0/0/0/0	0/0/0/0/0	0/0/0/0/0	0.00033336/0/0/0/0	0/0/0/0/0	0/0/0/0/0	0.0114858/0/0/0/0	0.00613488/0/0/0/0	7.472e-05/0/0/0/0	2.976e-05/0/0/0/0	0/0/0/0/0	0/0/0/0/0	0/0/0/0/0	0/0/0/0/0	0/0/0/0/0	0/0/0/0/0	0/0/0/0/0	0/0/0/0/0	0/0/0/0/0	0/0/0/0/0	0/0/0/0/0	0/0/0/0/0	0/0/0/0/0	0/0/0/0/0	
	Port: 3 (contain 24 entries)
		1.28e-05/0/0/0/0	2.944e-05/0/0/0/0	0.0258266/0/0/0/0	1.28e-05/0/0/0/0	0.00100392/0/0/0/0	6.032e-05/0/0/0/0	0/0/0/0/0	4.416e-05/0/0/0/0	0/0/0/0/0	0.00036936/0/0/0/0	0/0/0/0/0	0/0/0/0/0	0/0/0/0/0	0/0/0/0/0	0/0/0/0/0	0/0/0/0/0	0/0/0/0/0	0/0/0/0/0	0/0/0/0/0	0/0/0/0/0	0/0/0/0/0	0/0/0/0/0	0/0/0/0/0	0/0/0/0/0	
	Port: 4 (contain 24 entries)
		3.352e-05/0/0/0/0	0.00056624/0/0/0/0	1.28e-05/0/0/0/0	0.00113632/0/0/0/0	0/0/0/0/0	0.00010432/0/0/0/0	0.19106/0/0/0/0	0.061707/0/0/0/0	0/0/0/0/0	4.48e-06/0/0/0/0	0.0103976/0/0/0/0	0/0/0/0/0	0/0/0/0/0	0/0/0/0/0	0/0/0/0/0	0/0/0/0/0	0/0/0/0/0	0/0/0/0/0	0/0/0/0/0	0/0/0/0/0	0/0/0/0/0	0/0/0/0/0	0/0/0/0/0	0/0/0/0/0	

Spine 3: (contain: 4 ports)
	Port: 1 (contain 24 entries)
		0.00358672/0/0/0/0	0/0/0/0/0	0.00096544/0/0/0/0	0/0/0/0/0	2.56e-05/0/0/0/0	0/0/0/0/0	1.696e-05/0/0/0/0	4.68e-05/0/0/0/0	0/0/0/0/0	0.0257571/0/0/0/0	0/0/0/0/0	0/0/0/0/0	0/0/0/0/0	0/0/0/0/0	0/0/0/0/0	0/0/0/0/0	0/0/0/0/0	0/0/0/0/0	0/0/0/0/0	0/0/0/0/0	0/0/0/0/0	0/0/0/0/0	0/0/0/0/0	0/0/0/0/0	
	Port: 2 (contain 24 entries)
		0.00010104/0/0/0/0	0.0185498/0/0/0/0	0.0330387/0/0/0/0	0.0554183/0/0/0/0	0/0/0/0/0	0.0138079/0/0/0/0	2.56e-05/0/0/0/0	1.28e-05/0/0/0/0	8.864e-05/0/0/0/0	0.00011376/0/0/0/0	0/0/0/0/0	0/0/0/0/0	0/0/0/0/0	0/0/0/0/0	0/0/0/0/0	0/0/0/0/0	0/0/0/0/0	0/0/0/0/0	0/0/0/0/0	0/0/0/0/0	0/0/0/0/0	0/0/0/0/0	0/0/0/0/0	0/0/0/0/0	
	Port: 3 (contain 24 entries)
		1.28e-05/0/0/0/0	0/0/0/0/0	7.488e-05/0/0/0/0	0.00026512/0/0/0/0	4.48e-06/0/0/0/0	8.32e-06/0/0/0/0	6.272e-05/0/0/0/0	0.0204004/0/0/0/0	0.0128752/0/0/0/0	0.0183046/0/0/0/0	0.0182458/0/0/0/0	0.0179712/0/0/0/0	0.0180586/0/0/0/0	0.0182582/0/0/0/0	0.0180627/0/0/0/0	0.0178339/0/0/0/0	0.0180294/0/0/0/0	0.0182832/0/0/0/0	0.0178589/0/0/0/0	0.0182333/0/0/0/0	0.0179213/0/0/0/0	0.00212576/0/0/0/0	0/0/0/0/0	0/0/0/0/0	
	Port: 4 (contain 24 entries)
		0.0006484/0/0/0/0	0/0/0/0/0	0.0105949/0/0/0/0	0.00312864/0/0/0/0	0.00065728/0/0/0/0	0.00095296/0/0/0/0	0/0/0/0/0	0.00014864/0/0/0/0	0/0/0/0/0	1.28e-05/0/0/0/0	0/0/0/0/0	0/0/0/0/0	0/0/0/0/0	0/0/0/0/0	0/0/0/0/0	0/0/0/0/0	0/0/0/0/0	0/0/0/0/0	0/0/0/0/0	0/0/0/0/0	0/0/0/0/0	0/0/0/0/0	0/0/0/0/0	0/0/0/0/0	

Leaf 0: (contain: 12 ports)
	Port: 1 (contain 24 entries)
		2.472e-05/0/0/0/0	0/0/0/0/0	0/0/0/0/0	0/0/0/0/0	0/0/0/0/0	0/0/0/0/0	1.696e-05/0/0/0/0	1.28e-05/0/0/0/0	0/0/0/0/0	0/0/0/0/0	0/0/0/0/0	0/0/0/0/0	0/0/0/0/0	0/0/0/0/0	0/0/0/0/0	0/0/0/0/0	0/0/0/0/0	0/0/0/0/0	0/0/0/0/0	0/0/0/0/0	0/0/0/0/0	0/0/0/0/0	0/0/0/0/0	0/0/0/0/0	
	Port: 2 (contain 24 entries)
		5.616e-05/0/0/0/0	0/0/0/0/0	0.025148/0/0/0/0	0/0/0/0/0	0/0/0/0/0	0/0/0/0/0	0/0/0/0/0	0/0/0/0/0	0/0/0/0/0	0/0/0/0/0	0/0/0/0/0	0/0/0/0/0	0/0/0/0/0	0/0/0/0/0	0/0/0/0/0	0/0/0/0/0	0/0/0/0/0	0/0/0/0/0	0/0/0/0/0	0/0/0/0/0	0/0/0/0/0	0/0/0/0/0	0/0/0/0/0	0/0/0/0/0	
	Port: 3 (contain 24 entries)
		0/0/0/0/0	9.96e-05/0/0/0/0	0/0/0/0/0	0/0/0/0/0	1.28e-05/0/0/0/0	0/0/0/0/0	2.56e-05/0/0/0/0	0/0/0/0/0	1.28e-05/0/0/0/0	0.00075064/0/0/0/0	0/0/0/0/0	0/0/0/0/0	0/0/0/0/0	0/0/0/0/0	0/0/0/0/0	0/0/0/0/0	0/0/0/0/0	0/0/0/0/0	0/0/0/0/0	0/0/0/0/0	0/0/0/0/0	0/0/0/0/0	0/0/0/0/0	0/0/0/0/0	
	Port: 4 (contain 24 entries)
		3.392e-05/0/0/0/0	0/0/0/0/0	0/0/0/0/0	1.696e-05/0/0/0/0	4.48e-06/0/0/0/0	0.00060136/0/0/0/0	0/0/0/0/0	3.4e-05/0/0/0/0	0/0/0/0/0	4.192e-05/0/0/0/0	0/0/0/0/0	0/0/0/0/0	0/0/0/0/0	0/0/0/0/0	0/0/0/0/0	0/0/0/0/0	0/0/0/0/0	0/0/0/0/0	0/0/0/0/0	0/0/0/0/0	0/0/0/0/0	0/0/0/0/0	0/0/0/0/0	0/0/0/0/0	
	Port: 5 (contain 24 entries)
		0.00365768/0/0/0/0	0.00543776/0/0/0/0	0.00010152/0/0/0/0	0/0/0/0/0	0/0/0/0/0	0/0/0/0/0	3.808e-05/0/0/0/0	0/0/0/0/0	7.032e-05/0/0/0/0	0.00023456/0/0/0/0	0/0/0/0/0	0/0/0/0/0	0/0/0/0/0	0/0/0/0/0	0/0/0/0/0	0/0/0/0/0	0/0/0/0/0	0/0/0/0/0	0/0/0/0/0	0/0/0/0/0	0/0/0/0/0	0/0/0/0/0	0/0/0/0/0	0/0/0/0/0	
	Port: 6 (contain 24 entries)
		1.28e-05/0/0/0/0	0/0/0/0/0	0.00102904/0/0/0/0	0/0/0/0/0	0/0/0/0/0	0/0/0/0/0	0/0/0/0/0	0/0/0/0/0	0/0/0/0/0	0/0/0/0/0	0/0/0/0/0	0/0/0/0/0	0/0/0/0/0	0/0/0/0/0	0/0/0/0/0	0/0/0/0/0	0/0/0/0/0	0/0/0/0/0	0/0/0/0/0	0/0/0/0/0	0/0/0/0/0	0/0/0/0/0	0/0/0/0/0	0/0/0/0/0	
	Port: 7 (contain 24 entries)
		0/0/0/0/0	0/0/0/0/0	0.00099752/0/0/0/0	9.752e-05/0/0/0/0	0/0/0/0/0	6.688e-05/0/0/0/0	0/0/0/0/0	0/0/0/0/0	0/0/0/0/0	0.0257443/0/0/0/0	0/0/0/0/0	0/0/0/0/0	0/0/0/0/0	0/0/0/0/0	0/0/0/0/0	0/0/0/0/0	0/0/0/0/0	0/0/0/0/0	0/0/0/0/0	0/0/0/0/0	0/0/0/0/0	0/0/0/0/0	0/0/0/0/0	0/0/0/0/0	
	Port: 8 (contain 24 entries)
		1.696e-05/0/0/0/0	2.832e-05/0/0/0/0	8.832e-05/0/0/0/0	0.0871711/0/0/0/0	0.0184086/0/0/0/0	4.16e-06/0/0/0/0	0/0/0/0/0	1.28e-05/0/0/0/0	0/0/0/0/0	1.28e-05/0/0/0/0	0/0/0/0/0	0/0/0/0/0	0/0/0/0/0	0/0/0/0/0	0/0/0/0/0	0/0/0/0/0	0/0/0/0/0	0/0/0/0/0	0/0/0/0/0	0/0/0/0/0	0/0/0/0/0	0/0/0/0/0	0/0/0/0/0	0/0/0/0/0	
	Port: 9 (contain 24 entries)
		0.00026128/0/0/0/0	0.149855/0/0/0/0	0.0266586/0/0/0/0	0/0/0/0/0	0.00017368/0/0/0/0	1.28e-05/0/0/0/0	0.00041952/0/0/0/0	0/0/0/0/0	4.456e-05/0/0/0/0	0.00190624/0/0/0/0	0/0/0/0/0	0/0/0/0/0	0/0/0/0/0	0/0/0/0/0	0/0/0/0/0	0/0/0/0/0	0/0/0/0/0	0/0/0/0/0	0/0/0/0/0	0/0/0/0/0	0/0/0/0/0	0/0/0/0/0	0/0/0/0/0	0/0/0/0/0	
	Port: 10 (contain 24 entries)
		0/0/0/0/0	0.00150352/0/0/0/0	0.00106704/0/0/0/0	0/0/0/0/0	0/0/0/0/0	0/0/0/0/0	0.00031536/0/0/0/0	0/0/0/0/0	0/0/0/0/0	0.00437464/0/0/0/0	0/0/0/0/0	0/0/0/0/0	0/0/0/0/0	0/0/0/0/0	0/0/0/0/0	0/0/0/0/0	0/0/0/0/0	0/0/0/0/0	0/0/0/0/0	0/0/0/0/0	0/0/0/0/0	0/0/0/0/0	0/0/0/0/0	0/0/0/0/0	
	Port: 11 (contain 24 entries)
		3.352e-05/0/0/0/0	0/0/0/0/0	0.02579/0/0/0/0	0/0/0/0/0	0/0/0/0/0	0/0/0/0/0	0.000226/0/0/0/0	2.776e-05/0/0/0/0	0/0/0/0/0	0/0/0/0/0	0/0/0/0/0	0/0/0/0/0	0/0/0/0/0	0/0/0/0/0	0/0/0/0/0	0/0/0/0/0	0/0/0/0/0	0/0/0/0/0	0/0/0/0/0	0/0/0/0/0	0/0/0/0/0	0/0/0/0/0	0/0/0/0/0	0/0/0/0/0	
	Port: 12 (contain 24 entries)
		0.00057672/0/0/0/0	0/0/0/0/0	1.28e-05/0/0/0/0	0.00331448/0/0/0/0	0.00066176/0/0/0/0	0.0138162/0/0/0/0	0/0/0/0/0	9.576e-05/0/0/0/0	0/0/0/0/0	1.28e-05/0/0/0/0	0/0/0/0/0	0/0/0/0/0	0/0/0/0/0	0/0/0/0/0	0/0/0/0/0	0/0/0/0/0	0/0/0/0/0	0/0/0/0/0	0/0/0/0/0	0/0/0/0/0	0/0/0/0/0	0/0/0/0/0	0/0/0/0/0	0/0/0/0/0	

Leaf 1: (contain: 12 ports)
	Port: 1 (contain 24 entries)
		4.04e-05/0/0/0/0	0/0/0/0/0	1.28e-05/0/0/0/0	1.28e-05/0/0/0/0	0/0/0/0/0	0/0/0/0/0	0/0/0/0/0	0/0/0/0/0	0/0/0/0/0	0/0/0/0/0	0/0/0/0/0	0/0/0/0/0	0/0/0/0/0	0/0/0/0/0	0/0/0/0/0	0/0/0/0/0	0/0/0/0/0	0/0/0/0/0	0/0/0/0/0	0/0/0/0/0	0/0/0/0/0	0/0/0/0/0	0/0/0/0/0	0/0/0/0/0	
	Port: 2 (contain 24 entries)
		0/0/0/0/0	6.992e-05/0/0/0/0	0/0/0/0/0	0/0/0/0/0	0/0/0/0/0	1.28e-05/0/0/0/0	0.00683936/0/0/0/0	0.00220064/0/0/0/0	3.256e-05/0/0/0/0	1.28e-05/0/0/0/0	0/0/0/0/0	0/0/0/0/0	0/0/0/0/0	0/0/0/0/0	0/0/0/0/0	0/0/0/0/0	0/0/0/0/0	0/0/0/0/0	0/0/0/0/0	0/0/0/0/0	0/0/0/0/0	0/0/0/0/0	0/0/0/0/0	0/0/0/0/0	
	Port: 3 (contain 24 entries)
		0.0001376/0/0/0/0	1.28e-05/0/0/0/0	2.56e-05/0/0/0/0	0/0/0/0/0	0/0/0/0/0	0/0/0/0/0	0.00018144/0/0/0/0	1.28e-05/0/0/0/0	0/0/0/0/0	1.696e-05/0/0/0/0	0/0/0/0/0	0/0/0/0/0	0/0/0/0/0	0/0/0/0/0	0/0/0/0/0	0/0/0/0/0	0/0/0/0/0	0/0/0/0/0	0/0/0/0/0	0/0/0/0/0	0/0/0/0/0	0/0/0/0/0	0/0/0/0/0	0/0/0/0/0	
	Port: 4 (contain 24 entries)
		4.784e-05/0/0/0/0	0/0/0/0/0	0/0/0/0/0	0.00052864/0/0/0/0	0.026315/0/0/0/0	0/0/0/0/0	0.00054136/0/0/0/0	0.00613488/0/0/0/0	2.528e-05/0/0/0/0	0/0/0/0/0	0/0/0/0/0	0/0/0/0/0	0/0/0/0/0	0/0/0/0/0	0/0/0/0/0	0/0/0/0/0	0/0/0/0/0	0/0/0/0/0	0/0/0/0/0	0/0/0/0/0	0/0/0/0/0	0/0/0/0/0	0/0/0/0/0	0/0/0/0/0	
	Port: 5 (contain 24 entries)
		0/0/0/0/0	0/0/0/0/0	0.000766/0/0/0/0	0.00032056/0/0/0/0	8.584e-05/0/0/0/0	0/0/0/0/0	0.0111731/0/0/0/0	1.28e-05/0/0/0/0	0/0/0/0/0	8.816e-05/0/0/0/0	0/0/0/0/0	0/0/0/0/0	0/0/0/0/0	0/0/0/0/0	0/0/0/0/0	0/0/0/0/0	0/0/0/0/0	0/0/0/0/0	0/0/0/0/0	0/0/0/0/0	0/0/0/0/0	0/0/0/0/0	0/0/0/0/0	0/0/0/0/0	
	Port: 6 (contain 24 entries)
		0/0/0/0/0	0/0/0/0/0	0/0/0/0/0	0/0/0/0/0	0/0/0/0/0	0.0138079/0/0/0/0	1.28e-05/0/0/0/0	0/0/0/0/0	0.0001308/0/0/0/0	1.28e-05/0/0/0/0	0/0/0/0/0	0/0/0/0/0	0/0/0/0/0	0/0/0/0/0	0/0/0/0/0	0/0/0/0/0	0/0/0/0/0	0/0/0/0/0	0/0/0/0/0	0/0/0/0/0	0/0/0/0/0	0/0/0/0/0	0/0/0/0/0	0/0/0/0/0	
	Port: 7 (contain 24 entries)
		1.28e-05/0/0/0/0	0/0/0/0/0	0.182289/0/0/0/0	0.572217/0/0/0/0	0.980468/0/0/0/0	1.02512/227/330058/0/0	1.002/254/369316/0/0	0.861559/0/0/0/0	1.01733/236/343144/0/0	1.00433/284/412936/0/0	1.00374/327/475458/0/0	1.00316/364/529256/0/0	1.00293/400/581600/0/0	1.00234/430/625220/0/0	1.00234/461/670294/0/0	1.00223/490/712460/0/0	1.00165/515/748810/0/0	1.00176/540/785160/0/0	1.00153/564/820056/0/0	1.00176/590/857860/0/0	0.960992/262/380948/0/0	0.98052/105/152670/0/0	0.99886/105/152670/0/0	0.998744/105/152670/0/0	
	Port: 8 (contain 24 entries)
		1.28e-05/0/0/0/0	0.0185165/0/0/0/0	0.0596803/0/0/0/0	0.0555468/0/0/0/0	0/0/0/0/0	0/0/0/0/0	0/0/0/0/0	0/0/0/0/0	0/0/0/0/0	0.00437464/0/0/0/0	0/0/0/0/0	0/0/0/0/0	0/0/0/0/0	0/0/0/0/0	0/0/0/0/0	0/0/0/0/0	0/0/0/0/0	0/0/0/0/0	0/0/0/0/0	0/0/0/0/0	0/0/0/0/0	0/0/0/0/0	0/0/0/0/0	0/0/0/0/0	
	Port: 9 (contain 24 entries)
		0/0/0/0/0	2.832e-05/0/0/0/0	0.00655944/0/0/0/0	0.0192459/0/0/0/0	0.0351232/0/0/0/0	0.0348902/0/0/0/0	0.0362684/0/0/0/0	0.178966/0/0/0/0	0.0228729/0/0/0/0	0.0175297/0/0/0/0	0.0175094/0/0/0/0	0.0177798/0/0/0/0	0.0177091/0/0/0/0	0.0175386/0/0/0/0	0.0176925/0/0/0/0	0.0179254/0/0/0/0	0.017759/0/0/0/0	0.017472/0/0/0/0	0.017913/0/0/0/0	0.0175344/0/0/0/0	0.0178381/0/0/0/0	0.0336877/0/0/0/0	0.0357677/0/0/0/0	0.0357718/0/0/0/0	
	Port: 10 (contain 24 entries)
		0.00010144/0/0/0/0	0.523426/0/0/0/0	0.961572/0/0/0/0	0.695292/0/0/0/0	0.0232199/0/0/0/0	0/0/0/0/0	1.696e-05/0/0/0/0	3.168e-05/0/0/0/0	2.56e-05/0/0/0/0	0.00019856/0/0/0/0	0/0/0/0/0	0/0/0/0/0	0/0/0/0/0	0/0/0/0/0	0/0/0/0/0	0/0/0/0/0	0/0/0/0/0	0/0/0/0/0	0/0/0/0/0	0/0/0/0/0	0/0/0/0/0	0/0/0/0/0	0/0/0/0/0	0/0/0/0/0	
	Port: 11 (contain 24 entries)
		1.28e-05/0/0/0/0	1.28e-05/0/0/0/0	2.6e-05/0/0/0/0	0.00113632/0/0/0/0	0.00092416/0/0/0/0	0.0005512/0/0/0/0	0.19106/0/0/0/0	0.0616921/0/0/0/0	0/0/0/0/0	0.00020896/0/0/0/0	0/0/0/0/0	0/0/0/0/0	0/0/0/0/0	0/0/0/0/0	0/0/0/0/0	0/0/0/0/0	0/0/0/0/0	0/0/0/0/0	0/0/0/0/0	0/0/0/0/0	0/0/0/0/0	0/0/0/0/0	0/0/0/0/0	0/0/0/0/0	
	Port: 12 (contain 24 entries)
		0.00357392/0/0/0/0	0/0/0/0/0	0.00102752/0/0/0/0	0/0/0/0/0	1.28e-05/0/0/0/0	0.00095296/0/0/0/0	6.272e-05/0/0/0/0	0.0203514/0/0/0/0	0.0128794/0/0/0/0	0.0182877/0/0/0/0	0.0182582/0/0/0/0	0.017992/0/0/0/0	0.0180586/0/0/0/0	0.0182333/0/0/0/0	0.0180752/0/0/0/0	0.0178422/0/0/0/0	0.0180128/0/0/0/0	0.0182957/0/0/0/0	0.0178589/0/0/0/0	0.0182333/0/0/0/0	0.0179338/0/0/0/0	0.00208832/0/0/0/0	0/0/0/0/0	0/0/0/0/0	

Leaf 2: (contain: 12 ports)
	Port: 1 (contain 24 entries)
		0/0/0/0/0	0/0/0/0/0	1.864e-05/0/0/0/0	0/0/0/0/0	4.48e-06/0/0/0/0	8.32e-06/0/0/0/0	0/0/0/0/0	0/0/0/0/0	0.00045432/0/0/0/0	3.776e-05/0/0/0/0	0/0/0/0/0	0/0/0/0/0	0/0/0/0/0	0/0/0/0/0	0/0/0/0/0	0/0/0/0/0	0/0/0/0/0	0/0/0/0/0	0/0/0/0/0	0/0/0/0/0	0/0/0/0/0	0/0/0/0/0	0/0/0/0/0	0/0/0/0/0	
	Port: 2 (contain 24 entries)
		0.00018928/0/0/0/0	0.521102/0/0/0/0	0.961715/0/0/0/0	0.676755/0/0/0/0	0/0/0/0/0	0/0/0/0/0	0.00014984/0/0/0/0	0.0204318/0/0/0/0	0.012871/0/0/0/0	0.0182832/0/0/0/0	0.0185997/0/0/0/0	0.017967/0/0/0/0	0.0180627/0/0/0/0	0.0182749/0/0/0/0	0.0180544/0/0/0/0	0.0178256/0/0/0/0	0.0180544/0/0/0/0	0.0182582/0/0/0/0	0.0178589/0/0/0/0	0.0182499/0/0/0/0	0.0178963/0/0/0/0	0.0021632/0/0/0/0	0/0/0/0/0	0/0/0/0/0	
	Port: 3 (contain 24 entries)
		0/0/0/0/0	1.28e-05/0/0/0/0	6.112e-05/0/0/0/0	1.28e-05/0/0/0/0	0.00099112/0/0/0/0	0/0/0/0/0	1.28e-05/0/0/0/0	0/0/0/0/0	0.00011344/0/0/0/0	4.552e-05/0/0/0/0	0/0/0/0/0	0/0/0/0/0	0/0/0/0/0	0/0/0/0/0	0/0/0/0/0	0/0/0/0/0	0/0/0/0/0	0/0/0/0/0	0/0/0/0/0	0/0/0/0/0	0/0/0/0/0	0/0/0/0/0	0/0/0/0/0	0/0/0/0/0	
	Port: 4 (contain 24 entries)
		9.808e-05/0/0/0/0	0/0/0/0/0	0/0/0/0/0	0/0/0/0/0	0/0/0/0/0	4.752e-05/0/0/0/0	0/0/0/0/0	0/0/0/0/0	0/0/0/0/0	0.00099504/0/0/0/0	0/0/0/0/0	0/0/0/0/0	0/0/0/0/0	0/0/0/0/0	0/0/0/0/0	0/0/0/0/0	0/0/0/0/0	0/0/0/0/0	0/0/0/0/0	0/0/0/0/0	0/0/0/0/0	0/0/0/0/0	0/0/0/0/0	0/0/0/0/0	
	Port: 5 (contain 24 entries)
		0/0/0/0/0	0.38868/0/0/0/0	0.937644/0/0/0/0	0.756996/0/0/0/0	8.784e-05/0/0/0/0	0/0/0/0/0	0.00036752/0/0/0/0	0/0/0/0/0	3.176e-05/0/0/0/0	0.00012392/0/0/0/0	0/0/0/0/0	0/0/0/0/0	0/0/0/0/0	0/0/0/0/0	0/0/0/0/0	0/0/0/0/0	0/0/0/0/0	0/0/0/0/0	0/0/0/0/0	0/0/0/0/0	0/0/0/0/0	0/0/0/0/0	0/0/0/0/0	0/0/0/0/0	
	Port: 6 (contain 24 entries)
		0/0/0/0/0	0/0/0/0/0	0.0263358/0/0/0/0	0/0/0/0/0	0/0/0/0/0	0/0/0/0/0	0/0/0/0/0	1.28e-05/0/0/0/0	0/0/0/0/0	0/0/0/0/0	0/0/0/0/0	0/0/0/0/0	0/0/0/0/0	0/0/0/0/0	0/0/0/0/0	0/0/0/0/0	0/0/0/0/0	0/0/0/0/0	0/0/0/0/0	0/0/0/0/0	0/0/0/0/0	0/0/0/0/0	0/0/0/0/0	0/0/0/0/0	
	Port: 7 (contain 24 entries)
		0/0/0/0/0	0/0/0/0/0	0/0/0/0/0	9.208e-05/0/0/0/0	1.28e-05/0/0/0/0	0/0/0/0/0	3.696e-05/0/0/0/0	0.169158/0/0/0/0	0/0/0/0/0	0.00018672/0/0/0/0	0/0/0/0/0	0/0/0/0/0	0/0/0/0/0	0/0/0/0/0	0/0/0/0/0	0/0/0/0/0	0/0/0/0/0	0/0/0/0/0	0/0/0/0/0	0/0/0/0/0	0/0/0/0/0	0/0/0/0/0	0/0/0/0/0	0/0/0/0/0	
	Port: 8 (contain 24 entries)
		0/0/0/0/0	2.944e-05/0/0/0/0	2.56e-05/0/0/0/0	0/0/0/0/0	0/0/0/0/0	1.28e-05/0/0/0/0	0/0/0/0/0	0/0/0/0/0	0/0/0/0/0	4.464e-05/0/0/0/0	0/0/0/0/0	0/0/0/0/0	0/0/0/0/0	0/0/0/0/0	0/0/0/0/0	0/0/0/0/0	0/0/0/0/0	0/0/0/0/0	0/0/0/0/0	0/0/0/0/0	0/0/0/0/0	0/0/0/0/0	0/0/0/0/0	0/0/0/0/0	
	Port: 9 (contain 24 entries)
		1.696e-05/0/0/0/0	9.96e-05/0/0/0/0	0.00181248/0/0/0/0	1.696e-05/0/0/0/0	0.0252486/0/0/0/0	0/0/0/0/0	0.00350624/0/0/0/0	0.573034/0/0/0/0	0.380101/0/0/0/0	0.513427/0/0/0/0	0.509594/0/0/0/0	0.503554/0/0/0/0	0.506458/0/0/0/0	0.513195/0/0/0/0	0.504715/0/0/0/0	0.500417/0/0/0/0	0.506109/0/0/0/0	0.50971/0/0/0/0	0.499836/0/0/0/0	0.511569/0/0/0/0	0.481251/0/0/0/0	0.0415986/0/0/0/0	0/0/0/0/0	0/0/0/0/0	
	Port: 10 (contain 24 entries)
		0/0/0/0/0	0.0139155/0/0/0/0	0.0321707/0/0/0/0	0.0272978/0/0/0/0	0.0001108/0/0/0/0	1.696e-05/0/0/0/0	1.28e-05/0/0/0/0	1.28e-05/0/0/0/0	4.256e-05/0/0/0/0	0.0008372/0/0/0/0	0/0/0/0/0	0/0/0/0/0	0/0/0/0/0	0/0/0/0/0	0/0/0/0/0	0/0/0/0/0	0/0/0/0/0	0/0/0/0/0	0/0/0/0/0	0/0/0/0/0	0/0/0/0/0	0/0/0/0/0	0/0/0/0/0	0/0/0/0/0	
	Port: 11 (contain 24 entries)
		1.28e-05/0/0/0/0	0.00055344/0/0/0/0	0/0/0/0/0	1.28e-05/0/0/0/0	0/0/0/0/0	0.00010432/0/0/0/0	9.952e-05/0/0/0/0	0.00613488/0/0/0/0	7.472e-05/0/0/0/0	3.424e-05/0/0/0/0	0.0103976/0/0/0/0	0/0/0/0/0	0/0/0/0/0	0/0/0/0/0	0/0/0/0/0	0/0/0/0/0	0/0/0/0/0	0/0/0/0/0	0/0/0/0/0	0/0/0/0/0	0/0/0/0/0	0/0/0/0/0	0/0/0/0/0	0/0/0/0/0	
	Port: 12 (contain 24 entries)
		0.00017272/0/0/0/0	0.0185872/0/0/0/0	0.0436294/0/0/0/0	0.0243152/0/0/0/0	1.28e-05/0/0/0/0	0/0/0/0/0	4.256e-05/0/0/0/0	0.00016144/0/0/0/0	0/0/0/0/0	0.00012656/0/0/0/0	0/0/0/0/0	0/0/0/0/0	0/0/0/0/0	0/0/0/0/0	0/0/0/0/0	0/0/0/0/0	0/0/0/0/0	0/0/0/0/0	0/0/0/0/0	0/0/0/0/0	0/0/0/0/0	0/0/0/0/0	0/0/0/0/0	0/0/0/0/0	

Leaf 3: (contain: 12 ports)
	Port: 1 (contain 24 entries)
		0/0/0/0/0	0/0/0/0/0	0.0169808/0/0/0/0	0.0222275/0/0/0/0	0.0357763/0/0/0/0	0.0348275/0/0/0/0	0.0357094/0/0/0/0	0.0100534/0/0/0/0	0.0224061/0/0/0/0	0.0174845/0/0/0/0	0.0175552/0/0/0/0	0.0178006/0/0/0/0	0.0177091/0/0/0/0	0.0174928/0/0/0/0	0.0177174/0/0/0/0	0.0179421/0/0/0/0	0.0177174/0/0/0/0	0.0175094/0/0/0/0	0.017913/0/0/0/0	0.0175178/0/0/0/0	0.0178714/0/0/0/0	0.033617/0/0/0/0	0.0357677/0/0/0/0	0.0357718/0/0/0/0	
	Port: 2 (contain 24 entries)
		1.696e-05/0/0/0/0	0/0/0/0/0	0/0/0/0/0	0/0/0/0/0	0/0/0/0/0	0.00095296/0/0/0/0	0.19097/0/0/0/0	0.061711/0/0/0/0	3.84e-05/0/0/0/0	1.28e-05/0/0/0/0	0/0/0/0/0	0/0/0/0/0	0/0/0/0/0	0/0/0/0/0	0/0/0/0/0	0/0/0/0/0	0/0/0/0/0	0/0/0/0/0	0/0/0/0/0	0/0/0/0/0	0/0/0/0/0	0/0/0/0/0	0/0/0/0/0	0/0/0/0/0	
	Port: 3 (contain 24 entries)
		1.28e-05/0/0/0/0	0.0144232/0/0/0/0	0.0321034/0/0/0/0	0.0272774/0/0/0/0	0/0/0/0/0	0.00010432/0/0/0/0	0.000408/0/0/0/0	0/0/0/0/0	0/0/0/0/0	0/0/0/0/0	0/0/0/0/0	0/0/0/0/0	0/0/0/0/0	0/0/0/0/0	0/0/0/0/0	0/0/0/0/0	0/0/0/0/0	0/0/0/0/0	0/0/0/0/0	0/0/0/0/0	0/0/0/0/0	0/0/0/0/0	0/0/0/0/0	0/0/0/0/0	
	Port: 4 (contain 24 entries)
		0.00012488/0/0/0/0	0.00149072/0/0/0/0	0/0/0/0/0	0/0/0/0/0	0/0/0/0/0	0/0/0/0/0	0/0/0/0/0	0.00014864/0/0/0/0	0/0/0/0/0	2.352e-05/0/0/0/0	0/0/0/0/0	0/0/0/0/0	0/0/0/0/0	0/0/0/0/0	0/0/0/0/0	0/0/0/0/0	0/0/0/0/0	0/0/0/0/0	0/0/0/0/0	0/0/0/0/0	0/0/0/0/0	0/0/0/0/0	0/0/0/0/0	0/0/0/0/0	
	Port: 5 (contain 24 entries)
		0.00021056/0/0/0/0	0.149855/0/0/0/0	0/0/0/0/0	1.696e-05/0/0/0/0	0/0/0/0/0	0/0/0/0/0	0/0/0/0/0	0/0/0/0/0	0/0/0/0/0	2.56e-05/0/0/0/0	0/0/0/0/0	0/0/0/0/0	0/0/0/0/0	0/0/0/0/0	0/0/0/0/0	0/0/0/0/0	0/0/0/0/0	0/0/0/0/0	0/0/0/0/0	0/0/0/0/0	0/0/0/0/0	0/0/0/0/0	0/0/0/0/0	0/0/0/0/0	
	Port: 6 (contain 24 entries)
		0.00035928/0/0/0/0	0/0/0/0/0	0/0/0/0/0	0.0187104/0/0/0/0	0.025427/0/0/0/0	0/0/0/0/0	0.00010272/0/0/0/0	0/0/0/0/0	1.28e-05/0/0/0/0	0/0/0/0/0	0/0/0/0/0	0/0/0/0/0	0/0/0/0/0	0/0/0/0/0	0/0/0/0/0	0/0/0/0/0	0/0/0/0/0	0/0/0/0/0	0/0/0/0/0	0/0/0/0/0	0/0/0/0/0	0/0/0/0/0	0/0/0/0/0	0/0/0/0/0	
	Port: 7 (contain 24 entries)
		0/0/0/0/0	0/0/0/0/0	0.00092416/0/0/0/0	0.00115608/0/0/0/0	1.28e-05/0/0/0/0	0/0/0/0/0	0/0/0/0/0	0/0/0/0/0	0/0/0/0/0	4.48e-06/0/0/0/0	0.0103976/0/0/0/0	0/0/0/0/0	0/0/0/0/0	0/0/0/0/0	0/0/0/0/0	0/0/0/0/0	0/0/0/0/0	0/0/0/0/0	0/0/0/0/0	0/0/0/0/0	0/0/0/0/0	0/0/0/0/0	0/0/0/0/0	0/0/0/0/0	
	Port: 8 (contain 24 entries)
		3.248e-05/0/0/0/0	0/0/0/0/0	0/0/0/0/0	0/0/0/0/0	0/0/0/0/0	0/0/0/0/0	0/0/0/0/0	2.976e-05/0/0/0/0	0/0/0/0/0	0.00093216/0/0/0/0	0/0/0/0/0	0/0/0/0/0	0/0/0/0/0	0/0/0/0/0	0/0/0/0/0	0/0/0/0/0	0/0/0/0/0	0/0/0/0/0	0/0/0/0/0	0/0/0/0/0	0/0/0/0/0	0/0/0/0/0	0/0/0/0/0	0/0/0/0/0	
	Port: 9 (contain 24 entries)
		0.0002012/0/0/0/0	0.391073/0/0/0/0	0.937527/0/0/0/0	0.755388/0/0/0/0	0.00107336/0/0/0/0	0.0263617/0/0/0/0	0.00688912/0/0/0/0	0.00241048/0/0/0/0	0.00017096/0/0/0/0	6.784e-05/0/0/0/0	0.00038304/0/0/0/0	0/0/0/0/0	0/0/0/0/0	0/0/0/0/0	0/0/0/0/0	0/0/0/0/0	0/0/0/0/0	0/0/0/0/0	0/0/0/0/0	0/0/0/0/0	0.218497/0/0/0/0	0.93683/0/0/0/0	0.998744/0/0/0/0	0.998744/0/0/0/0	
	Port: 10 (contain 24 entries)
		7.096e-05/0/0/0/0	6.272e-05/0/0/0/0	0.21001/0/0/0/0	0.57232/0/0/0/0	0.980274/0/0/0/0	0.998744/0/0/0/0	0.99886/0/0/0/0	0.285986/0/0/0/0	0.639461/0/0/0/0	0.491008/0/0/0/0	0.494145/0/0/0/0	0.499488/0/0/0/0	0.496584/0/0/0/0	0.489034/0/0/0/0	0.497629/0/0/0/0	0.501811/0/0/0/0	0.495655/0/0/0/0	0.491938/0/0/0/0	0.501695/0/0/0/0	0.490195/0/0/0/0	0.263451/0/0/0/0	0/0/0/0/0	0/0/0/0/0	0/0/0/0/0	
	Port: 11 (contain 24 entries)
		3.808e-05/0/0/0/0	0.00540448/0/0/0/0	0.00015232/0/0/0/0	0.0875045/0/0/0/0	0.0184755/0/0/0/0	1.696e-05/0/0/0/0	0.0111603/0/0/0/0	4.416e-05/0/0/0/0	0/0/0/0/0	0.0001604/0/0/0/0	0/0/0/0/0	0/0/0/0/0	0/0/0/0/0	0/0/0/0/0	0/0/0/0/0	0/0/0/0/0	0/0/0/0/0	0/0/0/0/0	0/0/0/0/0	0/0/0/0/0	0/0/0/0/0	0/0/0/0/0	0/0/0/0/0	0/0/0/0/0	
	Port: 12 (contain 24 entries)
		2.56e-05/0/0/0/0	0/0/0/0/0	0/0/0/0/0	0.0311491/0/0/0/0	0/0/0/0/0	0/0/0/0/0	0/0/0/0/0	0/0/0/0/0	8.864e-05/0/0/0/0	0.0257571/0/0/0/0	0/0/0/0/0	0/0/0/0/0	0/0/0/0/0	0/0/0/0/0	0/0/0/0/0	0/0/0/0/0	0/0/0/0/0	0/0/0/0/0	0/0/0/0/0	0/0/0/0/0	0/0/0/0/0	0/0/0/0/0	0/0/0/0/0	0/0/0/0/0	

