Spine 0: (contain: 4 ports)
	Port: 1 (contain 24 entries)
		0.0209642/0/0/0/0	0.0344599/0/0/0/0	0.0317965/0/0/0/0	0.0322855/0/0/0/0	0.0249788/0/0/0/0	0.0253558/0/0/0/0	0.189774/0/0/0/0	0.0243789/0/0/0/0	0.0192944/0/0/0/0	0.0203091/0/0/0/0	0.0205213/0/0/0/0	0.0217818/0/0/0/0	0.0187741/0/0/0/0	0.0185245/0/0/0/0	0.0165984/0/0/0/0	0.0117354/0/0/0/0	0.0119184/0/0/0/0	0.0118976/0/0/0/0	0.0117021/0/0/0/0	0.0118768/0/0/0/0	0.0115898/0/0/0/0	0.0118227/0/0/0/0	0.0122304/0/0/0/0	0.011752/0/0/0/0	
	Port: 2 (contain 24 entries)
		3.336e-05/0/0/0/0	0/0/0/0/0	2.112e-05/0/0/0/0	4.208e-05/0/0/0/0	0/0/0/0/0	0.00081336/0/0/0/0	0.246254/0/0/0/0	0.00023296/0/0/0/0	0.00018008/0/0/0/0	0.160714/0/0/0/0	0/0/0/0/0	0/0/0/0/0	0/0/0/0/0	0/0/0/0/0	0/0/0/0/0	0/0/0/0/0	0/0/0/0/0	0/0/0/0/0	0/0/0/0/0	0/0/0/0/0	0/0/0/0/0	0/0/0/0/0	0/0/0/0/0	0/0/0/0/0	
	Port: 3 (contain 24 entries)
		0.0001352/0/0/0/0	1.28e-05/0/0/0/0	0.00101848/0/0/0/0	2.144e-05/0/0/0/0	0.00072576/0/0/0/0	0.360177/0/0/0/0	0.857958/0/0/0/0	0.899311/0/0/0/0	0.889201/0/0/0/0	0.890831/0/0/0/0	0.841463/0/0/0/0	0.364588/0/0/0/0	0/0/0/0/0	0/0/0/0/0	0/0/0/0/0	0/0/0/0/0	0/0/0/0/0	0/0/0/0/0	0/0/0/0/0	0/0/0/0/0	0/0/0/0/0	0/0/0/0/0	0/0/0/0/0	0/0/0/0/0	
	Port: 4 (contain 24 entries)
		2.56e-05/0/0/0/0	0.00035096/0/0/0/0	0.142341/0/0/0/0	0.00035624/0/0/0/0	3.52e-05/0/0/0/0	4.16e-06/0/0/0/0	0/0/0/0/0	1.28e-05/0/0/0/0	0.0111415/0/0/0/0	0.0288333/0/0/0/0	0/0/0/0/0	0/0/0/0/0	0/0/0/0/0	0/0/0/0/0	0/0/0/0/0	0/0/0/0/0	0/0/0/0/0	0/0/0/0/0	0/0/0/0/0	0/0/0/0/0	0/0/0/0/0	0/0/0/0/0	0/0/0/0/0	0/0/0/0/0	

Spine 1: (contain: 4 ports)
	Port: 1 (contain 24 entries)
		3.192e-05/0/0/0/0	0/0/0/0/0	9.8e-05/0/0/0/0	3.376e-05/0/0/0/0	0.00606976/0/0/0/0	1.696e-05/0/0/0/0	0/0/0/0/0	0/0/0/0/0	0.00617944/0/0/0/0	0.00025432/0/0/0/0	0/0/0/0/0	0/0/0/0/0	0/0/0/0/0	0/0/0/0/0	0/0/0/0/0	0/0/0/0/0	0/0/0/0/0	0/0/0/0/0	0/0/0/0/0	0/0/0/0/0	0/0/0/0/0	0/0/0/0/0	0/0/0/0/0	0/0/0/0/0	
	Port: 2 (contain 24 entries)
		0/0/0/0/0	0.00442184/0/0/0/0	0.00017472/0/0/0/0	0.029642/0/0/0/0	2.112e-05/0/0/0/0	0/0/0/0/0	0.000116/0/0/0/0	0.00028104/0/0/0/0	0/0/0/0/0	3.888e-05/0/0/0/0	0.00113984/0/0/0/0	0/0/0/0/0	0/0/0/0/0	0/0/0/0/0	0/0/0/0/0	0/0/0/0/0	0/0/0/0/0	0/0/0/0/0	0/0/0/0/0	0/0/0/0/0	0/0/0/0/0	0/0/0/0/0	0/0/0/0/0	0/0/0/0/0	
	Port: 3 (contain 24 entries)
		0/0/0/0/0	0/0/0/0/0	0.00018784/0/0/0/0	3.36e-05/0/0/0/0	4.656e-05/0/0/0/0	0/0/0/0/0	0.00597824/0/0/0/0	9.984e-05/0/0/0/0	0.169451/0/0/0/0	4.48e-06/0/0/0/0	0/0/0/0/0	0/0/0/0/0	0/0/0/0/0	0/0/0/0/0	0/0/0/0/0	0/0/0/0/0	0/0/0/0/0	0/0/0/0/0	0/0/0/0/0	0/0/0/0/0	0/0/0/0/0	0/0/0/0/0	0/0/0/0/0	0/0/0/0/0	
	Port: 4 (contain 24 entries)
		0/0/0/0/0	1.28e-05/0/0/0/0	0.00705656/0/0/0/0	0.092592/0/0/0/0	0.169847/0/0/0/0	0.00034528/0/0/0/0	0.0765377/0/0/0/0	0.099433/0/0/0/0	0.11017/0/0/0/0	0.986059/421/612134/0/0	0.978183/0/0/0/0	0.922682/0/0/0/0	0/0/0/0/0	0/0/0/0/0	0/0/0/0/0	0/0/0/0/0	0/0/0/0/0	0/0/0/0/0	0/0/0/0/0	0.307824/0/0/0/0	0.325829/0/0/0/0	0.330591/0/0/0/0	0.343369/0/0/0/0	0.331288/0/0/0/0	

Spine 2: (contain: 4 ports)
	Port: 1 (contain 24 entries)
		1.696e-05/0/0/0/0	2.112e-05/0/0/0/0	0.00403552/0/0/0/0	0.00479328/0/0/0/0	0.0110926/0/0/0/0	0.0104586/0/0/0/0	0.0253149/0/0/0/0	0.0134622/0/0/0/0	0.0126535/0/0/0/0	0.0118528/0/0/0/0	0.0438164/0/0/0/0	0.0094224/0/0/0/0	0.0120099/0/0/0/0	0.0118352/0/0/0/0	0.0128586/0/0/0/0	0.0158413/0/0/0/0	0.0153046/0/0/0/0	0.0151424/0/0/0/0	0.0151091/0/0/0/0	0.0149053/0/0/0/0	0.0143686/0/0/0/0	0.0139402/0/0/0/0	0.0136822/0/0/0/0	0.0138445/0/0/0/0	
	Port: 2 (contain 24 entries)
		0/0/0/0/0	0/0/0/0/0	1.696e-05/0/0/0/0	0.00020736/0/0/0/0	0.0001356/0/0/0/0	0.0127382/0/0/0/0	0.029503/0/0/0/0	0.0321984/0/0/0/0	0.0318282/0/0/0/0	0.0318906/0/0/0/0	0.0298563/0/0/0/0	0.0131997/0/0/0/0	0/0/0/0/0	0/0/0/0/0	0/0/0/0/0	0/0/0/0/0	0/0/0/0/0	0/0/0/0/0	0/0/0/0/0	0/0/0/0/0	0/0/0/0/0	0/0/0/0/0	0/0/0/0/0	0/0/0/0/0	
	Port: 3 (contain 24 entries)
		0/0/0/0/0	0/0/0/0/0	0/0/0/0/0	1.696e-05/0/0/0/0	0/0/0/0/0	0/0/0/0/0	0.0001044/0/0/0/0	4.976e-05/0/0/0/0	2.944e-05/0/0/0/0	0.0288048/0/0/0/0	0.0270026/0/0/0/0	0.0332051/0/0/0/0	0/0/0/0/0	0/0/0/0/0	0/0/0/0/0	0/0/0/0/0	0/0/0/0/0	0/0/0/0/0	0/0/0/0/0	0/0/0/0/0	0/0/0/0/0	0/0/0/0/0	0/0/0/0/0	0/0/0/0/0	
	Port: 4 (contain 24 entries)
		0.0001476/0/0/0/0	0/0/0/0/0	1.696e-05/0/0/0/0	0.076108/0/0/0/0	0.30116/0/0/0/0	0.293602/0/0/0/0	0.285754/0/0/0/0	0.293802/0/0/0/0	0.355393/0/0/0/0	0.331521/0/0/0/0	0.720773/0/0/0/0	0.912713/0/0/0/0	0.33698/0/0/0/0	0.330359/0/0/0/0	0.359399/0/0/0/0	0.443964/0/0/0/0	0.42956/0/0/0/0	0.425146/0/0/0/0	0.422009/0/0/0/0	0.401333/0/0/0/0	0.406095/0/0/0/0	0.392505/0/0/0/0	0.381469/0/0/0/0	0.387394/0/0/0/0	

Spine 3: (contain: 4 ports)
	Port: 1 (contain 24 entries)
		1.28e-05/0/0/0/0	0.00087232/0/0/0/0	0.0219401/0/0/0/0	0/0/0/0/0	0.0165681/0/0/0/0	0/0/0/0/0	2.504e-05/0/0/0/0	0/0/0/0/0	0.00024096/0/0/0/0	0.00049192/0/0/0/0	0/0/0/0/0	0/0/0/0/0	0/0/0/0/0	0/0/0/0/0	0/0/0/0/0	0/0/0/0/0	0/0/0/0/0	0/0/0/0/0	0/0/0/0/0	0/0/0/0/0	0/0/0/0/0	0/0/0/0/0	0/0/0/0/0	0/0/0/0/0	
	Port: 2 (contain 24 entries)
		9.624e-05/0/0/0/0	0/0/0/0/0	1.28e-05/0/0/0/0	0/0/0/0/0	0/0/0/0/0	2.144e-05/0/0/0/0	0.00230048/0/0/0/0	0.00351936/0/0/0/0	0.00400064/0/0/0/0	0.00555424/0/0/0/0	0.0212326/0/0/0/0	0.0266406/0/0/0/0	0.00498784/0/0/0/0	0.005408/0/0/0/0	0.00631488/0/0/0/0	0.00819104/0/0/0/0	0.0085488/0/0/0/0	0.00872768/0/0/0/0	0.00895648/0/0/0/0	0.00898976/0/0/0/0	0.00980928/0/0/0/0	0.010009/0/0/0/0	0.00985504/0/0/0/0	0.0101754/0/0/0/0	
	Port: 3 (contain 24 entries)
		0/0/0/0/0	0/0/0/0/0	0.00020128/0/0/0/0	0.00017856/0/0/0/0	1.28e-05/0/0/0/0	1.28e-05/0/0/0/0	0/0/0/0/0	3.392e-05/0/0/0/0	1.28e-05/0/0/0/0	0.00579056/0/0/0/0	0/0/0/0/0	0/0/0/0/0	0/0/0/0/0	0/0/0/0/0	0/0/0/0/0	0/0/0/0/0	0/0/0/0/0	0/0/0/0/0	0/0/0/0/0	0/0/0/0/0	0/0/0/0/0	0/0/0/0/0	0/0/0/0/0	0/0/0/0/0	
	Port: 4 (contain 24 entries)
		0.621813/0/0/0/0	0.965638/0/0/0/0	0.921033/0/0/0/0	0.858422/0/0/0/0	0.701297/0/0/0/0	0.708344/0/0/0/0	0.616926/0/0/0/0	0.611931/0/0/0/0	0.539104/0/0/0/0	0.569313/0/0/0/0	0.662112/0/0/0/0	0.740288/0/0/0/0	0.666526/0/0/0/0	0.672915/0/0/0/0	0.624128/0/0/0/0	0.560007/0/0/0/0	0.574063/0/0/0/0	0.578128/0/0/0/0	0.581032/0/0/0/0	0.257178/0/0/0/0	0.273673/0/0/0/0	0.281572/0/0/0/0	0.279365/0/0/0/0	0.28494/0/0/0/0	

Leaf 0: (contain: 12 ports)
	Port: 1 (contain 24 entries)
		0/0/0/0/0	0.0007056/0/0/0/0	0.0219401/0/0/0/0	1.28e-05/0/0/0/0	0/0/0/0/0	0/0/0/0/0	0/0/0/0/0	0/0/0/0/0	0.00010384/0/0/0/0	0/0/0/0/0	0/0/0/0/0	0/0/0/0/0	0/0/0/0/0	0/0/0/0/0	0/0/0/0/0	0/0/0/0/0	0/0/0/0/0	0/0/0/0/0	0/0/0/0/0	0/0/0/0/0	0/0/0/0/0	0/0/0/0/0	0/0/0/0/0	0/0/0/0/0	
	Port: 2 (contain 24 entries)
		1.28e-05/0/0/0/0	2.312e-05/0/0/0/0	0.00403552/0/0/0/0	0.00478048/0/0/0/0	0.0107952/0/0/0/0	0.0104291/0/0/0/0	0.0105914/0/0/0/0	0.0104083/0/0/0/0	0.0127396/0/0/0/0	0.012547/0/0/0/0	0.0120973/0/0/0/0	0.00943072/0/0/0/0	0.0120058/0/0/0/0	0.0118227/0/0/0/0	0.0128461/0/0/0/0	0.0158413/0/0/0/0	0.0153046/0/0/0/0	0.0151507/0/0/0/0	0.0151091/0/0/0/0	0.0148928/0/0/0/0	0.0144061/0/0/0/0	0.0139277/0/0/0/0	0.0136614/0/0/0/0	0.013857/0/0/0/0	
	Port: 3 (contain 24 entries)
		1.696e-05/0/0/0/0	0/0/0/0/0	0/0/0/0/0	0/0/0/0/0	1.28e-05/0/0/0/0	1.28e-05/0/0/0/0	0/0/0/0/0	0/0/0/0/0	1.28e-05/0/0/0/0	1.28e-05/0/0/0/0	0/0/0/0/0	0/0/0/0/0	0/0/0/0/0	0/0/0/0/0	0/0/0/0/0	0/0/0/0/0	0/0/0/0/0	0/0/0/0/0	0/0/0/0/0	0/0/0/0/0	0/0/0/0/0	0/0/0/0/0	0/0/0/0/0	0/0/0/0/0	
	Port: 4 (contain 24 entries)
		0/0/0/0/0	1.28e-05/0/0/0/0	0/0/0/0/0	0.0010864/0/0/0/0	1.28e-05/0/0/0/0	1.28e-05/0/0/0/0	0/0/0/0/0	0/0/0/0/0	0/0/0/0/0	4.48e-06/0/0/0/0	0.0317191/0/0/0/0	0/0/0/0/0	0/0/0/0/0	0/0/0/0/0	0/0/0/0/0	0/0/0/0/0	0/0/0/0/0	0/0/0/0/0	0/0/0/0/0	0/0/0/0/0	0/0/0/0/0	0/0/0/0/0	0/0/0/0/0	0/0/0/0/0	
	Port: 5 (contain 24 entries)
		0.00012472/0/0/0/0	0/0/0/0/0	3.872e-05/0/0/0/0	4.48e-06/0/0/0/0	1.432e-05/0/0/0/0	1.696e-05/0/0/0/0	0.16686/0/0/0/0	0.00255968/0/0/0/0	0/0/0/0/0	0/0/0/0/0	0/0/0/0/0	0/0/0/0/0	0/0/0/0/0	0/0/0/0/0	0/0/0/0/0	0/0/0/0/0	0/0/0/0/0	0/0/0/0/0	0/0/0/0/0	0/0/0/0/0	0/0/0/0/0	0/0/0/0/0	0/0/0/0/0	0/0/0/0/0	
	Port: 6 (contain 24 entries)
		0/0/0/0/0	0/0/0/0/0	0/0/0/0/0	0.00035392/0/0/0/0	0/0/0/0/0	1.696e-05/0/0/0/0	0/0/0/0/0	0/0/0/0/0	4.456e-05/0/0/0/0	0.00025432/0/0/0/0	0/0/0/0/0	0/0/0/0/0	0/0/0/0/0	0/0/0/0/0	0/0/0/0/0	0/0/0/0/0	0/0/0/0/0	0/0/0/0/0	0/0/0/0/0	0/0/0/0/0	0/0/0/0/0	0/0/0/0/0	0/0/0/0/0	0/0/0/0/0	
	Port: 7 (contain 24 entries)
		0.0208714/0/0/0/0	0.0345786/0/0/0/0	0.0317366/0/0/0/0	0.0308745/0/0/0/0	0.0249894/0/0/0/0	0.0253386/0/0/0/0	0.0374045/2/1508/0/0	0.0250234/0/0/0/0	0.0252224/0/0/0/0	0.0203219/0/0/0/0	0.0205213/0/0/0/0	0.0217776/0/0/0/0	0.0187741/0/0/0/0	0.018537/0/0/0/0	0.0166109/0/0/0/0	0.0117354/0/0/0/0	0.0119184/0/0/0/0	0.0118976/0/0/0/0	0.0117021/0/0/0/0	0.0118768/0/0/0/0	0.0115898/0/0/0/0	0.0117978/0/0/0/0	0.0122554/0/0/0/0	0.011752/0/0/0/0	
	Port: 8 (contain 24 entries)
		0/0/0/0/0	0/0/0/0/0	0.00011496/0/0/0/0	0/0/0/0/0	0.0228889/0/0/0/0	0/0/0/0/0	2.504e-05/0/0/0/0	8.192e-05/0/0/0/0	1.696e-05/0/0/0/0	0/0/0/0/0	0/0/0/0/0	0/0/0/0/0	0/0/0/0/0	0/0/0/0/0	0/0/0/0/0	0/0/0/0/0	0/0/0/0/0	0/0/0/0/0	0/0/0/0/0	0/0/0/0/0	0/0/0/0/0	0/0/0/0/0	0/0/0/0/0	0/0/0/0/0	
	Port: 9 (contain 24 entries)
		9.344e-05/0/0/0/0	0.00036376/0/0/0/0	0.142879/0/0/0/0	4.656e-05/0/0/0/0	6.464e-05/0/0/0/0	0.0004588/0/0/0/0	0.0004496/0/0/0/0	0.00020832/0/0/0/0	0.00026624/0/0/0/0	0.00013008/0/0/0/0	0/0/0/0/0	0/0/0/0/0	0/0/0/0/0	0/0/0/0/0	0/0/0/0/0	0/0/0/0/0	0/0/0/0/0	0/0/0/0/0	0/0/0/0/0	0/0/0/0/0	0/0/0/0/0	0/0/0/0/0	0/0/0/0/0	0/0/0/0/0	
	Port: 10 (contain 24 entries)
		0/0/0/0/0	0.00443464/0/0/0/0	0.00716992/0/0/0/0	0.122255/0/0/0/0	0.169881/0/0/0/0	7.04e-05/0/0/0/0	0.00599104/0/0/0/0	9.984e-05/0/0/0/0	0.169471/0/0/0/0	4.48e-06/0/0/0/0	0.00113984/0/0/0/0	0/0/0/0/0	0/0/0/0/0	0/0/0/0/0	0/0/0/0/0	0/0/0/0/0	0/0/0/0/0	0/0/0/0/0	0/0/0/0/0	0.307824/0/0/0/0	0.325829/0/0/0/0	0.330708/0/0/0/0	0.344182/0/0/0/0	0.330359/0/0/0/0	
	Port: 11 (contain 24 entries)
		0.0001476/0/0/0/0	0/0/0/0/0	0/0/0/0/0	0.076091/0/0/0/0	0.3019/0/0/0/0	0.292607/0/0/0/0	0.286683/0/0/0/0	0.29342/0/0/0/0	0.355101/0/0/0/0	0.331637/0/0/0/0	0.340116/0/0/0/0	0.264729/0/0/0/0	0.33698/0/0/0/0	0.330708/0/0/0/0	0.359748/0/0/0/0	0.443964/0/0/0/0	0.429095/0/0/0/0	0.425029/0/0/0/0	0.422822/0/0/0/0	0.401333/0/0/0/0	0.405631/0/0/0/0	0.391808/0/0/0/0	0.381586/0/0/0/0	0.388439/0/0/0/0	
	Port: 12 (contain 24 entries)
		0.622278/0/0/0/0	0.966219/0/0/0/0	0.921149/0/0/0/0	0.858422/0/0/0/0	0.700212/0/0/0/0	0.709157/0/0/0/0	0.615764/0/0/0/0	0.612396/0/0/0/0	0.538866/0/0/0/0	0.5693/0/0/0/0	0.574527/0/0/0/0	0.609724/0/0/0/0	0.526669/0/0/0/0	0.518654/0/0/0/0	0.446171/0/0/0/0	0.32943/0/0/0/0	0.334541/0/0/0/0	0.333612/0/0/0/0	0.328152/0/0/0/0	0.0131261/0/0/0/0	0/0/0/0/0	0/0/0/0/0	0/0/0/0/0	0/0/0/0/0	

Leaf 1: (contain: 12 ports)
	Port: 1 (contain 24 entries)
		0/0/0/0/0	0.00442184/0/0/0/0	1.28e-05/0/0/0/0	0/0/0/0/0	0/0/0/0/0	0/0/0/0/0	0/0/0/0/0	0/0/0/0/0	6.912e-05/0/0/0/0	0.00195224/0/0/0/0	0.0180752/0/0/0/0	0.0220979/0/0/0/0	0/0/0/0/0	0/0/0/0/0	0/0/0/0/0	0/0/0/0/0	0/0/0/0/0	0/0/0/0/0	0/0/0/0/0	0/0/0/0/0	0/0/0/0/0	0/0/0/0/0	0/0/0/0/0	0/0/0/0/0	
	Port: 2 (contain 24 entries)
		1.28e-05/0/0/0/0	0/0/0/0/0	0.00017472/0/0/0/0	0/0/0/0/0	0/0/0/0/0	0.00059392/0/0/0/0	0.245855/0/0/0/0	0/0/0/0/0	0/0/0/0/0	0/0/0/0/0	0/0/0/0/0	0/0/0/0/0	0/0/0/0/0	0/0/0/0/0	0/0/0/0/0	0/0/0/0/0	0/0/0/0/0	0/0/0/0/0	0/0/0/0/0	0/0/0/0/0	0/0/0/0/0	0/0/0/0/0	0/0/0/0/0	0/0/0/0/0	
	Port: 3 (contain 24 entries)
		0/0/0/0/0	0/0/0/0/0	1.696e-05/0/0/0/0	0.029642/0/0/0/0	0.000102/0/0/0/0	0.0127094/0/0/0/0	0.031641/0/0/0/0	0.0357136/0/0/0/0	0.0359097/0/0/0/0	0.196179/0/0/0/0	0.0341539/0/0/0/0	0.0177923/0/0/0/0	0.00498784/0/0/0/0	0.00541216/0/0/0/0	0.00631072/0/0/0/0	0.00819104/0/0/0/0	0.0085488/0/0/0/0	0.00871936/0/0/0/0	0.00896064/0/0/0/0	0.00899808/0/0/0/0	0.009776/0/0/0/0	0.0100422/0/0/0/0	0.00985504/0/0/0/0	0.0101587/0/0/0/0	
	Port: 4 (contain 24 entries)
		0/0/0/0/0	0/0/0/0/0	0/0/0/0/0	0/0/0/0/0	0/0/0/0/0	0/0/0/0/0	0.00015384/0/0/0/0	0/0/0/0/0	1.28e-05/0/0/0/0	0/0/0/0/0	0/0/0/0/0	0/0/0/0/0	0/0/0/0/0	0/0/0/0/0	0/0/0/0/0	0/0/0/0/0	0/0/0/0/0	0/0/0/0/0	0/0/0/0/0	0/0/0/0/0	0/0/0/0/0	0/0/0/0/0	0/0/0/0/0	0/0/0/0/0	
	Port: 5 (contain 24 entries)
		9.624e-05/0/0/0/0	0/0/0/0/0	0/0/0/0/0	0/0/0/0/0	0/0/0/0/0	0.00018712/0/0/0/0	0/0/0/0/0	0/0/0/0/0	1.728e-05/0/0/0/0	3.328e-05/0/0/0/0	0/0/0/0/0	0/0/0/0/0	0/0/0/0/0	0/0/0/0/0	0/0/0/0/0	0/0/0/0/0	0/0/0/0/0	0/0/0/0/0	0/0/0/0/0	0/0/0/0/0	0/0/0/0/0	0/0/0/0/0	0/0/0/0/0	0/0/0/0/0	
	Port: 6 (contain 24 entries)
		2.056e-05/0/0/0/0	0/0/0/0/0	0/0/0/0/0	4.208e-05/0/0/0/0	5.472e-05/0/0/0/0	3.232e-05/0/0/0/0	0.0001032/0/0/0/0	0.00026824/0/0/0/0	0/0/0/0/0	1.28e-05/0/0/0/0	0/0/0/0/0	0/0/0/0/0	0/0/0/0/0	0/0/0/0/0	0/0/0/0/0	0/0/0/0/0	0/0/0/0/0	0/0/0/0/0	0/0/0/0/0	0/0/0/0/0	0/0/0/0/0	0/0/0/0/0	0/0/0/0/0	0/0/0/0/0	
	Port: 7 (contain 24 entries)
		0/0/0/0/0	0/0/0/0/0	0/0/0/0/0	0.00020736/0/0/0/0	0/0/0/0/0	1.696e-05/0/0/0/0	0/0/0/0/0	1.28e-05/0/0/0/0	0/0/0/0/0	0/0/0/0/0	0/0/0/0/0	0/0/0/0/0	0/0/0/0/0	0/0/0/0/0	0/0/0/0/0	0/0/0/0/0	0/0/0/0/0	0/0/0/0/0	0/0/0/0/0	0/0/0/0/0	0/0/0/0/0	0/0/0/0/0	0/0/0/0/0	0/0/0/0/0	
	Port: 8 (contain 24 entries)
		0/0/0/0/0	0/0/0/0/0	2.112e-05/0/0/0/0	0/0/0/0/0	0/0/0/0/0	0/0/0/0/0	0.00039168/0/0/0/0	0.00026624/0/0/0/0	0/0/0/0/0	0/0/0/0/0	0/0/0/0/0	0/0/0/0/0	0/0/0/0/0	0/0/0/0/0	0/0/0/0/0	0/0/0/0/0	0/0/0/0/0	0/0/0/0/0	0/0/0/0/0	0/0/0/0/0	0/0/0/0/0	0/0/0/0/0	0/0/0/0/0	0/0/0/0/0	
	Port: 9 (contain 24 entries)
		8.792e-05/0/0/0/0	0/0/0/0/0	0.00028576/0/0/0/0	0.0010736/0/0/0/0	0.00069632/0/0/0/0	0.359988/0/0/0/0	0.858771/0/0/0/0	0.899311/0/0/0/0	0.888624/0/0/0/0	0.890947/0/0/0/0	0.841347/0/0/0/0	0.363659/0/0/0/0	0/0/0/0/0	0/0/0/0/0	0/0/0/0/0	0/0/0/0/0	0/0/0/0/0	0/0/0/0/0	0/0/0/0/0	0/0/0/0/0	0/0/0/0/0	0/0/0/0/0	0/0/0/0/0	0/0/0/0/0	
	Port: 10 (contain 24 entries)
		0/0/0/0/0	0/0/0/0/0	0.00022776/0/0/0/0	0/0/0/0/0	1.28e-05/0/0/0/0	0.00029184/0/0/0/0	0.0766282/0/0/0/0	0.099433/0/0/0/0	0.110196/0/0/0/0	0.194916/47/68338/0/0	0.177144/0/0/0/0	0/0/0/0/0	0/0/0/0/0	0/0/0/0/0	0/0/0/0/0	0/0/0/0/0	0/0/0/0/0	0/0/0/0/0	0/0/0/0/0	0/0/0/0/0	0/0/0/0/0	0/0/0/0/0	0/0/0/0/0	0/0/0/0/0	
	Port: 11 (contain 24 entries)
		0/0/0/0/0	0/0/0/0/0	0/0/0/0/0	2.976e-05/0/0/0/0	0/0/0/0/0	0.0001776/0/0/0/0	0.0158566/0/0/0/0	0.00195128/0/0/0/0	7.688e-05/0/0/0/0	1.728e-05/0/0/0/0	0.412259/0/0/0/0	0.647868/0/0/0/0	0/0/0/0/0	0/0/0/0/0	0/0/0/0/0	0/0/0/0/0	0/0/0/0/0	0/0/0/0/0	0/0/0/0/0	0/0/0/0/0	0/0/0/0/0	0/0/0/0/0	0/0/0/0/0	0/0/0/0/0	
	Port: 12 (contain 24 entries)
		1.28e-05/0/0/0/0	0.00016672/0/0/0/0	0/0/0/0/0	0/0/0/0/0	0.0002716/0/0/0/0	1.28e-05/0/0/0/0	2.504e-05/0/0/0/0	2.112e-05/0/0/0/0	0.00025376/0/0/0/0	0.00629528/0/0/0/0	0.0877008/0/0/0/0	0.130564/0/0/0/0	0.139973/0/0/0/0	0.153796/0/0/0/0	0.177725/0/0/0/0	0.230461/0/0/0/0	0.240103/0/0/0/0	0.244517/0/0/0/0	0.252183/0/0/0/0	0.244052/0/0/0/0	0.274021/0/0/0/0	0.282269/0/0/0/0	0.278319/0/0/0/0	0.28494/0/0/0/0	

Leaf 2: (contain: 12 ports)
	Port: 1 (contain 24 entries)
		0/0/0/0/0	0/0/0/0/0	0/0/0/0/0	3.36e-05/0/0/0/0	0/0/0/0/0	0.00042088/0/0/0/0	0/0/0/0/0	0/0/0/0/0	2.56e-05/0/0/0/0	1.28e-05/0/0/0/0	0/0/0/0/0	0/0/0/0/0	0/0/0/0/0	0/0/0/0/0	0/0/0/0/0	0/0/0/0/0	0/0/0/0/0	0/0/0/0/0	0/0/0/0/0	0/0/0/0/0	0/0/0/0/0	0/0/0/0/0	0/0/0/0/0	0/0/0/0/0	
	Port: 2 (contain 24 entries)
		0/0/0/0/0	1.28e-05/0/0/0/0	0.00080704/0/0/0/0	1.696e-05/0/0/0/0	0/0/0/0/0	0/0/0/0/0	0/0/0/0/0	0/0/0/0/0	0/0/0/0/0	3.312e-05/0/0/0/0	0/0/0/0/0	0/0/0/0/0	0/0/0/0/0	0/0/0/0/0	0/0/0/0/0	0/0/0/0/0	0/0/0/0/0	0/0/0/0/0	0/0/0/0/0	0/0/0/0/0	0/0/0/0/0	0/0/0/0/0	0/0/0/0/0	0/0/0/0/0	
	Port: 3 (contain 24 entries)
		1.28e-05/0/0/0/0	0/0/0/0/0	0/0/0/0/0	0/0/0/0/0	0/0/0/0/0	0/0/0/0/0	0/0/0/0/0	4.976e-05/0/0/0/0	2.528e-05/0/0/0/0	0/0/0/0/0	0/0/0/0/0	0/0/0/0/0	0/0/0/0/0	0/0/0/0/0	0/0/0/0/0	0/0/0/0/0	0/0/0/0/0	0/0/0/0/0	0/0/0/0/0	0/0/0/0/0	0/0/0/0/0	0/0/0/0/0	0/0/0/0/0	0/0/0/0/0	
	Port: 4 (contain 24 entries)
		0/0/0/0/0	0/0/0/0/0	0.00021592/0/0/0/0	0.00019552/0/0/0/0	0/0/0/0/0	0.358595/0/0/0/0	0.858096/0/0/0/0	0.899311/0/0/0/0	0.889011/0/0/0/0	0.890831/0/0/0/0	0.841579/0/0/0/0	0.365634/0/0/0/0	0/0/0/0/0	0/0/0/0/0	0/0/0/0/0	0/0/0/0/0	0/0/0/0/0	0/0/0/0/0	0/0/0/0/0	0/0/0/0/0	0/0/0/0/0	0/0/0/0/0	0/0/0/0/0	0/0/0/0/0	
	Port: 5 (contain 24 entries)
		4.728e-05/0/0/0/0	0/0/0/0/0	0/0/0/0/0	4.48e-06/0/0/0/0	4.224e-05/0/0/0/0	0/0/0/0/0	5.024e-05/0/0/0/0	0/0/0/0/0	0.169413/0/0/0/0	0.00679808/0/0/0/0	0/0/0/0/0	0/0/0/0/0	0/0/0/0/0	0/0/0/0/0	0/0/0/0/0	0/0/0/0/0	0/0/0/0/0	0/0/0/0/0	0/0/0/0/0	0/0/0/0/0	0/0/0/0/0	0/0/0/0/0	0/0/0/0/0	0/0/0/0/0	
	Port: 6 (contain 24 entries)
		0/0/0/0/0	0/0/0/0/0	0/0/0/0/0	0/0/0/0/0	1.28e-05/0/0/0/0	0/0/0/0/0	0/0/0/0/0	0/0/0/0/0	0.0001028/0/0/0/0	0/0/0/0/0	0/0/0/0/0	0/0/0/0/0	0/0/0/0/0	0/0/0/0/0	0/0/0/0/0	0/0/0/0/0	0/0/0/0/0	0/0/0/0/0	0/0/0/0/0	0/0/0/0/0	0/0/0/0/0	0/0/0/0/0	0/0/0/0/0	0/0/0/0/0	
	Port: 7 (contain 24 entries)
		0/0/0/0/0	0/0/0/0/0	0/0/0/0/0	0/0/0/0/0	0.00073008/0/0/0/0	0/0/0/0/0	0/0/0/0/0	3.392e-05/0/0/0/0	0/0/0/0/0	0/0/0/0/0	0/0/0/0/0	0/0/0/0/0	0/0/0/0/0	0/0/0/0/0	0/0/0/0/0	0/0/0/0/0	0/0/0/0/0	0/0/0/0/0	0/0/0/0/0	0/0/0/0/0	0/0/0/0/0	0/0/0/0/0	0/0/0/0/0	0/0/0/0/0	
	Port: 8 (contain 24 entries)
		7.512e-05/0/0/0/0	0/0/0/0/0	0.00038464/0/0/0/0	0/0/0/0/0	0/0/0/0/0	1.28e-05/0/0/0/0	0.00601072/0/0/0/0	9.984e-05/0/0/0/0	0/0/0/0/0	0.0277434/0/0/0/0	0.0269776/0/0/0/0	0.0332426/0/0/0/0	0/0/0/0/0	0/0/0/0/0	0/0/0/0/0	0/0/0/0/0	0/0/0/0/0	0/0/0/0/0	0/0/0/0/0	0/0/0/0/0	0/0/0/0/0	0/0/0/0/0	0/0/0/0/0	0/0/0/0/0	
	Port: 9 (contain 24 entries)
		2.56e-05/0/0/0/0	0/0/0/0/0	0/0/0/0/0	0.00037352/0/0/0/0	1.432e-05/0/0/0/0	5.256e-05/0/0/0/0	0.166873/0/0/0/0	0.00255968/0/0/0/0	0.0111662/0/0/0/0	0.189418/0/0/0/0	0/0/0/0/0	0/0/0/0/0	0/0/0/0/0	0/0/0/0/0	0/0/0/0/0	0/0/0/0/0	0/0/0/0/0	0/0/0/0/0	0/0/0/0/0	0/0/0/0/0	0/0/0/0/0	0/0/0/0/0	0/0/0/0/0	0/0/0/0/0	
	Port: 10 (contain 24 entries)
		3.192e-05/0/0/0/0	0/0/0/0/0	2.144e-05/0/0/0/0	1.248e-05/0/0/0/0	0/0/0/0/0	0/0/0/0/0	2.56e-05/0/0/0/0	0.00028104/0/0/0/0	0.00600384/0/0/0/0	0.798488/0/0/0/0	0.794883/0/0/0/0	0.921637/0/0/0/0	0/0/0/0/0	0/0/0/0/0	0/0/0/0/0	0/0/0/0/0	0/0/0/0/0	0/0/0/0/0	0/0/0/0/0	0/0/0/0/0	0/0/0/0/0	0/0/0/0/0	0/0/0/0/0	0/0/0/0/0	
	Port: 11 (contain 24 entries)
		0/0/0/0/0	0/0/0/0/0	3.392e-05/0/0/0/0	0/0/0/0/0	0.00047232/0/0/0/0	0.0127885/0/0/0/0	0.029486/0/0/0/0	0.0322364/0/0/0/0	0.031824/0/0/0/0	0.0318989/0/0/0/0	0.0298522/0/0/0/0	0.0131664/0/0/0/0	0/0/0/0/0	0/0/0/0/0	0/0/0/0/0	0/0/0/0/0	0/0/0/0/0	0/0/0/0/0	0/0/0/0/0	0/0/0/0/0	0/0/0/0/0	0/0/0/0/0	0/0/0/0/0	0/0/0/0/0	
	Port: 12 (contain 24 entries)
		0/0/0/0/0	0.0007056/0/0/0/0	0.0219401/0/0/0/0	0/0/0/0/0	1.28e-05/0/0/0/0	0/0/0/0/0	0/0/0/0/0	0/0/0/0/0	0.00053944/0/0/0/0	1.28e-05/0/0/0/0	0/0/0/0/0	0/0/0/0/0	0/0/0/0/0	0/0/0/0/0	0/0/0/0/0	0/0/0/0/0	0/0/0/0/0	0/0/0/0/0	0/0/0/0/0	0/0/0/0/0	0/0/0/0/0	0/0/0/0/0	0/0/0/0/0	0/0/0/0/0	

Leaf 3: (contain: 12 ports)
	Port: 1 (contain 24 entries)
		0/0/0/0/0	0/0/0/0/0	0/0/0/0/0	1.28e-05/0/0/0/0	0.00087512/0/0/0/0	0/0/0/0/0	0/0/0/0/0	0/0/0/0/0	0/0/0/0/0	0/0/0/0/0	0/0/0/0/0	0/0/0/0/0	0/0/0/0/0	0/0/0/0/0	0/0/0/0/0	0/0/0/0/0	0/0/0/0/0	0/0/0/0/0	0/0/0/0/0	0/0/0/0/0	0/0/0/0/0	0/0/0/0/0	0/0/0/0/0	0/0/0/0/0	
	Port: 2 (contain 24 entries)
		1.28e-05/0/0/0/0	0/0/0/0/0	0/0/0/0/0	0.00961776/0/0/0/0	0.169211/0/0/0/0	1.28e-05/0/0/0/0	0.00874848/0/0/0/0	0/0/0/0/0	0.0005936/0/0/0/0	0.0549383/0/0/0/0	0.531316/0/0/0/0	0.647868/0/0/0/0	0/0/0/0/0	0/0/0/0/0	0/0/0/0/0	0/0/0/0/0	0/0/0/0/0	0/0/0/0/0	0/0/0/0/0	0/0/0/0/0	0/0/0/0/0	0/0/0/0/0	0/0/0/0/0	0/0/0/0/0	
	Port: 3 (contain 24 entries)
		0/0/0/0/0	1.28e-05/0/0/0/0	1.696e-05/0/0/0/0	0.00018392/0/0/0/0	0/0/0/0/0	0/0/0/0/0	2.952e-05/0/0/0/0	0/0/0/0/0	0.0105396/0/0/0/0	0.781725/0/0/0/0	0.809519/0/0/0/0	0.923844/0/0/0/0	0/0/0/0/0	0/0/0/0/0	0/0/0/0/0	0/0/0/0/0	0/0/0/0/0	0/0/0/0/0	0/0/0/0/0	0/0/0/0/0	0/0/0/0/0	0/0/0/0/0	0/0/0/0/0	0/0/0/0/0	
	Port: 4 (contain 24 entries)
		0/0/0/0/0	0/0/0/0/0	0/0/0/0/0	0/0/0/0/0	3.52e-05/0/0/0/0	7.456e-05/0/0/0/0	1.28e-05/0/0/0/0	3.384e-05/0/0/0/0	0/0/0/0/0	0/0/0/0/0	0/0/0/0/0	0/0/0/0/0	0/0/0/0/0	0/0/0/0/0	0/0/0/0/0	0/0/0/0/0	0/0/0/0/0	0/0/0/0/0	0/0/0/0/0	0/0/0/0/0	0/0/0/0/0	0/0/0/0/0	0/0/0/0/0	0/0/0/0/0	
	Port: 5 (contain 24 entries)
		0.0001476/0/0/0/0	0/0/0/0/0	0.00030872/0/0/0/0	0.00018928/0/0/0/0	7.288e-05/0/0/0/0	1.696e-05/0/0/0/0	1.28e-05/0/0/0/0	0/0/0/0/0	0.00056288/0/0/0/0	0/0/0/0/0	0/0/0/0/0	0/0/0/0/0	0/0/0/0/0	0/0/0/0/0	0/0/0/0/0	0/0/0/0/0	0/0/0/0/0	0/0/0/0/0	0/0/0/0/0	0/0/0/0/0	0/0/0/0/0	0/0/0/0/0	0/0/0/0/0	0/0/0/0/0	
	Port: 6 (contain 24 entries)
		0/0/0/0/0	0.00025448/0/0/0/0	1.28e-05/0/0/0/0	0/0/0/0/0	0/0/0/0/0	0/0/0/0/0	0/0/0/0/0	1.28e-05/0/0/0/0	1.28e-05/0/0/0/0	0.0286971/0/0/0/0	0/0/0/0/0	0/0/0/0/0	0/0/0/0/0	0/0/0/0/0	0/0/0/0/0	0/0/0/0/0	0/0/0/0/0	0/0/0/0/0	0/0/0/0/0	0/0/0/0/0	0/0/0/0/0	0/0/0/0/0	0/0/0/0/0	0/0/0/0/0	
	Port: 7 (contain 24 entries)
		0/0/0/0/0	0/0/0/0/0	2.976e-05/0/0/0/0	1.696e-05/0/0/0/0	3.248e-05/0/0/0/0	0.00018592/0/0/0/0	0/0/0/0/0	0/0/0/0/0	0/0/0/0/0	4.68e-05/0/0/0/0	0/0/0/0/0	0/0/0/0/0	0/0/0/0/0	0/0/0/0/0	0/0/0/0/0	0/0/0/0/0	0/0/0/0/0	0/0/0/0/0	0/0/0/0/0	0/0/0/0/0	0/0/0/0/0	0/0/0/0/0	0/0/0/0/0	0/0/0/0/0	
	Port: 8 (contain 24 entries)
		0.621826/0/0/0/0	0.964573/1/1454/0/0	1.0702/313/453706/0/0	1.01746/473/687742/0/0	1.002/501/728454/0/0	1.00212/530/769220/0/0	0.97053/279/405666/0/0	1.00513/334/485636/0/0	1.0041/379/551066/0/0	1.00002/390/567060/0/0	1.00478/441/641214/0/0	1.00502/495/719730/0/0	1.00362/536/779344/0/0	1.00316/574/834596/0/0	0.983643/441/641214/0/0	1.00385/485/705190/0/0	1.00362/527/766258/0/0	1.00327/565/821510/0/0	1.00293/599/870946/0/0	0.966567/320/465280/0/0	1.00548/378/549612/0/0	1.00478/429/623766/0/0	1.00409/475/690650/0/0	1.00374/517/751718/0/0	
	Port: 9 (contain 24 entries)
		0.0209514/0/0/0/0	0.0344974/0/0/0/0	0.0320079/0/0/0/0	0.0312033/0/0/0/0	0.024952/0/0/0/0	0.0265392/0/0/0/0	0.268311/0/0/0/0	0.0217901/0/0/0/0	0.0196525/0/0/0/0	0.0203216/0/0/0/0	0.020513/0/0/0/0	0.0217859/0/0/0/0	0.0187658/0/0/0/0	0.0185203/0/0/0/0	0.0165859/0/0/0/0	0.0117354/0/0/0/0	0.0119184/0/0/0/0	0.0118976/0/0/0/0	0.0117021/0/0/0/0	0.0118768/0/0/0/0	0.0115898/0/0/0/0	0.0118477/0/0/0/0	0.0122054/0/0/0/0	0.011752/0/0/0/0	
	Port: 10 (contain 24 entries)
		0/0/0/0/0	0/0/0/0/0	9.8e-05/0/0/0/0	3.376e-05/0/0/0/0	0.00609088/0/0/0/0	0/0/0/0/0	0.0001032/0/0/0/0	0/0/0/0/0	0.00012912/0/0/0/0	3.44e-05/0/0/0/0	0/0/0/0/0	0/0/0/0/0	0/0/0/0/0	0/0/0/0/0	0/0/0/0/0	0/0/0/0/0	0/0/0/0/0	0/0/0/0/0	0/0/0/0/0	0/0/0/0/0	0/0/0/0/0	0/0/0/0/0	0/0/0/0/0	0/0/0/0/0	
	Port: 11 (contain 24 entries)
		1.696e-05/0/0/0/0	2.112e-05/0/0/0/0	0.00403552/0/0/0/0	0.00501728/0/0/0/0	0.0108413/0/0/0/0	0.0104499/0/0/0/0	0.0105918/0/0/0/0	0.010536/0/0/0/0	0.0126618/0/0/0/0	0.0406486/0/0/0/0	0.0391206/0/0/0/0	0.0425901/0/0/0/0	0.0120099/0/0/0/0	0.0118477/0/0/0/0	0.0128669/0/0/0/0	0.0158413/0/0/0/0	0.0153088/0/0/0/0	0.0151216/0/0/0/0	0.0151299/0/0/0/0	0.0149094/0/0/0/0	0.0143312/0/0/0/0	0.0139485/0/0/0/0	0.0137114/0/0/0/0	0.0138237/0/0/0/0	
	Port: 12 (contain 24 entries)
		9.624e-05/0/0/0/0	0/0/0/0/0	0.00021408/0/0/0/0	0.00017856/0/0/0/0	0.0165681/0/0/0/0	2.144e-05/0/0/0/0	0.00230048/0/0/0/0	0.00353632/0/0/0/0	0.00393152/0/0/0/0	0.00555808/0/0/0/0	0.0212285/0/0/0/0	0.0266282/0/0/0/0	0.004992/0/0/0/0	0.00540384/0/0/0/0	0.00631488/0/0/0/0	0.0081952/0/0/0/0	0.00854048/0/0/0/0	0.00875264/0/0/0/0	0.00893568/0/0/0/0	0.0089856/0/0/0/0	0.00984672/0/0/0/0	0.00997152/0/0/0/0	0.00985504/0/0/0/0	0.010192/0/0/0/0	

