Spine 0: (contain: 4 ports)
	Port: 1 (contain 24 entries)
		0.0308587/0/0/0/0	0/0/0/0/0	0.296276/0/0/0/0	0.865044/0/0/0/0	0.99886/0/0/0/0	0.998756/0/0/0/0	0.998744/0/0/0/0	0.984224/0/0/0/0	0.99886/0/0/0/0	0.998644/0/0/0/0	0.955532/0/0/0/0	0.988289/0/0/0/0	0.978648/0/0/0/0	0.979229/0/0/0/0	0.976789/0/0/0/0	0.974466/0/0/0/0	0.975279/0/0/0/0	0.975976/0/0/0/0	0.976673/0/0/0/0	0.952744/0/0/0/0	0.978067/0/0/0/0	0.99886/0/0/0/0	0.994446/0/0/0/0	0.990845/0/0/0/0	
	Port: 2 (contain 24 entries)
		0.00044648/0/0/0/0	0.00045512/0/0/0/0	1.28e-05/0/0/0/0	0.00012512/0/0/0/0	0.00049416/0/0/0/0	0/0/0/0/0	0.103465/0/0/0/0	0.472804/25/19550/0/0	0.366826/0/0/0/0	0.0297357/0/0/0/0	0.0294237/0/0/0/0	0.0291574/0/0/0/0	0.0290326/0/0/0/0	0.0289494/0/0/0/0	0.0213533/0/0/0/0	0.0174304/0/0/0/0	0.0175219/0/0/0/0	0.0174221/0/0/0/0	0.0175302/0/0/0/0	0.0174678/0/0/0/0	0.0119766/0/0/0/0	0.00255424/0/0/0/0	0.00452192/0/0/0/0	0.010895/0/0/0/0	
	Port: 3 (contain 24 entries)
		0.252235/0/0/0/0	0.777821/0/0/0/0	0.998628/0/0/0/0	0.99886/0/0/0/0	0.998748/0/0/0/0	0.998744/0/0/0/0	0.998628/0/0/0/0	0.998395/0/0/0/0	0.994294/4/5816/0/0	0.998202/0/0/0/0	0.99886/0/0/0/0	0.998744/0/0/0/0	0.99886/0/0/0/0	0.998744/0/0/0/0	0.99886/0/0/0/0	0.998744/0/0/0/0	0.99886/0/0/0/0	0.998744/0/0/0/0	0.998744/0/0/0/0	0.99886/0/0/0/0	0.998744/0/0/0/0	0.99886/0/0/0/0	0.998744/0/0/0/0	0.99886/0/0/0/0	
	Port: 4 (contain 24 entries)
		0.00669384/0/0/0/0	0.326837/63/90202/0/0	0.379178/0/0/0/0	0.0176116/0/0/0/0	0.0130102/0/0/0/0	0.645063/0/0/0/0	0.777459/0/0/0/0	0.546886/0/0/0/0	0.199331/0/0/0/0	0.569661/0/0/0/0	0.685344/0/0/0/0	0.665248/0/0/0/0	0.62982/0/0/0/0	0.605891/0/0/0/0	0.672683/0/0/0/0	0.720192/0/0/0/0	0.692197/0/0/0/0	0.671986/0/0/0/0	0.655607/0/0/0/0	0.641203/0/0/0/0	0.505644/0/0/0/0	0.145665/0/0/0/0	0.227674/0/0/0/0	0.294582/0/0/0/0	

Spine 1: (contain: 4 ports)
	Port: 1 (contain 24 entries)
		0.184118/0/0/0/0	0.0396753/0/0/0/0	0.00021344/0/0/0/0	0.0004144/0/0/0/0	0.0002584/0/0/0/0	0.00017736/0/0/0/0	0.111312/0/0/0/0	0.0139974/0/0/0/0	0.00579584/0/0/0/0	0.018256/0/0/0/0	0.0240115/0/0/0/0	0.0240947/0/0/0/0	0.022543/0/0/0/0	0.0216986/0/0/0/0	0.0242902/0/0/0/0	0.0257462/0/0/0/0	0.0247811/0/0/0/0	0.0240614/0/0/0/0	0.0234749/0/0/0/0	0.0229382/0/0/0/0	0.0186451/0/0/0/0	0.00521664/0/0/0/0	0.00814528/0/0/0/0	0.0105331/0/0/0/0	
	Port: 2 (contain 24 entries)
		0.0163063/0/0/0/0	0.0003272/0/0/0/0	0.00391712/0/0/0/0	0.00018712/0/0/0/0	0.00012048/0/0/0/0	0.033256/0/0/0/0	0.576739/0/0/0/0	0.909997/0/0/0/0	0.998744/0/0/0/0	1.02162/196/284984/0/0	0.986315/89/129406/0/0	0.998744/88/127952/0/0	0.99886/89/129406/0/0	0.998744/89/129406/0/0	0.417445/0/0/0/0	0/0/0/0/0	0/0/0/0/0	0/0/0/0/0	0/0/0/0/0	0/0/0/0/0	0/0/0/0/0	0/0/0/0/0	0/0/0/0/0	0/0/0/0/0	
	Port: 3 (contain 24 entries)
		0/0/0/0/0	0.00025056/0/0/0/0	0.00047896/0/0/0/0	0.0141706/1/54/0/0	0.0381529/0/0/0/0	0/0/0/0/0	0.00146048/0/0/0/0	0.00093768/0/0/0/0	0.00013264/0/0/0/0	4.256e-05/0/0/0/0	0/0/0/0/0	0/0/0/0/0	0/0/0/0/0	0/0/0/0/0	0/0/0/0/0	0/0/0/0/0	0/0/0/0/0	0/0/0/0/0	0/0/0/0/0	0/0/0/0/0	0/0/0/0/0	0/0/0/0/0	0/0/0/0/0	0/0/0/0/0	
	Port: 4 (contain 24 entries)
		0.155638/11/7594/0/0	0.115046/0/0/0/0	0.707754/273/199542/0/0	0.650938/1/54/0/0	0.678956/0/0/0/0	0.809075/1/54/0/0	0.641935/5/4470/0/0	0.357717/219/174226/0/0	0.188632/0/0/0/0	0.209181/0/0/0/0	0.189411/1/54/0/0	0.19572/0/0/0/0	0.200715/0/0/0/0	0.204436/1/54/0/0	0.273083/0/0/0/0	0.517255/2/1508/0/0	0.522594/2/1508/0/0	0.523412/3/1562/0/0	0.517599/1/54/0/0	0.522482/0/0/0/0	0.896165/297/221838/0/0	1.00106/357/264278/0/0	0.890192/0/0/0/0	0.693814/0/0/0/0	

Spine 2: (contain: 4 ports)
	Port: 1 (contain 24 entries)
		0.00094792/0/0/0/0	0.785704/0/0/0/0	0.00408704/0/0/0/0	0.00026296/0/0/0/0	1.28e-05/0/0/0/0	0.00115648/0/0/0/0	0.0369438/0/0/0/0	0.04767/0/0/0/0	0.0663554/0/0/0/0	0.0587983/0/0/0/0	0.0580944/0/0/0/0	0.059384/0/0/0/0	0.0579821/0/0/0/0	0.0568506/0/0/0/0	0.0422282/0/0/0/0	0.0253302/0/0/0/0	0.0245357/0/0/0/0	0.0239987/0/0/0/0	0.023321/0/0/0/0	0.0228134/0/0/0/0	0.0332134/0/0/0/0	0.0353101/0/0/0/0	0.0348566/0/0/0/0	0.0337334/0/0/0/0	
	Port: 2 (contain 24 entries)
		0.0001248/0/0/0/0	0.0004416/0/0/0/0	0.0400734/0/0/0/0	0.0522496/0/0/0/0	0.0586102/0/0/0/0	0.0633402/0/0/0/0	0.0532034/0/0/0/0	0.173496/0/0/0/0	0.0702168/0/0/0/0	0.0607558/0/0/0/0	0.0702915/0/0/0/0	0.0741645/0/0/0/0	0.0744474/0/0/0/0	0.0746512/0/0/0/0	0.0505898/0/0/0/0	0.0521206/0/0/0/0	0.0521914/0/0/0/0	0.0523411/0/0/0/0	0.0522829/0/0/0/0	0.0523786/0/0/0/0	0.0527363/0/0/0/0	0.0454646/0/0/0/0	0.044616/0/0/0/0	0.058968/0/0/0/0	
	Port: 3 (contain 24 entries)
		0.0120391/0/0/0/0	4.64e-05/0/0/0/0	0.00028872/0/0/0/0	0.0200542/0/0/0/0	0.008294/0/0/0/0	0.0258513/0/0/0/0	0.0366965/0/0/0/0	0.00370784/0/0/0/0	0.0024488/0/0/0/0	0.539464/0/0/0/0	0.886417/0/0/0/0	0.937527/0/0/0/0	0.938921/0/0/0/0	0.940083/0/0/0/0	0.195733/0/0/0/0	0/0/0/0/0	0/0/0/0/0	0/0/0/0/0	0/0/0/0/0	0/0/0/0/0	0/0/0/0/0	0/0/0/0/0	0/0/0/0/0	0/0/0/0/0	
	Port: 4 (contain 24 entries)
		0.00055688/0/0/0/0	0.00011744/0/0/0/0	0.00675176/0/0/0/0	0.966878/214/311156/0/0	0.602999/63/91602/0/0	1.02546/405/588870/0/0	0.541057/0/0/0/0	0.893283/0/0/0/0	0.87354/0/0/0/0	0.858539/0/0/0/0	0.849478/0/0/0/0	0.842044/0/0/0/0	0.836817/0/0/0/0	0.833216/0/0/0/0	0.0327018/0/0/0/0	0/0/0/0/0	0/0/0/0/0	0/0/0/0/0	0/0/0/0/0	0/0/0/0/0	0/0/0/0/0	0/0/0/0/0	0/0/0/0/0	0/0/0/0/0	

Spine 3: (contain: 4 ports)
	Port: 1 (contain 24 entries)
		0.0051136/0/0/0/0	0.0210138/0/0/0/0	0.0372323/0/0/0/0	0.0495564/0/0/0/0	0.048689/0/0/0/0	0.0439922/0/0/0/0	0.0457885/0/0/0/0	0.0519341/0/0/0/0	0.047842/0/0/0/0	0.0421245/0/0/0/0	0.0420618/0/0/0/0	0.0417414/0/0/0/0	0.0431142/0/0/0/0	0.0438214/0/0/0/0	0.0139568/0/0/0/0	0.0100214/0/0/0/0	0.0109907/0/0/0/0	0.0117062/0/0/0/0	0.012297/0/0/0/0	0.0128294/0/0/0/0	0.0155002/0/0/0/0	0.0245648/0/0/0/0	0.0222851/0/0/0/0	0/0/0/0/0	
	Port: 2 (contain 24 entries)
		3.184e-05/0/0/0/0	0.0001188/0/0/0/0	0.00027832/0/0/0/0	0.00434304/0/0/0/0	4.112e-05/0/0/0/0	0.00030256/0/0/0/0	0.544738/0/0/0/0	0.00085296/0/0/0/0	0.191909/0/0/0/0	0.669593/0/0/0/0	0.641087/0/0/0/0	0.670708/0/0/0/0	0.626683/0/0/0/0	0.59381/0/0/0/0	0.68546/0/0/0/0	0.717056/0/0/0/0	0.690339/0/0/0/0	0.670592/0/0/0/0	0.654213/0/0/0/0	0.639693/0/0/0/0	0.926608/0/0/0/0	0.998744/0/0/0/0	0.962502/0/0/0/0	0.941128/0/0/0/0	
	Port: 3 (contain 24 entries)
		0.0017104/0/0/0/0	3.808e-05/0/0/0/0	0.00025824/0/0/0/0	0/0/0/0/0	2.528e-05/0/0/0/0	9.072e-05/0/0/0/0	0.131359/0/0/0/0	0.610941/0/0/0/0	0.84971/0/0/0/0	0.830312/0/0/0/0	0.821484/0/0/0/0	0.814165/0/0/0/0	0.810681/0/0/0/0	0.808125/0/0/0/0	0.601709/0/0/0/0	0.489266/0/0/0/0	0.486594/0/0/0/0	0.486478/0/0/0/0	0.492867/0/0/0/0	0.488569/0/0/0/0	0.33547/0/0/0/0	0.0744586/0/0/0/0	0.126614/0/0/0/0	0.304455/0/0/0/0	
	Port: 4 (contain 24 entries)
		3.936e-05/0/0/0/0	0.236703/0/0/0/0	0.676184/0/0/0/0	0.998744/0/0/0/0	0.998789/0/0/0/0	0.431767/0/0/0/0	0.0395286/0/0/0/0	0.293563/0/0/0/0	0.474432/0/0/0/0	0.329197/0/0/0/0	0.332915/0/0/0/0	0.328152/0/0/0/0	0.371712/0/0/0/0	0.394828/0/0/0/0	0.308521/0/0/0/0	0.281688/0/0/0/0	0.308521/0/0/0/0	0.328152/0/0/0/0	0.344647/0/0/0/0	0.359051/0/0/0/0	0.0722515/0/0/0/0	0/0/0/0/0	0/0/0/0/0	0/0/0/0/0	

Leaf 0: (contain: 12 ports)
	Port: 1 (contain 24 entries)
		0.0308459/0/0/0/0	1.28e-05/0/0/0/0	0/0/0/0/0	0/0/0/0/0	0/0/0/0/0	0.0211624/0/0/0/0	0.0275286/0/0/0/0	0.0200096/0/0/0/0	0.0166317/0/0/0/0	0.0114902/0/0/0/0	0.011752/0/0/0/0	0.011673/0/0/0/0	0.0132246/0/0/0/0	0.0140733/0/0/0/0	0.0114858/0/0/0/0	0.0100214/0/0/0/0	0.0109866/0/0/0/0	0.0117104/0/0/0/0	0.0122928/0/0/0/0	0.0128294/0/0/0/0	0.0154918/0/0/0/0	0.0245606/0/0/0/0	0.0223101/0/0/0/0	0/0/0/0/0	
	Port: 2 (contain 24 entries)
		0.184071/0/0/0/0	0.0481776/0/0/0/0	0.0231508/0/0/0/0	0.0357766/0/0/0/0	0.0358204/0/0/0/0	0.0157666/0/0/0/0	0.0245856/0/0/0/0	0.0361926/0/0/0/0	0.0356054/0/0/0/0	0.0349232/0/0/0/0	0.0353434/0/0/0/0	0.0356262/0/0/0/0	0.0356221/0/0/0/0	0.0356429/0/0/0/0	0.0163904/0/0/0/0	0/0/0/0/0	0/0/0/0/0	0/0/0/0/0	0/0/0/0/0	0/0/0/0/0	0/0/0/0/0	0/0/0/0/0	0/0/0/0/0	0/0/0/0/0	
	Port: 3 (contain 24 entries)
		2.56e-05/0/0/0/0	0/0/0/0/0	0.00020064/0/0/0/0	0.00031712/0/0/0/0	0/0/0/0/0	0/0/0/0/0	0/0/0/0/0	0.00019888/0/0/0/0	0/0/0/0/0	2.944e-05/0/0/0/0	0/0/0/0/0	0/0/0/0/0	0/0/0/0/0	0/0/0/0/0	0/0/0/0/0	0/0/0/0/0	0/0/0/0/0	0/0/0/0/0	0/0/0/0/0	0/0/0/0/0	0/0/0/0/0	0/0/0/0/0	0/0/0/0/0	0/0/0/0/0	
	Port: 4 (contain 24 entries)
		0.0007056/0/0/0/0	0.785472/0/0/0/0	0.299818/0/0/0/0	0.864131/2/2908/0/0	0.998941/3/4362/0/0	0.99886/3/4362/0/0	0.999043/6/8724/0/0	0.99428/29/42166/0/0	1.00452/80/116320/0/0	1.01689/401/349254/0/0	0.979664/129/114766/0/0	1.01227/327/293458/0/0	1.00131/366/334764/0/0	1.00081/400/368800/0/0	1.00119/480/408120/0/0	1.00022/501/435854/0/0	1.00006/526/462404/0/0	1.00015/552/489008/0/0	1.00015/578/515612/0/0	0.976728/394/246676/0/0	0.995692/152/221008/0/0	1.00395/224/286496/0/0	1.0027/286/338844/0/0	1.00126/333/374982/0/0	
	Port: 5 (contain 24 entries)
		1.28e-05/0/0/0/0	5.96e-05/0/0/0/0	1.696e-05/0/0/0/0	0/0/0/0/0	0/0/0/0/0	2.272e-05/0/0/0/0	0/0/0/0/0	0/0/0/0/0	0.0116971/0/0/0/0	3.48e-05/0/0/0/0	0/0/0/0/0	0/0/0/0/0	0/0/0/0/0	0/0/0/0/0	0/0/0/0/0	0/0/0/0/0	0/0/0/0/0	0/0/0/0/0	0/0/0/0/0	0/0/0/0/0	0/0/0/0/0	0/0/0/0/0	0/0/0/0/0	0/0/0/0/0	
	Port: 6 (contain 24 entries)
		0.0050464/0/0/0/0	0.0122041/0/0/0/0	0.0129459/0/0/0/0	0.00798144/0/0/0/0	0.0129126/0/0/0/0	0.00819104/0/0/0/0	0.0182874/0/0/0/0	0.0318864/0/0/0/0	0.0311934/0/0/0/0	0.0306854/0/0/0/0	0.0303139/0/0/0/0	0.0300643/0/0/0/0	0.0298854/0/0/0/0	0.0297523/0/0/0/0	0.00250432/0/0/0/0	0/0/0/0/0	0/0/0/0/0	0/0/0/0/0	0/0/0/0/0	0/0/0/0/0	0/0/0/0/0	0/0/0/0/0	0/0/0/0/0	0/0/0/0/0	
	Port: 7 (contain 24 entries)
		1.696e-05/0/0/0/0	0.00048736/0/0/0/0	1.728e-05/0/0/0/0	0.00021432/0/0/0/0	1.28e-05/0/0/0/0	3.8e-05/0/0/0/0	0.106041/0/0/0/0	0.00021088/0/0/0/0	4.192e-05/0/0/0/0	0/0/0/0/0	0/0/0/0/0	0/0/0/0/0	0/0/0/0/0	0/0/0/0/0	0/0/0/0/0	0/0/0/0/0	0/0/0/0/0	0/0/0/0/0	0/0/0/0/0	0/0/0/0/0	0/0/0/0/0	0/0/0/0/0	0/0/0/0/0	0/0/0/0/0	
	Port: 8 (contain 24 entries)
		0.00027664/0/0/0/0	0/0/0/0/0	0.00140256/0/0/0/0	0.00605176/0/0/0/0	0/0/0/0/0	1.28e-05/0/0/0/0	0.0174141/0/0/0/0	0.0150218/0/0/0/0	0.019057/0/0/0/0	0.023737/0/0/0/0	0.022751/0/0/0/0	0.0237661/0/0/0/0	0.02236/0/0/0/0	0.0212118/0/0/0/0	0.0258627/0/0/0/0	0.0253344/0/0/0/0	0.0245274/0/0/0/0	0.0238909/0/0/0/0	0.023321/0/0/0/0	0.0228051/0/0/0/0	0.0332051/0/0/0/0	0.0353184/0/0/0/0	0.0348858/0/0/0/0	0.0336918/0/0/0/0	
	Port: 9 (contain 24 entries)
		0.00693296/0/0/0/0	0.333745/0/0/0/0	0.376425/0/0/0/0	0.00010504/0/0/0/0	5.376e-05/0/0/0/0	0.645899/0/0/0/0	0.840882/54/78516/0/0	1.04021/399/580146/0/0	0.488649/0/0/0/0	0.570862/0/0/0/0	0.68546/0/0/0/0	0.665132/0/0/0/0	0.62982/0/0/0/0	0.605891/0/0/0/0	0.672683/0/0/0/0	0.720192/0/0/0/0	0.692314/0/0/0/0	0.671869/0/0/0/0	0.655607/0/0/0/0	0.641203/0/0/0/0	0.505296/0/0/0/0	0.145781/0/0/0/0	0.227441/0/0/0/0	0.294582/0/0/0/0	
	Port: 10 (contain 24 entries)
		0.147764/0/0/0/0	0.0880079/0/0/0/0	7.584e-05/0/0/0/0	0.00047064/0/0/0/0	8.32e-06/0/0/0/0	0.0342886/0/0/0/0	0.710551/0/0/0/0	0.998622/0/0/0/0	0.99886/0/0/0/0	0.995143/0/0/0/0	0.986431/0/0/0/0	0.998744/0/0/0/0	0.998744/0/0/0/0	0.99886/0/0/0/0	0.416283/0/0/0/0	0/0/0/0/0	0/0/0/0/0	0/0/0/0/0	0/0/0/0/0	0/0/0/0/0	0.360212/0/0/0/0	0.689758/0/0/0/0	0.602822/0/0/0/0	0/0/0/0/0	
	Port: 11 (contain 24 entries)
		3.808e-05/0/0/0/0	8.928e-05/0/0/0/0	0.013669/0/0/0/0	0.26788/0/0/0/0	0.399766/1/54/0/0	0.267143/0/0/0/0	0.549104/0/0/0/0	0.929352/9/6086/0/0	0.908661/0/0/0/0	0.893915/1/54/0/0	0.884227/1/54/0/0	0.876934/0/0/0/0	0.87164/0/0/0/0	0.868301/1/54/0/0	0.06665/0/0/0/0	0.0348192/0/0/0/0	0.0348525/0/0/0/0	0.0348774/0/0/0/0	0.0349024/0/0/0/0	0.0349232/0/0/0/0	0.0350272/0/0/0/0	0.0355846/0/0/0/0	0.0354723/0/0/0/0	0.0353808/0/0/0/0	
	Port: 12 (contain 24 entries)
		0.0011864/0/0/0/0	0.236629/0/0/0/0	0.677097/0/0/0/0	0.998628/0/0/0/0	0.99886/0/0/0/0	0.430631/0/0/0/0	0.473829/0/0/0/0	0.286624/0/0/0/0	0.691419/207/300978/0/0	0.987855/112/162848/0/0	0.965987/43/62522/0/0	0.995724/17/24718/0/0	0.996653/1/1454/0/0	0.988638/2/2908/0/0	1.0473/461/670294/0/0	0.989567/381/553974/0/0	0.99491/348/505992/0/0	0.99642/327/475458/0/0	0.997117/313/455102/0/0	0.997814/304/442016/0/0	0.96738/34/49436/0/0	0.998744/33/47982/0/0	0.957507/0/0/0/0	0.942174/0/0/0/0	

Leaf 1: (contain: 12 ports)
	Port: 1 (contain 24 entries)
		0.00010368/0/0/0/0	6.12e-05/0/0/0/0	0.00375008/0/0/0/0	0/0/0/0/0	1.696e-05/0/0/0/0	0.0320688/0/0/0/0	0.577664/0/0/0/0	0.910012/0/0/0/0	1.00326/38/55252/0/0	0.972526/0/0/0/0	0.998752/0/0/0/0	0.99886/0/0/0/0	0.998744/0/0/0/0	0.99886/0/0/0/0	0.428828/0/0/0/0	0/0/0/0/0	0/0/0/0/0	0/0/0/0/0	0/0/0/0/0	0/0/0/0/0	0/0/0/0/0	0/0/0/0/0	0/0/0/0/0	0/0/0/0/0	
	Port: 2 (contain 24 entries)
		0/0/0/0/0	0/0/0/0/0	1.696e-05/0/0/0/0	1.28e-05/0/0/0/0	2.832e-05/0/0/0/0	0/0/0/0/0	0.00123584/0/0/0/0	3.2e-05/0/0/0/0	1.28e-05/0/0/0/0	0.0010876/0/0/0/0	0/0/0/0/0	0/0/0/0/0	0/0/0/0/0	0/0/0/0/0	0/0/0/0/0	0/0/0/0/0	0/0/0/0/0	0/0/0/0/0	0/0/0/0/0	0/0/0/0/0	0/0/0/0/0	0/0/0/0/0	0/0/0/0/0	0/0/0/0/0	
	Port: 3 (contain 24 entries)
		0.0002068/0/0/0/0	0.000106/0/0/0/0	0.0104922/0/0/0/0	0.0295069/0/0/0/0	0.0357635/0/0/0/0	0.0357763/0/0/0/0	0.0358559/0/0/0/0	0.0351395/0/0/0/0	0.035568/0/0/0/0	0.0353756/0/0/0/0	0.0348608/0/0/0/0	0.0348941/0/0/0/0	0.0349357/0/0/0/0	0.0349731/0/0/0/0	0.0348774/0/0/0/0	0.0348192/0/0/0/0	0.0348566/0/0/0/0	0.0348733/0/0/0/0	0.0349024/0/0/0/0	0.0349232/0/0/0/0	0.0350272/0/0/0/0	0.0355805/0/0/0/0	0.0354723/0/0/0/0	0.035385/0/0/0/0	
	Port: 4 (contain 24 entries)
		0/0/0/0/0	1.696e-05/0/0/0/0	0.022639/0/0/0/0	0.0227469/0/0/0/0	0.0228592/0/0/0/0	0.0275683/0/0/0/0	0.509319/0/0/0/0	0.473934/3/1562/0/0	0.560871/0/0/0/0	0.704183/0/0/0/0	0.676085/0/0/0/0	0.705689/0/0/0/0	0.661714/0/0/0/0	0.628654/0/0/0/0	0.715142/0/0/0/0	0.7519/1/54/0/0	0.725316/1/54/0/0	0.705477/0/0/0/0	0.689004/0/0/0/0	0.674737/0/0/0/0	0.95585/254/285316/0/0	1.01117/385/444990/0/0	0.977321/208/166632/0/0	0.974673/0/0/0/0	
	Port: 5 (contain 24 entries)
		0/0/0/0/0	0.00018752/0/0/0/0	0.00702536/0/0/0/0	0.00018712/0/0/0/0	0/0/0/0/0	2.56e-05/0/0/0/0	0/0/0/0/0	0/0/0/0/0	9.552e-05/0/0/0/0	0.0263667/0/0/0/0	0/0/0/0/0	0/0/0/0/0	0/0/0/0/0	0/0/0/0/0	0/0/0/0/0	0/0/0/0/0	0/0/0/0/0	0/0/0/0/0	0/0/0/0/0	0/0/0/0/0	0/0/0/0/0	0/0/0/0/0	0/0/0/0/0	0/0/0/0/0	
	Port: 6 (contain 24 entries)
		0.0163598/0/0/0/0	0.00040672/0/0/0/0	0.0002412/0/0/0/0	0/0/0/0/0	0.0004772/0/0/0/0	0/0/0/0/0	0/0/0/0/0	1.28e-05/0/0/0/0	0/0/0/0/0	0.0191405/0/0/0/0	0.0299478/0/0/0/0	0.0335754/0/0/0/0	0.0336253/0/0/0/0	0.0336669/0/0/0/0	0.00718848/0/0/0/0	0/0/0/0/0	0/0/0/0/0	0/0/0/0/0	0/0/0/0/0	0/0/0/0/0	0/0/0/0/0	0/0/0/0/0	0/0/0/0/0	0/0/0/0/0	
	Port: 7 (contain 24 entries)
		0.0002392/0/0/0/0	0.00042464/0/0/0/0	6.272e-05/0/0/0/0	0.00434304/0/0/0/0	0.00012048/0/0/0/0	4.88e-05/0/0/0/0	1.28e-05/0/0/0/0	0.134585/0/0/0/0	0.029911/0/0/0/0	0/0/0/0/0	0/0/0/0/0	0/0/0/0/0	0/0/0/0/0	0/0/0/0/0	0/0/0/0/0	0/0/0/0/0	0/0/0/0/0	0/0/0/0/0	0/0/0/0/0	0/0/0/0/0	0/0/0/0/0	0/0/0/0/0	0/0/0/0/0	0/0/0/0/0	
	Port: 8 (contain 24 entries)
		0/0/0/0/0	0.00012304/0/0/0/0	0/0/0/0/0	0.00011232/0/0/0/0	1.28e-05/0/0/0/0	0.00024096/0/0/0/0	0.154751/0/0/0/0	1.28e-05/0/0/0/0	0/0/0/0/0	0/0/0/0/0	0/0/0/0/0	0/0/0/0/0	0/0/0/0/0	0/0/0/0/0	0/0/0/0/0	0/0/0/0/0	0/0/0/0/0	0/0/0/0/0	0/0/0/0/0	0/0/0/0/0	0/0/0/0/0	0/0/0/0/0	0/0/0/0/0	0/0/0/0/0	
	Port: 9 (contain 24 entries)
		4.256e-05/0/0/0/0	0.00848032/0/0/0/0	0.296822/0/0/0/0	0.866205/0/0/0/0	0.998744/0/0/0/0	0.998744/0/0/0/0	0.99886/0/0/0/0	0.984224/0/0/0/0	0.998744/0/0/0/0	0.998628/0/0/0/0	0.955648/0/0/0/0	0.988173/0/0/0/0	0.978532/0/0/0/0	0.979345/0/0/0/0	0.976906/0/0/0/0	0.97435/0/0/0/0	0.975396/0/0/0/0	0.975976/0/0/0/0	0.976673/0/0/0/0	0.951815/0/0/0/0	0.978996/0/0/0/0	0.998744/0/0/0/0	0.994562/0/0/0/0	0.990496/0/0/0/0	
	Port: 10 (contain 24 entries)
		0.00026384/0/0/0/0	6.256e-05/0/0/0/0	0.673254/0/0/0/0	0.615183/0/0/0/0	0.643539/0/0/0/0	0.773767/0/0/0/0	0.47358/0/0/0/0	0.114479/0/0/0/0	0.130826/0/0/0/0	0.173585/0/0/0/0	0.153523/0/0/0/0	0.159952/0/0/0/0	0.165063/0/0/0/0	0.168548/0/0/0/0	0.237199/0/0/0/0	0.482529/0/0/0/0	0.486827/0/0/0/0	0.487524/0/0/0/0	0.482064/0/0/0/0	0.485549/0/0/0/0	0.501347/0/0/0/0	0.275648/0/0/0/0	0.250673/0/0/0/0	0.658046/0/0/0/0	
	Port: 11 (contain 24 entries)
		1.28e-05/0/0/0/0	9.6e-05/0/0/0/0	0.00387928/0/0/0/0	0.119355/0/0/0/0	0.0002504/0/0/0/0	0.00109768/0/0/0/0	0.070925/0/0/0/0	0.0476198/0/0/0/0	0.0546416/0/0/0/0	0.600694/42/21868/0/0	0.956664/270/151780/0/0	1.00173/377/212158/0/0	1.00118/464/265856/0/0	1.00036/532/308728/0/0	0.212316/0/0/0/0	0.0253302/0/0/0/0	0.0245357/0/0/0/0	0.0238784/0/0/0/0	0.0233251/0/0/0/0	0.0228093/0/0/0/0	0.0332259/0/0/0/0	0.0353059/0/0/0/0	0.0348275/0/0/0/0	0.0337667/0/0/0/0	
	Port: 12 (contain 24 entries)
		0.00061216/0/0/0/0	0.0007056/0/0/0/0	0.00025824/0/0/0/0	0/0/0/0/0	7.04e-05/0/0/0/0	9.824e-05/0/0/0/0	0.127613/0/0/0/0	0.611854/0/0/0/0	0.84971/0/0/0/0	0.830196/0/0/0/0	0.8216/0/0/0/0	0.814165/0/0/0/0	0.810564/0/0/0/0	0.808357/0/0/0/0	0.601709/0/0/0/0	0.48822/0/0/0/0	0.486594/0/0/0/0	0.486594/0/0/0/0	0.492751/0/0/0/0	0.489614/0/0/0/0	0.334425/0/0/0/0	0.0751555/0/0/0/0	0.126614/0/0/0/0	0.304455/0/0/0/0	

Leaf 2: (contain: 12 ports)
	Port: 1 (contain 24 entries)
		0.252192/0/0/0/0	0.764031/1/1454/0/0	0.998886/1/1454/0/0	1.01119/108/157032/0/0	1.01632/259/376586/0/0	0.998744/259/376586/0/0	0.998744/258/375132/0/0	0.998429/255/370770/0/0	0.993627/210/305340/0/0	0.998163/205/298070/0/0	0.998744/205/298070/0/0	0.99886/205/298070/0/0	0.998744/205/298070/0/0	0.99886/205/298070/0/0	0.998744/205/298070/0/0	0.99886/205/298070/0/0	0.998744/205/298070/0/0	0.998744/204/296616/0/0	0.99886/205/298070/0/0	0.998744/204/296616/0/0	0.99886/205/298070/0/0	0.998744/205/298070/0/0	0.99886/205/298070/0/0	0.998744/205/298070/0/0	
	Port: 2 (contain 24 entries)
		0/0/0/0/0	0/0/0/0/0	0/0/0/0/0	0/0/0/0/0	0/0/0/0/0	0/0/0/0/0	0.0341877/0/0/0/0	0/0/0/0/0	0.0004288/0/0/0/0	0/0/0/0/0	0/0/0/0/0	0/0/0/0/0	0/0/0/0/0	0/0/0/0/0	0/0/0/0/0	0/0/0/0/0	0/0/0/0/0	0/0/0/0/0	0/0/0/0/0	0/0/0/0/0	0/0/0/0/0	0/0/0/0/0	0/0/0/0/0	0/0/0/0/0	
	Port: 3 (contain 24 entries)
		1.696e-05/0/0/0/0	0.0125928/0/0/0/0	9.824e-05/0/0/0/0	6.256e-05/0/0/0/0	2.528e-05/0/0/0/0	0.00012224/0/0/0/0	0.13282/0/0/0/0	0.609724/0/0/0/0	0.84971/0/0/0/0	0.831139/0/0/0/0	0.821484/0/0/0/0	0.814282/0/0/0/0	0.810564/0/0/0/0	0.808241/0/0/0/0	0.602406/0/0/0/0	0.489382/0/0/0/0	0.486594/0/0/0/0	0.486478/0/0/0/0	0.492518/0/0/0/0	0.487872/0/0/0/0	0.336516/0/0/0/0	0.0737616/0/0/0/0	0.126498/0/0/0/0	0.304455/0/0/0/0	
	Port: 4 (contain 24 entries)
		0.0011152/0/0/0/0	5.784e-05/0/0/0/0	0.00031856/0/0/0/0	2.976e-05/0/0/0/0	1.28e-05/0/0/0/0	2.976e-05/0/0/0/0	0/0/0/0/0	4.48e-06/0/0/0/0	0.00085616/0/0/0/0	0.538178/0/0/0/0	0.886417/0/0/0/0	0.937527/0/0/0/0	0.938921/0/0/0/0	0.940083/0/0/0/0	0.196779/0/0/0/0	0/0/0/0/0	0/0/0/0/0	0/0/0/0/0	0/0/0/0/0	0/0/0/0/0	0/0/0/0/0	0/0/0/0/0	0/0/0/0/0	0/0/0/0/0	
	Port: 5 (contain 24 entries)
		0/0/0/0/0	2.976e-05/0/0/0/0	0.00016288/0/0/0/0	0.0199494/0/0/0/0	0.0079872/0/0/0/0	0.0257448/0/0/0/0	0.0025168/0/0/0/0	2.56e-05/0/0/0/0	4.728e-05/0/0/0/0	2.976e-05/0/0/0/0	0/0/0/0/0	0/0/0/0/0	0/0/0/0/0	0/0/0/0/0	0/0/0/0/0	0/0/0/0/0	0/0/0/0/0	0/0/0/0/0	0/0/0/0/0	0/0/0/0/0	0/0/0/0/0	0/0/0/0/0	0/0/0/0/0	0/0/0/0/0	
	Port: 6 (contain 24 entries)
		0.0120391/0/0/0/0	0/0/0/0/0	0/0/0/0/0	0.00037472/0/0/0/0	0.0217282/0/0/0/0	1.28e-05/0/0/0/0	0/0/0/0/0	0.0040788/0/0/0/0	0.00146736/0/0/0/0	0/0/0/0/0	0/0/0/0/0	0/0/0/0/0	0/0/0/0/0	0/0/0/0/0	0/0/0/0/0	0/0/0/0/0	0/0/0/0/0	0/0/0/0/0	0/0/0/0/0	0/0/0/0/0	0/0/0/0/0	0/0/0/0/0	0/0/0/0/0	0/0/0/0/0	
	Port: 7 (contain 24 entries)
		0.000608/0/0/0/0	2.528e-05/0/0/0/0	0.00015856/0/0/0/0	0/0/0/0/0	0.0002248/0/0/0/0	0/0/0/0/0	0/0/0/0/0	9.688e-05/0/0/0/0	1.696e-05/0/0/0/0	3.376e-05/0/0/0/0	0/0/0/0/0	0/0/0/0/0	0/0/0/0/0	0/0/0/0/0	0/0/0/0/0	0/0/0/0/0	0/0/0/0/0	0/0/0/0/0	0/0/0/0/0	0/0/0/0/0	0/0/0/0/0	0/0/0/0/0	0/0/0/0/0	0/0/0/0/0	
	Port: 8 (contain 24 entries)
		1.28e-05/0/0/0/0	0.00037448/0/0/0/0	2.944e-05/0/0/0/0	0.00027072/0/0/0/0	0/0/0/0/0	1.992e-05/0/0/0/0	1.696e-05/0/0/0/0	0.00054/0/0/0/0	4.16e-06/0/0/0/0	1.28e-05/0/0/0/0	0/0/0/0/0	0/0/0/0/0	0/0/0/0/0	0/0/0/0/0	0/0/0/0/0	0/0/0/0/0	0/0/0/0/0	0/0/0/0/0	0/0/0/0/0	0/0/0/0/0	0/0/0/0/0	0/0/0/0/0	0/0/0/0/0	0/0/0/0/0	
	Port: 9 (contain 24 entries)
		0.0310533/0/0/0/0	6.536e-05/0/0/0/0	1.28e-05/0/0/0/0	0.0186771/0/0/0/0	0.0124096/0/0/0/0	0.00033832/0/0/0/0	0.0463141/0/0/0/0	0.0209709/0/0/0/0	0.0304304/0/0/0/0	0.0297568/0/0/0/0	0.0294195/0/0/0/0	0.0291616/0/0/0/0	0.0290326/0/0/0/0	0.0289411/0/0/0/0	0.0213283/0/0/0/0	0.0174637/0/0/0/0	0.0174886/0/0/0/0	0.0174221/0/0/0/0	0.0175635/0/0/0/0	0.017472/0/0/0/0	0.0119392/0/0/0/0	0.00257088/0/0/0/0	0.00452608/0/0/0/0	0.010895/0/0/0/0	
	Port: 10 (contain 24 entries)
		0.0253422/0/0/0/0	0.0260315/0/0/0/0	0.0397101/0/0/0/0	0.035831/0/0/0/0	0.0350258/0/0/0/0	0.035945/0/0/0/0	0.141813/0/0/0/0	0.159704/67/49818/0/0	0.0531188/0/0/0/0	0.0358482/0/0/0/0	0.0357677/0/0/0/0	0.0357718/0/0/0/0	0.0357677/0/0/0/0	0.0357718/0/0/0/0	0.0357677/0/0/0/0	0.0357677/0/0/0/0	0.0357718/0/0/0/0	0.0357677/0/0/0/0	0.0357718/0/0/0/0	0.0357677/0/0/0/0	0.0357718/0/0/0/0	0.0357677/0/0/0/0	0.0357718/0/0/0/0	0.0357677/0/0/0/0	
	Port: 11 (contain 24 entries)
		0.0006436/0/0/0/0	0.00088672/0/0/0/0	0.00690504/0/0/0/0	0.609965/0/0/0/0	0.239999/0/0/0/0	0.793721/0/0/0/0	0.0273482/0/0/0/0	6.144e-05/0/0/0/0	0.0118096/0/0/0/0	0.0194918/0/0/0/0	0.0299478/0/0/0/0	0.0335754/0/0/0/0	0.0336253/0/0/0/0	0.0336669/0/0/0/0	0.00712192/0/0/0/0	0/0/0/0/0	0/0/0/0/0	0/0/0/0/0	0/0/0/0/0	0/0/0/0/0	0/0/0/0/0	0/0/0/0/0	0/0/0/0/0	0/0/0/0/0	
	Port: 12 (contain 24 entries)
		0/0/0/0/0	0.00014992/0/0/0/0	0.00186744/0/0/0/0	0.00581944/0/0/0/0	0/0/0/0/0	1.28e-05/0/0/0/0	4.16e-06/0/0/0/0	0.007808/0/0/0/0	2.56e-05/0/0/0/0	1.28e-05/0/0/0/0	0/0/0/0/0	0/0/0/0/0	0/0/0/0/0	0/0/0/0/0	0/0/0/0/0	0/0/0/0/0	0/0/0/0/0	0/0/0/0/0	0/0/0/0/0	0/0/0/0/0	0/0/0/0/0	0/0/0/0/0	0/0/0/0/0	0/0/0/0/0	

Leaf 3: (contain: 12 ports)
	Port: 1 (contain 24 entries)
		0.0089776/0/0/0/0	0.0259722/0/0/0/0	0.0352262/0/0/0/0	0.0360922/0/0/0/0	0.0349523/0/0/0/0	0.0359399/0/0/0/0	0.0357805/0/0/0/0	0.0353073/0/0/0/0	0.036321/0/0/0/0	0.0641608/0/0/0/0	0.0357677/0/0/0/0	0.0357677/0/0/0/0	0.0357718/0/0/0/0	0.0357677/0/0/0/0	0.0357718/0/0/0/0	0.0357677/0/0/0/0	0.0357677/0/0/0/0	0.0357677/0/0/0/0	0.035776/0/0/0/0	0.0357677/0/0/0/0	0.0351395/0/0/0/0	0.035647/0/0/0/0	0.0365206/0/0/0/0	0.0357718/0/0/0/0	
	Port: 2 (contain 24 entries)
		0.00660672/0/0/0/0	0.00144416/0/0/0/0	0/0/0/0/0	0.576519/72/104688/0/0	0.265998/0/0/0/0	0.761196/0/0/0/0	0.0668958/0/0/0/0	2.976e-05/0/0/0/0	0.00107776/0/0/0/0	1.28e-05/0/0/0/0	0/0/0/0/0	0/0/0/0/0	0/0/0/0/0	0/0/0/0/0	0/0/0/0/0	0/0/0/0/0	0/0/0/0/0	0/0/0/0/0	0/0/0/0/0	0/0/0/0/0	0/0/0/0/0	0/0/0/0/0	0/0/0/0/0	0/0/0/0/0	
	Port: 3 (contain 24 entries)
		0.00053992/0/0/0/0	0/0/0/0/0	0/0/0/0/0	0/0/0/0/0	0/0/0/0/0	0/0/0/0/0	0/0/0/0/0	0.00485576/0/0/0/0	0/0/0/0/0	4.48e-06/0/0/0/0	7.568e-05/0/0/0/0	0/0/0/0/0	0/0/0/0/0	0/0/0/0/0	0/0/0/0/0	0/0/0/0/0	0/0/0/0/0	0/0/0/0/0	0/0/0/0/0	0/0/0/0/0	0/0/0/0/0	0/0/0/0/0	0/0/0/0/0	0/0/0/0/0	
	Port: 4 (contain 24 entries)
		0.145045/0/0/0/0	0.407751/0/0/0/0	1.04931/167/242818/0/0	0.982672/56/81424/0/0	1.01119/163/237002/0/0	0.997806/156/224024/0/0	0.994478/118/171572/0/0	1.00141/141/205014/0/0	1.00456/191/277714/0/0	1.00246/222/322788/0/0	1.00293/258/375132/0/0	1.00211/286/415844/0/0	1.00176/312/453648/0/0	1.00188/338/491452/0/0	0.270249/0/0/0/0	0.481251/0/0/0/0	0.486827/0/0/0/0	0.48764/0/0/0/0	0.482296/0/0/0/0	0.487407/0/0/0/0	0.495422/0/0/0/0	0.27588/0/0/0/0	0.255668/0/0/0/0	0.658163/0/0/0/0	
	Port: 5 (contain 24 entries)
		0/0/0/0/0	0/0/0/0/0	0/0/0/0/0	0.00012688/0/0/0/0	0.0007616/0/0/0/0	0/0/0/0/0	1.28e-05/0/0/0/0	0.00012616/0/0/0/0	0/0/0/0/0	0.00095296/0/0/0/0	0/0/0/0/0	0/0/0/0/0	0/0/0/0/0	0/0/0/0/0	0/0/0/0/0	0/0/0/0/0	0/0/0/0/0	0/0/0/0/0	0/0/0/0/0	0/0/0/0/0	0/0/0/0/0	0/0/0/0/0	0/0/0/0/0	0/0/0/0/0	
	Port: 6 (contain 24 entries)
		7.464e-05/0/0/0/0	0.00011296/0/0/0/0	0.00026632/0/0/0/0	2.408e-05/0/0/0/0	0/0/0/0/0	0/0/0/0/0	0/0/0/0/0	0.111362/0/0/0/0	0.0351205/0/0/0/0	0.00014504/0/0/0/0	0/0/0/0/0	0/0/0/0/0	0/0/0/0/0	0/0/0/0/0	0/0/0/0/0	0/0/0/0/0	0/0/0/0/0	0/0/0/0/0	0/0/0/0/0	0/0/0/0/0	0/0/0/0/0	0/0/0/0/0	0/0/0/0/0	0/0/0/0/0	
	Port: 7 (contain 24 entries)
		0/0/0/0/0	0.00042456/0/0/0/0	0.00018176/0/0/0/0	4.68e-05/0/0/0/0	7.744e-05/0/0/0/0	0/0/0/0/0	0/0/0/0/0	9.296e-05/0/0/0/0	1.28e-05/0/0/0/0	0/0/0/0/0	0/0/0/0/0	0/0/0/0/0	0/0/0/0/0	0/0/0/0/0	0/0/0/0/0	0/0/0/0/0	0/0/0/0/0	0/0/0/0/0	0/0/0/0/0	0/0/0/0/0	0/0/0/0/0	0/0/0/0/0	0/0/0/0/0	0/0/0/0/0	
	Port: 8 (contain 24 entries)
		0/0/0/0/0	0.236162/0/0/0/0	0.675126/0/0/0/0	0.999082/2/2908/0/0	0.999597/9/13086/0/0	1.07658/365/530710/0/0	0.949858/276/399908/0/0	0.925302/0/0/0/0	0.673198/0/0/0/0	0.898265/260/378040/0/0	1.01814/426/619404/0/0	0.9934/380/552520/0/0	1.00153/403/585962/0/0	1.00095/422/613588/0/0	0.981087/269/391126/0/0	1.00176/295/428930/0/0	1.00072/311/452194/0/0	1.00025/324/471096/0/0	1.00025/337/489998/0/0	1.00002/347/504538/0/0	0.925447/2/2908/0/0	0.831938/1/1454/0/0	0.847687/0/0/0/0	0.294466/0/0/0/0	
	Port: 9 (contain 24 entries)
		0.252205/0/0/0/0	0.766191/0/0/0/0	0.998628/0/0/0/0	0.998744/0/0/0/0	0.99886/0/0/0/0	0.998628/0/0/0/0	0.998744/0/0/0/0	0.998163/0/0/0/0	0.994097/0/0/0/0	0.997698/0/0/0/0	0.998744/0/0/0/0	0.99886/0/0/0/0	0.998744/0/0/0/0	0.99886/0/0/0/0	0.998744/0/0/0/0	0.99886/0/0/0/0	0.998744/0/0/0/0	0.99886/0/0/0/0	0.998744/0/0/0/0	0.99886/0/0/0/0	0.998744/0/0/0/0	0.998744/0/0/0/0	0.99886/0/0/0/0	0.998744/0/0/0/0	
	Port: 10 (contain 24 entries)
		0.18397/0/0/0/0	0.0399694/0/0/0/0	0.00046808/0/0/0/0	0.0150634/1/54/0/0	0.0373837/0/0/0/0	1.28e-05/0/0/0/0	0.00527904/0/0/0/0	0.0142758/0/0/0/0	0.00560384/0/0/0/0	0.0445439/0/0/0/0	0.0240157/0/0/0/0	0.0240906/0/0/0/0	0.022543/0/0/0/0	0.0216944/0/0/0/0	0.0242944/0/0/0/0	0.0257504/0/0/0/0	0.0247728/0/0/0/0	0.0240656/0/0/0/0	0.0234707/0/0/0/0	0.0229424/0/0/0/0	0.0186202/0/0/0/0	0.00522912/0/0/0/0	0.00814528/0/0/0/0	0.0105373/0/0/0/0	
	Port: 11 (contain 24 entries)
		0.0133227/0/0/0/0	0.784893/0/0/0/0	0.0268096/0/0/0/0	0.042955/0/0/0/0	0.0308298/0/0/0/0	0.0534355/0/0/0/0	0.019909/0/0/0/0	0.142115/0/0/0/0	0.0369215/0/0/0/0	0.00628608/0/0/0/0	0.00546624/0/0/0/0	0.00570336/0/0/0/0	0.00588224/0/0/0/0	0.00601952/0/0/0/0	0.00856544/0/0/0/0	0.0172806/0/0/0/0	0.0173763/0/0/0/0	0.0175757/0/0/0/0	0.0173472/0/0/0/0	0.0174554/0/0/0/0	0.0177216/0/0/0/0	0.00988/0/0/0/0	0.009152/0/0/0/0	0.0235789/0/0/0/0	
	Port: 12 (contain 24 entries)
		0.00512576/0/0/0/0	0.0206126/0/0/0/0	0.0356726/0/0/0/0	0.0480883/0/0/0/0	0.0487426/0/0/0/0	0.0442405/0/0/0/0	0.159964/0/0/0/0	0.051959/0/0/0/0	0.0478084/0/0/0/0	0.0421203/0/0/0/0	0.0420659/0/0/0/0	0.0417456/0/0/0/0	0.0431142/0/0/0/0	0.0438214/0/0/0/0	0.0139194/0/0/0/0	0.0100214/0/0/0/0	0.0109949/0/0/0/0	0.0117062/0/0/0/0	0.012297/0/0/0/0	0.0128294/0/0/0/0	0.0155085/0/0/0/0	0.024569/0/0/0/0	0.0222602/0/0/0/0	0/0/0/0/0	

