Spine 0: (contain: 4 ports)
	Port: 1 (contain 24 entries)
		0.0317534/0/0/0/0	0.266492/0/0/0/0	0.822064/0/0/0/0	0.998744/0/0/0/0	0.998373/0/0/0/0	0.978764/0/0/0/0	0.979474/0/0/0/0	0.990845/0/0/0/0	0.998628/0/0/0/0	0.984817/0/0/0/0	0.890831/0/0/0/0	0.970284/0/0/0/0	0.974582/0/0/0/0	0.974234/0/0/0/0	0.973072/0/0/0/0	0.927073/0/0/0/0	0.773277/0/0/0/0	0.998744/0/0/0/0	0.99886/0/0/0/0	0.858655/0/0/0/0	0.900008/0/0/0/0	0.998744/0/0/0/0	0.99886/0/0/0/0	0.998744/0/0/0/0	
	Port: 2 (contain 24 entries)
		0.029642/0/0/0/0	0.0405397/0/0/0/0	1.696e-05/0/0/0/0	0.00499264/0/0/0/0	8.208e-05/0/0/0/0	1.28e-05/0/0/0/0	3.84e-05/0/0/0/0	1.28e-05/0/0/0/0	0.0148474/0/0/0/0	0.0295782/0/0/0/0	0.0318906/0/0/0/0	0.0317574/0/0/0/0	0.0316992/0/0/0/0	0.0315494/0/0/0/0	0.0297315/0/0/0/0	0.0297939/0/0/0/0	0.0292115/0/0/0/0	0.0270234/0/0/0/0	0.026624/0/0/0/0	0.0286998/0/0/0/0	0.0283878/0/0/0/0	0.0274435/0/0/0/0	0.0275434/0/0/0/0	0.0261664/0/0/0/0	
	Port: 3 (contain 24 entries)
		3.392e-05/0/0/0/0	0.00160448/0/0/0/0	3.36e-05/0/0/0/0	1.28e-05/0/0/0/0	0.00076104/0/0/0/0	8.528e-05/0/0/0/0	0.00021152/0/0/0/0	0.0001596/0/0/0/0	0.00017904/0/0/0/0	0.159918/0/0/0/0	0.0122987/0/0/0/0	0/0/0/0/0	0/0/0/0/0	0/0/0/0/0	0/0/0/0/0	0/0/0/0/0	0/0/0/0/0	0/0/0/0/0	0/0/0/0/0	0/0/0/0/0	0/0/0/0/0	0/0/0/0/0	0/0/0/0/0	0/0/0/0/0	
	Port: 4 (contain 24 entries)
		0/0/0/0/0	0.00959712/0/0/0/0	0.0281544/0/0/0/0	0.484627/0/0/0/0	0.585524/1/54/0/0	0.960752/3/1562/0/0	0.932141/10/6140/0/0	0.338695/2/108/0/0	0.513924/0/0/0/0	0.466301/0/0/0/0	0.505869/0/0/0/0	0.520729/3/1562/0/0	0.534859/3/1562/0/0	0.544131/1/54/0/0	0.600203/0/0/0/0	0.604285/1/54/0/0	0.622382/9/6086/0/0	0.691495/7/4578/0/0	0.733702/239/196306/0/0	1.01823/569/452126/0/0	0.979238/294/218876/0/0	1.00292/387/285498/0/0	1.00187/457/338278/0/0	0.997224/486/328644/0/0	

Spine 1: (contain: 4 ports)
	Port: 1 (contain 24 entries)
		0.0308587/0/0/0/0	3.264e-05/0/0/0/0	0.0163457/0/0/0/0	0.0151723/0/0/0/0	0.00970528/0/0/0/0	0.0275175/0/0/0/0	0.0259981/0/0/0/0	0.0574955/0/0/0/0	0.0667304/0/0/0/0	0.0869363/0/0/0/0	0.0903011/0/0/0/0	0.0898518/0/0/0/0	0.0892986/0/0/0/0	0.0850845/0/0/0/0	0.0571584/0/0/0/0	0.0569046/0/0/0/0	0.0470413/0/0/0/0	0.0211037/0/0/0/0	0.0197766/0/0/0/0	0/0/0/0/0	0/0/0/0/0	0/0/0/0/0	0/0/0/0/0	0/0/0/0/0	
	Port: 2 (contain 24 entries)
		0.00019432/0/0/0/0	4.048e-05/0/0/0/0	0.00742352/0/0/0/0	0.018753/0/0/0/0	0.0240142/0/0/0/0	0.0132448/0/0/0/0	0.0181702/0/0/0/0	0.0057456/0/0/0/0	0.340924/0/0/0/0	0.902798/21/27734/0/0	1.00273/59/77386/0/0	1.00274/97/128438/0/0	1.0028/140/181160/0/0	1.00322/181/237974/0/0	1.00478/250/315900/0/0	1.00484/314/393556/0/0	0.694401/0/0/0/0	0.00876096/0/0/0/0	0.00906048/0/0/0/0	0.0069056/0/0/0/0	0.00749632/0/0/0/0	0.00828256/0/0/0/0	0.0081952/0/0/0/0	0.0096928/0/0/0/0	
	Port: 3 (contain 24 entries)
		1.992e-05/0/0/0/0	1.28e-05/0/0/0/0	0/0/0/0/0	2.144e-05/0/0/0/0	8.872e-05/0/0/0/0	0/0/0/0/0	0.012789/0/0/0/0	0.00136752/0/0/0/0	3.56e-05/0/0/0/0	0.00014184/0/0/0/0	0/0/0/0/0	0/0/0/0/0	0/0/0/0/0	0/0/0/0/0	0/0/0/0/0	0/0/0/0/0	0/0/0/0/0	0/0/0/0/0	0/0/0/0/0	0/0/0/0/0	0/0/0/0/0	0/0/0/0/0	0/0/0/0/0	0/0/0/0/0	
	Port: 4 (contain 24 entries)
		0/0/0/0/0	0/0/0/0/0	0.239924/0/0/0/0	0.099955/0/0/0/0	0/0/0/0/0	0.125661/0/0/0/0	0.93776/202/293708/0/0	0.172174/0/0/0/0	0.00894432/0/0/0/0	0.411609/0/0/0/0	0.97737/0/0/0/0	0.622618/0/0/0/0	0.654678/0/0/0/0	0.666642/0/0/0/0	0.695682/0/0/0/0	0.941012/0/0/0/0	0.763278/0/0/0/0	0/0/0/0/0	4.16e-06/0/0/0/0	0/0/0/0/0	0/0/0/0/0	0/0/0/0/0	0/0/0/0/0	0/0/0/0/0	

Spine 2: (contain: 4 ports)
	Port: 1 (contain 24 entries)
		0.0010864/0/0/0/0	1.28e-05/0/0/0/0	1.28e-05/0/0/0/0	0.00014992/0/0/0/0	6.96e-05/0/0/0/0	1.28e-05/0/0/0/0	0.00052432/0/0/0/0	0.0372285/0/0/0/0	0/0/0/0/0	0/0/0/0/0	0/0/0/0/0	0/0/0/0/0	0/0/0/0/0	0/0/0/0/0	0/0/0/0/0	0/0/0/0/0	0/0/0/0/0	0/0/0/0/0	0/0/0/0/0	0/0/0/0/0	0/0/0/0/0	0/0/0/0/0	0/0/0/0/0	0/0/0/0/0	
	Port: 2 (contain 24 entries)
		0.00150784/0/0/0/0	0/0/0/0/0	0/0/0/0/0	0/0/0/0/0	0.00023496/0/0/0/0	0.0037556/0/0/0/0	0/0/0/0/0	0/0/0/0/0	8.384e-05/0/0/0/0	0.00064008/0/0/0/0	0/0/0/0/0	0/0/0/0/0	0/0/0/0/0	0/0/0/0/0	0/0/0/0/0	0/0/0/0/0	0/0/0/0/0	0/0/0/0/0	0/0/0/0/0	0/0/0/0/0	0/0/0/0/0	0/0/0/0/0	0/0/0/0/0	0/0/0/0/0	
	Port: 3 (contain 24 entries)
		0/0/0/0/0	0.00010328/0/0/0/0	2.128e-05/0/0/0/0	0.00016984/0/0/0/0	0.00059968/0/0/0/0	0.0192032/0/0/0/0	0.018871/0/0/0/0	0.00838144/0/0/0/0	0.423246/0/0/0/0	0.877203/0/0/0/0	0.925415/0/0/0/0	0.90913/0/0/0/0	0.908614/0/0/0/0	0.904603/0/0/0/0	0.855047/0/0/0/0	0.865592/1/1454/0/0	0.842827/0/0/0/0	0.754343/0/0/0/0	0.744818/0/0/0/0	0.801272/0/0/0/0	0.79256/0/0/0/0	0.766308/0/0/0/0	0.769095/0/0/0/0	0.730646/0/0/0/0	
	Port: 4 (contain 24 entries)
		0.00131496/0/0/0/0	0/0/0/0/0	0.00880224/0/0/0/0	0.00111464/0/0/0/0	0.726374/39/56706/0/0	0.662577/0/0/0/0	0.0885267/0/0/0/0	0.783035/0/0/0/0	0.675888/0/0/0/0	0.682208/0/0/0/0	0.638183/0/0/0/0	0.628774/0/0/0/0	0.616113/0/0/0/0	0.611118/0/0/0/0	0.605426/0/0/0/0	0.598108/0/0/0/0	0.591022/0/0/0/0	0.590209/0/0/0/0	0.511168/0/0/0/0	0/0/0/0/0	0/0/0/0/0	0/0/0/0/0	0/0/0/0/0	0/0/0/0/0	

Spine 3: (contain: 4 ports)
	Port: 1 (contain 24 entries)
		0.00012352/0/0/0/0	5.904e-05/0/0/0/0	1.28e-05/0/0/0/0	0.00025752/0/0/0/0	0.0184586/0/0/0/0	0.0313045/0/0/0/0	0.0265194/0/0/0/0	0.0051296/0/0/0/0	0.0116189/0/0/0/0	0.259537/3/2962/0/0	0.0208475/0/0/0/0	0.0133162/0/0/0/0	0.0138029/0/0/0/0	0.0139693/0/0/0/0	0.0141606/0/0/0/0	0.0144144/0/0/0/0	0.014639/0/0/0/0	0.014664/0/0/0/0	0.0159994/0/0/0/0	0.0280966/0/0/0/0	0.0270691/0/0/0/0	0.0261706/0/0/0/0	0.0262579/0/0/0/0	0.0247603/0/0/0/0	
	Port: 2 (contain 24 entries)
		1.28e-05/0/0/0/0	4.512e-05/0/0/0/0	0/0/0/0/0	0/0/0/0/0	0.00085312/0/0/0/0	0.0002504/0/0/0/0	1.696e-05/0/0/0/0	0/0/0/0/0	3.64e-05/0/0/0/0	1.28e-05/0/0/0/0	0/0/0/0/0	0/0/0/0/0	0/0/0/0/0	0/0/0/0/0	0/0/0/0/0	0/0/0/0/0	0/0/0/0/0	0/0/0/0/0	0/0/0/0/0	0/0/0/0/0	0/0/0/0/0	0/0/0/0/0	0/0/0/0/0	0/0/0/0/0	
	Port: 3 (contain 24 entries)
		0/0/0/0/0	0/0/0/0/0	0/0/0/0/0	0.139032/0/0/0/0	1.248e-05/0/0/0/0	0.00020176/0/0/0/0	0.000912/0/0/0/0	1.28e-05/0/0/0/0	0/0/0/0/0	0.00075392/0/0/0/0	0/0/0/0/0	0/0/0/0/0	0/0/0/0/0	0/0/0/0/0	0/0/0/0/0	0/0/0/0/0	0/0/0/0/0	0/0/0/0/0	0/0/0/0/0	0/0/0/0/0	0/0/0/0/0	0/0/0/0/0	0/0/0/0/0	0/0/0/0/0	
	Port: 4 (contain 24 entries)
		0/0/0/0/0	0.00061536/0/0/0/0	0.437828/0/0/0/0	0.423408/0/0/0/0	0.297198/0/0/0/0	0.766704/0/0/0/0	0.684072/0/0/0/0	0.838209/0/0/0/0	0.845774/0/0/0/0	0.914908/0/0/0/0	0.893387/0/0/0/0	0.889786/0/0/0/0	0.888043/0/0/0/0	0.736631/0/0/0/0	0/0/0/0/0	0/0/0/0/0	0/0/0/0/0	0/0/0/0/0	0/0/0/0/0	0/0/0/0/0	0/0/0/0/0	0/0/0/0/0	0/0/0/0/0	0/0/0/0/0	

Leaf 0: (contain: 12 ports)
	Port: 1 (contain 24 entries)
		0.0308459/0/0/0/0	0/0/0/0/0	1.28e-05/0/0/0/0	0/0/0/0/0	0/0/0/0/0	0/0/0/0/0	0.00876992/0/0/0/0	0.0276016/0/0/0/0	0.0240822/0/0/0/0	0.265731/6/4524/0/0	0.0314811/0/0/0/0	0.0224598/0/0/0/0	0.0219648/0/0/0/0	0.021815/0/0/0/0	0.0216154/0/0/0/0	0.0213533/0/0/0/0	0.0211286/0/0/0/0	0.0210995/0/0/0/0	0.0197933/0/0/0/0	0/0/0/0/0	0/0/0/0/0	0/0/0/0/0	0/0/0/0/0	0/0/0/0/0	
	Port: 2 (contain 24 entries)
		1.696e-05/0/0/0/0	3.264e-05/0/0/0/0	1.28e-05/0/0/0/0	0.00039/0/0/0/0	5.68e-05/0/0/0/0	4.872e-05/0/0/0/0	4.192e-05/0/0/0/0	0.0372488/0/0/0/0	0.0118996/0/0/0/0	0.0306637/0/0/0/0	0.0356346/0/0/0/0	0.0356221/0/0/0/0	0.0356179/0/0/0/0	0.0356096/0/0/0/0	0.0355514/0/0/0/0	0.0355472/0/0/0/0	0.0259459/0/0/0/0	0/0/0/0/0	0/0/0/0/0	0/0/0/0/0	0/0/0/0/0	0/0/0/0/0	0/0/0/0/0	0/0/0/0/0	
	Port: 3 (contain 24 entries)
		0.0010864/0/0/0/0	1.28e-05/0/0/0/0	0/0/0/0/0	0.00020064/0/0/0/0	0/0/0/0/0	0/0/0/0/0	0/0/0/0/0	0/0/0/0/0	0/0/0/0/0	1.28e-05/0/0/0/0	0/0/0/0/0	0/0/0/0/0	0/0/0/0/0	0/0/0/0/0	0/0/0/0/0	0/0/0/0/0	0/0/0/0/0	0/0/0/0/0	0/0/0/0/0	0/0/0/0/0	0/0/0/0/0	0/0/0/0/0	0/0/0/0/0	0/0/0/0/0	
	Port: 4 (contain 24 entries)
		0.0318471/0/0/0/0	0/0/0/0/0	0.00023048/0/0/0/0	0/0/0/0/0	3.776e-05/0/0/0/0	0/0/0/0/0	0/0/0/0/0	0/0/0/0/0	1.696e-05/0/0/0/0	0/0/0/0/0	0/0/0/0/0	0/0/0/0/0	0/0/0/0/0	0/0/0/0/0	0/0/0/0/0	0/0/0/0/0	0/0/0/0/0	0/0/0/0/0	0/0/0/0/0	0/0/0/0/0	0/0/0/0/0	0/0/0/0/0	0/0/0/0/0	0/0/0/0/0	
	Port: 5 (contain 24 entries)
		0/0/0/0/0	1.28e-05/0/0/0/0	0/0/0/0/0	0/0/0/0/0	0.0183962/0/0/0/0	0.0314965/0/0/0/0	0.0264925/0/0/0/0	0.00512544/0/0/0/0	0.0116272/0/0/0/0	0.0168608/0/0/0/0	0.0134077/0/0/0/0	0.013312/0/0/0/0	0.0138029/0/0/0/0	0.0139568/0/0/0/0	0.0141523/0/0/0/0	0.0144186/0/0/0/0	0.014639/0/0/0/0	0.0146682/0/0/0/0	0.0159827/0/0/0/0	0.028105/0/0/0/0	0.027065/0/0/0/0	0.0261789/0/0/0/0	0.0262538/0/0/0/0	0.0247562/0/0/0/0	
	Port: 6 (contain 24 entries)
		1.28e-05/0/0/0/0	0.266492/0/0/0/0	0.82092/0/0/0/0	0.99886/0/0/0/0	0.998163/0/0/0/0	0.978764/0/0/0/0	0.979498/0/0/0/0	0.990961/0/0/0/0	0.998511/0/0/0/0	0.984921/0/0/0/0	0.89118/0/0/0/0	0.96982/0/0/0/0	0.974582/0/0/0/0	0.97435/0/0/0/0	0.973072/0/0/0/0	0.927305/0/0/0/0	0.772929/0/0/0/0	0.99886/0/0/0/0	0.998744/0/0/0/0	0.859003/0/0/0/0	0.899659/0/0/0/0	0.998744/0/0/0/0	0.99886/0/0/0/0	0.998744/0/0/0/0	
	Port: 7 (contain 24 entries)
		0/0/0/0/0	4.624e-05/0/0/0/0	0.0154006/0/0/0/0	0.014968/0/0/0/0	0.00970944/0/0/0/0	0.0272896/0/0/0/0	0.0172051/0/0/0/0	0.0298733/0/0/0/0	0.0306734/0/0/0/0	0.0319322/0/0/0/0	0.031903/0/0/0/0	0.0317699/0/0/0/0	0.0317158/0/0/0/0	0.0277056/0/0/0/0	0/0/0/0/0	0/0/0/0/0	0/0/0/0/0	0/0/0/0/0	0/0/0/0/0	0/0/0/0/0	0/0/0/0/0	0/0/0/0/0	0/0/0/0/0	0/0/0/0/0	
	Port: 8 (contain 24 entries)
		1.28e-05/0/0/0/0	0/0/0/0/0	0.0006976/0/0/0/0	1.28e-05/0/0/0/0	9.352e-05/0/0/0/0	0/0/0/0/0	0.00048736/0/0/0/0	1.28e-05/0/0/0/0	0/0/0/0/0	1.28e-05/0/0/0/0	0/0/0/0/0	0/0/0/0/0	0/0/0/0/0	0/0/0/0/0	0/0/0/0/0	0/0/0/0/0	0/0/0/0/0	0/0/0/0/0	0/0/0/0/0	0/0/0/0/0	0/0/0/0/0	0/0/0/0/0	0/0/0/0/0	0/0/0/0/0	
	Port: 9 (contain 24 entries)
		0.029642/0/0/0/0	0.00969152/0/0/0/0	0.0282424/0/0/0/0	0.0357805/0/0/0/0	0.559576/65/48310/0/0	0.975716/314/236756/0/0	0.768516/0/0/0/0	0.176314/1/54/0/0	0.364065/0/0/0/0	0.516743/1/54/0/0	0.409637/0/0/0/0	0.408526/0/0/0/0	0.421603/0/0/0/0	0.426001/0/0/0/0	0.432004/0/0/0/0	0.437235/0/0/0/0	0.438049/0/0/0/0	0.446978/1/54/0/0	0.482287/35/25690/0/0	0.818465/0/0/0/0	0.772951/1/54/0/0	0.770364/0/0/0/0	0.772226/1/54/0/0	0.729127/0/0/0/0	
	Port: 10 (contain 24 entries)
		0.000106/0/0/0/0	0/0/0/0/0	3.248e-05/0/0/0/0	0/0/0/0/0	6.008e-05/0/0/0/0	0.00451408/0/0/0/0	0.0129995/0/0/0/0	0.0013568/0/0/0/0	0.335317/0/0/0/0	0.90024/0/0/0/0	0.998744/0/0/0/0	0.99886/0/0/0/0	0.998744/0/0/0/0	0.998744/0/0/0/0	0.99886/0/0/0/0	0.998744/0/0/0/0	0.68682/0/0/0/0	0/0/0/0/0	4.16e-06/0/0/0/0	0/0/0/0/0	0/0/0/0/0	0/0/0/0/0	0/0/0/0/0	0/0/0/0/0	
	Port: 11 (contain 24 entries)
		0.00255456/0/0/0/0	9.048e-05/0/0/0/0	0/0/0/0/0	0.00104432/0/0/0/0	1.28e-05/0/0/0/0	1.28e-05/0/0/0/0	0.0893331/0/0/0/0	0.783035/0/0/0/0	0.674773/0/0/0/0	0.681859/0/0/0/0	0.638299/0/0/0/0	0.628774/0/0/0/0	0.61588/0/0/0/0	0.611118/0/0/0/0	0.605194/0/0/0/0	0.598108/0/0/0/0	0.591138/0/0/0/0	0.590325/0/0/0/0	0.510471/0/0/0/0	0/0/0/0/0	0/0/0/0/0	0/0/0/0/0	0/0/0/0/0	0/0/0/0/0	
	Port: 12 (contain 24 entries)
		0/0/0/0/0	4.512e-05/0/0/0/0	0.438396/0/0/0/0	0.423055/0/0/0/0	0.273557/0/0/0/0	0.766794/0/0/0/0	0.683507/0/0/0/0	0.837397/0/0/0/0	0.846226/0/0/0/0	0.895013/0/0/0/0	0.89327/0/0/0/0	0.889786/0/0/0/0	0.888043/0/0/0/0	0.735702/0/0/0/0	0/0/0/0/0	0/0/0/0/0	0/0/0/0/0	0/0/0/0/0	0/0/0/0/0	0/0/0/0/0	0/0/0/0/0	0/0/0/0/0	0/0/0/0/0	0/0/0/0/0	

Leaf 1: (contain: 12 ports)
	Port: 1 (contain 24 entries)
		9.528e-05/0/0/0/0	0/0/0/0/0	0/0/0/0/0	0/0/0/0/0	3.144e-05/0/0/0/0	0.00815912/0/0/0/0	0/0/0/0/0	0/0/0/0/0	0.334666/0/0/0/0	0.896174/0/0/0/0	0.994794/0/0/0/0	0.994678/0/0/0/0	0.994678/0/0/0/0	0.99433/0/0/0/0	0.992587/0/0/0/0	0.992703/0/0/0/0	0.720158/0/0/0/0	0/0/0/0/0	0/0/0/0/0	0/0/0/0/0	0/0/0/0/0	0/0/0/0/0	0/0/0/0/0	0/0/0/0/0	
	Port: 2 (contain 24 entries)
		0/0/0/0/0	0/0/0/0/0	0/0/0/0/0	0/0/0/0/0	0/0/0/0/0	0/0/0/0/0	0/0/0/0/0	0/0/0/0/0	3.64e-05/0/0/0/0	1.28e-05/0/0/0/0	0/0/0/0/0	0/0/0/0/0	0/0/0/0/0	0/0/0/0/0	0/0/0/0/0	0/0/0/0/0	0/0/0/0/0	0/0/0/0/0	0/0/0/0/0	0/0/0/0/0	0/0/0/0/0	0/0/0/0/0	0/0/0/0/0	0/0/0/0/0	
	Port: 3 (contain 24 entries)
		0.0308923/0/0/0/0	0/0/0/0/0	0/0/0/0/0	4.48e-06/0/0/0/0	0.0009352/0/0/0/0	0/0/0/0/0	2.976e-05/0/0/0/0	1.28e-05/0/0/0/0	0/0/0/0/0	0/0/0/0/0	0/0/0/0/0	0/0/0/0/0	0/0/0/0/0	0/0/0/0/0	0/0/0/0/0	0/0/0/0/0	0/0/0/0/0	0/0/0/0/0	0/0/0/0/0	0/0/0/0/0	0/0/0/0/0	0/0/0/0/0	0/0/0/0/0	0/0/0/0/0	
	Port: 4 (contain 24 entries)
		0/0/0/0/0	0/0/0/0/0	0.00010544/0/0/0/0	0.00498816/0/0/0/0	1.28e-05/0/0/0/0	3.112e-05/0/0/0/0	1.28e-05/0/0/0/0	0/0/0/0/0	1.696e-05/0/0/0/0	0/0/0/0/0	0/0/0/0/0	0/0/0/0/0	0/0/0/0/0	0/0/0/0/0	0/0/0/0/0	0/0/0/0/0	0/0/0/0/0	0/0/0/0/0	0/0/0/0/0	0/0/0/0/0	0/0/0/0/0	0/0/0/0/0	0/0/0/0/0	0/0/0/0/0	
	Port: 5 (contain 24 entries)
		0/0/0/0/0	4.64e-05/0/0/0/0	0/0/0/0/0	0/0/0/0/0	0/0/0/0/0	5.32e-05/0/0/0/0	1.28e-05/0/0/0/0	1.28e-05/0/0/0/0	0.000254/0/0/0/0	0.00036352/0/0/0/0	0/0/0/0/0	0/0/0/0/0	0/0/0/0/0	0/0/0/0/0	0/0/0/0/0	0/0/0/0/0	0/0/0/0/0	0/0/0/0/0	0/0/0/0/0	0/0/0/0/0	0/0/0/0/0	0/0/0/0/0	0/0/0/0/0	0/0/0/0/0	
	Port: 6 (contain 24 entries)
		0.00036936/0/0/0/0	3.232e-05/0/0/0/0	0/0/0/0/0	0/0/0/0/0	0/0/0/0/0	0.00023256/0/0/0/0	0.00040672/0/0/0/0	0/0/0/0/0	3.176e-05/0/0/0/0	0.0003728/0/0/0/0	0/0/0/0/0	0/0/0/0/0	0/0/0/0/0	0/0/0/0/0	0/0/0/0/0	0/0/0/0/0	0/0/0/0/0	0/0/0/0/0	0/0/0/0/0	0/0/0/0/0	0/0/0/0/0	0/0/0/0/0	0/0/0/0/0	0/0/0/0/0	
	Port: 7 (contain 24 entries)
		0/0/0/0/0	4.048e-05/0/0/0/0	0.0069728/0/0/0/0	0.0186701/0/0/0/0	0.0241924/0/0/0/0	0.00871568/0/0/0/0	0.0177632/0/0/0/0	0.00572/0/0/0/0	0.0203802/0/0/0/0	0.0333091/0/0/0/0	0.0357386/0/0/0/0	0.0357427/0/0/0/0	0.0357261/0/0/0/0	0.035905/0/0/0/0	0.0357011/0/0/0/0	0.0357261/0/0/0/0	0.0359424/0/0/0/0	0.035776/0/0/0/0	0.0356886/0/0/0/0	0.0356054/0/0/0/0	0.0358842/0/0/0/0	0.0357261/0/0/0/0	0.0357344/0/0/0/0	0.0358675/0/0/0/0	
	Port: 8 (contain 24 entries)
		0/0/0/0/0	0.0405061/0/0/0/0	0.0003248/0/0/0/0	9.952e-05/0/0/0/0	0/0/0/0/0	8.024e-05/0/0/0/0	1.28e-05/0/0/0/0	1.28e-05/0/0/0/0	2.12e-05/0/0/0/0	0/0/0/0/0	0/0/0/0/0	0/0/0/0/0	0/0/0/0/0	0/0/0/0/0	0/0/0/0/0	0/0/0/0/0	0/0/0/0/0	0/0/0/0/0	0/0/0/0/0	0/0/0/0/0	0/0/0/0/0	0/0/0/0/0	0/0/0/0/0	0/0/0/0/0	
	Port: 9 (contain 24 entries)
		0.0317575/0/0/0/0	0.00146048/0/0/0/0	0/0/0/0/0	0.450004/0/0/0/0	0.0305402/0/0/0/0	8.528e-05/0/0/0/0	0.145063/0/0/0/0	0.162192/0/0/0/0	0.149341/0/0/0/0	0.109668/0/0/0/0	0.108377/0/0/0/0	0.111978/0/0/0/0	0.113721/0/0/0/0	0.118135/0/0/0/0	0.168548/0/0/0/0	0.166922/0/0/0/0	0.184578/0/0/0/0	0.244517/0/0/0/0	0.253693/0/0/0/0	0.197356/0/0/0/0	0.206416/0/0/0/0	0.232436/0/0/0/0	0.229764/0/0/0/0	0.268097/0/0/0/0	
	Port: 10 (contain 24 entries)
		3.272e-05/0/0/0/0	4.544e-05/0/0/0/0	0.241271/0/0/0/0	0.0986243/0/0/0/0	4.144e-05/0/0/0/0	0.122821/0/0/0/0	0.340284/0/0/0/0	5.664e-05/0/0/0/0	0.0119315/0/0/0/0	0.030739/0/0/0/0	0.0356262/0/0/0/0	0.0356221/0/0/0/0	0.0356221/0/0/0/0	0.0356054/0/0/0/0	0.0355514/0/0/0/0	0.0355514/0/0/0/0	0.025871/0/0/0/0	0/0/0/0/0	0/0/0/0/0	0/0/0/0/0	0/0/0/0/0	0/0/0/0/0	0/0/0/0/0	0/0/0/0/0	
	Port: 11 (contain 24 entries)
		0.0010864/0/0/0/0	0/0/0/0/0	0.00880224/0/0/0/0	1.28e-05/0/0/0/0	0.697906/0/0/0/0	0.142993/0/0/0/0	6.224e-05/0/0/0/0	0/0/0/0/0	0.425675/0/0/0/0	0.863417/0/0/0/0	0.890483/0/0/0/0	0.886765/0/0/0/0	0.885139/0/0/0/0	0.880609/0/0/0/0	0.830312/0/0/0/0	0.831822/0/0/0/0	0.814282/0/0/0/0	0.754227/0/0/0/0	0.745166/0/0/0/0	0.801388/0/0/0/0	0.792327/0/0/0/0	0.766424/0/0/0/0	0.768979/0/0/0/0	0.730763/0/0/0/0	
	Port: 12 (contain 24 entries)
		0/0/0/0/0	0.00062816/0/0/0/0	1.28e-05/0/0/0/0	0.139027/0/0/0/0	0.0235255/0/0/0/0	2.56e-05/0/0/0/0	4.96e-05/0/0/0/0	0/0/0/0/0	1.28e-05/0/0/0/0	0/0/0/0/0	0/0/0/0/0	0/0/0/0/0	0/0/0/0/0	0/0/0/0/0	0/0/0/0/0	0/0/0/0/0	0/0/0/0/0	0/0/0/0/0	0/0/0/0/0	0/0/0/0/0	0/0/0/0/0	0/0/0/0/0	0/0/0/0/0	0/0/0/0/0	

Leaf 2: (contain: 12 ports)
	Port: 1 (contain 24 entries)
		0/0/0/0/0	1.28e-05/0/0/0/0	3.36e-05/0/0/0/0	4.48e-06/0/0/0/0	8.32e-06/0/0/0/0	0.00018896/0/0/0/0	0.00081248/0/0/0/0	0.001344/0/0/0/0	0/0/0/0/0	0/0/0/0/0	0/0/0/0/0	0/0/0/0/0	0/0/0/0/0	0/0/0/0/0	0/0/0/0/0	0/0/0/0/0	0/0/0/0/0	0/0/0/0/0	0/0/0/0/0	0/0/0/0/0	0/0/0/0/0	0/0/0/0/0	0/0/0/0/0	0/0/0/0/0	
	Port: 2 (contain 24 entries)
		0/0/0/0/0	0/0/0/0/0	0/0/0/0/0	0/0/0/0/0	0/0/0/0/0	1.28e-05/0/0/0/0	0/0/0/0/0	3.776e-05/0/0/0/0	3.56e-05/0/0/0/0	0/0/0/0/0	0/0/0/0/0	0/0/0/0/0	0/0/0/0/0	0/0/0/0/0	0/0/0/0/0	0/0/0/0/0	0/0/0/0/0	0/0/0/0/0	0/0/0/0/0	0/0/0/0/0	0/0/0/0/0	0/0/0/0/0	0/0/0/0/0	0/0/0/0/0	
	Port: 3 (contain 24 entries)
		0/0/0/0/0	0/0/0/0/0	0/0/0/0/0	0/0/0/0/0	0/0/0/0/0	8.528e-05/0/0/0/0	0.0126725/0/0/0/0	0.00011376/0/0/0/0	0.42225/0/0/0/0	0.864025/0/0/0/0	0.890366/0/0/0/0	0.886882/0/0/0/0	0.885139/0/0/0/0	0.880841/0/0/0/0	0.830079/0/0/0/0	0.832054/0/0/0/0	0.81463/0/0/0/0	0.754459/0/0/0/0	0.744353/0/0/0/0	0.801504/0/0/0/0	0.79256/0/0/0/0	0.766308/0/0/0/0	0.768979/0/0/0/0	0.730763/0/0/0/0	
	Port: 4 (contain 24 entries)
		2.112e-05/0/0/0/0	5.784e-05/0/0/0/0	0/0/0/0/0	1.728e-05/0/0/0/0	2.528e-05/0/0/0/0	0/0/0/0/0	6.688e-05/0/0/0/0	0.00012584/0/0/0/0	1.28e-05/0/0/0/0	0.00841664/0/0/0/0	0.00044096/0/0/0/0	0/0/0/0/0	0/0/0/0/0	0/0/0/0/0	0/0/0/0/0	0/0/0/0/0	0/0/0/0/0	0/0/0/0/0	0/0/0/0/0	0/0/0/0/0	0/0/0/0/0	0/0/0/0/0	0/0/0/0/0	0/0/0/0/0	
	Port: 5 (contain 24 entries)
		1.28e-05/0/0/0/0	9.048e-05/0/0/0/0	0/0/0/0/0	0.139127/0/0/0/0	0.0006092/0/0/0/0	0.0192112/0/0/0/0	0.0188312/0/0/0/0	0.0076336/0/0/0/0	0.00017888/0/0/0/0	0.165005/0/0/0/0	0.0470555/0/0/0/0	0.0223808/0/0/0/0	0.0234541/0/0/0/0	0.0237702/0/0/0/0	0.0248394/0/0/0/0	0.0336627/0/0/0/0	0.0284627/0/0/0/0	0/0/0/0/0	0/0/0/0/0	0/0/0/0/0	0/0/0/0/0	0/0/0/0/0	0/0/0/0/0	0/0/0/0/0	
	Port: 6 (contain 24 entries)
		0/0/0/0/0	7.336e-05/0/0/0/0	0/0/0/0/0	0/0/0/0/0	0/0/0/0/0	0/0/0/0/0	4.96e-05/0/0/0/0	0/0/0/0/0	0/0/0/0/0	0.00011656/0/0/0/0	0/0/0/0/0	0/0/0/0/0	0/0/0/0/0	0/0/0/0/0	0/0/0/0/0	0/0/0/0/0	0/0/0/0/0	0/0/0/0/0	0/0/0/0/0	0/0/0/0/0	0/0/0/0/0	0/0/0/0/0	0/0/0/0/0	0/0/0/0/0	
	Port: 7 (contain 24 entries)
		0/0/0/0/0	0/0/0/0/0	2.128e-05/0/0/0/0	1.696e-05/0/0/0/0	5.008e-05/0/0/0/0	1.28e-05/0/0/0/0	0/0/0/0/0	0.00068032/0/0/0/0	0.00016624/0/0/0/0	4.224e-05/0/0/0/0	0/0/0/0/0	0/0/0/0/0	0/0/0/0/0	0/0/0/0/0	0/0/0/0/0	0/0/0/0/0	0/0/0/0/0	0/0/0/0/0	0/0/0/0/0	0/0/0/0/0	0/0/0/0/0	0/0/0/0/0	0/0/0/0/0	0/0/0/0/0	
	Port: 8 (contain 24 entries)
		1.992e-05/0/0/0/0	0.00148608/0/0/0/0	0/0/0/0/0	6.96e-05/0/0/0/0	0.00074824/0/0/0/0	0/0/0/0/0	0.00031344/0/0/0/0	2.352e-05/0/0/0/0	0/0/0/0/0	0/0/0/0/0	0/0/0/0/0	0/0/0/0/0	0/0/0/0/0	0/0/0/0/0	0/0/0/0/0	0/0/0/0/0	0/0/0/0/0	0/0/0/0/0	0/0/0/0/0	0/0/0/0/0	0/0/0/0/0	0/0/0/0/0	0/0/0/0/0	0/0/0/0/0	
	Port: 9 (contain 24 entries)
		0/0/0/0/0	0.0405685/0/0/0/0	0/0/0/0/0	0.00507056/0/0/0/0	1.696e-05/0/0/0/0	8.496e-05/0/0/0/0	5.12e-05/0/0/0/0	1.28e-05/0/0/0/0	0.0148806/0/0/0/0	0.0297774/0/0/0/0	0.0318864/0/0/0/0	0.0317616/0/0/0/0	0.0316992/0/0/0/0	0.0315494/0/0/0/0	0.0297274/0/0/0/0	0.0297981/0/0/0/0	0.0291949/0/0/0/0	0.0270275/0/0/0/0	0.0266282/0/0/0/0	0.028704/0/0/0/0	0.0283878/0/0/0/0	0.0274435/0/0/0/0	0.0275392/0/0/0/0	0.0261664/0/0/0/0	
	Port: 10 (contain 24 entries)
		8.832e-05/0/0/0/0	4.048e-05/0/0/0/0	1.28e-05/0/0/0/0	0.0002488/0/0/0/0	0/0/0/0/0	0.00386672/0/0/0/0	0.597876/0/0/0/0	0.171012/0/0/0/0	0.00894432/0/0/0/0	0.412716/0/0/0/0	0.976209/0/0/0/0	0.622618/0/0/0/0	0.655839/0/0/0/0	0.666526/0/0/0/0	0.695566/0/0/0/0	0.941244/0/0/0/0	0.762116/0/0/0/0	0/0/0/0/0	0/0/0/0/0	0/0/0/0/0	0/0/0/0/0	0/0/0/0/0	0/0/0/0/0	0/0/0/0/0	
	Port: 11 (contain 24 entries)
		0.00026824/0/0/0/0	1.28e-05/0/0/0/0	0/0/0/0/0	0.00012712/0/0/0/0	0.0297652/0/0/0/0	0.518538/0/0/0/0	0.00046208/0/0/0/0	0.0372285/0/0/0/0	2.976e-05/0/0/0/0	0.0003728/0/0/0/0	0/0/0/0/0	0/0/0/0/0	0/0/0/0/0	0/0/0/0/0	0/0/0/0/0	0/0/0/0/0	0/0/0/0/0	0/0/0/0/0	0/0/0/0/0	0/0/0/0/0	0/0/0/0/0	0/0/0/0/0	0/0/0/0/0	0/0/0/0/0	
	Port: 12 (contain 24 entries)
		1.28e-05/0/0/0/0	4.624e-05/0/0/0/0	1.28e-05/0/0/0/0	4.48e-06/0/0/0/0	3.776e-05/0/0/0/0	0/0/0/0/0	0.00107976/0/0/0/0	0.00082432/0/0/0/0	3.64e-05/0/0/0/0	0.269038/0/0/0/0	0.00679792/0/0/0/0	0/0/0/0/0	0/0/0/0/0	0/0/0/0/0	0/0/0/0/0	0/0/0/0/0	0/0/0/0/0	0/0/0/0/0	0/0/0/0/0	0/0/0/0/0	0/0/0/0/0	0/0/0/0/0	0/0/0/0/0	0/0/0/0/0	

Leaf 3: (contain: 12 ports)
	Port: 1 (contain 24 entries)
		0.0011152/0/0/0/0	0/0/0/0/0	0/0/0/0/0	2.976e-05/0/0/0/0	1.28e-05/0/0/0/0	0.00019448/0/0/0/0	0/0/0/0/0	4.512e-05/0/0/0/0	0/0/0/0/0	0.00015528/0/0/0/0	0/0/0/0/0	0/0/0/0/0	0/0/0/0/0	0/0/0/0/0	0/0/0/0/0	0/0/0/0/0	0/0/0/0/0	0/0/0/0/0	0/0/0/0/0	0/0/0/0/0	0/0/0/0/0	0/0/0/0/0	0/0/0/0/0	0/0/0/0/0	
	Port: 2 (contain 24 entries)
		0/0/0/0/0	0/0/0/0/0	2.56e-05/0/0/0/0	2.976e-05/0/0/0/0	1.28e-05/0/0/0/0	0.00016288/0/0/0/0	3.776e-05/0/0/0/0	0/0/0/0/0	0/0/0/0/0	0/0/0/0/0	0/0/0/0/0	0/0/0/0/0	0/0/0/0/0	0/0/0/0/0	0/0/0/0/0	0/0/0/0/0	0/0/0/0/0	0/0/0/0/0	0/0/0/0/0	0/0/0/0/0	0/0/0/0/0	0/0/0/0/0	0/0/0/0/0	0/0/0/0/0	
	Port: 3 (contain 24 entries)
		0/0/0/0/0	0/0/0/0/0	0/0/0/0/0	0.00017352/0/0/0/0	0/0/0/0/0	4.256e-05/0/0/0/0	1.28e-05/0/0/0/0	0/0/0/0/0	1.28e-05/0/0/0/0	0/0/0/0/0	0/0/0/0/0	0/0/0/0/0	0/0/0/0/0	0/0/0/0/0	0/0/0/0/0	0/0/0/0/0	0/0/0/0/0	0/0/0/0/0	0/0/0/0/0	0/0/0/0/0	0/0/0/0/0	0/0/0/0/0	0/0/0/0/0	0/0/0/0/0	
	Port: 4 (contain 24 entries)
		3.936e-05/0/0/0/0	0.00061536/0/0/0/0	0.685219/414/601956/0/0	0.97368/503/728595/0/0	0.997122/486/706644/0/0	0.980971/333/484182/0/0	0.957507/205/298070/0/0	0.999905/215/312610/0/0	0.995272/184/267536/0/0	1.00482/236/343144/0/0	1.00165/261/379494/0/0	1.00188/287/417298/0/0	1.00176/313/455102/0/0	0.855463/0/0/0/0	0.168664/0/0/0/0	0.166806/0/0/0/0	0.183881/0/0/0/0	0.244401/0/0/0/0	0.251835/0/0/0/0	0.193058/0/0/0/0	0.20932/0/0/0/0	0.231275/0/0/0/0	0.228835/0/0/0/0	0.269956/0/0/0/0	
	Port: 5 (contain 24 entries)
		0.0001604/0/0/0/0	0/0/0/0/0	0/0/0/0/0	0/0/0/0/0	0/0/0/0/0	4.544e-05/0/0/0/0	1.28e-05/0/0/0/0	9.424e-05/0/0/0/0	0/0/0/0/0	0/0/0/0/0	0/0/0/0/0	0/0/0/0/0	0/0/0/0/0	0/0/0/0/0	0/0/0/0/0	0/0/0/0/0	0/0/0/0/0	0/0/0/0/0	0/0/0/0/0	0/0/0/0/0	0/0/0/0/0	0/0/0/0/0	0/0/0/0/0	0/0/0/0/0	
	Port: 6 (contain 24 entries)
		0/0/0/0/0	4.96e-05/0/0/0/0	0.00024048/0/0/0/0	0/0/0/0/0	0/0/0/0/0	0.00039952/0/0/0/0	1.28e-05/0/0/0/0	0/0/0/0/0	1.28e-05/0/0/0/0	0.0199162/0/0/0/0	0/0/0/0/0	0/0/0/0/0	0/0/0/0/0	0/0/0/0/0	0/0/0/0/0	0/0/0/0/0	0/0/0/0/0	0/0/0/0/0	0/0/0/0/0	0/0/0/0/0	0/0/0/0/0	0/0/0/0/0	0/0/0/0/0	0/0/0/0/0	
	Port: 7 (contain 24 entries)
		0/0/0/0/0	0.00954752/0/0/0/0	0.0278795/0/0/0/0	0.0357635/0/0/0/0	0.0651312/0/0/0/0	0.556735/0/0/0/0	0.58932/152/121608/0/0	0.23298/0/0/0/0	0.0447162/0/0/0/0	0.445937/202/154658/0/0	1.01036/467/310818/0/0	0.657312/0/0/0/0	0.688663/3/1562/0/0	0.701648/0/0/0/0	0.730182/0/0/0/0	0.974259/397/336438/0/0	0.792062/0/0/0/0	0.0357718/0/0/0/0	0.0352685/0/0/0/0	0.0301974/0/0/0/0	0.0326726/0/0/0/0	0.0355805/0/0/0/0	0.0356179/0/0/0/0	0.035593/0/0/0/0	
	Port: 8 (contain 24 entries)
		0/0/0/0/0	0/0/0/0/0	3.36e-05/0/0/0/0	0/0/0/0/0	0.540782/0/0/0/0	0.926028/0/0/0/0	1.04654/445/647030/0/0	0.924207/230/334420/0/0	1.00464/280/407120/0/0	1.00339/320/465280/0/0	1.00362/361/524894/0/0	1.00258/394/572876/0/0	1.00258/426/619404/0/0	1.00223/456/663024/0/0	1.00234/486/706644/0/0	1.00211/515/748810/0/0	1.0013/537/780798/0/0	1.00153/560/814240/0/0	0.942939/79/114866/0/0	0.774555/0/0/0/0	0.755853/0/0/0/0	0.730763/0/0/0/0	0.733202/0/0/0/0	0.692081/0/0/0/0	
	Port: 9 (contain 24 entries)
		2.976e-05/0/0/0/0	0.267326/0/0/0/0	0.822297/0/0/0/0	0.99886/0/0/0/0	0.998163/0/0/0/0	0.978764/0/0/0/0	0.979461/0/0/0/0	0.990961/0/0/0/0	0.998628/0/0/0/0	0.984688/0/0/0/0	0.890831/0/0/0/0	0.970284/0/0/0/0	0.974582/0/0/0/0	0.974234/0/0/0/0	0.973188/0/0/0/0	0.926608/0/0/0/0	0.773742/0/0/0/0	0.998744/0/0/0/0	0.998744/0/0/0/0	0.858771/0/0/0/0	0.899892/0/0/0/0	0.99886/0/0/0/0	0.998744/0/0/0/0	0.99886/0/0/0/0	
	Port: 10 (contain 24 entries)
		0.0308459/0/0/0/0	0/0/0/0/0	0.023572/0/0/0/0	0.0338503/0/0/0/0	0.0337274/0/0/0/0	0.0361506/0/0/0/0	0.043824/0/0/0/0	0.0631827/0/0/0/0	0.0604868/0/0/0/0	0.0601126/0/0/0/0	0.0585478/0/0/0/0	0.0582192/0/0/0/0	0.0577366/0/0/0/0	0.0537971/0/0/0/0	0.0276432/0/0/0/0	0.0273312/0/0/0/0	0.027689/0/0/0/0	0.0298563/0/0/0/0	0.0288122/0/0/0/0	0.0069056/0/0/0/0	0.00749632/0/0/0/0	0.00828256/0/0/0/0	0.0081952/0/0/0/0	0.00968448/0/0/0/0	
	Port: 11 (contain 24 entries)
		0/0/0/0/0	1.28e-05/0/0/0/0	3.408e-05/0/0/0/0	0.00025016/0/0/0/0	0.00065616/0/0/0/0	0.0229422/0/0/0/0	0.0188032/0/0/0/0	0.00833984/0/0/0/0	0.00024992/0/0/0/0	0.013858/0/0/0/0	0.0351686/0/0/0/0	0.0223558/0/0/0/0	0.023479/0/0/0/0	0.0237536/0/0/0/0	0.0248602/0/0/0/0	0.0336544/0/0/0/0	0.028392/0/0/0/0	0/0/0/0/0	0/0/0/0/0	0/0/0/0/0	0/0/0/0/0	0/0/0/0/0	0/0/0/0/0	0/0/0/0/0	
	Port: 12 (contain 24 entries)
		0.00012352/0/0/0/0	0/0/0/0/0	0/0/0/0/0	0.000262/0/0/0/0	0.0193197/0/0/0/0	0.0317608/0/0/0/0	0.0271952/0/0/0/0	0.00514624/0/0/0/0	0.0116064/0/0/0/0	0.0122067/0/0/0/0	0.0130042/0/0/0/0	0.0133162/0/0/0/0	0.0138029/0/0/0/0	0.0139818/0/0/0/0	0.0141648/0/0/0/0	0.0144144/0/0/0/0	0.0146349/0/0/0/0	0.0146682/0/0/0/0	0.016016/0/0/0/0	0.0280883/0/0/0/0	0.027065/0/0/0/0	0.0261706/0/0/0/0	0.0262579/0/0/0/0	0.0247728/0/0/0/0	

