Spine 0: (contain: 4 ports)
	Port: 1 (contain 24 entries)
		3.408e-05/0/0/0/0	0.00014368/0/0/0/0	0/0/0/0/0	2.064e-05/0/0/0/0	0/0/0/0/0	0.00060824/0/0/0/0	0.0010864/0/0/0/0	0.00010312/0/0/0/0	1.28e-05/0/0/0/0	8.032e-05/0/0/0/0	0/0/0/0/0	0/0/0/0/0	0/0/0/0/0	0/0/0/0/0	0/0/0/0/0	0/0/0/0/0	0/0/0/0/0	0/0/0/0/0	0/0/0/0/0	0/0/0/0/0	0/0/0/0/0	0/0/0/0/0	0/0/0/0/0	0/0/0/0/0	
	Port: 2 (contain 24 entries)
		0.0208586/0/0/0/0	0.0343325/0/0/0/0	0.0357805/0/0/0/0	0.0355557/0/0/0/0	0.022697/0/0/0/0	0.0153587/0/0/0/0	0.0211123/0/0/0/0	0.0161034/0/0/0/0	0.0238383/0/0/0/0	0.0163405/0/0/0/0	0.016224/0/0/0/0	0.0162781/0/0/0/0	0.0163571/0/0/0/0	0.0166358/0/0/0/0	0.0165901/0/0/0/0	0.0165901/0/0/0/0	0.0166566/0/0/0/0	0.0116605/0/0/0/0	0.0272022/0/0/0/0	0.0357677/0/0/0/0	0.0357718/0/0/0/0	0.0357677/0/0/0/0	0.0357718/0/0/0/0	0.0357677/0/0/0/0	
	Port: 3 (contain 24 entries)
		8.312e-05/0/0/0/0	1.28e-05/0/0/0/0	7.336e-05/0/0/0/0	0/0/0/0/0	0/0/0/0/0	0/0/0/0/0	0.157913/0/0/0/0	0/0/0/0/0	0/0/0/0/0	0.00025992/0/0/0/0	0/0/0/0/0	0/0/0/0/0	0/0/0/0/0	0/0/0/0/0	0/0/0/0/0	0/0/0/0/0	0/0/0/0/0	0/0/0/0/0	0/0/0/0/0	0/0/0/0/0	0/0/0/0/0	0/0/0/0/0	0/0/0/0/0	0/0/0/0/0	
	Port: 4 (contain 24 entries)
		0.0001476/0/0/0/0	0/0/0/0/0	0/0/0/0/0	0/0/0/0/0	0.24104/0/0/0/0	0.58231/0/0/0/0	0.567807/0/0/0/0	0.561995/0/0/0/0	0.555826/0/0/0/0	0.545496/0/0/0/0	0.545255/0/0/0/0	0.546417/0/0/0/0	0.544674/0/0/0/0	0.534917/0/0/0/0	0.536775/0/0/0/0	0.539447/0/0/0/0	0.535498/0/0/0/0	0.672334/0/0/0/0	0.198465/0/0/0/0	0/0/0/0/0	0/0/0/0/0	0/0/0/0/0	0/0/0/0/0	0/0/0/0/0	

Spine 1: (contain: 4 ports)
	Port: 1 (contain 24 entries)
		0/0/0/0/0	0/0/0/0/0	1.28e-05/0/0/0/0	0.0002624/0/0/0/0	0.0119422/0/0/0/0	0.0366207/0/0/0/0	0.0520452/0/0/0/0	0.0199222/0/0/0/0	0.0199098/0/0/0/0	0.019445/0/0/0/0	0.0195478/0/0/0/0	0.0194896/0/0/0/0	0.0194147/0/0/0/0	0.0191318/0/0/0/0	0.0191818/0/0/0/0	0.0191776/0/0/0/0	0.019111/0/0/0/0	0.0241114/0/0/0/0	0.00857376/0/0/0/0	0/0/0/0/0	0/0/0/0/0	0/0/0/0/0	0/0/0/0/0	0/0/0/0/0	
	Port: 2 (contain 24 entries)
		0.00041952/0/0/0/0	2.056e-05/0/0/0/0	0/0/0/0/0	0/0/0/0/0	0/0/0/0/0	0.00055144/0/0/0/0	0.00016088/0/0/0/0	0/0/0/0/0	0/0/0/0/0	3.232e-05/0/0/0/0	0/0/0/0/0	0/0/0/0/0	0/0/0/0/0	0/0/0/0/0	0/0/0/0/0	0/0/0/0/0	0/0/0/0/0	0/0/0/0/0	0/0/0/0/0	0/0/0/0/0	0/0/0/0/0	0/0/0/0/0	0/0/0/0/0	0/0/0/0/0	
	Port: 3 (contain 24 entries)
		0/0/0/0/0	0/0/0/0/0	9.048e-05/0/0/0/0	0/0/0/0/0	0/0/0/0/0	5.472e-05/0/0/0/0	0/0/0/0/0	0.0001448/0/0/0/0	0/0/0/0/0	0.0002352/0/0/0/0	0/0/0/0/0	0/0/0/0/0	0/0/0/0/0	0/0/0/0/0	0/0/0/0/0	0/0/0/0/0	0/0/0/0/0	0/0/0/0/0	0/0/0/0/0	0/0/0/0/0	0/0/0/0/0	0/0/0/0/0	0/0/0/0/0	0/0/0/0/0	
	Port: 4 (contain 24 entries)
		0/0/0/0/0	0/0/0/0/0	0/0/0/0/0	0.0001416/0/0/0/0	1.28e-05/0/0/0/0	0.0096476/0/0/0/0	0/0/0/0/0	4.48e-06/0/0/0/0	0.00032064/0/0/0/0	8.32e-06/0/0/0/0	0/0/0/0/0	0/0/0/0/0	0/0/0/0/0	0/0/0/0/0	0/0/0/0/0	0/0/0/0/0	0/0/0/0/0	0/0/0/0/0	0/0/0/0/0	0/0/0/0/0	0/0/0/0/0	0/0/0/0/0	0/0/0/0/0	0/0/0/0/0	

Spine 2: (contain: 4 ports)
	Port: 1 (contain 24 entries)
		0/0/0/0/0	0/0/0/0/0	0/0/0/0/0	0/0/0/0/0	0/0/0/0/0	0/0/0/0/0	0/0/0/0/0	0/0/0/0/0	0/0/0/0/0	1.696e-05/0/0/0/0	0/0/0/0/0	0/0/0/0/0	0/0/0/0/0	0/0/0/0/0	0/0/0/0/0	0/0/0/0/0	0/0/0/0/0	0/0/0/0/0	0/0/0/0/0	0/0/0/0/0	0/0/0/0/0	0/0/0/0/0	0/0/0/0/0	0/0/0/0/0	
	Port: 2 (contain 24 entries)
		1.28e-05/0/0/0/0	0/0/0/0/0	0/0/0/0/0	0/0/0/0/0	1.28e-05/0/0/0/0	8.32e-06/0/0/0/0	0.029642/0/0/0/0	0/0/0/0/0	0.00013992/0/0/0/0	1.28e-05/0/0/0/0	0/0/0/0/0	0/0/0/0/0	0/0/0/0/0	0/0/0/0/0	0/0/0/0/0	0/0/0/0/0	0/0/0/0/0	0/0/0/0/0	0/0/0/0/0	0/0/0/0/0	0/0/0/0/0	0/0/0/0/0	0/0/0/0/0	0/0/0/0/0	
	Port: 3 (contain 24 entries)
		0/0/0/0/0	0/0/0/0/0	0/0/0/0/0	1.28e-05/0/0/0/0	0/0/0/0/0	0.00024096/0/0/0/0	0.00114432/0/0/0/0	0/0/0/0/0	1.28e-05/0/0/0/0	0/0/0/0/0	0/0/0/0/0	0/0/0/0/0	0/0/0/0/0	0/0/0/0/0	0/0/0/0/0	0/0/0/0/0	0/0/0/0/0	0/0/0/0/0	0/0/0/0/0	0/0/0/0/0	0/0/0/0/0	0/0/0/0/0	0/0/0/0/0	0/0/0/0/0	
	Port: 4 (contain 24 entries)
		0/0/0/0/0	0/0/0/0/0	0/0/0/0/0	0/0/0/0/0	0/0/0/0/0	0/0/0/0/0	0/0/0/0/0	0/0/0/0/0	5.632e-05/0/0/0/0	8.32e-05/0/0/0/0	0/0/0/0/0	0/0/0/0/0	0/0/0/0/0	0/0/0/0/0	0/0/0/0/0	0/0/0/0/0	0/0/0/0/0	0.263799/0/0/0/0	0.757944/0/0/0/0	0.99886/0/0/0/0	0.998744/0/0/0/0	0.99886/0/0/0/0	0.998744/0/0/0/0	0.99886/0/0/0/0	

Spine 3: (contain: 4 ports)
	Port: 1 (contain 24 entries)
		1.696e-05/0/0/0/0	0/0/0/0/0	0/0/0/0/0	1.28e-05/0/0/0/0	0/0/0/0/0	2.56e-05/0/0/0/0	0/0/0/0/0	0/0/0/0/0	0.00033968/0/0/0/0	2.976e-05/0/0/0/0	0/0/0/0/0	0/0/0/0/0	0/0/0/0/0	0/0/0/0/0	0/0/0/0/0	0/0/0/0/0	0/0/0/0/0	0/0/0/0/0	0/0/0/0/0	0/0/0/0/0	0/0/0/0/0	0/0/0/0/0	0/0/0/0/0	0/0/0/0/0	
	Port: 2 (contain 24 entries)
		0/0/0/0/0	0/0/0/0/0	0/0/0/0/0	0/0/0/0/0	1.696e-05/0/0/0/0	0.00059104/0/0/0/0	4.208e-05/0/0/0/0	1.28e-05/0/0/0/0	0/0/0/0/0	0.00018712/0/0/0/0	0/0/0/0/0	0/0/0/0/0	0/0/0/0/0	0/0/0/0/0	0/0/0/0/0	0/0/0/0/0	0/0/0/0/0	0/0/0/0/0	0/0/0/0/0	0/0/0/0/0	0/0/0/0/0	0/0/0/0/0	0/0/0/0/0	0/0/0/0/0	
	Port: 3 (contain 24 entries)
		0/0/0/0/0	1.28e-05/0/0/0/0	0/0/0/0/0	0/0/0/0/0	0/0/0/0/0	0/0/0/0/0	0/0/0/0/0	0/0/0/0/0	0/0/0/0/0	0/0/0/0/0	0/0/0/0/0	0/0/0/0/0	0/0/0/0/0	0/0/0/0/0	0/0/0/0/0	0/0/0/0/0	0/0/0/0/0	0/0/0/0/0	0/0/0/0/0	0/0/0/0/0	0/0/0/0/0	0/0/0/0/0	0/0/0/0/0	0/0/0/0/0	
	Port: 4 (contain 24 entries)
		0.621813/0/0/0/0	0.962618/0/0/0/0	0.998744/0/0/0/0	1.01153/109/158486/0/0	0.785474/0/0/0/0	0.431784/0/0/0/0	0.436297/0/0/0/0	0.44144/0/0/0/0	0.447216/0/0/0/0	0.457094/0/0/0/0	0.457206/0/0/0/0	0.455696/0/0/0/0	0.457206/0/0/0/0	0.467079/0/0/0/0	0.464872/0/0/0/0	0.462317/0/0/0/0	0.465685/0/0/0/0	0.0472771/0/0/0/0	4.16e-06/0/0/0/0	0/0/0/0/0	0/0/0/0/0	0/0/0/0/0	0/0/0/0/0	0/0/0/0/0	

Leaf 0: (contain: 12 ports)
	Port: 1 (contain 24 entries)
		0/0/0/0/0	0/0/0/0/0	0/0/0/0/0	0/0/0/0/0	0/0/0/0/0	1.28e-05/0/0/0/0	0/0/0/0/0	0/0/0/0/0	0/0/0/0/0	0/0/0/0/0	0/0/0/0/0	0/0/0/0/0	0/0/0/0/0	0/0/0/0/0	0/0/0/0/0	0/0/0/0/0	0/0/0/0/0	0/0/0/0/0	0/0/0/0/0	0/0/0/0/0	0/0/0/0/0	0/0/0/0/0	0/0/0/0/0	0/0/0/0/0	
	Port: 2 (contain 24 entries)
		0/0/0/0/0	8.904e-05/0/0/0/0	0/0/0/0/0	0.0002624/0/0/0/0	0.0116022/0/0/0/0	0.020384/0/0/0/0	0.0203258/0/0/0/0	0.019943/0/0/0/0	0.019889/0/0/0/0	0.0194272/0/0/0/0	0.0195478/0/0/0/0	0.0194938/0/0/0/0	0.0194189/0/0/0/0	0.0191235/0/0/0/0	0.0191859/0/0/0/0	0.0191984/0/0/0/0	0.019111/0/0/0/0	0.0240822/0/0/0/0	0.00860288/0/0/0/0	0/0/0/0/0	0/0/0/0/0	0/0/0/0/0	0/0/0/0/0	0/0/0/0/0	
	Port: 3 (contain 24 entries)
		1.696e-05/0/0/0/0	0/0/0/0/0	0/0/0/0/0	0/0/0/0/0	0/0/0/0/0	0/0/0/0/0	0/0/0/0/0	1.28e-05/0/0/0/0	0/0/0/0/0	8.032e-05/0/0/0/0	0/0/0/0/0	0/0/0/0/0	0/0/0/0/0	0/0/0/0/0	0/0/0/0/0	0/0/0/0/0	0/0/0/0/0	0/0/0/0/0	0/0/0/0/0	0/0/0/0/0	0/0/0/0/0	0/0/0/0/0	0/0/0/0/0	0/0/0/0/0	
	Port: 4 (contain 24 entries)
		3.408e-05/0/0/0/0	0/0/0/0/0	0/0/0/0/0	0/0/0/0/0	0/0/0/0/0	1.28e-05/0/0/0/0	0.0317236/0/0/0/0	0/0/0/0/0	0/0/0/0/0	0/0/0/0/0	0/0/0/0/0	0/0/0/0/0	0/0/0/0/0	0/0/0/0/0	0/0/0/0/0	0/0/0/0/0	0/0/0/0/0	0/0/0/0/0	0/0/0/0/0	0/0/0/0/0	0/0/0/0/0	0/0/0/0/0	0/0/0/0/0	0/0/0/0/0	
	Port: 5 (contain 24 entries)
		0/0/0/0/0	0/0/0/0/0	0/0/0/0/0	1.28e-05/0/0/0/0	0/0/0/0/0	0/0/0/0/0	0.0010864/0/0/0/0	0/0/0/0/0	0.00032032/0/0/0/0	3.064e-05/0/0/0/0	0/0/0/0/0	0/0/0/0/0	0/0/0/0/0	0/0/0/0/0	0/0/0/0/0	0/0/0/0/0	0/0/0/0/0	0/0/0/0/0	0/0/0/0/0	0/0/0/0/0	0/0/0/0/0	0/0/0/0/0	0/0/0/0/0	0/0/0/0/0	
	Port: 6 (contain 24 entries)
		0/0/0/0/0	0/0/0/0/0	0/0/0/0/0	2.064e-05/0/0/0/0	7.608e-05/0/0/0/0	0.00025432/0/0/0/0	0/0/0/0/0	9.032e-05/0/0/0/0	3.216e-05/0/0/0/0	1.696e-05/0/0/0/0	0/0/0/0/0	0/0/0/0/0	0/0/0/0/0	0/0/0/0/0	0/0/0/0/0	0/0/0/0/0	0/0/0/0/0	0/0/0/0/0	0/0/0/0/0	0/0/0/0/0	0/0/0/0/0	0/0/0/0/0	0/0/0/0/0	0/0/0/0/0	
	Port: 7 (contain 24 entries)
		0/0/0/0/0	0/0/0/0/0	0/0/0/0/0	0/0/0/0/0	0.00026392/0/0/0/0	0.00035808/0/0/0/0	0/0/0/0/0	0/0/0/0/0	0/0/0/0/0	1.696e-05/0/0/0/0	0/0/0/0/0	0/0/0/0/0	0/0/0/0/0	0/0/0/0/0	0/0/0/0/0	0/0/0/0/0	0/0/0/0/0	0/0/0/0/0	0/0/0/0/0	0/0/0/0/0	0/0/0/0/0	0/0/0/0/0	0/0/0/0/0	0/0/0/0/0	
	Port: 8 (contain 24 entries)
		0/0/0/0/0	5.464e-05/0/0/0/0	1.28e-05/0/0/0/0	0/0/0/0/0	0/0/0/0/0	0.0162034/0/0/0/0	0/0/0/0/0	0/0/0/0/0	0/0/0/0/0	0/0/0/0/0	0/0/0/0/0	0/0/0/0/0	0/0/0/0/0	0/0/0/0/0	0/0/0/0/0	0/0/0/0/0	0/0/0/0/0	0/0/0/0/0	0/0/0/0/0	0/0/0/0/0	0/0/0/0/0	0/0/0/0/0	0/0/0/0/0	0/0/0/0/0	
	Port: 9 (contain 24 entries)
		0.0001476/0/0/0/0	1.28e-05/0/0/0/0	7.336e-05/0/0/0/0	1.28e-05/0/0/0/0	0.241845/0/0/0/0	0.581265/0/0/0/0	0.568719/0/0/0/0	0.561053/0/0/0/0	0.556406/0/0/0/0	0.545023/0/0/0/0	0.545952/0/0/0/0	0.546649/0/0/0/0	0.543977/0/0/0/0	0.535033/0/0/0/0	0.537124/0/0/0/0	0.539331/0/0/0/0	0.534801/0/0/0/0	0.672799/0/0/0/0	0.198/0/0/0/0	0/0/0/0/0	0/0/0/0/0	0/0/0/0/0	0/0/0/0/0	0/0/0/0/0	
	Port: 10 (contain 24 entries)
		0/0/0/0/0	2.056e-05/0/0/0/0	0/0/0/0/0	9.648e-05/0/0/0/0	1.28e-05/0/0/0/0	0.00970232/0/0/0/0	0/0/0/0/0	0/0/0/0/0	2.112e-05/0/0/0/0	0.00026752/0/0/0/0	0/0/0/0/0	0/0/0/0/0	0/0/0/0/0	0/0/0/0/0	0/0/0/0/0	0/0/0/0/0	0/0/0/0/0	0/0/0/0/0	0/0/0/0/0	0/0/0/0/0	0/0/0/0/0	0/0/0/0/0	0/0/0/0/0	0/0/0/0/0	
	Port: 11 (contain 24 entries)
		1.28e-05/0/0/0/0	0/0/0/0/0	0/0/0/0/0	0/0/0/0/0	2.112e-05/0/0/0/0	0/0/0/0/0	0.0307863/0/0/0/0	0/0/0/0/0	5.216e-05/0/0/0/0	9.6e-05/0/0/0/0	0/0/0/0/0	0/0/0/0/0	0/0/0/0/0	0/0/0/0/0	0/0/0/0/0	0/0/0/0/0	0/0/0/0/0	0/0/0/0/0	0/0/0/0/0	0/0/0/0/0	0/0/0/0/0	0/0/0/0/0	0/0/0/0/0	0/0/0/0/0	
	Port: 12 (contain 24 entries)
		0/0/0/0/0	1.28e-05/0/0/0/0	0/0/0/0/0	0.0138317/0/0/0/0	0.137069/0/0/0/0	0.00059104/0/0/0/0	4.208e-05/0/0/0/0	4.528e-05/0/0/0/0	0/0/0/0/0	0.00018712/0/0/0/0	0/0/0/0/0	0/0/0/0/0	0/0/0/0/0	0/0/0/0/0	0/0/0/0/0	0/0/0/0/0	0/0/0/0/0	0/0/0/0/0	4.16e-06/0/0/0/0	0/0/0/0/0	0/0/0/0/0	0/0/0/0/0	0/0/0/0/0	0/0/0/0/0	

Leaf 1: (contain: 12 ports)
	Port: 1 (contain 24 entries)
		0.0208714/0/0/0/0	0.034295/0/0/0/0	0.0357677/0/0/0/0	0.0355098/0/0/0/0	0.0227011/0/0/0/0	0.0153837/0/0/0/0	0.0154419/0/0/0/0	0.0158416/0/0/0/0	0.0158787/0/0/0/0	0.0163446/0/0/0/0	0.0162198/0/0/0/0	0.0162781/0/0/0/0	0.0163488/0/0/0/0	0.0166442/0/0/0/0	0.0165859/0/0/0/0	0.0165693/0/0/0/0	0.0166608/0/0/0/0	0.0116854/0/0/0/0	0.0271731/0/0/0/0	0.0357718/0/0/0/0	0.0357677/0/0/0/0	0.0357677/0/0/0/0	0.0357718/0/0/0/0	0.0357677/0/0/0/0	
	Port: 2 (contain 24 entries)
		0/0/0/0/0	0/0/0/0/0	0/0/0/0/0	3.312e-05/0/0/0/0	0/0/0/0/0	0/0/0/0/0	0.00016088/0/0/0/0	1.28e-05/0/0/0/0	0/0/0/0/0	0/0/0/0/0	0/0/0/0/0	0/0/0/0/0	0/0/0/0/0	0/0/0/0/0	0/0/0/0/0	0/0/0/0/0	0/0/0/0/0	0/0/0/0/0	0/0/0/0/0	0/0/0/0/0	0/0/0/0/0	0/0/0/0/0	0/0/0/0/0	0/0/0/0/0	
	Port: 3 (contain 24 entries)
		0/0/0/0/0	0/0/0/0/0	0/0/0/0/0	0/0/0/0/0	1.28e-05/0/0/0/0	8.32e-06/0/0/0/0	0.0353082/0/0/0/0	0/0/0/0/0	0/0/0/0/0	1.28e-05/0/0/0/0	0/0/0/0/0	0/0/0/0/0	0/0/0/0/0	0/0/0/0/0	0/0/0/0/0	0/0/0/0/0	0/0/0/0/0	0/0/0/0/0	0/0/0/0/0	0/0/0/0/0	0/0/0/0/0	0/0/0/0/0	0/0/0/0/0	0/0/0/0/0	
	Port: 4 (contain 24 entries)
		1.28e-05/0/0/0/0	0/0/0/0/0	0/0/0/0/0	0/0/0/0/0	1.696e-05/0/0/0/0	0.00055144/0/0/0/0	0/0/0/0/0	4.48e-06/0/0/0/0	0.00821688/0/0/0/0	0/0/0/0/0	0/0/0/0/0	0/0/0/0/0	0/0/0/0/0	0/0/0/0/0	0/0/0/0/0	0/0/0/0/0	0/0/0/0/0	0/0/0/0/0	0/0/0/0/0	0/0/0/0/0	0/0/0/0/0	0/0/0/0/0	0/0/0/0/0	0/0/0/0/0	
	Port: 5 (contain 24 entries)
		0/0/0/0/0	0/0/0/0/0	1.28e-05/0/0/0/0	0/0/0/0/0	0/0/0/0/0	0.00059104/0/0/0/0	0/0/0/0/0	0/0/0/0/0	0/0/0/0/0	0.00018712/0/0/0/0	0/0/0/0/0	0/0/0/0/0	0/0/0/0/0	0/0/0/0/0	0/0/0/0/0	0/0/0/0/0	0/0/0/0/0	0/0/0/0/0	0/0/0/0/0	0/0/0/0/0	0/0/0/0/0	0/0/0/0/0	0/0/0/0/0	0/0/0/0/0	
	Port: 6 (contain 24 entries)
		0.00040672/0/0/0/0	2.056e-05/0/0/0/0	0/0/0/0/0	1.28e-05/0/0/0/0	0/0/0/0/0	0/0/0/0/0	4.208e-05/0/0/0/0	0/0/0/0/0	0/0/0/0/0	3.232e-05/0/0/0/0	0/0/0/0/0	0/0/0/0/0	0/0/0/0/0	0/0/0/0/0	0/0/0/0/0	0/0/0/0/0	0/0/0/0/0	0/0/0/0/0	0/0/0/0/0	0/0/0/0/0	0/0/0/0/0	0/0/0/0/0	0/0/0/0/0	0/0/0/0/0	
	Port: 7 (contain 24 entries)
		0/0/0/0/0	0/0/0/0/0	0/0/0/0/0	0/0/0/0/0	0/0/0/0/0	0/0/0/0/0	0/0/0/0/0	0/0/0/0/0	0/0/0/0/0	0/0/0/0/0	0/0/0/0/0	0/0/0/0/0	0/0/0/0/0	0/0/0/0/0	0/0/0/0/0	0/0/0/0/0	0/0/0/0/0	0/0/0/0/0	0/0/0/0/0	0/0/0/0/0	0/0/0/0/0	0/0/0/0/0	0/0/0/0/0	0/0/0/0/0	
	Port: 8 (contain 24 entries)
		0/0/0/0/0	0/0/0/0/0	0/0/0/0/0	0/0/0/0/0	0/0/0/0/0	0/0/0/0/0	0/0/0/0/0	0/0/0/0/0	0.00013992/0/0/0/0	0/0/0/0/0	0/0/0/0/0	0/0/0/0/0	0/0/0/0/0	0/0/0/0/0	0/0/0/0/0	0/0/0/0/0	0/0/0/0/0	0/0/0/0/0	0/0/0/0/0	0/0/0/0/0	0/0/0/0/0	0/0/0/0/0	0/0/0/0/0	0/0/0/0/0	
	Port: 9 (contain 24 entries)
		0.0001172/0/0/0/0	1.28e-05/0/0/0/0	0/0/0/0/0	2.064e-05/0/0/0/0	0.00024048/0/0/0/0	0/0/0/0/0	0.159016/0/0/0/0	9.032e-05/0/0/0/0	0/0/0/0/0	8.032e-05/0/0/0/0	0/0/0/0/0	0/0/0/0/0	0/0/0/0/0	0/0/0/0/0	0/0/0/0/0	0/0/0/0/0	0/0/0/0/0	0/0/0/0/0	0/0/0/0/0	0/0/0/0/0	0/0/0/0/0	0/0/0/0/0	0/0/0/0/0	0/0/0/0/0	
	Port: 10 (contain 24 entries)
		0/0/0/0/0	0/0/0/0/0	9.048e-05/0/0/0/0	1.28e-05/0/0/0/0	0.00026392/0/0/0/0	0.0162076/0/0/0/0	0/0/0/0/0	5.472e-05/0/0/0/0	0.00029952/0/0/0/0	0/0/0/0/0	0/0/0/0/0	0/0/0/0/0	0/0/0/0/0	0/0/0/0/0	0/0/0/0/0	0/0/0/0/0	0/0/0/0/0	0/0/0/0/0	0/0/0/0/0	0/0/0/0/0	0/0/0/0/0	0/0/0/0/0	0/0/0/0/0	0/0/0/0/0	
	Port: 11 (contain 24 entries)
		0/0/0/0/0	0/0/0/0/0	0/0/0/0/0	0/0/0/0/0	0/0/0/0/0	2.944e-05/0/0/0/0	0/0/0/0/0	0/0/0/0/0	1.696e-05/0/0/0/0	1.696e-05/0/0/0/0	0/0/0/0/0	0/0/0/0/0	0/0/0/0/0	0/0/0/0/0	0/0/0/0/0	0/0/0/0/0	0/0/0/0/0	0.264496/0/0/0/0	0.758409/0/0/0/0	0.998744/0/0/0/0	0.99886/0/0/0/0	0.998744/0/0/0/0	0.99886/0/0/0/0	0.998744/0/0/0/0	
	Port: 12 (contain 24 entries)
		0.621813/0/0/0/0	0.96378/0/0/0/0	0.998744/0/0/0/0	0.99886/0/0/0/0	0.646663/0/0/0/0	0.432348/0/0/0/0	0.435252/0/0/0/0	0.442453/0/0/0/0	0.446519/0/0/0/0	0.457554/0/0/0/0	0.456625/0/0/0/0	0.455347/0/0/0/0	0.458019/0/0/0/0	0.466847/0/0/0/0	0.46464/0/0/0/0	0.462317/0/0/0/0	0.466499/0/0/0/0	0.0461155/0/0/0/0	0/0/0/0/0	0/0/0/0/0	0/0/0/0/0	0/0/0/0/0	0/0/0/0/0	0/0/0/0/0	

Leaf 2: (contain: 12 ports)
	Port: 1 (contain 24 entries)
		0/0/0/0/0	1.28e-05/0/0/0/0	0/0/0/0/0	0/0/0/0/0	0/0/0/0/0	6.304e-05/0/0/0/0	0/0/0/0/0	0/0/0/0/0	1.28e-05/0/0/0/0	0.00049512/0/0/0/0	0/0/0/0/0	0/0/0/0/0	0/0/0/0/0	0/0/0/0/0	0/0/0/0/0	0/0/0/0/0	0/0/0/0/0	0/0/0/0/0	0/0/0/0/0	0/0/0/0/0	0/0/0/0/0	0/0/0/0/0	0/0/0/0/0	0/0/0/0/0	
	Port: 2 (contain 24 entries)
		0/0/0/0/0	0/0/0/0/0	0/0/0/0/0	0/0/0/0/0	0/0/0/0/0	0/0/0/0/0	0/0/0/0/0	0/0/0/0/0	0/0/0/0/0	0/0/0/0/0	0/0/0/0/0	0/0/0/0/0	0/0/0/0/0	0/0/0/0/0	0/0/0/0/0	0/0/0/0/0	0/0/0/0/0	0/0/0/0/0	0/0/0/0/0	0/0/0/0/0	0/0/0/0/0	0/0/0/0/0	0/0/0/0/0	0/0/0/0/0	
	Port: 3 (contain 24 entries)
		2.528e-05/0/0/0/0	0/0/0/0/0	0/0/0/0/0	1.28e-05/0/0/0/0	0/0/0/0/0	0/0/0/0/0	0/0/0/0/0	0/0/0/0/0	0/0/0/0/0	0/0/0/0/0	0/0/0/0/0	0/0/0/0/0	0/0/0/0/0	0/0/0/0/0	0/0/0/0/0	0/0/0/0/0	0/0/0/0/0	0/0/0/0/0	0/0/0/0/0	0/0/0/0/0	0/0/0/0/0	0/0/0/0/0	0/0/0/0/0	0/0/0/0/0	
	Port: 4 (contain 24 entries)
		5.784e-05/0/0/0/0	0/0/0/0/0	0/0/0/0/0	0/0/0/0/0	0/0/0/0/0	0/0/0/0/0	0/0/0/0/0	0/0/0/0/0	0/0/0/0/0	0/0/0/0/0	0/0/0/0/0	0/0/0/0/0	0/0/0/0/0	0/0/0/0/0	0/0/0/0/0	0/0/0/0/0	0/0/0/0/0	0/0/0/0/0	0/0/0/0/0	0/0/0/0/0	0/0/0/0/0	0/0/0/0/0	0/0/0/0/0	0/0/0/0/0	
	Port: 5 (contain 24 entries)
		0/0/0/0/0	0/0/0/0/0	9.048e-05/0/0/0/0	0/0/0/0/0	0/0/0/0/0	0/0/0/0/0	0.157913/0/0/0/0	0/0/0/0/0	0/0/0/0/0	0/0/0/0/0	0/0/0/0/0	0/0/0/0/0	0/0/0/0/0	0/0/0/0/0	0/0/0/0/0	0/0/0/0/0	0/0/0/0/0	0/0/0/0/0	0/0/0/0/0	0/0/0/0/0	0/0/0/0/0	0/0/0/0/0	0/0/0/0/0	0/0/0/0/0	
	Port: 6 (contain 24 entries)
		0/0/0/0/0	0/0/0/0/0	7.336e-05/0/0/0/0	0/0/0/0/0	0/0/0/0/0	2.112e-05/0/0/0/0	0.00114432/0/0/0/0	9.456e-05/0/0/0/0	0/0/0/0/0	0/0/0/0/0	0/0/0/0/0	0/0/0/0/0	0/0/0/0/0	0/0/0/0/0	0/0/0/0/0	0/0/0/0/0	0/0/0/0/0	0/0/0/0/0	0/0/0/0/0	0/0/0/0/0	0/0/0/0/0	0/0/0/0/0	0/0/0/0/0	0/0/0/0/0	
	Port: 7 (contain 24 entries)
		0/0/0/0/0	0/0/0/0/0	0/0/0/0/0	0/0/0/0/0	0/0/0/0/0	0/0/0/0/0	0/0/0/0/0	0/0/0/0/0	0/0/0/0/0	0/0/0/0/0	0/0/0/0/0	0/0/0/0/0	0/0/0/0/0	0/0/0/0/0	0/0/0/0/0	0/0/0/0/0	0/0/0/0/0	0/0/0/0/0	0/0/0/0/0	0/0/0/0/0	0/0/0/0/0	0/0/0/0/0	0/0/0/0/0	0/0/0/0/0	
	Port: 8 (contain 24 entries)
		0/0/0/0/0	1.28e-05/0/0/0/0	0/0/0/0/0	0/0/0/0/0	0/0/0/0/0	0.00021152/0/0/0/0	0/0/0/0/0	5.024e-05/0/0/0/0	0/0/0/0/0	0/0/0/0/0	0/0/0/0/0	0/0/0/0/0	0/0/0/0/0	0/0/0/0/0	0/0/0/0/0	0/0/0/0/0	0/0/0/0/0	0/0/0/0/0	0/0/0/0/0	0/0/0/0/0	0/0/0/0/0	0/0/0/0/0	0/0/0/0/0	0/0/0/0/0	
	Port: 9 (contain 24 entries)
		0/0/0/0/0	0.00013088/0/0/0/0	1.28e-05/0/0/0/0	0/0/0/0/0	0/0/0/0/0	0.00025432/0/0/0/0	0.00566624/0/0/0/0	2.56e-05/0/0/0/0	0/0/0/0/0	8.32e-06/0/0/0/0	0/0/0/0/0	0/0/0/0/0	0/0/0/0/0	0/0/0/0/0	0/0/0/0/0	0/0/0/0/0	0/0/0/0/0	0/0/0/0/0	0/0/0/0/0	0/0/0/0/0	0/0/0/0/0	0/0/0/0/0	0/0/0/0/0	0/0/0/0/0	
	Port: 10 (contain 24 entries)
		0.00041952/0/0/0/0	0/0/0/0/0	1.28e-05/0/0/0/0	3.232e-05/0/0/0/0	0/0/0/0/0	0.00055144/0/0/0/0	0.0317236/0/0/0/0	0/0/0/0/0	0/0/0/0/0	8.32e-06/0/0/0/0	0/0/0/0/0	0/0/0/0/0	0/0/0/0/0	0/0/0/0/0	0/0/0/0/0	0/0/0/0/0	0/0/0/0/0	0/0/0/0/0	0/0/0/0/0	0/0/0/0/0	0/0/0/0/0	0/0/0/0/0	0/0/0/0/0	0/0/0/0/0	
	Port: 11 (contain 24 entries)
		0/0/0/0/0	0/0/0/0/0	0/0/0/0/0	0/0/0/0/0	0/0/0/0/0	0/0/0/0/0	0/0/0/0/0	0/0/0/0/0	0/0/0/0/0	0/0/0/0/0	0/0/0/0/0	0/0/0/0/0	0/0/0/0/0	0/0/0/0/0	0/0/0/0/0	0/0/0/0/0	0/0/0/0/0	0/0/0/0/0	0/0/0/0/0	0/0/0/0/0	0/0/0/0/0	0/0/0/0/0	0/0/0/0/0	0/0/0/0/0	
	Port: 12 (contain 24 entries)
		0/0/0/0/0	0/0/0/0/0	0/0/0/0/0	0/0/0/0/0	0/0/0/0/0	2.976e-05/0/0/0/0	0/0/0/0/0	0/0/0/0/0	3.216e-05/0/0/0/0	2.144e-05/0/0/0/0	0/0/0/0/0	0/0/0/0/0	0/0/0/0/0	0/0/0/0/0	0/0/0/0/0	0/0/0/0/0	0/0/0/0/0	0/0/0/0/0	0/0/0/0/0	0/0/0/0/0	0/0/0/0/0	0/0/0/0/0	0/0/0/0/0	0/0/0/0/0	

Leaf 3: (contain: 12 ports)
	Port: 1 (contain 24 entries)
		0/0/0/0/0	0/0/0/0/0	0/0/0/0/0	0/0/0/0/0	0/0/0/0/0	0/0/0/0/0	0/0/0/0/0	0/0/0/0/0	0/0/0/0/0	0/0/0/0/0	0/0/0/0/0	0/0/0/0/0	0/0/0/0/0	0/0/0/0/0	0/0/0/0/0	0/0/0/0/0	0/0/0/0/0	0/0/0/0/0	0/0/0/0/0	0/0/0/0/0	0/0/0/0/0	0/0/0/0/0	0/0/0/0/0	0/0/0/0/0	
	Port: 2 (contain 24 entries)
		0/0/0/0/0	0/0/0/0/0	0/0/0/0/0	1.28e-05/0/0/0/0	0/0/0/0/0	0.00961776/0/0/0/0	0/0/0/0/0	0/0/0/0/0	2.112e-05/0/0/0/0	0/0/0/0/0	0/0/0/0/0	0/0/0/0/0	0/0/0/0/0	0/0/0/0/0	0/0/0/0/0	0/0/0/0/0	0/0/0/0/0	0/0/0/0/0	0/0/0/0/0	0/0/0/0/0	0/0/0/0/0	0/0/0/0/0	0/0/0/0/0	0/0/0/0/0	
	Port: 3 (contain 24 entries)
		0/0/0/0/0	0/0/0/0/0	0/0/0/0/0	0/0/0/0/0	0/0/0/0/0	0/0/0/0/0	0/0/0/0/0	4.48e-06/0/0/0/0	0.00029952/0/0/0/0	0/0/0/0/0	0/0/0/0/0	0/0/0/0/0	0/0/0/0/0	0/0/0/0/0	0/0/0/0/0	0/0/0/0/0	0/0/0/0/0	0/0/0/0/0	0/0/0/0/0	0/0/0/0/0	0/0/0/0/0	0/0/0/0/0	0/0/0/0/0	0/0/0/0/0	
	Port: 4 (contain 24 entries)
		0/0/0/0/0	0/0/0/0/0	0/0/0/0/0	0/0/0/0/0	1.28e-05/0/0/0/0	0/0/0/0/0	0/0/0/0/0	0/0/0/0/0	3.936e-05/0/0/0/0	7.04e-05/0/0/0/0	0/0/0/0/0	0/0/0/0/0	0/0/0/0/0	0/0/0/0/0	0/0/0/0/0	0/0/0/0/0	0/0/0/0/0	0/0/0/0/0	0/0/0/0/0	0/0/0/0/0	0/0/0/0/0	0/0/0/0/0	0/0/0/0/0	0/0/0/0/0	
	Port: 5 (contain 24 entries)
		0.0001476/0/0/0/0	0/0/0/0/0	0/0/0/0/0	0/0/0/0/0	0/0/0/0/0	0/0/0/0/0	1.696e-05/0/0/0/0	0/0/0/0/0	1.696e-05/0/0/0/0	0/0/0/0/0	0/0/0/0/0	0/0/0/0/0	0/0/0/0/0	0/0/0/0/0	0/0/0/0/0	0/0/0/0/0	0/0/0/0/0	0/0/0/0/0	0/0/0/0/0	0/0/0/0/0	0/0/0/0/0	0/0/0/0/0	0/0/0/0/0	0/0/0/0/0	
	Port: 6 (contain 24 entries)
		0/0/0/0/0	0/0/0/0/0	0/0/0/0/0	0/0/0/0/0	0.00024048/0/0/0/0	0/0/0/0/0	0/0/0/0/0	1.28e-05/0/0/0/0	0/0/0/0/0	1.28e-05/0/0/0/0	0/0/0/0/0	0/0/0/0/0	0/0/0/0/0	0/0/0/0/0	0/0/0/0/0	0/0/0/0/0	0/0/0/0/0	0/0/0/0/0	0/0/0/0/0	0/0/0/0/0	0/0/0/0/0	0/0/0/0/0	0/0/0/0/0	0/0/0/0/0	
	Port: 7 (contain 24 entries)
		0/0/0/0/0	0/0/0/0/0	0/0/0/0/0	3.232e-05/0/0/0/0	0/0/0/0/0	4.68e-05/0/0/0/0	0/0/0/0/0	3.248e-05/0/0/0/0	0/0/0/0/0	0/0/0/0/0	0/0/0/0/0	0/0/0/0/0	0/0/0/0/0	0/0/0/0/0	0/0/0/0/0	0/0/0/0/0	0/0/0/0/0	0/0/0/0/0	0/0/0/0/0	0/0/0/0/0	0/0/0/0/0	0/0/0/0/0	0/0/0/0/0	0/0/0/0/0	
	Port: 8 (contain 24 entries)
		0.620768/0/0/0/0	0.962502/0/0/0/0	0.99886/0/0/0/0	0.998849/1/1454/0/0	1.00049/124/180296/0/0	1.01466/260/378040/0/0	1.00397/305/443470/0/0	1.00339/345/501630/0/0	1.00304/381/553974/0/0	1.0026/414/601956/0/0	1.00258/446/648484/0/0	1.002/474/689196/0/0	1.002/502/729908/0/0	1.00188/528/767712/0/0	1.00165/553/804062/0/0	1.00176/578/840412/0/0	1.00118/599/870946/0/0	0.983527/466/677564/0/0	0.956413/101/146854/0/0	0.998744/101/146854/0/0	0.99886/101/146854/0/0	0.998744/101/146854/0/0	0.99886/102/148308/0/0	0.998744/101/146854/0/0	
	Port: 9 (contain 24 entries)
		0.0208586/0/0/0/0	0.0343658/0/0/0/0	0.0357718/0/0/0/0	0.0355387/0/0/0/0	0.0227011/0/0/0/0	0.0156835/0/0/0/0	0.0154461/0/0/0/0	0.0161283/0/0/0/0	0.0238345/0/0/0/0	0.0165879/0/0/0/0	0.0162282/0/0/0/0	0.0162822/0/0/0/0	0.0163613/0/0/0/0	0.0166275/0/0/0/0	0.0165818/0/0/0/0	0.0166275/0/0/0/0	0.0166566/0/0/0/0	0.0116355/0/0/0/0	0.027223/0/0/0/0	0.0357718/0/0/0/0	0.0357677/0/0/0/0	0.0357718/0/0/0/0	0.0357677/0/0/0/0	0.0357718/0/0/0/0	
	Port: 10 (contain 24 entries)
		0/0/0/0/0	0/0/0/0/0	0/0/0/0/0	0.0002624/0/0/0/0	0.0116783/0/0/0/0	0.0204381/0/0/0/0	0.0204866/0/0/0/0	0.0199877/0/0/0/0	0.0199306/0/0/0/0	0.0194575/0/0/0/0	0.0195395/0/0/0/0	0.0194896/0/0/0/0	0.0194064/0/0/0/0	0.0191443/0/0/0/0	0.0191859/0/0/0/0	0.0191443/0/0/0/0	0.019111/0/0/0/0	0.0241363/0/0/0/0	0.0085488/0/0/0/0	0/0/0/0/0	0/0/0/0/0	0/0/0/0/0	0/0/0/0/0	0/0/0/0/0	
	Port: 11 (contain 24 entries)
		0/0/0/0/0	0/0/0/0/0	0/0/0/0/0	1.28e-05/0/0/0/0	0/0/0/0/0	0.00021152/0/0/0/0	0/0/0/0/0	0/0/0/0/0	0.00013992/0/0/0/0	0/0/0/0/0	0/0/0/0/0	0/0/0/0/0	0/0/0/0/0	0/0/0/0/0	0/0/0/0/0	0/0/0/0/0	0/0/0/0/0	0/0/0/0/0	0/0/0/0/0	0/0/0/0/0	0/0/0/0/0	0/0/0/0/0	0/0/0/0/0	0/0/0/0/0	
	Port: 12 (contain 24 entries)
		1.696e-05/0/0/0/0	0/0/0/0/0	0/0/0/0/0	1.28e-05/0/0/0/0	1.696e-05/0/0/0/0	1.28e-05/0/0/0/0	0/0/0/0/0	0/0/0/0/0	0.00030752/0/0/0/0	1.28e-05/0/0/0/0	0/0/0/0/0	0/0/0/0/0	0/0/0/0/0	0/0/0/0/0	0/0/0/0/0	0/0/0/0/0	0/0/0/0/0	0/0/0/0/0	0/0/0/0/0	0/0/0/0/0	0/0/0/0/0	0/0/0/0/0	0/0/0/0/0	0/0/0/0/0	

