Spine 0: (contain: 4 ports)
	Port: 1 (contain 24 entries)
		0.00012256/0/0/0/0	0.00027752/0/0/0/0	0.00892064/0/0/0/0	0.0536474/0/0/0/0	0.0357683/0/0/0/0	0.204835/0/0/0/0	0.0362245/0/0/0/0	0.0360798/0/0/0/0	0.0639939/0/0/0/0	0.0688646/0/0/0/0	0.0684237/0/0/0/0	0.0488717/0/0/0/0	0.0357677/0/0/0/0	0.0357718/0/0/0/0	0.0357677/0/0/0/0	0.0357718/0/0/0/0	0.0357677/0/0/0/0	0.0350688/0/0/0/0	0.0357718/0/0/0/0	0.0357677/0/0/0/0	0.0357718/0/0/0/0	0.0357677/0/0/0/0	0.0357677/0/0/0/0	0.0357718/0/0/0/0	
	Port: 2 (contain 24 entries)
		1.28e-05/0/0/0/0	0.00069944/0/0/0/0	2.944e-05/0/0/0/0	0.00020736/0/0/0/0	0.00502376/0/0/0/0	0/0/0/0/0	0.00026824/0/0/0/0	5.088e-05/0/0/0/0	4.72e-05/0/0/0/0	0/0/0/0/0	0/0/0/0/0	0/0/0/0/0	0/0/0/0/0	0/0/0/0/0	0/0/0/0/0	0/0/0/0/0	0/0/0/0/0	0/0/0/0/0	0/0/0/0/0	0/0/0/0/0	0/0/0/0/0	0/0/0/0/0	0/0/0/0/0	0/0/0/0/0	
	Port: 3 (contain 24 entries)
		0.00079552/0/0/0/0	1.696e-05/0/0/0/0	0.0001968/0/0/0/0	1.28e-05/0/0/0/0	0.00055592/0/0/0/0	0/0/0/0/0	5.424e-05/0/0/0/0	0.00599632/0/0/0/0	0.00016432/0/0/0/0	0/0/0/0/0	0/0/0/0/0	0/0/0/0/0	0/0/0/0/0	0/0/0/0/0	0/0/0/0/0	0/0/0/0/0	0/0/0/0/0	0/0/0/0/0	0/0/0/0/0	0/0/0/0/0	0/0/0/0/0	0/0/0/0/0	0/0/0/0/0	0/0/0/0/0	
	Port: 4 (contain 24 entries)
		1.28e-05/0/0/0/0	0.00019792/0/0/0/0	0.227148/0/0/0/0	0.650907/0/0/0/0	0.997952/0/0/0/0	0.99886/0/0/0/0	0.999337/5/7270/0/0	0.99886/6/8724/0/0	0.999213/9/13086/0/0	0.998744/9/13086/0/0	0.99886/9/13086/0/0	0.359692/0/0/0/0	0/0/0/0/0	0/0/0/0/0	0.0952512/0/0/0/0	0.109074/0/0/0/0	0.0822413/0/0/0/0	0.296328/0/0/0/0	0.998744/0/0/0/0	0.99886/0/0/0/0	0.998744/0/0/0/0	0.998744/0/0/0/0	0.99886/0/0/0/0	0.998744/0/0/0/0	

Spine 1: (contain: 4 ports)
	Port: 1 (contain 24 entries)
		3.192e-05/0/0/0/0	1.696e-05/0/0/0/0	0/0/0/0/0	0.0010864/0/0/0/0	6.752e-05/0/0/0/0	0/0/0/0/0	0/0/0/0/0	3.176e-05/0/0/0/0	1.28e-05/0/0/0/0	0/0/0/0/0	0/0/0/0/0	0/0/0/0/0	0/0/0/0/0	0/0/0/0/0	0/0/0/0/0	0/0/0/0/0	0/0/0/0/0	0/0/0/0/0	0/0/0/0/0	0/0/0/0/0	0/0/0/0/0	0/0/0/0/0	0/0/0/0/0	0/0/0/0/0	
	Port: 2 (contain 24 entries)
		0.00022824/0/0/0/0	0/0/0/0/0	0/0/0/0/0	0/0/0/0/0	1.696e-05/0/0/0/0	0.00015384/0/0/0/0	0/0/0/0/0	0/0/0/0/0	1.28e-05/0/0/0/0	0.00017472/0/0/0/0	0/0/0/0/0	0/0/0/0/0	0/0/0/0/0	0/0/0/0/0	0/0/0/0/0	0/0/0/0/0	0/0/0/0/0	0/0/0/0/0	0/0/0/0/0	0/0/0/0/0	0/0/0/0/0	0/0/0/0/0	0/0/0/0/0	0/0/0/0/0	
	Port: 3 (contain 24 entries)
		0.00011256/0/0/0/0	0/0/0/0/0	0.00025264/0/0/0/0	1.28e-05/0/0/0/0	0.139213/0/0/0/0	0/0/0/0/0	2.944e-05/0/0/0/0	0.00025768/0/0/0/0	9.248e-05/0/0/0/0	0/0/0/0/0	0/0/0/0/0	0/0/0/0/0	0/0/0/0/0	0/0/0/0/0	0/0/0/0/0	0/0/0/0/0	0/0/0/0/0	0/0/0/0/0	0/0/0/0/0	0/0/0/0/0	0/0/0/0/0	0/0/0/0/0	0/0/0/0/0	0/0/0/0/0	
	Port: 4 (contain 24 entries)
		0.622876/0/0/0/0	0.966717/0/0/0/0	0.998761/0/0/0/0	0.998744/0/0/0/0	0.998761/0/0/0/0	0.998873/0/0/0/0	0.969588/0/0/0/0	0.891885/262/380948/0/0	0.488233/0/0/0/0	0.428663/312/453648/0/0	1.00061/327/475458/0/0	0.500789/0/0/0/0	0.141367/0/0/0/0	0.139857/0/0/0/0	0/0/0/0/0	0/0/0/0/0	0/0/0/0/0	0/0/0/0/0	0/0/0/0/0	0/0/0/0/0	0/0/0/0/0	0/0/0/0/0	0/0/0/0/0	0/0/0/0/0	

Spine 2: (contain: 4 ports)
	Port: 1 (contain 24 entries)
		0.0209468/0/0/0/0	0.0345797/0/0/0/0	0.364681/3/1562/0/0	0.905574/233/176382/0/0	0.998274/247/182738/0/0	1.0021/321/238534/0/0	1.00079/284/277136/0/0	0.995358/166/241364/0/0	0.998744/165/239910/0/0	0.998163/160/232640/0/0	0.994678/124/180296/0/0	0.998744/124/180296/0/0	0.99886/124/180296/0/0	0.998744/124/180296/0/0	0.99886/124/180296/0/0	0.998744/124/180296/0/0	0.99886/125/181750/0/0	0.998744/124/180296/0/0	0.998744/124/180296/0/0	0.99886/124/180296/0/0	0.998744/124/180296/0/0	0.99886/124/180296/0/0	0.998744/124/180296/0/0	0.99886/124/180296/0/0	
	Port: 2 (contain 24 entries)
		1.28e-05/0/0/0/0	0.00442184/0/0/0/0	0.0116358/0/0/0/0	0.0302232/0/0/0/0	0.0350345/0/0/0/0	0.0344531/0/0/0/0	0.0344867/0/0/0/0	0.195771/0/0/0/0	0.0357718/0/0/0/0	0.0356816/0/0/0/0	0.035959/0/0/0/0	0.0357677/0/0/0/0	0.0357718/0/0/0/0	0.0357178/0/0/0/0	0.035801/0/0/0/0	0.0357594/0/0/0/0	0.0357968/0/0/0/0	0.0357718/0/0/0/0	0.0357718/0/0/0/0	0.0357677/0/0/0/0	0.0357718/0/0/0/0	0.0357677/0/0/0/0	0.0357718/0/0/0/0	0.0357677/0/0/0/0	
	Port: 3 (contain 24 entries)
		1.28e-05/0/0/0/0	0/0/0/0/0	2.336e-05/0/0/0/0	5.488e-05/0/0/0/0	0.00026768/0/0/0/0	0.00607896/0/0/0/0	0.0292718/0/0/0/0	0.179177/0/0/0/0	0.0176675/0/0/0/0	0.00886112/0/0/0/0	0.0320154/0/0/0/0	0.015471/0/0/0/0	0/0/0/0/0	0/0/0/0/0	0/0/0/0/0	0/0/0/0/0	0/0/0/0/0	0/0/0/0/0	0/0/0/0/0	0/0/0/0/0	0/0/0/0/0	0/0/0/0/0	0/0/0/0/0	0/0/0/0/0	
	Port: 4 (contain 24 entries)
		0.00025792/0/0/0/0	0.000254/0/0/0/0	0.00960944/0/0/0/0	7.704e-05/0/0/0/0	0.0105351/0/0/0/0	0/0/0/0/0	1.28e-05/0/0/0/0	0.00910592/0/0/0/0	0.556652/0/0/0/0	0.759501/0/0/0/0	0.894548/0/0/0/0	0.893619/0/0/0/0	0.860165/0/0/0/0	0.847503/0/0/0/0	0.907093/0/0/0/0	0.892225/0/0/0/0	0.915108/0/0/0/0	0.616292/0/0/0/0	0/0/0/0/0	0/0/0/0/0	0/0/0/0/0	0/0/0/0/0	0/0/0/0/0	0/0/0/0/0	

Spine 3: (contain: 4 ports)
	Port: 1 (contain 24 entries)
		0/0/0/0/0	1.28e-05/0/0/0/0	0.00038768/0/0/0/0	0.00028264/0/0/0/0	1.696e-05/0/0/0/0	0/0/0/0/0	0.0231958/0/0/0/0	0.00529568/0/0/0/0	0.0007068/0/0/0/0	4.96e-05/0/0/0/0	0/0/0/0/0	0/0/0/0/0	0/0/0/0/0	0/0/0/0/0	0/0/0/0/0	0/0/0/0/0	0/0/0/0/0	0/0/0/0/0	0/0/0/0/0	0/0/0/0/0	0/0/0/0/0	0/0/0/0/0	0/0/0/0/0	0/0/0/0/0	
	Port: 2 (contain 24 entries)
		0.0002156/0/0/0/0	0/0/0/0/0	3.392e-05/0/0/0/0	0.029744/0/0/0/0	0/0/0/0/0	0.0001032/0/0/0/0	1.28e-05/0/0/0/0	1.28e-05/0/0/0/0	7.528e-05/0/0/0/0	0.00087424/0/0/0/0	1.248e-05/0/0/0/0	0/0/0/0/0	0/0/0/0/0	0/0/0/0/0	0/0/0/0/0	0/0/0/0/0	0/0/0/0/0	0/0/0/0/0	0/0/0/0/0	0/0/0/0/0	0/0/0/0/0	0/0/0/0/0	0/0/0/0/0	0/0/0/0/0	
	Port: 3 (contain 24 entries)
		0/0/0/0/0	9.048e-05/0/0/0/0	4.64e-05/0/0/0/0	2.56e-05/0/0/0/0	1.28e-05/0/0/0/0	6.696e-05/0/0/0/0	2.528e-05/0/0/0/0	0/0/0/0/0	0.00108816/0/0/0/0	0/0/0/0/0	0/0/0/0/0	0/0/0/0/0	0/0/0/0/0	0/0/0/0/0	0/0/0/0/0	0/0/0/0/0	0/0/0/0/0	0/0/0/0/0	0/0/0/0/0	0/0/0/0/0	0/0/0/0/0	0/0/0/0/0	0/0/0/0/0	0/0/0/0/0	
	Port: 4 (contain 24 entries)
		0.00018536/0/0/0/0	9.648e-05/0/0/0/0	0/0/0/0/0	3.248e-05/0/0/0/0	0.00098016/0/0/0/0	2.56e-05/0/0/0/0	0.001316/0/0/0/0	4.68e-05/0/0/0/0	0.340819/2/2908/0/0	0.0810797/0/0/0/0	0/0/0/0/0	0/0/0/0/0	0/0/0/0/0	0.00627264/0/0/0/0	0/0/0/0/0	0/0/0/0/0	0/0/0/0/0	0/0/0/0/0	0/0/0/0/0	0/0/0/0/0	0/0/0/0/0	0/0/0/0/0	0/0/0/0/0	0/0/0/0/0	

Leaf 0: (contain: 12 ports)
	Port: 1 (contain 24 entries)
		0/0/0/0/0	0/0/0/0/0	1.28e-05/0/0/0/0	0/0/0/0/0	0/0/0/0/0	0/0/0/0/0	0.00010384/0/0/0/0	0/0/0/0/0	0.0085952/0/0/0/0	0.0298854/0/0/0/0	0.0289786/0/0/0/0	0.0319613/0/0/0/0	0.030759/0/0/0/0	0.0303722/0/0/0/0	0.0324064/0/0/0/0	0.0319072/0/0/0/0	0.0327018/0/0/0/0	0.0244608/0/0/0/0	0/0/0/0/0	0/0/0/0/0	0/0/0/0/0	0/0/0/0/0	0/0/0/0/0	0/0/0/0/0	
	Port: 2 (contain 24 entries)
		1.696e-05/0/0/0/0	0/0/0/0/0	0.0006788/0/0/0/0	1.28e-05/0/0/0/0	1.28e-05/0/0/0/0	0/0/0/0/0	0.0219953/0/0/0/0	2.56e-05/0/0/0/0	0/0/0/0/0	3.264e-05/0/0/0/0	0/0/0/0/0	0/0/0/0/0	0/0/0/0/0	0/0/0/0/0	0/0/0/0/0	0/0/0/0/0	0/0/0/0/0	0/0/0/0/0	0/0/0/0/0	0/0/0/0/0	0/0/0/0/0	0/0/0/0/0	0/0/0/0/0	0/0/0/0/0	
	Port: 3 (contain 24 entries)
		0/0/0/0/0	1.28e-05/0/0/0/0	0/0/0/0/0	0.0010864/0/0/0/0	2.56e-05/0/0/0/0	0/0/0/0/0	0/0/0/0/0	0/0/0/0/0	0/0/0/0/0	0/0/0/0/0	0/0/0/0/0	0/0/0/0/0	0/0/0/0/0	0/0/0/0/0	0/0/0/0/0	0/0/0/0/0	0/0/0/0/0	0/0/0/0/0	0/0/0/0/0	0/0/0/0/0	0/0/0/0/0	0/0/0/0/0	0/0/0/0/0	0/0/0/0/0	
	Port: 4 (contain 24 entries)
		0/0/0/0/0	0/0/0/0/0	0.327696/0/0/0/0	0.888055/0/0/0/0	0.961938/0/0/0/0	0.962037/0/0/0/0	0.962618/0/0/0/0	0.98132/0/0/0/0	0.998744/0/0/0/0	0.99886/0/0/0/0	0.998744/0/0/0/0	0.99886/0/0/0/0	0.998744/0/0/0/0	0.99886/0/0/0/0	0.998744/0/0/0/0	0.998744/0/0/0/0	0.99886/0/0/0/0	0.998744/0/0/0/0	0.99886/0/0/0/0	0.998744/0/0/0/0	0.99886/0/0/0/0	0.998744/0/0/0/0	0.99886/0/0/0/0	0.998744/0/0/0/0	
	Port: 5 (contain 24 entries)
		0.00012472/0/0/0/0	0/0/0/0/0	0.00039264/0/0/0/0	1.88e-05/0/0/0/0	1.696e-05/0/0/0/0	0.168951/0/0/0/0	0.00063056/0/0/0/0	0/0/0/0/0	0.00061328/0/0/0/0	0/0/0/0/0	0/0/0/0/0	0/0/0/0/0	0/0/0/0/0	0/0/0/0/0	0/0/0/0/0	0/0/0/0/0	0/0/0/0/0	0/0/0/0/0	0/0/0/0/0	0/0/0/0/0	0/0/0/0/0	0/0/0/0/0	0/0/0/0/0	0/0/0/0/0	
	Port: 6 (contain 24 entries)
		0.020905/0/0/0/0	0.0346282/0/0/0/0	0.0360178/0/0/0/0	0.0353021/0/0/0/0	0.0357302/0/0/0/0	0.0356096/0/0/0/0	0.0360509/0/0/0/0	0.0225327/0/0/0/0	0.0196272/0/0/0/0	0.00324928/0/0/0/0	0.00367328/0/0/0/0	0.0038064/0/0/0/0	0.0050128/0/0/0/0	0.00539552/0/0/0/0	0.00336544/0/0/0/0	0.00386048/0/0/0/0	0.00307008/0/0/0/0	0.010608/0/0/0/0	0.0357677/0/0/0/0	0.0357677/0/0/0/0	0.0357718/0/0/0/0	0.0357677/0/0/0/0	0.0357718/0/0/0/0	0.0357677/0/0/0/0	
	Port: 7 (contain 24 entries)
		0/0/0/0/0	1.696e-05/0/0/0/0	3.376e-05/0/0/0/0	0/0/0/0/0	0/0/0/0/0	0/0/0/0/0	0/0/0/0/0	0/0/0/0/0	0/0/0/0/0	0/0/0/0/0	0/0/0/0/0	0/0/0/0/0	0/0/0/0/0	0/0/0/0/0	0/0/0/0/0	0/0/0/0/0	0/0/0/0/0	0/0/0/0/0	0/0/0/0/0	0/0/0/0/0	0/0/0/0/0	0/0/0/0/0	0/0/0/0/0	0/0/0/0/0	
	Port: 8 (contain 24 entries)
		5.464e-05/0/0/0/0	0.00019576/0/0/0/0	0.00795008/0/0/0/0	0.0221662/0/0/0/0	0.0357763/0/0/0/0	0.0357677/0/0/0/0	0.0358371/0/0/0/0	0.0357677/0/0/0/0	0.0358487/0/0/0/0	0.0357469/0/0/0/0	0.0357677/0/0/0/0	0.0131373/0/0/0/0	0/0/0/0/0	0/0/0/0/0	0/0/0/0/0	0/0/0/0/0	0/0/0/0/0	0/0/0/0/0	0/0/0/0/0	0/0/0/0/0	0/0/0/0/0	0/0/0/0/0	0/0/0/0/0	0/0/0/0/0	
	Port: 9 (contain 24 entries)
		1.28e-05/0/0/0/0	2.56e-05/0/0/0/0	0.228322/0/0/0/0	0.650844/0/0/0/0	0.997931/0/0/0/0	0.998744/0/0/0/0	0.99886/0/0/0/0	0.998744/0/0/0/0	0.99886/0/0/0/0	0.998744/0/0/0/0	0.998744/0/0/0/0	0.358647/0/0/0/0	0/0/0/0/0	0/0/0/0/0	0.0952512/0/0/0/0	0.10919/0/0/0/0	0.0822413/0/0/0/0	0.297258/0/0/0/0	0.99886/0/0/0/0	0.998744/0/0/0/0	0.99886/0/0/0/0	0.998744/0/0/0/0	0.99886/0/0/0/0	0.998744/0/0/0/0	
	Port: 10 (contain 24 entries)
		0.622906/0/0/0/0	0.967729/0/0/0/0	0.998744/0/0/0/0	0.99886/0/0/0/0	0.998744/0/0/0/0	0.99886/0/0/0/0	0.969239/0/0/0/0	0.479508/0/0/0/0	0.00010528/0/0/0/0	0.0946128/0/0/0/0	0.104079/0/0/0/0	0.10768/0/0/0/0	0.141367/0/0/0/0	0.13974/0/0/0/0	0/0/0/0/0	0/0/0/0/0	0/0/0/0/0	0/0/0/0/0	0/0/0/0/0	0/0/0/0/0	0/0/0/0/0	0/0/0/0/0	0/0/0/0/0	0/0/0/0/0	
	Port: 11 (contain 24 entries)
		0.00026656/0/0/0/0	0.00467584/0/0/0/0	0.0212658/0/0/0/0	0.0302864/0/0/0/0	0.0349036/0/0/0/0	0.0405104/0/0/0/0	0.064107/0/0/0/0	0.210556/0/0/0/0	0.592639/1/54/0/0	0.800797/90/67860/0/0	0.924977/2/1508/0/0	0.929387/0/0/0/0	0.89582/1/54/0/0	0.884897/26/19604/0/0	0.941936/11/7594/0/0	0.928225/13/9102/0/0	0.950067/0/0/0/0	0.651015/0/0/0/0	0.0357718/0/0/0/0	0.0357677/0/0/0/0	0.0357677/0/0/0/0	0.0357718/0/0/0/0	0.0357677/0/0/0/0	0.0357718/0/0/0/0	
	Port: 12 (contain 24 entries)
		0.0001476/0/0/0/0	0.00018696/0/0/0/0	6.752e-05/0/0/0/0	0.0296873/0/0/0/0	0.00095456/0/0/0/0	0/0/0/0/0	0.00081184/0/0/0/0	5.96e-05/0/0/0/0	0.313122/0/0/0/0	0.0799309/0/0/0/0	0/0/0/0/0	0/0/0/0/0	0/0/0/0/0	0.00627264/0/0/0/0	0/0/0/0/0	0/0/0/0/0	0/0/0/0/0	0/0/0/0/0	0/0/0/0/0	0/0/0/0/0	0/0/0/0/0	0/0/0/0/0	0/0/0/0/0	0/0/0/0/0	

Leaf 1: (contain: 12 ports)
	Port: 1 (contain 24 entries)
		1.28e-05/0/0/0/0	0.00442184/0/0/0/0	1.28e-05/0/0/0/0	0/0/0/0/0	0/0/0/0/0	0/0/0/0/0	1.696e-05/0/0/0/0	0/0/0/0/0	5.048e-05/0/0/0/0	0/0/0/0/0	0/0/0/0/0	0/0/0/0/0	0/0/0/0/0	0/0/0/0/0	0/0/0/0/0	0/0/0/0/0	0/0/0/0/0	0/0/0/0/0	0/0/0/0/0	0/0/0/0/0	0/0/0/0/0	0/0/0/0/0	0/0/0/0/0	0/0/0/0/0	
	Port: 2 (contain 24 entries)
		1.28e-05/0/0/0/0	0/0/0/0/0	0/0/0/0/0	0/0/0/0/0	0.00036992/0/0/0/0	0/0/0/0/0	0/0/0/0/0	0/0/0/0/0	3.36e-05/0/0/0/0	0.00017472/0/0/0/0	0/0/0/0/0	0/0/0/0/0	0/0/0/0/0	0/0/0/0/0	0/0/0/0/0	0/0/0/0/0	0/0/0/0/0	0/0/0/0/0	0/0/0/0/0	0/0/0/0/0	0/0/0/0/0	0/0/0/0/0	0/0/0/0/0	0/0/0/0/0	
	Port: 3 (contain 24 entries)
		0/0/0/0/0	0.00069944/0/0/0/0	0/0/0/0/0	0.029744/0/0/0/0	4.872e-05/0/0/0/0	0/0/0/0/0	0/0/0/0/0	0.160627/0/0/0/0	4.16e-06/0/0/0/0	0/0/0/0/0	0/0/0/0/0	0/0/0/0/0	0/0/0/0/0	0/0/0/0/0	0/0/0/0/0	0/0/0/0/0	0/0/0/0/0	0/0/0/0/0	0/0/0/0/0	0/0/0/0/0	0/0/0/0/0	0/0/0/0/0	0/0/0/0/0	0/0/0/0/0	
	Port: 4 (contain 24 entries)
		0/0/0/0/0	0/0/0/0/0	2.112e-05/0/0/0/0	0.00114432/0/0/0/0	0/0/0/0/0	0.00015384/0/0/0/0	0/0/0/0/0	0/0/0/0/0	2.56e-05/0/0/0/0	0.00082784/0/0/0/0	1.248e-05/0/0/0/0	0/0/0/0/0	0/0/0/0/0	0/0/0/0/0	0/0/0/0/0	0/0/0/0/0	0/0/0/0/0	0/0/0/0/0	0/0/0/0/0	0/0/0/0/0	0/0/0/0/0	0/0/0/0/0	0/0/0/0/0	0/0/0/0/0	
	Port: 5 (contain 24 entries)
		0/0/0/0/0	0/0/0/0/0	0/0/0/0/0	0/0/0/0/0	0.00018712/0/0/0/0	0/0/0/0/0	0/0/0/0/0	2.976e-05/0/0/0/0	0/0/0/0/0	1.28e-05/0/0/0/0	0/0/0/0/0	0/0/0/0/0	0/0/0/0/0	0/0/0/0/0	0/0/0/0/0	0/0/0/0/0	0/0/0/0/0	0/0/0/0/0	0/0/0/0/0	0/0/0/0/0	0/0/0/0/0	0/0/0/0/0	0/0/0/0/0	0/0/0/0/0	
	Port: 6 (contain 24 entries)
		0.0002156/0/0/0/0	0/0/0/0/0	0/0/0/0/0	4.208e-05/0/0/0/0	0.00502048/0/0/0/0	0.0001032/0/0/0/0	0.00028104/0/0/0/0	1.28e-05/0/0/0/0	1.28e-05/0/0/0/0	8.832e-05/0/0/0/0	0/0/0/0/0	0/0/0/0/0	0/0/0/0/0	0/0/0/0/0	0/0/0/0/0	0/0/0/0/0	0/0/0/0/0	0/0/0/0/0	0/0/0/0/0	0/0/0/0/0	0/0/0/0/0	0/0/0/0/0	0/0/0/0/0	0/0/0/0/0	
	Port: 7 (contain 24 entries)
		0.00022824/0/0/0/0	0/0/0/0/0	0/0/0/0/0	0.00020736/0/0/0/0	0/0/0/0/0	0/0/0/0/0	0/0/0/0/0	2.112e-05/0/0/0/0	0/0/0/0/0	4.64e-05/0/0/0/0	0/0/0/0/0	0/0/0/0/0	0/0/0/0/0	0/0/0/0/0	0/0/0/0/0	0/0/0/0/0	0/0/0/0/0	0/0/0/0/0	0/0/0/0/0	0/0/0/0/0	0/0/0/0/0	0/0/0/0/0	0/0/0/0/0	0/0/0/0/0	
	Port: 8 (contain 24 entries)
		0/0/0/0/0	0/0/0/0/0	0.0116528/0/0/0/0	0.029016/0/0/0/0	0.034449/0/0/0/0	0.0344531/0/0/0/0	0.0344698/0/0/0/0	0.0351395/0/0/0/0	0.0357846/0/0/0/0	0.0355805/0/0/0/0	0.0359549/0/0/0/0	0.0357718/0/0/0/0	0.0357677/0/0/0/0	0.0357219/0/0/0/0	0.0357968/0/0/0/0	0.0357594/0/0/0/0	0.035801/0/0/0/0	0.0357718/0/0/0/0	0.0357677/0/0/0/0	0.0357718/0/0/0/0	0.0357677/0/0/0/0	0.0357718/0/0/0/0	0.0357677/0/0/0/0	0.0357718/0/0/0/0	
	Port: 9 (contain 24 entries)
		0/0/0/0/0	0.00016672/0/0/0/0	0.00077856/0/0/0/0	0.0317662/0/0/0/0	0.0002068/0/0/0/0	0/0/0/0/0	5.424e-05/0/0/0/0	0.00607072/0/0/0/0	0.000596/0/0/0/0	0/0/0/0/0	0/0/0/0/0	0/0/0/0/0	0/0/0/0/0	0/0/0/0/0	0/0/0/0/0	0/0/0/0/0	0/0/0/0/0	0/0/0/0/0	0/0/0/0/0	0/0/0/0/0	0/0/0/0/0	0/0/0/0/0	0/0/0/0/0	0/0/0/0/0	
	Port: 10 (contain 24 entries)
		8.224e-05/0/0/0/0	3.36e-05/0/0/0/0	6.96e-05/0/0/0/0	0.0010736/0/0/0/0	0.13904/0/0/0/0	1.28e-05/0/0/0/0	0/0/0/0/0	0.00025768/0/0/0/0	2.56e-05/0/0/0/0	0.0232999/0/0/0/0	4.16e-06/0/0/0/0	0/0/0/0/0	0/0/0/0/0	0/0/0/0/0	0/0/0/0/0	0/0/0/0/0	0/0/0/0/0	0/0/0/0/0	0/0/0/0/0	0/0/0/0/0	0/0/0/0/0	0/0/0/0/0	0/0/0/0/0	0/0/0/0/0	
	Port: 11 (contain 24 entries)
		7.16e-05/0/0/0/0	0/0/0/0/0	0.329555/0/0/0/0	0.870155/0/0/0/0	0.962502/0/0/0/0	0.966335/0/0/0/0	0.965987/0/0/0/0	0.978996/0/0/0/0	0.998744/0/0/0/0	0.999372/5/7270/0/0	0.993981/0/0/0/0	0.99886/0/0/0/0	0.998744/0/0/0/0	0.99886/0/0/0/0	0.998744/0/0/0/0	0.99886/0/0/0/0	0.998744/0/0/0/0	0.99886/0/0/0/0	0.998744/0/0/0/0	0.998744/0/0/0/0	0.99886/0/0/0/0	0.998744/0/0/0/0	0.99886/0/0/0/0	0.998744/0/0/0/0	
	Port: 12 (contain 24 entries)
		0/0/0/0/0	0/0/0/0/0	0/0/0/0/0	0/0/0/0/0	2.56e-05/0/0/0/0	1.696e-05/0/0/0/0	0.00014896/0/0/0/0	4.48e-06/0/0/0/0	0.00095872/0/0/0/0	4.96e-05/0/0/0/0	0/0/0/0/0	0/0/0/0/0	0/0/0/0/0	0/0/0/0/0	0/0/0/0/0	0/0/0/0/0	0/0/0/0/0	0/0/0/0/0	0/0/0/0/0	0/0/0/0/0	0/0/0/0/0	0/0/0/0/0	0/0/0/0/0	0/0/0/0/0	

Leaf 2: (contain: 12 ports)
	Port: 1 (contain 24 entries)
		0.00079552/0/0/0/0	1.696e-05/0/0/0/0	3.36e-05/0/0/0/0	0/0/0/0/0	0.00042088/0/0/0/0	0/0/0/0/0	0/0/0/0/0	0/0/0/0/0	0/0/0/0/0	0/0/0/0/0	0/0/0/0/0	0/0/0/0/0	0/0/0/0/0	0/0/0/0/0	0/0/0/0/0	0/0/0/0/0	0/0/0/0/0	0/0/0/0/0	0/0/0/0/0	0/0/0/0/0	0/0/0/0/0	0/0/0/0/0	0/0/0/0/0	0/0/0/0/0	
	Port: 2 (contain 24 entries)
		1.28e-05/0/0/0/0	0/0/0/0/0	0/0/0/0/0	0/0/0/0/0	0.00016872/0/0/0/0	5e-05/0/0/0/0	2.528e-05/0/0/0/0	0/0/0/0/0	3.208e-05/0/0/0/0	0.00032064/0/0/0/0	0/0/0/0/0	0/0/0/0/0	0/0/0/0/0	0/0/0/0/0	0/0/0/0/0	0/0/0/0/0	0/0/0/0/0	0/0/0/0/0	0/0/0/0/0	0/0/0/0/0	0/0/0/0/0	0/0/0/0/0	0/0/0/0/0	0/0/0/0/0	
	Port: 3 (contain 24 entries)
		0/0/0/0/0	0/0/0/0/0	0/0/0/0/0	0/0/0/0/0	0.0003872/0/0/0/0	0/0/0/0/0	0/0/0/0/0	0.00034296/0/0/0/0	9.248e-05/0/0/0/0	0/0/0/0/0	0/0/0/0/0	0/0/0/0/0	0/0/0/0/0	0/0/0/0/0	0/0/0/0/0	0/0/0/0/0	0/0/0/0/0	0/0/0/0/0	0/0/0/0/0	0/0/0/0/0	0/0/0/0/0	0/0/0/0/0	0/0/0/0/0	0/0/0/0/0	
	Port: 4 (contain 24 entries)
		0/0/0/0/0	0/0/0/0/0	0.00018304/0/0/0/0	4.672e-05/0/0/0/0	0/0/0/0/0	3.864e-05/0/0/0/0	0/0/0/0/0	0.00566624/0/0/0/0	0.00113184/0/0/0/0	0/0/0/0/0	0/0/0/0/0	0/0/0/0/0	0/0/0/0/0	0/0/0/0/0	0/0/0/0/0	0/0/0/0/0	0/0/0/0/0	0/0/0/0/0	0/0/0/0/0	0/0/0/0/0	0/0/0/0/0	0/0/0/0/0	0/0/0/0/0	0/0/0/0/0	
	Port: 5 (contain 24 entries)
		4.728e-05/0/0/0/0	9.048e-05/0/0/0/0	0/0/0/0/0	1.28e-05/0/0/0/0	0.139027/0/0/0/0	0/0/0/0/0	0.0286134/0/0/0/0	0.167236/0/0/0/0	0/0/0/0/0	0/0/0/0/0	0/0/0/0/0	0/0/0/0/0	0/0/0/0/0	0/0/0/0/0	0/0/0/0/0	0/0/0/0/0	0/0/0/0/0	0/0/0/0/0	0/0/0/0/0	0/0/0/0/0	0/0/0/0/0	0/0/0/0/0	0/0/0/0/0	0/0/0/0/0	
	Port: 6 (contain 24 entries)
		0/0/0/0/0	0/0/0/0/0	0/0/0/0/0	0/0/0/0/0	0/0/0/0/0	0/0/0/0/0	0.00010728/0/0/0/0	0/0/0/0/0	0/0/0/0/0	0/0/0/0/0	0/0/0/0/0	0/0/0/0/0	0/0/0/0/0	0/0/0/0/0	0/0/0/0/0	0/0/0/0/0	0/0/0/0/0	0/0/0/0/0	0/0/0/0/0	0/0/0/0/0	0/0/0/0/0	0/0/0/0/0	0/0/0/0/0	0/0/0/0/0	
	Port: 7 (contain 24 entries)
		0/0/0/0/0	0/0/0/0/0	2.336e-05/0/0/0/0	3.376e-05/0/0/0/0	1.28e-05/0/0/0/0	0.00605728/0/0/0/0	5.392e-05/0/0/0/0	0.0124845/0/0/0/0	0.017705/0/0/0/0	0.00850304/0/0/0/0	0.0320237/0/0/0/0	0.0155002/0/0/0/0	0/0/0/0/0	0/0/0/0/0	0/0/0/0/0	0/0/0/0/0	0/0/0/0/0	0/0/0/0/0	0/0/0/0/0	0/0/0/0/0	0/0/0/0/0	0/0/0/0/0	0/0/0/0/0	0/0/0/0/0	
	Port: 8 (contain 24 entries)
		6.528e-05/0/0/0/0	0/0/0/0/0	0.0002792/0/0/0/0	1.28e-05/0/0/0/0	3.248e-05/0/0/0/0	0/0/0/0/0	0/0/0/0/0	0.00021152/0/0/0/0	0.00012184/0/0/0/0	0/0/0/0/0	0/0/0/0/0	0/0/0/0/0	0/0/0/0/0	0/0/0/0/0	0/0/0/0/0	0/0/0/0/0	0/0/0/0/0	0/0/0/0/0	0/0/0/0/0	0/0/0/0/0	0/0/0/0/0	0/0/0/0/0	0/0/0/0/0	0/0/0/0/0	
	Port: 9 (contain 24 entries)
		2.56e-05/0/0/0/0	0.00017232/0/0/0/0	1.696e-05/0/0/0/0	4.512e-05/0/0/0/0	0.00502376/0/0/0/0	0.169068/0/0/0/0	0.00122728/0/0/0/0	5.088e-05/0/0/0/0	3.84e-05/0/0/0/0	0/0/0/0/0	0/0/0/0/0	0/0/0/0/0	0/0/0/0/0	0/0/0/0/0	0/0/0/0/0	0/0/0/0/0	0/0/0/0/0	0/0/0/0/0	0/0/0/0/0	0/0/0/0/0	0/0/0/0/0	0/0/0/0/0	0/0/0/0/0	0/0/0/0/0	
	Port: 10 (contain 24 entries)
		3.192e-05/0/0/0/0	0/0/0/0/0	1.696e-05/0/0/0/0	1.28e-05/0/0/0/0	3.392e-05/0/0/0/0	0.00015384/0/0/0/0	0/0/0/0/0	0.412725/0/0/0/0	0.487059/0/0/0/0	0.312319/0/0/0/0	0.896174/0/0/0/0	0.392179/0/0/0/0	0/0/0/0/0	0/0/0/0/0	0/0/0/0/0	0/0/0/0/0	0/0/0/0/0	0/0/0/0/0	0/0/0/0/0	0/0/0/0/0	0/0/0/0/0	0/0/0/0/0	0/0/0/0/0	0/0/0/0/0	
	Port: 11 (contain 24 entries)
		0/0/0/0/0	0/0/0/0/0	2.56e-05/0/0/0/0	7.288e-05/0/0/0/0	0.0105351/0/0/0/0	0/0/0/0/0	0/0/0/0/0	0.160627/0/0/0/0	1.696e-05/0/0/0/0	0/0/0/0/0	0/0/0/0/0	0/0/0/0/0	0/0/0/0/0	0/0/0/0/0	0/0/0/0/0	0/0/0/0/0	0/0/0/0/0	0/0/0/0/0	0/0/0/0/0	0/0/0/0/0	0/0/0/0/0	0/0/0/0/0	0/0/0/0/0	0/0/0/0/0	
	Port: 12 (contain 24 entries)
		3.776e-05/0/0/0/0	1.28e-05/0/0/0/0	4.656e-05/0/0/0/0	0.00038464/0/0/0/0	2.976e-05/0/0/0/0	2.56e-05/0/0/0/0	0.0015032/0/0/0/0	0.00527904/0/0/0/0	0.0286843/0/0/0/0	0/0/0/0/0	0/0/0/0/0	0/0/0/0/0	0/0/0/0/0	0/0/0/0/0	0/0/0/0/0	0/0/0/0/0	0/0/0/0/0	0/0/0/0/0	0/0/0/0/0	0/0/0/0/0	0/0/0/0/0	0/0/0/0/0	0/0/0/0/0	0/0/0/0/0	

Leaf 3: (contain: 12 ports)
	Port: 1 (contain 24 entries)
		0/0/0/0/0	0/0/0/0/0	0/0/0/0/0	0/0/0/0/0	0/0/0/0/0	0/0/0/0/0	0.00079904/0/0/0/0	0/0/0/0/0	1.28e-05/0/0/0/0	4.512e-05/0/0/0/0	0/0/0/0/0	0/0/0/0/0	0/0/0/0/0	0/0/0/0/0	0/0/0/0/0	0/0/0/0/0	0/0/0/0/0	0/0/0/0/0	0/0/0/0/0	0/0/0/0/0	0/0/0/0/0	0/0/0/0/0	0/0/0/0/0	0/0/0/0/0	
	Port: 2 (contain 24 entries)
		0/0/0/0/0	4.64e-05/0/0/0/0	0.00959664/0/0/0/0	4.16e-06/0/0/0/0	1.28e-05/0/0/0/0	0/0/0/0/0	0.0005936/0/0/0/0	0/0/0/0/0	0/0/0/0/0	0/0/0/0/0	0/0/0/0/0	0/0/0/0/0	0/0/0/0/0	0/0/0/0/0	0/0/0/0/0	0/0/0/0/0	0/0/0/0/0	0/0/0/0/0	0/0/0/0/0	0/0/0/0/0	0/0/0/0/0	0/0/0/0/0	0/0/0/0/0	0/0/0/0/0	
	Port: 3 (contain 24 entries)
		0/0/0/0/0	0/0/0/0/0	0/0/0/0/0	1.696e-05/0/0/0/0	0.0105521/0/0/0/0	1.28e-05/0/0/0/0	0/0/0/0/0	0.35267/0/0/0/0	0.5197/0/0/0/0	0.269375/0/0/0/0	0.893735/0/0/0/0	0.428886/0/0/0/0	0/0/0/0/0	0/0/0/0/0	0/0/0/0/0	0/0/0/0/0	0/0/0/0/0	0/0/0/0/0	0/0/0/0/0	0/0/0/0/0	0/0/0/0/0	0/0/0/0/0	0/0/0/0/0	0/0/0/0/0	
	Port: 4 (contain 24 entries)
		0/0/0/0/0	1.28e-05/0/0/0/0	0.226056/0/0/0/0	0.650728/0/0/0/0	0.999001/1/1454/0/0	0.998744/1/1454/0/0	0.99821/0/0/0/0	0.998873/0/0/0/0	0.998292/0/0/0/0	0.999475/6/8724/0/0	0.998744/5/7270/0/0	0.361899/0/0/0/0	0/0/0/0/0	0/0/0/0/0	0/0/0/0/0	0/0/0/0/0	0/0/0/0/0	0/0/0/0/0	0/0/0/0/0	0/0/0/0/0	0/0/0/0/0	0/0/0/0/0	0/0/0/0/0	0/0/0/0/0	
	Port: 5 (contain 24 entries)
		0.0001476/0/0/0/0	0.00017232/0/0/0/0	4.672e-05/0/0/0/0	7.288e-05/0/0/0/0	2.112e-05/0/0/0/0	0/0/0/0/0	0.00047032/0/0/0/0	3.264e-05/0/0/0/0	0/0/0/0/0	0/0/0/0/0	0/0/0/0/0	0/0/0/0/0	0/0/0/0/0	0/0/0/0/0	0/0/0/0/0	0/0/0/0/0	0/0/0/0/0	0/0/0/0/0	0/0/0/0/0	0/0/0/0/0	0/0/0/0/0	0/0/0/0/0	0/0/0/0/0	0/0/0/0/0	
	Port: 6 (contain 24 entries)
		0.00025376/0/0/0/0	0.000254/0/0/0/0	1.696e-05/0/0/0/0	0/0/0/0/0	0/0/0/0/0	1.28e-05/0/0/0/0	1.28e-05/0/0/0/0	0/0/0/0/0	0.0286843/0/0/0/0	0/0/0/0/0	0/0/0/0/0	0/0/0/0/0	0/0/0/0/0	0/0/0/0/0	0/0/0/0/0	0/0/0/0/0	0/0/0/0/0	0/0/0/0/0	0/0/0/0/0	0/0/0/0/0	0/0/0/0/0	0/0/0/0/0	0/0/0/0/0	0/0/0/0/0	
	Port: 7 (contain 24 entries)
		1.696e-05/0/0/0/0	0/0/0/0/0	1.28e-05/0/0/0/0	7.76e-05/0/0/0/0	1.28e-05/0/0/0/0	1.28e-05/0/0/0/0	0/0/0/0/0	4.68e-05/0/0/0/0	0/0/0/0/0	0/0/0/0/0	0/0/0/0/0	0/0/0/0/0	0/0/0/0/0	0/0/0/0/0	0/0/0/0/0	0/0/0/0/0	0/0/0/0/0	0/0/0/0/0	0/0/0/0/0	0/0/0/0/0	0/0/0/0/0	0/0/0/0/0	0/0/0/0/0	0/0/0/0/0	
	Port: 8 (contain 24 entries)
		0.622449/0/0/0/0	0.966083/1/1454/0/0	0.998744/0/0/0/0	0.998744/0/0/0/0	0.99886/0/0/0/0	0.998744/0/0/0/0	0.970284/0/0/0/0	0.487175/0/0/0/0	0.868546/599/870946/0/0	0.962386/258/374125/0/0	0.999445/507/737178/0/0	1.00478/558/811332/0/0	1.00142/581/844774/0/0	0.993749/535/777890/0/0	1.00223/565/821510/0/0	1.0013/586/852044/0/0	0.997466/573/833142/0/0	0.912505/0/0/0/0	0.99886/0/0/0/0	0.998744/0/0/0/0	0.998744/0/0/0/0	0.99886/0/0/0/0	0.998744/0/0/0/0	0.99886/0/0/0/0	
	Port: 9 (contain 24 entries)
		0.00090528/0/0/0/0	0.0008272/0/0/0/0	0.00837216/0/0/0/0	0.0221226/0/0/0/0	0.0361344/0/0/0/0	0.0357718/0/0/0/0	0.0358549/0/0/0/0	0.036047/0/0/0/0	0.0640402/0/0/0/0	0.0688522/0/0/0/0	0.0684362/0/0/0/0	0.0488342/0/0/0/0	0.0357677/0/0/0/0	0.0357677/0/0/0/0	0.0357718/0/0/0/0	0.0357677/0/0/0/0	0.0357718/0/0/0/0	0.0350688/0/0/0/0	0.0357677/0/0/0/0	0.0357718/0/0/0/0	0.0357677/0/0/0/0	0.0357718/0/0/0/0	0.0357677/0/0/0/0	0.0357718/0/0/0/0	
	Port: 10 (contain 24 entries)
		0.00022824/0/0/0/0	1.696e-05/0/0/0/0	0.00018304/0/0/0/0	1.28e-05/0/0/0/0	0.0002404/0/0/0/0	0/0/0/0/0	2.944e-05/0/0/0/0	3.176e-05/0/0/0/0	0/0/0/0/0	0/0/0/0/0	0/0/0/0/0	0/0/0/0/0	0/0/0/0/0	0/0/0/0/0	0/0/0/0/0	0/0/0/0/0	0/0/0/0/0	0/0/0/0/0	0/0/0/0/0	0/0/0/0/0	0/0/0/0/0	0/0/0/0/0	0/0/0/0/0	0/0/0/0/0	
	Port: 11 (contain 24 entries)
		0.0209005/0/0/0/0	0.0346088/0/0/0/0	0.0358298/0/0/0/0	0.0357718/0/0/0/0	0.0361662/0/0/0/0	0.0357935/0/0/0/0	0.0347987/0/0/0/0	0.0290205/0/0/0/0	0.0176301/0/0/0/0	0.00899968/0/0/0/0	0.0320112/0/0/0/0	0.0154378/0/0/0/0	0/0/0/0/0	0/0/0/0/0	0/0/0/0/0	0/0/0/0/0	0/0/0/0/0	0/0/0/0/0	0/0/0/0/0	0/0/0/0/0	0/0/0/0/0	0/0/0/0/0	0/0/0/0/0	0/0/0/0/0	
	Port: 12 (contain 24 entries)
		0.0002156/0/0/0/0	0/0/0/0/0	0.00035392/0/0/0/0	1.28e-05/0/0/0/0	0/0/0/0/0	0.0001532/0/0/0/0	0.0221025/0/0/0/0	0/0/0/0/0	0.00108104/0/0/0/0	0.00086144/0/0/0/0	1.248e-05/0/0/0/0	0/0/0/0/0	0/0/0/0/0	0/0/0/0/0	0/0/0/0/0	0/0/0/0/0	0/0/0/0/0	0/0/0/0/0	0/0/0/0/0	0/0/0/0/0	0/0/0/0/0	0/0/0/0/0	0/0/0/0/0	0/0/0/0/0	

