Spine 0: (contain: 4 ports)
	Port: 1 (contain 24 entries)
		1.696e-05/0/0/0/0	0/0/0/0/0	5.464e-05/0/0/0/0	0/0/0/0/0	1.28e-05/0/0/0/0	0/0/0/0/0	0/0/0/0/0	0/0/0/0/0	1.28e-05/0/0/0/0	0.00061328/0/0/0/0	0/0/0/0/0	0/0/0/0/0	0/0/0/0/0	0/0/0/0/0	0/0/0/0/0	0/0/0/0/0	0/0/0/0/0	0/0/0/0/0	0/0/0/0/0	0/0/0/0/0	0/0/0/0/0	0/0/0/0/0	0/0/0/0/0	0/0/0/0/0	
	Port: 2 (contain 24 entries)
		0/0/0/0/0	2.56e-05/0/0/0/0	0/0/0/0/0	0/0/0/0/0	1.28e-05/0/0/0/0	0/0/0/0/0	0/0/0/0/0	0/0/0/0/0	0.00090536/0/0/0/0	0/0/0/0/0	0/0/0/0/0	0/0/0/0/0	0/0/0/0/0	0/0/0/0/0	0/0/0/0/0	0/0/0/0/0	0/0/0/0/0	0/0/0/0/0	0/0/0/0/0	0/0/0/0/0	0/0/0/0/0	0/0/0/0/0	0/0/0/0/0	0/0/0/0/0	
	Port: 3 (contain 24 entries)
		0/0/0/0/0	4.192e-05/0/0/0/0	0/0/0/0/0	0/0/0/0/0	0/0/0/0/0	0/0/0/0/0	0.00012584/0/0/0/0	0/0/0/0/0	3.36e-05/0/0/0/0	0/0/0/0/0	0/0/0/0/0	0/0/0/0/0	0/0/0/0/0	0/0/0/0/0	0/0/0/0/0	0/0/0/0/0	0/0/0/0/0	0/0/0/0/0	0/0/0/0/0	0/0/0/0/0	0/0/0/0/0	0/0/0/0/0	0/0/0/0/0	0/0/0/0/0	
	Port: 4 (contain 24 entries)
		0.612288/0/0/0/0	0.962502/0/0/0/0	0.99886/0/0/0/0	0.998818/0/0/0/0	0.99886/1/1454/0/0	1.02826/255/370770/0/0	0.986792/0/0/0/0	0.709621/0/0/0/0	0.679536/0/0/0/0	0.688398/0/0/0/0	0.659905/0/0/0/0	0.654678/0/0/0/0	0.632027/0/0/0/0	0.630516/0/0/0/0	0.623198/0/0/0/0	0.61681/0/0/0/0	0.603684/0/0/0/0	0.603684/0/0/0/0	0.597179/0/0/0/0	0.591138/0/0/0/0	0.551295/0/0/0/0	0.579058/0/0/0/0	0.568952/0/0/0/0	0.558613/0/0/0/0	

Spine 1: (contain: 4 ports)
	Port: 1 (contain 24 entries)
		0/0/0/0/0	4.688e-05/0/0/0/0	0/0/0/0/0	0/0/0/0/0	0/0/0/0/0	0/0/0/0/0	0/0/0/0/0	0/0/0/0/0	0/0/0/0/0	0.0010992/0/0/0/0	0/0/0/0/0	0/0/0/0/0	0/0/0/0/0	0/0/0/0/0	0/0/0/0/0	0/0/0/0/0	0/0/0/0/0	0/0/0/0/0	0/0/0/0/0	0/0/0/0/0	0/0/0/0/0	0/0/0/0/0	0/0/0/0/0	0/0/0/0/0	
	Port: 2 (contain 24 entries)
		0/0/0/0/0	0/0/0/0/0	0.00040672/0/0/0/0	1.28e-05/0/0/0/0	6.872e-05/0/0/0/0	0/0/0/0/0	0.0322024/0/0/0/0	0/0/0/0/0	0/0/0/0/0	0/0/0/0/0	0/0/0/0/0	0/0/0/0/0	0/0/0/0/0	0/0/0/0/0	0/0/0/0/0	0/0/0/0/0	0/0/0/0/0	0/0/0/0/0	0/0/0/0/0	0/0/0/0/0	0/0/0/0/0	0/0/0/0/0	0/0/0/0/0	0/0/0/0/0	
	Port: 3 (contain 24 entries)
		0/0/0/0/0	9.744e-05/0/0/0/0	1.28e-05/0/0/0/0	0/0/0/0/0	1.28e-05/0/0/0/0	0/0/0/0/0	7.336e-05/0/0/0/0	0/0/0/0/0	0/0/0/0/0	0/0/0/0/0	0/0/0/0/0	0/0/0/0/0	0/0/0/0/0	0/0/0/0/0	0/0/0/0/0	0/0/0/0/0	0/0/0/0/0	0/0/0/0/0	0/0/0/0/0	0/0/0/0/0	0/0/0/0/0	0/0/0/0/0	0/0/0/0/0	0/0/0/0/0	
	Port: 4 (contain 24 entries)
		0.0001476/0/0/0/0	0.00046208/0/0/0/0	2.528e-05/0/0/0/0	0.00036336/0/0/0/0	0/0/0/0/0	1.28e-05/0/0/0/0	0.0900275/0/0/0/0	0.292026/0/0/0/0	0.282531/0/0/0/0	0.315491/0/0/0/0	0.343717/0/0/0/0	0.348132/0/0/0/0	0.37055/0/0/0/0	0.371944/0/0/0/0	0.378914/0/0/0/0	0.385419/0/0/0/0	0.397848/0/0/0/0	0.397964/0/0/0/0	0.404237/0/0/0/0	0.410393/0/0/0/0	0.412716/0/0/0/0	0.424681/0/0/0/0	0.433974/0/0/0/0	0.444196/0/0/0/0	

Spine 2: (contain: 4 ports)
	Port: 1 (contain 24 entries)
		0/0/0/0/0	0/0/0/0/0	0.00010704/0/0/0/0	0/0/0/0/0	0/0/0/0/0	0/0/0/0/0	0/0/0/0/0	6.752e-05/0/0/0/0	0/0/0/0/0	1.28e-05/0/0/0/0	0/0/0/0/0	0/0/0/0/0	0/0/0/0/0	0/0/0/0/0	0/0/0/0/0	0/0/0/0/0	0/0/0/0/0	0/0/0/0/0	0/0/0/0/0	0/0/0/0/0	0/0/0/0/0	0/0/0/0/0	0/0/0/0/0	0/0/0/0/0	
	Port: 2 (contain 24 entries)
		0.0209507/0/0/0/0	0.0339872/0/0/0/0	0.0357841/0/0/0/0	0.0357718/0/0/0/0	0.0357677/0/0/0/0	0.0352019/0/0/0/0	0.0303472/0/0/0/0	0.0253635/0/0/0/0	0.0253261/0/0/0/0	0.0541948/0/0/0/0	0.0236038/0/0/0/0	0.0232253/0/0/0/0	0.0227219/0/0/0/0	0.0225181/0/0/0/0	0.022256/0/0/0/0	0.0219814/0/0/0/0	0.0216195/0/0/0/0	0.0215696/0/0/0/0	0.0211952/0/0/0/0	0.0211245/0/0/0/0	0.0206419/0/0/0/0	0.0205712/0/0/0/0	0.020305/0/0/0/0	0.019943/0/0/0/0	
	Port: 3 (contain 24 entries)
		0/0/0/0/0	0.01258/0/0/0/0	0/0/0/0/0	1.28e-05/0/0/0/0	0/0/0/0/0	0/0/0/0/0	0/0/0/0/0	0/0/0/0/0	0/0/0/0/0	0/0/0/0/0	0/0/0/0/0	0/0/0/0/0	0/0/0/0/0	0/0/0/0/0	0/0/0/0/0	0/0/0/0/0	0/0/0/0/0	0/0/0/0/0	0/0/0/0/0	0/0/0/0/0	0/0/0/0/0	0/0/0/0/0	0/0/0/0/0	0/0/0/0/0	
	Port: 4 (contain 24 entries)
		0/0/0/0/0	0/0/0/0/0	0/0/0/0/0	0/0/0/0/0	9.648e-05/0/0/0/0	0/0/0/0/0	0/0/0/0/0	0/0/0/0/0	0.0096008/0/0/0/0	1.28e-05/0/0/0/0	0/0/0/0/0	0/0/0/0/0	0/0/0/0/0	0/0/0/0/0	0/0/0/0/0	0/0/0/0/0	0/0/0/0/0	0/0/0/0/0	0/0/0/0/0	0/0/0/0/0	0/0/0/0/0	0/0/0/0/0	0/0/0/0/0	0/0/0/0/0	

Spine 3: (contain: 4 ports)
	Port: 1 (contain 24 entries)
		0/0/0/0/0	0/0/0/0/0	0/0/0/0/0	0/0/0/0/0	0/0/0/0/0	0.00066376/0/0/0/0	0.00542048/0/0/0/0	0.0104042/0/0/0/0	0.0106959/0/0/0/0	0.0112842/0/0/0/0	0.0121638/0/0/0/0	0.0125466/0/0/0/0	0.0130458/0/0/0/0	0.0132538/0/0/0/0	0.0135117/0/0/0/0	0.0137862/0/0/0/0	0.0141523/0/0/0/0	0.0141981/0/0/0/0	0.0145766/0/0/0/0	0.0146432/0/0/0/0	0.0151299/0/0/0/0	0.0151965/0/0/0/0	0.0154669/0/0/0/0	0.0158246/0/0/0/0	
	Port: 2 (contain 24 entries)
		0/0/0/0/0	0/0/0/0/0	3.392e-05/0/0/0/0	1.696e-05/0/0/0/0	0/0/0/0/0	0/0/0/0/0	1.28e-05/0/0/0/0	0/0/0/0/0	0/0/0/0/0	0/0/0/0/0	0/0/0/0/0	0/0/0/0/0	0/0/0/0/0	0/0/0/0/0	0/0/0/0/0	0/0/0/0/0	0/0/0/0/0	0/0/0/0/0	0/0/0/0/0	0/0/0/0/0	0/0/0/0/0	0/0/0/0/0	0/0/0/0/0	0/0/0/0/0	
	Port: 3 (contain 24 entries)
		1.28e-05/0/0/0/0	0/0/0/0/0	0/0/0/0/0	0/0/0/0/0	3.376e-05/0/0/0/0	0/0/0/0/0	0/0/0/0/0	1.28e-05/0/0/0/0	0/0/0/0/0	0/0/0/0/0	0/0/0/0/0	0/0/0/0/0	0/0/0/0/0	0/0/0/0/0	0/0/0/0/0	0/0/0/0/0	0/0/0/0/0	0/0/0/0/0	0/0/0/0/0	0/0/0/0/0	0/0/0/0/0	0/0/0/0/0	0/0/0/0/0	0/0/0/0/0	
	Port: 4 (contain 24 entries)
		0/0/0/0/0	0.0009152/0/0/0/0	0.0003616/0/0/0/0	0/0/0/0/0	0/0/0/0/0	0/0/0/0/0	0/0/0/0/0	0/0/0/0/0	2.112e-05/0/0/0/0	7.944e-05/0/0/0/0	0/0/0/0/0	0/0/0/0/0	0/0/0/0/0	0/0/0/0/0	0/0/0/0/0	0/0/0/0/0	0/0/0/0/0	0/0/0/0/0	0/0/0/0/0	0/0/0/0/0	0/0/0/0/0	0/0/0/0/0	0/0/0/0/0	0/0/0/0/0	

Leaf 0: (contain: 12 ports)
	Port: 1 (contain 24 entries)
		0/0/0/0/0	0/0/0/0/0	0/0/0/0/0	0/0/0/0/0	0/0/0/0/0	0/0/0/0/0	0/0/0/0/0	0/0/0/0/0	1.28e-05/0/0/0/0	0/0/0/0/0	0/0/0/0/0	0/0/0/0/0	0/0/0/0/0	0/0/0/0/0	0/0/0/0/0	0/0/0/0/0	0/0/0/0/0	0/0/0/0/0	0/0/0/0/0	0/0/0/0/0	0/0/0/0/0	0/0/0/0/0	0/0/0/0/0	0/0/0/0/0	
	Port: 2 (contain 24 entries)
		0/0/0/0/0	0/0/0/0/0	1.28e-05/0/0/0/0	0/0/0/0/0	0/0/0/0/0	0.00054944/0/0/0/0	0.0054288/0/0/0/0	0.0104042/0/0/0/0	0.0104541/0/0/0/0	0.0112486/0/0/0/0	0.0121763/0/0/0/0	0.0125091/0/0/0/0	0.0130832/0/0/0/0	0.0132538/0/0/0/0	0.0135117/0/0/0/0	0.0137696/0/0/0/0	0.014169/0/0/0/0	0.0141981/0/0/0/0	0.0145392/0/0/0/0	0.0146474/0/0/0/0	0.015159/0/0/0/0	0.0151798/0/0/0/0	0.015471/0/0/0/0	0.0158413/0/0/0/0	
	Port: 3 (contain 24 entries)
		1.696e-05/0/0/0/0	0/0/0/0/0	0/0/0/0/0	0/0/0/0/0	0/0/0/0/0	0/0/0/0/0	0/0/0/0/0	6.752e-05/0/0/0/0	0/0/0/0/0	0/0/0/0/0	0/0/0/0/0	0/0/0/0/0	0/0/0/0/0	0/0/0/0/0	0/0/0/0/0	0/0/0/0/0	0/0/0/0/0	0/0/0/0/0	0/0/0/0/0	0/0/0/0/0	0/0/0/0/0	0/0/0/0/0	0/0/0/0/0	0/0/0/0/0	
	Port: 4 (contain 24 entries)
		0/0/0/0/0	3.408e-05/0/0/0/0	9.424e-05/0/0/0/0	0/0/0/0/0	0/0/0/0/0	0/0/0/0/0	0/0/0/0/0	0/0/0/0/0	0/0/0/0/0	0/0/0/0/0	0/0/0/0/0	0/0/0/0/0	0/0/0/0/0	0/0/0/0/0	0/0/0/0/0	0/0/0/0/0	0/0/0/0/0	0/0/0/0/0	0/0/0/0/0	0/0/0/0/0	0/0/0/0/0	0/0/0/0/0	0/0/0/0/0	0/0/0/0/0	
	Port: 5 (contain 24 entries)
		0/0/0/0/0	0/0/0/0/0	0/0/0/0/0	0/0/0/0/0	0/0/0/0/0	0/0/0/0/0	0/0/0/0/0	0/0/0/0/0	0/0/0/0/0	0.00061328/0/0/0/0	0/0/0/0/0	0/0/0/0/0	0/0/0/0/0	0/0/0/0/0	0/0/0/0/0	0/0/0/0/0	0/0/0/0/0	0/0/0/0/0	0/0/0/0/0	0/0/0/0/0	0/0/0/0/0	0/0/0/0/0	0/0/0/0/0	0/0/0/0/0	
	Port: 6 (contain 24 entries)
		0/0/0/0/0	1.28e-05/0/0/0/0	0/0/0/0/0	0/0/0/0/0	0/0/0/0/0	0/0/0/0/0	0/0/0/0/0	0/0/0/0/0	0.00025432/0/0/0/0	2.56e-05/0/0/0/0	0/0/0/0/0	0/0/0/0/0	0/0/0/0/0	0/0/0/0/0	0/0/0/0/0	0/0/0/0/0	0/0/0/0/0	0/0/0/0/0	0/0/0/0/0	0/0/0/0/0	0/0/0/0/0	0/0/0/0/0	0/0/0/0/0	0/0/0/0/0	
	Port: 7 (contain 24 entries)
		0/0/0/0/0	0/0/0/0/0	0/0/0/0/0	0/0/0/0/0	1.28e-05/0/0/0/0	0/0/0/0/0	0/0/0/0/0	0/0/0/0/0	0/0/0/0/0	0.00110952/0/0/0/0	0/0/0/0/0	0/0/0/0/0	0/0/0/0/0	0/0/0/0/0	0/0/0/0/0	0/0/0/0/0	0/0/0/0/0	0/0/0/0/0	0/0/0/0/0	0/0/0/0/0	0/0/0/0/0	0/0/0/0/0	0/0/0/0/0	0/0/0/0/0	
	Port: 8 (contain 24 entries)
		0/0/0/0/0	0/0/0/0/0	5.464e-05/0/0/0/0	0/0/0/0/0	0/0/0/0/0	9.352e-05/0/0/0/0	0/0/0/0/0	0/0/0/0/0	0/0/0/0/0	0/0/0/0/0	0/0/0/0/0	0/0/0/0/0	0/0/0/0/0	0/0/0/0/0	0/0/0/0/0	0/0/0/0/0	0/0/0/0/0	0/0/0/0/0	0/0/0/0/0	0/0/0/0/0	0/0/0/0/0	0/0/0/0/0	0/0/0/0/0	0/0/0/0/0	
	Port: 9 (contain 24 entries)
		0/0/0/0/0	1.28e-05/0/0/0/0	0/0/0/0/0	0/0/0/0/0	0/0/0/0/0	0.0295133/0/0/0/0	0.110236/0/0/0/0	0/0/0/0/0	3.36e-05/0/0/0/0	3.36e-05/0/0/0/0	0/0/0/0/0	0/0/0/0/0	0/0/0/0/0	0/0/0/0/0	0/0/0/0/0	0/0/0/0/0	0/0/0/0/0	0/0/0/0/0	0/0/0/0/0	0/0/0/0/0	0/0/0/0/0	0/0/0/0/0	0/0/0/0/0	0/0/0/0/0	
	Port: 10 (contain 24 entries)
		0.0001476/0/0/0/0	0/0/0/0/0	0/0/0/0/0	0/0/0/0/0	0/0/0/0/0	1.28e-05/0/0/0/0	0.089327/0/0/0/0	0.292026/0/0/0/0	0.282036/0/0/0/0	0.315839/0/0/0/0	0.343369/0/0/0/0	0.349293/0/0/0/0	0.369389/0/0/0/0	0.371944/0/0/0/0	0.378914/0/0/0/0	0.385767/0/0/0/0	0.3975/0/0/0/0	0.397964/0/0/0/0	0.405398/0/0/0/0	0.410277/0/0/0/0	0.411671/0/0/0/0	0.425262/0/0/0/0	0.434206/0/0/0/0	0.444428/0/0/0/0	
	Port: 11 (contain 24 entries)
		0/0/0/0/0	0/0/0/0/0	2.056e-05/0/0/0/0	0/0/0/0/0	9.648e-05/0/0/0/0	0/0/0/0/0	0/0/0/0/0	0/0/0/0/0	0/0/0/0/0	0.0296969/0/0/0/0	0/0/0/0/0	0/0/0/0/0	0/0/0/0/0	0/0/0/0/0	0/0/0/0/0	0/0/0/0/0	0/0/0/0/0	0/0/0/0/0	0/0/0/0/0	0/0/0/0/0	0/0/0/0/0	0/0/0/0/0	0/0/0/0/0	0/0/0/0/0	
	Port: 12 (contain 24 entries)
		0/0/0/0/0	7.04e-05/0/0/0/0	2.56e-05/0/0/0/0	0/0/0/0/0	0/0/0/0/0	0/0/0/0/0	0/0/0/0/0	1.28e-05/0/0/0/0	2.112e-05/0/0/0/0	7.944e-05/0/0/0/0	0/0/0/0/0	0/0/0/0/0	0/0/0/0/0	0/0/0/0/0	0/0/0/0/0	0/0/0/0/0	0/0/0/0/0	0/0/0/0/0	0/0/0/0/0	0/0/0/0/0	0/0/0/0/0	0/0/0/0/0	0/0/0/0/0	0/0/0/0/0	

Leaf 1: (contain: 12 ports)
	Port: 1 (contain 24 entries)
		0/0/0/0/0	0/0/0/0/0	0/0/0/0/0	0/0/0/0/0	0/0/0/0/0	0/0/0/0/0	0/0/0/0/0	0/0/0/0/0	0/0/0/0/0	0/0/0/0/0	0/0/0/0/0	0/0/0/0/0	0/0/0/0/0	0/0/0/0/0	0/0/0/0/0	0/0/0/0/0	0/0/0/0/0	0/0/0/0/0	0/0/0/0/0	0/0/0/0/0	0/0/0/0/0	0/0/0/0/0	0/0/0/0/0	0/0/0/0/0	
	Port: 2 (contain 24 entries)
		9.216e-05/0/0/0/0	0/0/0/0/0	1.28e-05/0/0/0/0	1.696e-05/0/0/0/0	0/0/0/0/0	0/0/0/0/0	0/0/0/0/0	0/0/0/0/0	0/0/0/0/0	0/0/0/0/0	0/0/0/0/0	0/0/0/0/0	0/0/0/0/0	0/0/0/0/0	0/0/0/0/0	0/0/0/0/0	0/0/0/0/0	0/0/0/0/0	0/0/0/0/0	0/0/0/0/0	0/0/0/0/0	0/0/0/0/0	0/0/0/0/0	0/0/0/0/0	
	Port: 3 (contain 24 entries)
		0/0/0/0/0	0/0/0/0/0	0/0/0/0/0	0/0/0/0/0	0/0/0/0/0	0/0/0/0/0	0/0/0/0/0	0/0/0/0/0	0/0/0/0/0	0.029642/0/0/0/0	0/0/0/0/0	0/0/0/0/0	0/0/0/0/0	0/0/0/0/0	0/0/0/0/0	0/0/0/0/0	0/0/0/0/0	0/0/0/0/0	0/0/0/0/0	0/0/0/0/0	0/0/0/0/0	0/0/0/0/0	0/0/0/0/0	0/0/0/0/0	
	Port: 4 (contain 24 entries)
		0/0/0/0/0	0/0/0/0/0	0/0/0/0/0	0/0/0/0/0	0/0/0/0/0	0/0/0/0/0	0/0/0/0/0	0/0/0/0/0	0.00055144/0/0/0/0	0/0/0/0/0	0/0/0/0/0	0/0/0/0/0	0/0/0/0/0	0/0/0/0/0	0/0/0/0/0	0/0/0/0/0	0/0/0/0/0	0/0/0/0/0	0/0/0/0/0	0/0/0/0/0	0/0/0/0/0	0/0/0/0/0	0/0/0/0/0	0/0/0/0/0	
	Port: 5 (contain 24 entries)
		0/0/0/0/0	0/0/0/0/0	0/0/0/0/0	0/0/0/0/0	0/0/0/0/0	0/0/0/0/0	0/0/0/0/0	0/0/0/0/0	0.00035392/0/0/0/0	0/0/0/0/0	0/0/0/0/0	0/0/0/0/0	0/0/0/0/0	0/0/0/0/0	0/0/0/0/0	0/0/0/0/0	0/0/0/0/0	0/0/0/0/0	0/0/0/0/0	0/0/0/0/0	0/0/0/0/0	0/0/0/0/0	0/0/0/0/0	0/0/0/0/0	
	Port: 6 (contain 24 entries)
		0/0/0/0/0	1.28e-05/0/0/0/0	0.00042728/0/0/0/0	0/0/0/0/0	6.872e-05/0/0/0/0	0/0/0/0/0	1.28e-05/0/0/0/0	0/0/0/0/0	0/0/0/0/0	4.208e-05/0/0/0/0	0/0/0/0/0	0/0/0/0/0	0/0/0/0/0	0/0/0/0/0	0/0/0/0/0	0/0/0/0/0	0/0/0/0/0	0/0/0/0/0	0/0/0/0/0	0/0/0/0/0	0/0/0/0/0	0/0/0/0/0	0/0/0/0/0	0/0/0/0/0	
	Port: 7 (contain 24 entries)
		0.0208586/0/0/0/0	0.0339626/0/0/0/0	0.0357677/0/0/0/0	0.0357677/0/0/0/0	0.0357677/0/0/0/0	0.0352227/0/0/0/0	0.0625454/0/0/0/0	0.0253594/0/0/0/0	0.0253178/0/0/0/0	0.024519/0/0/0/0	0.0235955/0/0/0/0	0.0232586/0/0/0/0	0.0226845/0/0/0/0	0.0225181/0/0/0/0	0.022256/0/0/0/0	0.0220022/0/0/0/0	0.0215987/0/0/0/0	0.0215738/0/0/0/0	0.0212285/0/0/0/0	0.0211245/0/0/0/0	0.0206086/0/0/0/0	0.0205878/0/0/0/0	0.0203008/0/0/0/0	0.0199264/0/0/0/0	
	Port: 8 (contain 24 entries)
		0/0/0/0/0	0/0/0/0/0	2.112e-05/0/0/0/0	1.28e-05/0/0/0/0	1.28e-05/0/0/0/0	0/0/0/0/0	0/0/0/0/0	0/0/0/0/0	0/0/0/0/0	0/0/0/0/0	0/0/0/0/0	0/0/0/0/0	0/0/0/0/0	0/0/0/0/0	0/0/0/0/0	0/0/0/0/0	0/0/0/0/0	0/0/0/0/0	0/0/0/0/0	0/0/0/0/0	0/0/0/0/0	0/0/0/0/0	0/0/0/0/0	0/0/0/0/0	
	Port: 9 (contain 24 entries)
		0.613333/0/0/0/0	0.962618/0/0/0/0	0.998744/0/0/0/0	0.99886/0/0/0/0	0.998744/0/0/0/0	0.99886/0/0/0/0	0.875963/0/0/0/0	0.709738/0/0/0/0	0.679884/0/0/0/0	0.688132/0/0/0/0	0.660137/0/0/0/0	0.653632/0/0/0/0	0.633072/0/0/0/0	0.630633/0/0/0/0	0.623198/0/0/0/0	0.616461/0/0/0/0	0.604032/0/0/0/0	0.603567/0/0/0/0	0.596249/0/0/0/0	0.591022/0/0/0/0	0.552457/0/0/0/0	0.578361/0/0/0/0	0.568836/0/0/0/0	0.558265/0/0/0/0	
	Port: 10 (contain 24 entries)
		0/0/0/0/0	0.00013152/0/0/0/0	2.528e-05/0/0/0/0	0.00036336/0/0/0/0	1.28e-05/0/0/0/0	0/0/0/0/0	0.00123848/0/0/0/0	0/0/0/0/0	2.944e-05/0/0/0/0	0.0010864/0/0/0/0	0/0/0/0/0	0/0/0/0/0	0/0/0/0/0	0/0/0/0/0	0/0/0/0/0	0/0/0/0/0	0/0/0/0/0	0/0/0/0/0	0/0/0/0/0	0/0/0/0/0	0/0/0/0/0	0/0/0/0/0	0/0/0/0/0	0/0/0/0/0	
	Port: 11 (contain 24 entries)
		0/0/0/0/0	0/0/0/0/0	0.00010704/0/0/0/0	0/0/0/0/0	0/0/0/0/0	0/0/0/0/0	0/0/0/0/0	0/0/0/0/0	0.0096008/0/0/0/0	0/0/0/0/0	0/0/0/0/0	0/0/0/0/0	0/0/0/0/0	0/0/0/0/0	0/0/0/0/0	0/0/0/0/0	0/0/0/0/0	0/0/0/0/0	0/0/0/0/0	0/0/0/0/0	0/0/0/0/0	0/0/0/0/0	0/0/0/0/0	0/0/0/0/0	
	Port: 12 (contain 24 entries)
		1.28e-05/0/0/0/0	0/0/0/0/0	0.00025448/0/0/0/0	0/0/0/0/0	3.376e-05/0/0/0/0	0/0/0/0/0	0/0/0/0/0	0/0/0/0/0	0/0/0/0/0	0/0/0/0/0	0/0/0/0/0	0/0/0/0/0	0/0/0/0/0	0/0/0/0/0	0/0/0/0/0	0/0/0/0/0	0/0/0/0/0	0/0/0/0/0	0/0/0/0/0	0/0/0/0/0	0/0/0/0/0	0/0/0/0/0	0/0/0/0/0	0/0/0/0/0	

Leaf 2: (contain: 12 ports)
	Port: 1 (contain 24 entries)
		0/0/0/0/0	0/0/0/0/0	0/0/0/0/0	1.28e-05/0/0/0/0	0/0/0/0/0	0/0/0/0/0	0/0/0/0/0	1.28e-05/0/0/0/0	3.36e-05/0/0/0/0	0/0/0/0/0	0/0/0/0/0	0/0/0/0/0	0/0/0/0/0	0/0/0/0/0	0/0/0/0/0	0/0/0/0/0	0/0/0/0/0	0/0/0/0/0	0/0/0/0/0	0/0/0/0/0	0/0/0/0/0	0/0/0/0/0	0/0/0/0/0	0/0/0/0/0	
	Port: 2 (contain 24 entries)
		1.28e-05/0/0/0/0	0/0/0/0/0	0/0/0/0/0	0/0/0/0/0	0/0/0/0/0	0/0/0/0/0	0/0/0/0/0	0/0/0/0/0	0/0/0/0/0	0/0/0/0/0	0/0/0/0/0	0/0/0/0/0	0/0/0/0/0	0/0/0/0/0	0/0/0/0/0	0/0/0/0/0	0/0/0/0/0	0/0/0/0/0	0/0/0/0/0	0/0/0/0/0	0/0/0/0/0	0/0/0/0/0	0/0/0/0/0	0/0/0/0/0	
	Port: 3 (contain 24 entries)
		0/0/0/0/0	0.01258/0/0/0/0	0/0/0/0/0	0/0/0/0/0	0/0/0/0/0	0/0/0/0/0	0/0/0/0/0	0/0/0/0/0	0/0/0/0/0	0/0/0/0/0	0/0/0/0/0	0/0/0/0/0	0/0/0/0/0	0/0/0/0/0	0/0/0/0/0	0/0/0/0/0	0/0/0/0/0	0/0/0/0/0	0/0/0/0/0	0/0/0/0/0	0/0/0/0/0	0/0/0/0/0	0/0/0/0/0	0/0/0/0/0	
	Port: 4 (contain 24 entries)
		0/0/0/0/0	9.744e-05/0/0/0/0	0/0/0/0/0	0/0/0/0/0	0/0/0/0/0	0/0/0/0/0	0.00012584/0/0/0/0	0/0/0/0/0	0/0/0/0/0	0/0/0/0/0	0/0/0/0/0	0/0/0/0/0	0/0/0/0/0	0/0/0/0/0	0/0/0/0/0	0/0/0/0/0	0/0/0/0/0	0/0/0/0/0	0/0/0/0/0	0/0/0/0/0	0/0/0/0/0	0/0/0/0/0	0/0/0/0/0	0/0/0/0/0	
	Port: 5 (contain 24 entries)
		0/0/0/0/0	0/0/0/0/0	0/0/0/0/0	0/0/0/0/0	0/0/0/0/0	0/0/0/0/0	0/0/0/0/0	0/0/0/0/0	0/0/0/0/0	0/0/0/0/0	0/0/0/0/0	0/0/0/0/0	0/0/0/0/0	0/0/0/0/0	0/0/0/0/0	0/0/0/0/0	0/0/0/0/0	0/0/0/0/0	0/0/0/0/0	0/0/0/0/0	0/0/0/0/0	0/0/0/0/0	0/0/0/0/0	0/0/0/0/0	
	Port: 6 (contain 24 entries)
		0/0/0/0/0	0/0/0/0/0	0/0/0/0/0	0/0/0/0/0	1.28e-05/0/0/0/0	0/0/0/0/0	7.336e-05/0/0/0/0	0/0/0/0/0	0/0/0/0/0	0/0/0/0/0	0/0/0/0/0	0/0/0/0/0	0/0/0/0/0	0/0/0/0/0	0/0/0/0/0	0/0/0/0/0	0/0/0/0/0	0/0/0/0/0	0/0/0/0/0	0/0/0/0/0	0/0/0/0/0	0/0/0/0/0	0/0/0/0/0	0/0/0/0/0	
	Port: 7 (contain 24 entries)
		0/0/0/0/0	0/0/0/0/0	1.28e-05/0/0/0/0	0/0/0/0/0	3.376e-05/0/0/0/0	0/0/0/0/0	0/0/0/0/0	0/0/0/0/0	0/0/0/0/0	0/0/0/0/0	0/0/0/0/0	0/0/0/0/0	0/0/0/0/0	0/0/0/0/0	0/0/0/0/0	0/0/0/0/0	0/0/0/0/0	0/0/0/0/0	0/0/0/0/0	0/0/0/0/0	0/0/0/0/0	0/0/0/0/0	0/0/0/0/0	0/0/0/0/0	
	Port: 8 (contain 24 entries)
		0/0/0/0/0	4.192e-05/0/0/0/0	0/0/0/0/0	0/0/0/0/0	0/0/0/0/0	0/0/0/0/0	0/0/0/0/0	0/0/0/0/0	0/0/0/0/0	0/0/0/0/0	0/0/0/0/0	0/0/0/0/0	0/0/0/0/0	0/0/0/0/0	0/0/0/0/0	0/0/0/0/0	0/0/0/0/0	0/0/0/0/0	0/0/0/0/0	0/0/0/0/0	0/0/0/0/0	0/0/0/0/0	0/0/0/0/0	0/0/0/0/0	
	Port: 9 (contain 24 entries)
		0/0/0/0/0	1.28e-05/0/0/0/0	0/0/0/0/0	7.464e-05/0/0/0/0	1.28e-05/0/0/0/0	0/0/0/0/0	1.28e-05/0/0/0/0	0/0/0/0/0	1.28e-05/0/0/0/0	0/0/0/0/0	0/0/0/0/0	0/0/0/0/0	0/0/0/0/0	0/0/0/0/0	0/0/0/0/0	0/0/0/0/0	0/0/0/0/0	0/0/0/0/0	0/0/0/0/0	0/0/0/0/0	0/0/0/0/0	0/0/0/0/0	0/0/0/0/0	0/0/0/0/0	
	Port: 10 (contain 24 entries)
		0/0/0/0/0	0.00046208/0/0/0/0	0/0/0/0/0	0/0/0/0/0	6.872e-05/0/0/0/0	0/0/0/0/0	0/0/0/0/0	0/0/0/0/0	0/0/0/0/0	0/0/0/0/0	0/0/0/0/0	0/0/0/0/0	0/0/0/0/0	0/0/0/0/0	0/0/0/0/0	0/0/0/0/0	0/0/0/0/0	0/0/0/0/0	0/0/0/0/0	0/0/0/0/0	0/0/0/0/0	0/0/0/0/0	0/0/0/0/0	0/0/0/0/0	
	Port: 11 (contain 24 entries)
		9.216e-05/0/0/0/0	0/0/0/0/0	0/0/0/0/0	0/0/0/0/0	0/0/0/0/0	0/0/0/0/0	0/0/0/0/0	6.752e-05/0/0/0/0	0/0/0/0/0	0/0/0/0/0	0/0/0/0/0	0/0/0/0/0	0/0/0/0/0	0/0/0/0/0	0/0/0/0/0	0/0/0/0/0	0/0/0/0/0	0/0/0/0/0	0/0/0/0/0	0/0/0/0/0	0/0/0/0/0	0/0/0/0/0	0/0/0/0/0	0/0/0/0/0	
	Port: 12 (contain 24 entries)
		0/0/0/0/0	0.0008448/0/0/0/0	9.432e-05/0/0/0/0	0/0/0/0/0	0/0/0/0/0	0/0/0/0/0	1.28e-05/0/0/0/0	0/0/0/0/0	0/0/0/0/0	0/0/0/0/0	0/0/0/0/0	0/0/0/0/0	0/0/0/0/0	0/0/0/0/0	0/0/0/0/0	0/0/0/0/0	0/0/0/0/0	0/0/0/0/0	0/0/0/0/0	0/0/0/0/0	0/0/0/0/0	0/0/0/0/0	0/0/0/0/0	0/0/0/0/0	

Leaf 3: (contain: 12 ports)
	Port: 1 (contain 24 entries)
		0/0/0/0/0	0/0/0/0/0	1.28e-05/0/0/0/0	0.00024512/0/0/0/0	0/0/0/0/0	0/0/0/0/0	0/0/0/0/0	0/0/0/0/0	2.944e-05/0/0/0/0	0/0/0/0/0	0/0/0/0/0	0/0/0/0/0	0/0/0/0/0	0/0/0/0/0	0/0/0/0/0	0/0/0/0/0	0/0/0/0/0	0/0/0/0/0	0/0/0/0/0	0/0/0/0/0	0/0/0/0/0	0/0/0/0/0	0/0/0/0/0	0/0/0/0/0	
	Port: 2 (contain 24 entries)
		0/0/0/0/0	0/0/0/0/0	0/0/0/0/0	0.00011824/0/0/0/0	0/0/0/0/0	0/0/0/0/0	0/0/0/0/0	0/0/0/0/0	0.0096008/0/0/0/0	0/0/0/0/0	0/0/0/0/0	0/0/0/0/0	0/0/0/0/0	0/0/0/0/0	0/0/0/0/0	0/0/0/0/0	0/0/0/0/0	0/0/0/0/0	0/0/0/0/0	0/0/0/0/0	0/0/0/0/0	0/0/0/0/0	0/0/0/0/0	0/0/0/0/0	
	Port: 3 (contain 24 entries)
		0/0/0/0/0	0.00046208/0/0/0/0	2.528e-05/0/0/0/0	0/0/0/0/0	0/0/0/0/0	0/0/0/0/0	1.28e-05/0/0/0/0	0/0/0/0/0	0/0/0/0/0	0/0/0/0/0	0/0/0/0/0	0/0/0/0/0	0/0/0/0/0	0/0/0/0/0	0/0/0/0/0	0/0/0/0/0	0/0/0/0/0	0/0/0/0/0	0/0/0/0/0	0/0/0/0/0	0/0/0/0/0	0/0/0/0/0	0/0/0/0/0	0/0/0/0/0	
	Port: 4 (contain 24 entries)
		0/0/0/0/0	0.0009152/0/0/0/0	0/0/0/0/0	0/0/0/0/0	0/0/0/0/0	0/0/0/0/0	0/0/0/0/0	0/0/0/0/0	0/0/0/0/0	3.36e-05/0/0/0/0	0/0/0/0/0	0/0/0/0/0	0/0/0/0/0	0/0/0/0/0	0/0/0/0/0	0/0/0/0/0	0/0/0/0/0	0/0/0/0/0	0/0/0/0/0	0/0/0/0/0	0/0/0/0/0	0/0/0/0/0	0/0/0/0/0	0/0/0/0/0	
	Port: 5 (contain 24 entries)
		0.0001476/0/0/0/0	0/0/0/0/0	0/0/0/0/0	0/0/0/0/0	0/0/0/0/0	0/0/0/0/0	0/0/0/0/0	0/0/0/0/0	0/0/0/0/0	3.264e-05/0/0/0/0	0/0/0/0/0	0/0/0/0/0	0/0/0/0/0	0/0/0/0/0	0/0/0/0/0	0/0/0/0/0	0/0/0/0/0	0/0/0/0/0	0/0/0/0/0	0/0/0/0/0	0/0/0/0/0	0/0/0/0/0	0/0/0/0/0	0/0/0/0/0	
	Port: 6 (contain 24 entries)
		0/0/0/0/0	0/0/0/0/0	0.00025448/0/0/0/0	7.464e-05/0/0/0/0	0/0/0/0/0	0/0/0/0/0	0/0/0/0/0	0/0/0/0/0	2.112e-05/0/0/0/0	0/0/0/0/0	0/0/0/0/0	0/0/0/0/0	0/0/0/0/0	0/0/0/0/0	0/0/0/0/0	0/0/0/0/0	0/0/0/0/0	0/0/0/0/0	0/0/0/0/0	0/0/0/0/0	0/0/0/0/0	0/0/0/0/0	0/0/0/0/0	0/0/0/0/0	
	Port: 7 (contain 24 entries)
		0/0/0/0/0	0/0/0/0/0	0/0/0/0/0	0/0/0/0/0	0/0/0/0/0	1.28e-05/0/0/0/0	0.00116512/0/0/0/0	0/0/0/0/0	0/0/0/0/0	5.96e-05/0/0/0/0	0/0/0/0/0	0/0/0/0/0	0/0/0/0/0	0/0/0/0/0	0/0/0/0/0	0/0/0/0/0	0/0/0/0/0	0/0/0/0/0	0/0/0/0/0	0/0/0/0/0	0/0/0/0/0	0/0/0/0/0	0/0/0/0/0	0/0/0/0/0	
	Port: 8 (contain 24 entries)
		0.611126/0/0/0/0	0.962618/0/0/0/0	0.998838/1/1454/0/0	0.998744/0/0/0/0	0.99884/1/1454/0/0	0.998868/1/1454/0/0	1.06321/556/808424/0/0	1.00176/581/844774/0/0	0.961921/262/380948/0/0	1.00397/306/444924/0/0	1.00351/347/504538/0/0	1.00293/383/556882/0/0	1.00246/414/601956/0/0	1.00246/446/648484/0/0	1.00223/475/690650/0/0	1.00211/504/732816/0/0	1.00165/528/767712/0/0	1.00153/552/802608/0/0	1.00153/575/836050/0/0	1.00142/598/869492/0/0	0.964128/296/430384/0/0	1.00362/338/491452/0/0	1.00304/375/545250/0/0	1.00258/407/591778/0/0	
	Port: 9 (contain 24 entries)
		1.696e-05/0/0/0/0	4.192e-05/0/0/0/0	5.464e-05/0/0/0/0	0/0/0/0/0	1.28e-05/0/0/0/0	0/0/0/0/0	0.00012584/0/0/0/0	0/0/0/0/0	0.00090536/0/0/0/0	0.00061328/0/0/0/0	0/0/0/0/0	0/0/0/0/0	0/0/0/0/0	0/0/0/0/0	0/0/0/0/0	0/0/0/0/0	0/0/0/0/0	0/0/0/0/0	0/0/0/0/0	0/0/0/0/0	0/0/0/0/0	0/0/0/0/0	0/0/0/0/0	0/0/0/0/0	
	Port: 10 (contain 24 entries)
		0/0/0/0/0	1.28e-05/0/0/0/0	0.00041952/0/0/0/0	1.28e-05/0/0/0/0	0/0/0/0/0	0/0/0/0/0	0.0322024/0/0/0/0	0/0/0/0/0	0/0/0/0/0	1.28e-05/0/0/0/0	0/0/0/0/0	0/0/0/0/0	0/0/0/0/0	0/0/0/0/0	0/0/0/0/0	0/0/0/0/0	0/0/0/0/0	0/0/0/0/0	0/0/0/0/0	0/0/0/0/0	0/0/0/0/0	0/0/0/0/0	0/0/0/0/0	0/0/0/0/0	
	Port: 11 (contain 24 entries)
		0.0208586/0/0/0/0	0.0466005/0/0/0/0	0.0357677/0/0/0/0	0.0357846/0/0/0/0	0.0357635/0/0/0/0	0.0351894/0/0/0/0	0.0303472/0/0/0/0	0.0253635/0/0/0/0	0.0253427/0/0/0/0	0.0245069/0/0/0/0	0.0236205/0/0/0/0	0.0231878/0/0/0/0	0.0227594/0/0/0/0	0.0225139/0/0/0/0	0.0222518/0/0/0/0	0.0219814/0/0/0/0	0.0216237/0/0/0/0	0.0215738/0/0/0/0	0.0211578/0/0/0/0	0.0211286/0/0/0/0	0.0206502/0/0/0/0	0.0205754/0/0/0/0	0.0203008/0/0/0/0	0.019968/0/0/0/0	
	Port: 12 (contain 24 entries)
		0/0/0/0/0	0/0/0/0/0	2.112e-05/0/0/0/0	1.696e-05/0/0/0/0	0/0/0/0/0	0.0006804/0/0/0/0	0.00542048/0/0/0/0	0.0104/0/0/0/0	0.0106834/0/0/0/0	0.0112967/0/0/0/0	0.0121514/0/0/0/0	0.0125798/0/0/0/0	0.0130125/0/0/0/0	0.0132538/0/0/0/0	0.01352/0/0/0/0	0.0137862/0/0/0/0	0.014144/0/0/0/0	0.0141981/0/0/0/0	0.0146099/0/0/0/0	0.0146432/0/0/0/0	0.0151174/0/0/0/0	0.0151965/0/0/0/0	0.0154669/0/0/0/0	0.0158038/0/0/0/0	

