Spine 0: (contain: 4 ports)
	Port: 1 (contain 24 entries)
		0.00016048/0/0/0/0	0.00110336/0/0/0/0	0.0317364/0/0/0/0	1.28e-05/0/0/0/0	2.976e-05/0/0/0/0	1.696e-05/0/0/0/0	5.936e-05/0/0/0/0	0.0131834/0/0/0/0	0.0312536/0/0/0/0	0.0276102/0/0/0/0	0.0202842/0/0/0/0	0.0186368/0/0/0/0	0.018487/0/0/0/0	0.0185827/0/0/0/0	0.018537/0/0/0/0	0.0184122/0/0/0/0	0.018279/0/0/0/0	0.0184454/0/0/0/0	0.0182832/0/0/0/0	0.0163613/0/0/0/0	0.0123843/0/0/0/0	0.0128752/0/0/0/0	0.0129584/0/0/0/0	0.0252262/0/0/0/0	
	Port: 2 (contain 24 entries)
		0.00077056/0/0/0/0	0.00015384/0/0/0/0	5.344e-05/0/0/0/0	0.179605/0/0/0/0	0.033226/0/0/0/0	0.0368718/0/0/0/0	0.0357677/0/0/0/0	0.0407267/0/0/0/0	0.0358016/0/0/0/0	0.32045/0/0/0/0	0.43206/0/0/0/0	0.0248477/0/0/0/0	0.0260458/0/0/0/0	0.0267654/0/0/0/0	0.0273312/0/0/0/0	0.0276765/0/0/0/0	0.0276682/0/0/0/0	0.0276099/0/0/0/0	0.0232045/0/0/0/0	0.0228467/0/0/0/0	0.022647/0/0/0/0	0.0226054/0/0/0/0	0.0220189/0/0/0/0	0.0216611/0/0/0/0	
	Port: 3 (contain 24 entries)
		0.00080832/0/0/0/0	2.336e-05/0/0/0/0	0.0976992/0/0/0/0	0.0613359/0/0/0/0	0.00014128/0/0/0/0	0/0/0/0/0	0/0/0/0/0	0.0126306/0/0/0/0	2.896e-05/0/0/0/0	0.0352198/0/0/0/0	0/0/0/0/0	0/0/0/0/0	0/0/0/0/0	0/0/0/0/0	0/0/0/0/0	0/0/0/0/0	0/0/0/0/0	0/0/0/0/0	0/0/0/0/0	0/0/0/0/0	0/0/0/0/0	0/0/0/0/0	0/0/0/0/0	0/0/0/0/0	
	Port: 4 (contain 24 entries)
		0.00017736/0/0/0/0	0.00088008/0/0/0/0	0.00880224/0/0/0/0	3.248e-05/0/0/0/0	1.28e-05/0/0/0/0	0.00012712/0/0/0/0	0.169258/0/0/0/0	0.431556/0/0/0/0	0.451672/0/0/0/0	0.207378/0/0/0/0	0.440246/0/0/0/0	0.480786/0/0/0/0	0.482993/0/0/0/0	0.481599/0/0/0/0	0.48369/0/0/0/0	0.486013/0/0/0/0	0.489498/0/0/0/0	0.484968/0/0/0/0	0.489382/0/0/0/0	0.544907/0/0/0/0	0.65189/0/0/0/0	0.643991/0/0/0/0	0.637254/0/0/0/0	0.25306/0/0/0/0	

Spine 1: (contain: 4 ports)
	Port: 1 (contain 24 entries)
		0/0/0/0/0	0.00012352/0/0/0/0	2.56e-05/0/0/0/0	0.00030752/0/0/0/0	0.19566/0/0/0/0	0.0549534/0/0/0/0	0/0/0/0/0	0.00600712/0/0/0/0	5.688e-05/0/0/0/0	0.0005612/0/0/0/0	0.00986336/0/0/0/0	0.0353683/0/0/0/0	0.0354141/0/0/0/0	0.035439/0/0/0/0	0.0354598/0/0/0/0	0.0354723/0/0/0/0	0.0354682/0/0/0/0	0.0354723/0/0/0/0	0.0011232/0/0/0/0	0/0/0/0/0	0/0/0/0/0	0/0/0/0/0	0/0/0/0/0	0/0/0/0/0	
	Port: 2 (contain 24 entries)
		5.32e-05/0/0/0/0	2.112e-05/0/0/0/0	0.00124752/0/0/0/0	0/0/0/0/0	4.872e-05/0/0/0/0	0.00026824/0/0/0/0	0/0/0/0/0	0/0/0/0/0	0/0/0/0/0	0.00156488/0/0/0/0	0.284001/14/11956/0/0	1.00978/132/154128/0/0	1.00847/239/278906/0/0	1.00787/336/396144/0/0	1.00718/422/504388/0/0	1.00161/456/542624/0/0	1.00069/476/568904/0/0	0.980499/325/343269/0/0	0.0125632/0/0/0/0	0.012921/0/0/0/0	0.0131248/0/0/0/0	0.0131622/0/0/0/0	0.013753/0/0/0/0	0.0141066/0/0/0/0	
	Port: 3 (contain 24 entries)
		6.688e-05/0/0/0/0	5.888e-05/0/0/0/0	1.992e-05/0/0/0/0	0.00576192/0/0/0/0	3.56e-05/0/0/0/0	2.56e-05/0/0/0/0	0/0/0/0/0	0.139117/0/0/0/0	0.00055464/0/0/0/0	0.0156595/0/0/0/0	0/0/0/0/0	0/0/0/0/0	0/0/0/0/0	0/0/0/0/0	0/0/0/0/0	0/0/0/0/0	0/0/0/0/0	0/0/0/0/0	0/0/0/0/0	0/0/0/0/0	0/0/0/0/0	0/0/0/0/0	0/0/0/0/0	0/0/0/0/0	
	Port: 4 (contain 24 entries)
		1.696e-05/0/0/0/0	1.28e-05/0/0/0/0	0/0/0/0/0	0.0287013/0/0/0/0	0/0/0/0/0	0/0/0/0/0	1.28e-05/0/0/0/0	0.367782/0/0/0/0	0.116857/0/0/0/0	0.00904032/0/0/0/0	0.0263827/0/0/0/0	0.0357677/0/0/0/0	0.0357718/0/0/0/0	0.0357677/0/0/0/0	0.0357718/0/0/0/0	0.0357677/0/0/0/0	0.0325146/0/0/0/0	0/0/0/0/0	0/0/0/0/0	0/0/0/0/0	0/0/0/0/0	0/0/0/0/0	0/0/0/0/0	4.16e-06/0/0/0/0	

Spine 2: (contain: 4 ports)
	Port: 1 (contain 24 entries)
		2.976e-05/0/0/0/0	1.28e-05/0/0/0/0	0/0/0/0/0	0/0/0/0/0	1.28e-05/0/0/0/0	0.00010384/0/0/0/0	2.272e-05/0/0/0/0	0/0/0/0/0	1.28e-05/0/0/0/0	0.00010024/0/0/0/0	0/0/0/0/0	0/0/0/0/0	0/0/0/0/0	0/0/0/0/0	0/0/0/0/0	0/0/0/0/0	0/0/0/0/0	0/0/0/0/0	0/0/0/0/0	0/0/0/0/0	0/0/0/0/0	0/0/0/0/0	0/0/0/0/0	0/0/0/0/0	
	Port: 2 (contain 24 entries)
		0/0/0/0/0	0.0296636/0/0/0/0	0/0/0/0/0	3.64e-05/0/0/0/0	1.28e-05/0/0/0/0	0/0/0/0/0	0/0/0/0/0	0.00041952/0/0/0/0	0.00442184/0/0/0/0	0.254291/0/0/0/0	0.779201/0/0/0/0	0.99886/0/0/0/0	0.998744/0/0/0/0	0.99886/0/0/0/0	0.998744/0/0/0/0	0.99886/0/0/0/0	0.903406/0/0/0/0	0/0/0/0/0	4.16e-06/0/0/0/0	0/0/0/0/0	0/0/0/0/0	0/0/0/0/0	0/0/0/0/0	0/0/0/0/0	
	Port: 3 (contain 24 entries)
		0/0/0/0/0	0.00018568/0/0/0/0	0.00050784/0/0/0/0	0/0/0/0/0	0/0/0/0/0	1.28e-05/0/0/0/0	0/0/0/0/0	0.00130816/0/0/0/0	0/0/0/0/0	1.28e-05/0/0/0/0	0/0/0/0/0	0/0/0/0/0	0/0/0/0/0	0/0/0/0/0	0/0/0/0/0	0/0/0/0/0	0/0/0/0/0	0/0/0/0/0	0/0/0/0/0	0/0/0/0/0	0/0/0/0/0	0/0/0/0/0	0/0/0/0/0	0/0/0/0/0	
	Port: 4 (contain 24 entries)
		2.528e-05/0/0/0/0	0.00033432/0/0/0/0	2.976e-05/0/0/0/0	0.533996/0/0/0/0	0.962585/0/0/0/0	0.998873/0/0/0/0	0.998744/0/0/0/0	0.999705/8/11632/0/0	0.998744/7/10178/0/0	0.899556/0/0/0/0	0.873407/0/0/0/0	0.696612/0/0/0/0	0.72751/0/0/0/0	0.747373/0/0/0/0	0.763404/0/0/0/0	0.772696/0/0/0/0	0.77258/0/0/0/0	0.770838/0/0/0/0	0.648057/0/0/0/0	0.635511/0/0/0/0	0.634582/0/0/0/0	0.631446/0/0/0/0	0.615764/0/0/0/0	0.600663/0/0/0/0	

Spine 3: (contain: 4 ports)
	Port: 1 (contain 24 entries)
		0/0/0/0/0	0/0/0/0/0	0.0044472/0/0/0/0	0.0025232/0/0/0/0	0.00349344/0/0/0/0	0.0142145/0/0/0/0	0.00608256/0/0/0/0	0.0422356/0/0/0/0	0.0143728/0/0/0/0	0.018321/0/0/0/0	0.0281965/0/0/0/0	0.017135/0/0/0/0	0.0172806/0/0/0/0	0.0171891/0/0/0/0	0.0172307/0/0/0/0	0.0173597/0/0/0/0	0.0174886/0/0/0/0	0.0173222/0/0/0/0	0.0174886/0/0/0/0	0.0194064/0/0/0/0	0.0233875/0/0/0/0	0.0228925/0/0/0/0	0.0228134/0/0/0/0	0.0105498/0/0/0/0	
	Port: 2 (contain 24 entries)
		0.00023344/0/0/0/0	0.0002292/0/0/0/0	6.336e-05/0/0/0/0	2.112e-05/0/0/0/0	0/0/0/0/0	0/0/0/0/0	0.00012824/0/0/0/0	0.00088568/0/0/0/0	1.28e-05/0/0/0/0	6.16e-05/0/0/0/0	0/0/0/0/0	0/0/0/0/0	0/0/0/0/0	0/0/0/0/0	0/0/0/0/0	0/0/0/0/0	0/0/0/0/0	0/0/0/0/0	0/0/0/0/0	0/0/0/0/0	0/0/0/0/0	0/0/0/0/0	0/0/0/0/0	0/0/0/0/0	
	Port: 3 (contain 24 entries)
		3.376e-05/0/0/0/0	0/0/0/0/0	3.36e-05/0/0/0/0	0.0001968/0/0/0/0	0.00724512/0/0/0/0	0.00200576/0/0/0/0	0/0/0/0/0	0/0/0/0/0	4.976e-05/0/0/0/0	0.0497293/0/0/0/0	0.125453/0/0/0/0	0.302132/0/0/0/0	0.27135/0/0/0/0	0.25137/0/0/0/0	0.235456/0/0/0/0	0.226047/0/0/0/0	0.22628/0/0/0/0	0.227906/0/0/0/0	0.350803/0/0/0/0	0.363232/0/0/0/0	0.364162/0/0/0/0	0.367414/0/0/0/0	0.38298/0/0/0/0	0.398196/0/0/0/0	
	Port: 4 (contain 24 entries)
		0.00164264/0/0/0/0	0/0/0/0/0	3.936e-05/0/0/0/0	2.976e-05/0/0/0/0	2.56e-05/0/0/0/0	3.112e-05/0/0/0/0	4.544e-05/0/0/0/0	0.02378/0/0/0/0	0.462898/0/0/0/0	0.773932/0/0/0/0	0.568487/0/0/0/0	0.522023/0/0/0/0	0.519584/0/0/0/0	0.520629/0/0/0/0	0.518538/0/0/0/0	0.51575/0/0/0/0	0.512149/0/0/0/0	0.516796/0/0/0/0	0.512149/0/0/0/0	0.436762/0/0/0/0	0.350455/0/0/0/0	0.357889/0/0/0/0	0.364394/0/0/0/0	0.703116/0/0/0/0	

Leaf 0: (contain: 12 ports)
	Port: 1 (contain 24 entries)
		0/0/0/0/0	0/0/0/0/0	1.28e-05/0/0/0/0	0/0/0/0/0	0.195622/0/0/0/0	0.0550573/0/0/0/0	0/0/0/0/0	0.0151264/0/0/0/0	0.0143811/0/0/0/0	0.00807872/0/0/0/0	0.0154918/0/0/0/0	0.017135/0/0/0/0	0.0172682/0/0/0/0	0.0171891/0/0/0/0	0.0172307/0/0/0/0	0.0173638/0/0/0/0	0.0174886/0/0/0/0	0.0173181/0/0/0/0	0.0174845/0/0/0/0	0.0194147/0/0/0/0	0.0233667/0/0/0/0	0.0229216/0/0/0/0	0.0228176/0/0/0/0	0.0105539/0/0/0/0	
	Port: 2 (contain 24 entries)
		4.008e-05/0/0/0/0	0/0/0/0/0	0/0/0/0/0	0.00016736/0/0/0/0	1.28e-05/0/0/0/0	0/0/0/0/0	2.56e-05/0/0/0/0	4.192e-05/0/0/0/0	5.688e-05/0/0/0/0	0.0108082/0/0/0/0	0.0225555/0/0/0/0	0.0353725/0/0/0/0	0.0354141/0/0/0/0	0.035439/0/0/0/0	0.0354598/0/0/0/0	0.0354682/0/0/0/0	0.0354723/0/0/0/0	0.0354682/0/0/0/0	0.00116064/0/0/0/0	0/0/0/0/0	0/0/0/0/0	0/0/0/0/0	0/0/0/0/0	0/0/0/0/0	
	Port: 3 (contain 24 entries)
		0/0/0/0/0	0.0010864/0/0/0/0	2.56e-05/0/0/0/0	0/0/0/0/0	0/0/0/0/0	0/0/0/0/0	0/0/0/0/0	0.0059524/0/0/0/0	0/0/0/0/0	0/0/0/0/0	0/0/0/0/0	0/0/0/0/0	0/0/0/0/0	0/0/0/0/0	0/0/0/0/0	0/0/0/0/0	0/0/0/0/0	0/0/0/0/0	0/0/0/0/0	0/0/0/0/0	0/0/0/0/0	0/0/0/0/0	0/0/0/0/0	0/0/0/0/0	
	Port: 4 (contain 24 entries)
		0/0/0/0/0	0.00012352/0/0/0/0	0.0319541/0/0/0/0	0/0/0/0/0	1.696e-05/0/0/0/0	0/0/0/0/0	0/0/0/0/0	0/0/0/0/0	0/0/0/0/0	3.776e-05/0/0/0/0	0/0/0/0/0	0/0/0/0/0	0/0/0/0/0	0/0/0/0/0	0/0/0/0/0	0/0/0/0/0	0/0/0/0/0	0/0/0/0/0	0/0/0/0/0	0/0/0/0/0	0/0/0/0/0	0/0/0/0/0	0/0/0/0/0	0/0/0/0/0	
	Port: 5 (contain 24 entries)
		9.28e-05/0/0/0/0	1.696e-05/0/0/0/0	0.00061328/0/0/0/0	0.00035904/0/0/0/0	0/0/0/0/0	0/0/0/0/0	5.648e-05/0/0/0/0	0.0125699/0/0/0/0	0.0312494/0/0/0/0	0.0275933/0/0/0/0	0.02028/0/0/0/0	0.0186326/0/0/0/0	0.0185037/0/0/0/0	0.0185786/0/0/0/0	0.018537/0/0/0/0	0.018408/0/0/0/0	0.018279/0/0/0/0	0.0184538/0/0/0/0	0.0182832/0/0/0/0	0.0163571/0/0/0/0	0.012401/0/0/0/0	0.0128502/0/0/0/0	0.0129501/0/0/0/0	0.0252221/0/0/0/0	
	Port: 6 (contain 24 entries)
		4.456e-05/0/0/0/0	0/0/0/0/0	0.00357016/0/0/0/0	0.0023504/0/0/0/0	1.28e-05/0/0/0/0	1.696e-05/0/0/0/0	0.00606976/0/0/0/0	0.0269104/0/0/0/0	0/0/0/0/0	5.392e-05/0/0/0/0	0/0/0/0/0	0/0/0/0/0	0/0/0/0/0	0/0/0/0/0	0/0/0/0/0	0/0/0/0/0	0/0/0/0/0	0/0/0/0/0	0/0/0/0/0	0/0/0/0/0	0/0/0/0/0	0/0/0/0/0	0/0/0/0/0	0/0/0/0/0	
	Port: 7 (contain 24 entries)
		0/0/0/0/0	1.28e-05/0/0/0/0	0/0/0/0/0	0/0/0/0/0	0.00349344/0/0/0/0	0.0142145/0/0/0/0	1.28e-05/0/0/0/0	0.0002068/0/0/0/0	0/0/0/0/0	0/0/0/0/0	0/0/0/0/0	0/0/0/0/0	0/0/0/0/0	0/0/0/0/0	0/0/0/0/0	0/0/0/0/0	0/0/0/0/0	0/0/0/0/0	0/0/0/0/0	0/0/0/0/0	0/0/0/0/0	0/0/0/0/0	0/0/0/0/0	0/0/0/0/0	
	Port: 8 (contain 24 entries)
		1.28e-05/0/0/0/0	0/0/0/0/0	0/0/0/0/0	0/0/0/0/0	3.784e-05/0/0/0/0	0/0/0/0/0	0/0/0/0/0	0.00058088/0/0/0/0	1.28e-05/0/0/0/0	0/0/0/0/0	0/0/0/0/0	0/0/0/0/0	0/0/0/0/0	0/0/0/0/0	0/0/0/0/0	0/0/0/0/0	0/0/0/0/0	0/0/0/0/0	0/0/0/0/0	0/0/0/0/0	0/0/0/0/0	0/0/0/0/0	0/0/0/0/0	0/0/0/0/0	
	Port: 9 (contain 24 entries)
		0.00025568/0/0/0/0	0/0/0/0/0	0.0989142/0/0/0/0	0.0591578/0/0/0/0	0.00022776/0/0/0/0	0.00069056/0/0/0/0	0.169258/0/0/0/0	0.444472/0/0/0/0	0.451643/0/0/0/0	0.50175/57/82878/0/0	0.833564/0/0/0/0	0.480554/0/0/0/0	0.483342/0/0/0/0	0.481716/0/0/0/0	0.483226/0/0/0/0	0.486246/0/0/0/0	0.489731/0/0/0/0	0.484852/0/0/0/0	0.489498/0/0/0/0	0.544442/0/0/0/0	0.652819/0/0/0/0	0.643062/0/0/0/0	0.638183/0/0/0/0	0.251899/0/0/0/0	
	Port: 10 (contain 24 entries)
		0/0/0/0/0	0/0/0/0/0	0.00114432/0/0/0/0	0/0/0/0/0	0/0/0/0/0	0/0/0/0/0	1.28e-05/0/0/0/0	0.368064/0/0/0/0	0.116366/0/0/0/0	0.00077768/0/0/0/0	0.281456/0/0/0/0	0.998744/0/0/0/0	0.99886/0/0/0/0	0.998744/0/0/0/0	0.99886/0/0/0/0	0.993516/0/0/0/0	0.992587/0/0/0/0	0.971175/0/0/0/0	0/0/0/0/0	0/0/0/0/0	0/0/0/0/0	0/0/0/0/0	0/0/0/0/0	4.16e-06/0/0/0/0	
	Port: 11 (contain 24 entries)
		0/0/0/0/0	0.0296947/0/0/0/0	0/0/0/0/0	0/0/0/0/0	8.32e-05/0/0/0/0	1.28e-05/0/0/0/0	0/0/0/0/0	0.00257248/0/0/0/0	0.00442184/0/0/0/0	2.56e-05/0/0/0/0	0/0/0/0/0	0/0/0/0/0	0/0/0/0/0	0/0/0/0/0	0/0/0/0/0	0/0/0/0/0	0/0/0/0/0	0/0/0/0/0	4.16e-06/0/0/0/0	0/0/0/0/0	0/0/0/0/0	0/0/0/0/0	0/0/0/0/0	0/0/0/0/0	
	Port: 12 (contain 24 entries)
		5.936e-05/0/0/0/0	0.0002292/0/0/0/0	0.00012352/0/0/0/0	5.088e-05/0/0/0/0	0.00724512/0/0/0/0	0.00197184/0/0/0/0	0.00017368/0/0/0/0	0.00026728/0/0/0/0	0.463595/0/0/0/0	0.773858/0/0/0/0	0.568371/0/0/0/0	0.522372/0/0/0/0	0.519119/0/0/0/0	0.520629/0/0/0/0	0.518887/0/0/0/0	0.515634/0/0/0/0	0.511917/0/0/0/0	0.516912/0/0/0/0	0.512033/0/0/0/0	0.43711/0/0/0/0	0.349642/0/0/0/0	0.358702/0/0/0/0	0.363697/0/0/0/0	0.704162/0/0/0/0	

Leaf 1: (contain: 12 ports)
	Port: 1 (contain 24 entries)
		0.00049632/0/0/0/0	2.16e-05/0/0/0/0	3.36e-05/0/0/0/0	0/0/0/0/0	2.888e-05/0/0/0/0	0/0/0/0/0	0/0/0/0/0	0/0/0/0/0	0.00442184/0/0/0/0	0.286808/0/0/0/0	0.679188/0/0/0/0	0.987592/0/0/0/0	0.98887/0/0/0/0	0.989567/0/0/0/0	0.990148/0/0/0/0	0.990496/0/0/0/0	0.99038/0/0/0/0	0.99038/0/0/0/0	0.0281926/0/0/0/0	0/0/0/0/0	0/0/0/0/0	0/0/0/0/0	0/0/0/0/0	0/0/0/0/0	
	Port: 2 (contain 24 entries)
		0/0/0/0/0	0/0/0/0/0	0/0/0/0/0	3.64e-05/0/0/0/0	0/0/0/0/0	0.00049208/0/0/0/0	0/0/0/0/0	0/0/0/0/0	0/0/0/0/0	0.25196/0/0/0/0	0.779317/0/0/0/0	0.998744/0/0/0/0	0.99886/0/0/0/0	0.998744/0/0/0/0	0.99886/0/0/0/0	0.998744/0/0/0/0	0.904567/0/0/0/0	0/0/0/0/0	0/0/0/0/0	0/0/0/0/0	0/0/0/0/0	0/0/0/0/0	0/0/0/0/0	0/0/0/0/0	
	Port: 3 (contain 24 entries)
		0/0/0/0/0	0.029642/0/0/0/0	0.00116544/0/0/0/0	0.160631/0/0/0/0	4.872e-05/0/0/0/0	0/0/0/0/0	0/0/0/0/0	0.00089848/0/0/0/0	0/0/0/0/0	0.00019256/0/0/0/0	0/0/0/0/0	0/0/0/0/0	0/0/0/0/0	0/0/0/0/0	0/0/0/0/0	0/0/0/0/0	0/0/0/0/0	0/0/0/0/0	0/0/0/0/0	0/0/0/0/0	0/0/0/0/0	0/0/0/0/0	0/0/0/0/0	0/0/0/0/0	
	Port: 4 (contain 24 entries)
		0/0/0/0/0	0.00015384/0/0/0/0	0/0/0/0/0	2.112e-05/0/0/0/0	0/0/0/0/0	0/0/0/0/0	0/0/0/0/0	0.00498816/0/0/0/0	1.28e-05/0/0/0/0	0/0/0/0/0	0/0/0/0/0	0/0/0/0/0	0/0/0/0/0	0/0/0/0/0	0/0/0/0/0	0/0/0/0/0	0/0/0/0/0	0/0/0/0/0	0/0/0/0/0	0/0/0/0/0	0/0/0/0/0	0/0/0/0/0	0/0/0/0/0	0/0/0/0/0	
	Port: 5 (contain 24 entries)
		5.32e-05/0/0/0/0	0.00018712/0/0/0/0	0/0/0/0/0	0/0/0/0/0	0/0/0/0/0	9.624e-05/0/0/0/0	0/0/0/0/0	0/0/0/0/0	1.28e-05/0/0/0/0	9.552e-05/0/0/0/0	0/0/0/0/0	0/0/0/0/0	0/0/0/0/0	0/0/0/0/0	0/0/0/0/0	0/0/0/0/0	0/0/0/0/0	0/0/0/0/0	0/0/0/0/0	0/0/0/0/0	0/0/0/0/0	0/0/0/0/0	0/0/0/0/0	0/0/0/0/0	
	Port: 6 (contain 24 entries)
		0/0/0/0/0	6.32e-05/0/0/0/0	0.00013552/0/0/0/0	0/0/0/0/0	0.00014208/0/0/0/0	0.00078408/0/0/0/0	0.00012824/0/0/0/0	0.00040672/0/0/0/0	0/0/0/0/0	5.056e-05/0/0/0/0	0/0/0/0/0	0/0/0/0/0	0/0/0/0/0	0/0/0/0/0	0/0/0/0/0	0/0/0/0/0	0/0/0/0/0	0/0/0/0/0	0/0/0/0/0	0/0/0/0/0	0/0/0/0/0	0/0/0/0/0	0/0/0/0/0	0/0/0/0/0	
	Port: 7 (contain 24 entries)
		0.00050768/0/0/0/0	0/0/0/0/0	1.28e-05/0/0/0/0	0/0/0/0/0	0/0/0/0/0	0/0/0/0/0	0/0/0/0/0	0/0/0/0/0	1.696e-05/0/0/0/0	4.048e-05/0/0/0/0	0/0/0/0/0	0/0/0/0/0	0/0/0/0/0	0/0/0/0/0	0/0/0/0/0	0/0/0/0/0	0/0/0/0/0	0/0/0/0/0	0/0/0/0/0	0/0/0/0/0	0/0/0/0/0	0/0/0/0/0	0/0/0/0/0	0/0/0/0/0	
	Port: 8 (contain 24 entries)
		0/0/0/0/0	0/0/0/0/0	1.696e-05/0/0/0/0	0.0189366/0/0/0/0	0.0330678/0/0/0/0	0.0357677/0/0/0/0	0.0357677/0/0/0/0	0.0357427/0/0/0/0	0.0357677/0/0/0/0	0.0358266/0/0/0/0	0.0351354/0/0/0/0	0.0356554/0/0/0/0	0.0356803/0/0/0/0	0.035697/0/0/0/0	0.0357219/0/0/0/0	0.0357386/0/0/0/0	0.0357594/0/0/0/0	0.035751/0/0/0/0	0.0361504/0/0/0/0	0.0357718/0/0/0/0	0.0357677/0/0/0/0	0.0357718/0/0/0/0	0.0357677/0/0/0/0	0.0357718/0/0/0/0	
	Port: 9 (contain 24 entries)
		1.696e-05/0/0/0/0	0.00110336/0/0/0/0	0.0317236/0/0/0/0	1.28e-05/0/0/0/0	1.28e-05/0/0/0/0	3.808e-05/0/0/0/0	0/0/0/0/0	3.808e-05/0/0/0/0	0.00034072/0/0/0/0	0.0351169/0/0/0/0	0/0/0/0/0	0/0/0/0/0	0/0/0/0/0	0/0/0/0/0	0/0/0/0/0	0/0/0/0/0	0/0/0/0/0	0/0/0/0/0	0/0/0/0/0	0/0/0/0/0	0/0/0/0/0	0/0/0/0/0	0/0/0/0/0	0/0/0/0/0	
	Port: 10 (contain 24 entries)
		1.696e-05/0/0/0/0	1.696e-05/0/0/0/0	3.272e-05/0/0/0/0	0.00606944/0/0/0/0	3.784e-05/0/0/0/0	1.28e-05/0/0/0/0	0/0/0/0/0	0.139027/0/0/0/0	0/0/0/0/0	0.02447/0/0/0/0	0.0363168/0/0/0/0	0.0711402/0/0/0/0	0.0711818/0/0/0/0	0.0712109/0/0/0/0	0.0712275/0/0/0/0	0.07124/0/0/0/0	0.0679494/0/0/0/0	0.0354682/0/0/0/0	0.00108992/0/0/0/0	0/0/0/0/0	0/0/0/0/0	0/0/0/0/0	0/0/0/0/0	0/0/0/0/0	
	Port: 11 (contain 24 entries)
		3.808e-05/0/0/0/0	0.0002816/0/0/0/0	1.28e-05/0/0/0/0	0.535158/0/0/0/0	0.962502/0/0/0/0	0.998744/0/0/0/0	0.99886/0/0/0/0	0.998744/0/0/0/0	0.99886/0/0/0/0	0.899543/0/0/0/0	0.872362/0/0/0/0	0.697425/0/0/0/0	0.727394/0/0/0/0	0.74749/0/0/0/0	0.763287/0/0/0/0	0.772812/0/0/0/0	0.772464/0/0/0/0	0.770954/0/0/0/0	0.64794/0/0/0/0	0.635628/0/0/0/0	0.634582/0/0/0/0	0.63133/0/0/0/0	0.616113/0/0/0/0	0.599502/0/0/0/0	
	Port: 12 (contain 24 entries)
		0.00157928/0/0/0/0	0/0/0/0/0	0.00109808/0/0/0/0	0/0/0/0/0	0.0041904/0/0/0/0	0.0135386/0/0/0/0	1.28e-05/0/0/0/0	0.0236062/0/0/0/0	4.976e-05/0/0/0/0	0.0599926/0/0/0/0	0.139083/0/0/0/0	0.301435/0/0/0/0	0.27135/0/0/0/0	0.25137/0/0/0/0	0.235456/0/0/0/0	0.226047/0/0/0/0	0.22628/0/0/0/0	0.227906/0/0/0/0	0.350803/0/0/0/0	0.363232/0/0/0/0	0.364162/0/0/0/0	0.367414/0/0/0/0	0.382747/0/0/0/0	0.399242/0/0/0/0	

Leaf 2: (contain: 12 ports)
	Port: 1 (contain 24 entries)
		0.00079552/0/0/0/0	0.00018568/0/0/0/0	0.0003584/0/0/0/0	0/0/0/0/0	0.0002352/0/0/0/0	0/0/0/0/0	0/0/0/0/0	0.00098656/0/0/0/0	0/0/0/0/0	0.00027272/0/0/0/0	0/0/0/0/0	0/0/0/0/0	0/0/0/0/0	0/0/0/0/0	0/0/0/0/0	0/0/0/0/0	0/0/0/0/0	0/0/0/0/0	0/0/0/0/0	0/0/0/0/0	0/0/0/0/0	0/0/0/0/0	0/0/0/0/0	0/0/0/0/0	
	Port: 2 (contain 24 entries)
		0/0/0/0/0	1.696e-05/0/0/0/0	0/0/0/0/0	0.00679808/0/0/0/0	8.56e-05/0/0/0/0	1.28e-05/0/0/0/0	0/0/0/0/0	3.776e-05/0/0/0/0	0/0/0/0/0	0/0/0/0/0	0/0/0/0/0	0/0/0/0/0	0/0/0/0/0	0/0/0/0/0	0/0/0/0/0	0/0/0/0/0	0/0/0/0/0	0/0/0/0/0	0/0/0/0/0	0/0/0/0/0	0/0/0/0/0	0/0/0/0/0	0/0/0/0/0	0/0/0/0/0	
	Port: 3 (contain 24 entries)
		0/0/0/0/0	0/0/0/0/0	0/0/0/0/0	0/0/0/0/0	0/0/0/0/0	0/0/0/0/0	0/0/0/0/0	0.0126725/0/0/0/0	4.976e-05/0/0/0/0	0.0992521/0/0/0/0	0.124407/0/0/0/0	0.302829/0/0/0/0	0.27135/0/0/0/0	0.251486/0/0/0/0	0.235456/0/0/0/0	0.225931/0/0/0/0	0.22628/0/0/0/0	0.228022/0/0/0/0	0.350803/0/0/0/0	0.363116/0/0/0/0	0.364045/0/0/0/0	0.36753/0/0/0/0	0.383328/0/0/0/0	0.397035/0/0/0/0	
	Port: 4 (contain 24 entries)
		6.688e-05/0/0/0/0	0/0/0/0/0	0.00018304/0/0/0/0	0/0/0/0/0	2.168e-05/0/0/0/0	3.392e-05/0/0/0/0	0/0/0/0/0	0/0/0/0/0	0.00012584/0/0/0/0	2.976e-05/0/0/0/0	0/0/0/0/0	0/0/0/0/0	0/0/0/0/0	0/0/0/0/0	0/0/0/0/0	0/0/0/0/0	0/0/0/0/0	0/0/0/0/0	0/0/0/0/0	0/0/0/0/0	0/0/0/0/0	0/0/0/0/0	0/0/0/0/0	0/0/0/0/0	
	Port: 5 (contain 24 entries)
		0/0/0/0/0	0/0/0/0/0	0.0965376/0/0/0/0	0.0613752/0/0/0/0	0/0/0/0/0	0/0/0/0/0	0/0/0/0/0	0.139299/0/0/0/0	0/0/0/0/0	9.008e-05/0/0/0/0	0/0/0/0/0	0/0/0/0/0	0/0/0/0/0	0/0/0/0/0	0/0/0/0/0	0/0/0/0/0	0/0/0/0/0	0/0/0/0/0	0/0/0/0/0	0/0/0/0/0	0/0/0/0/0	0/0/0/0/0	0/0/0/0/0	0/0/0/0/0	
	Port: 6 (contain 24 entries)
		0/0/0/0/0	0/0/0/0/0	0/0/0/0/0	8.616e-05/0/0/0/0	0.00700992/0/0/0/0	0.00199744/0/0/0/0	0/0/0/0/0	1.696e-05/0/0/0/0	0/0/0/0/0	1.28e-05/0/0/0/0	0/0/0/0/0	0/0/0/0/0	0/0/0/0/0	0/0/0/0/0	0/0/0/0/0	0/0/0/0/0	0/0/0/0/0	0/0/0/0/0	0/0/0/0/0	0/0/0/0/0	0/0/0/0/0	0/0/0/0/0	0/0/0/0/0	0/0/0/0/0	
	Port: 7 (contain 24 entries)
		3.376e-05/0/0/0/0	2.336e-05/0/0/0/0	0/0/0/0/0	0/0/0/0/0	0/0/0/0/0	0/0/0/0/0	0/0/0/0/0	4.296e-05/0/0/0/0	2.896e-05/0/0/0/0	4.16e-06/0/0/0/0	0/0/0/0/0	0/0/0/0/0	0/0/0/0/0	0/0/0/0/0	0/0/0/0/0	0/0/0/0/0	0/0/0/0/0	0/0/0/0/0	0/0/0/0/0	0/0/0/0/0	0/0/0/0/0	0/0/0/0/0	0/0/0/0/0	0/0/0/0/0	
	Port: 8 (contain 24 entries)
		1.28e-05/0/0/0/0	4.192e-05/0/0/0/0	1.992e-05/0/0/0/0	0.0001968/0/0/0/0	6.96e-05/0/0/0/0	0/0/0/0/0	0/0/0/0/0	0/0/0/0/0	0.0004288/0/0/0/0	0.00095976/0/0/0/0	0/0/0/0/0	0/0/0/0/0	0/0/0/0/0	0/0/0/0/0	0/0/0/0/0	0/0/0/0/0	0/0/0/0/0	0/0/0/0/0	0/0/0/0/0	0/0/0/0/0	0/0/0/0/0	0/0/0/0/0	0/0/0/0/0	0/0/0/0/0	
	Port: 9 (contain 24 entries)
		4.872e-05/0/0/0/0	0.00103392/0/0/0/0	0.00881504/0/0/0/0	0.160644/0/0/0/0	2.976e-05/0/0/0/0	0.00020224/0/0/0/0	0/0/0/0/0	0.00564072/0/0/0/0	0.0117099/0/0/0/0	0.00114728/0/0/0/0	0/0/0/0/0	0/0/0/0/0	0/0/0/0/0	0/0/0/0/0	0/0/0/0/0	0/0/0/0/0	0/0/0/0/0	0/0/0/0/0	0/0/0/0/0	0/0/0/0/0	0/0/0/0/0	0/0/0/0/0	0/0/0/0/0	0/0/0/0/0	
	Port: 10 (contain 24 entries)
		0/0/0/0/0	1.28e-05/0/0/0/0	0/0/0/0/0	0.0287013/0/0/0/0	0.195738/0/0/0/0	0.0551055/0/0/0/0	0/0/0/0/0	0.00677672/0/0/0/0	0/0/0/0/0	0.00151424/0/0/0/0	0.003744/0/0/0/0	0.0108992/0/0/0/0	0.00971776/0/0/0/0	0.0090064/0/0/0/0	0.00843648/0/0/0/0	0.00809536/0/0/0/0	0.00809952/0/0/0/0	0.00816192/0/0/0/0	0.0125632/0/0/0/0	0.0129501/0/0/0/0	0.0130957/0/0/0/0	0.0131622/0/0/0/0	0.0137446/0/0/0/0	0.014144/0/0/0/0	
	Port: 11 (contain 24 entries)
		0/0/0/0/0	0/0/0/0/0	1.696e-05/0/0/0/0	3.64e-05/0/0/0/0	1.28e-05/0/0/0/0	0/0/0/0/0	0/0/0/0/0	0/0/0/0/0	1.28e-05/0/0/0/0	0.00117416/0/0/0/0	0/0/0/0/0	0/0/0/0/0	0/0/0/0/0	0/0/0/0/0	0/0/0/0/0	0/0/0/0/0	0/0/0/0/0	0/0/0/0/0	0/0/0/0/0	0/0/0/0/0	0/0/0/0/0	0/0/0/0/0	0/0/0/0/0	0/0/0/0/0	
	Port: 12 (contain 24 entries)
		3.776e-05/0/0/0/0	0/0/0/0/0	0.00339936/0/0/0/0	0.00227968/0/0/0/0	2.56e-05/0/0/0/0	3.112e-05/0/0/0/0	0/0/0/0/0	0.026943/0/0/0/0	1.28e-05/0/0/0/0	0.00012264/0/0/0/0	0/0/0/0/0	0/0/0/0/0	0/0/0/0/0	0/0/0/0/0	0/0/0/0/0	0/0/0/0/0	0/0/0/0/0	0/0/0/0/0	0/0/0/0/0	0/0/0/0/0	0/0/0/0/0	0/0/0/0/0	0/0/0/0/0	0/0/0/0/0	

Leaf 3: (contain: 12 ports)
	Port: 1 (contain 24 entries)
		1.696e-05/0/0/0/0	1.696e-05/0/0/0/0	1.28e-05/0/0/0/0	0/0/0/0/0	0/0/0/0/0	7.216e-05/0/0/0/0	0/0/0/0/0	1.28e-05/0/0/0/0	0/0/0/0/0	1.28e-05/0/0/0/0	0/0/0/0/0	0/0/0/0/0	0/0/0/0/0	0/0/0/0/0	0/0/0/0/0	0/0/0/0/0	0/0/0/0/0	0/0/0/0/0	0/0/0/0/0	0/0/0/0/0	0/0/0/0/0	0/0/0/0/0	0/0/0/0/0	0/0/0/0/0	
	Port: 2 (contain 24 entries)
		1.28e-05/0/0/0/0	1.28e-05/0/0/0/0	0/0/0/0/0	4.672e-05/0/0/0/0	0/0/0/0/0	2.112e-05/0/0/0/0	0.169211/0/0/0/0	0/0/0/0/0	0/0/0/0/0	0/0/0/0/0	0/0/0/0/0	0/0/0/0/0	0/0/0/0/0	0/0/0/0/0	0/0/0/0/0	0/0/0/0/0	0/0/0/0/0	0/0/0/0/0	0/0/0/0/0	0/0/0/0/0	0/0/0/0/0	0/0/0/0/0	0/0/0/0/0	0/0/0/0/0	
	Port: 3 (contain 24 entries)
		1.28e-05/0/0/0/0	0/0/0/0/0	1.696e-05/0/0/0/0	0/0/0/0/0	1.28e-05/0/0/0/0	1.28e-05/0/0/0/0	0/0/0/0/0	0/0/0/0/0	0/0/0/0/0	7.384e-05/0/0/0/0	0/0/0/0/0	0/0/0/0/0	0/0/0/0/0	0/0/0/0/0	0/0/0/0/0	0/0/0/0/0	0/0/0/0/0	0/0/0/0/0	0/0/0/0/0	0/0/0/0/0	0/0/0/0/0	0/0/0/0/0	0/0/0/0/0	0/0/0/0/0	
	Port: 4 (contain 24 entries)
		0/0/0/0/0	1.28e-05/0/0/0/0	0.0088416/0/0/0/0	0.532951/0/0/0/0	0.962598/0/0/0/0	0.998809/1/1454/0/0	0.99886/1/1454/0/0	0.998775/1/1454/0/0	0.998744/0/0/0/0	0.900621/0/0/0/0	0.874336/0/0/0/0	0.696031/0/0/0/0	0.727394/0/0/0/0	0.747373/0/0/0/0	0.763287/0/0/0/0	0.772929/0/0/0/0	0.772464/0/0/0/0	0.770722/0/0/0/0	0.648057/0/0/0/0	0.635628/0/0/0/0	0.634814/0/0/0/0	0.631213/0/0/0/0	0.615532/0/0/0/0	0.601709/0/0/0/0	
	Port: 5 (contain 24 entries)
		0.00018536/0/0/0/0	0.00030872/0/0/0/0	0/0/0/0/0	0/0/0/0/0	0/0/0/0/0	0/0/0/0/0	3.264e-05/0/0/0/0	0/0/0/0/0	0/0/0/0/0	0.00902752/0/0/0/0	0.0263453/0/0/0/0	0.0357718/0/0/0/0	0.0357677/0/0/0/0	0.0357718/0/0/0/0	0.0357677/0/0/0/0	0.0357677/0/0/0/0	0.032552/0/0/0/0	0/0/0/0/0	0/0/0/0/0	0/0/0/0/0	0/0/0/0/0	0/0/0/0/0	0/0/0/0/0	0/0/0/0/0	
	Port: 6 (contain 24 entries)
		4.256e-05/0/0/0/0	0/0/0/0/0	0/0/0/0/0	0.0286843/0/0/0/0	1.28e-05/0/0/0/0	0/0/0/0/0	1.28e-05/0/0/0/0	0.00025448/0/0/0/0	0.00015784/0/0/0/0	0/0/0/0/0	0/0/0/0/0	0/0/0/0/0	0/0/0/0/0	0/0/0/0/0	0/0/0/0/0	0/0/0/0/0	0/0/0/0/0	0/0/0/0/0	0/0/0/0/0	0/0/0/0/0	0/0/0/0/0	0/0/0/0/0	0/0/0/0/0	0/0/0/0/0	
	Port: 7 (contain 24 entries)
		2.528e-05/0/0/0/0	1.28e-05/0/0/0/0	0/0/0/0/0	3.248e-05/0/0/0/0	0/0/0/0/0	0/0/0/0/0	5.96e-05/0/0/0/0	0.00082432/0/0/0/0	0/0/0/0/0	0/0/0/0/0	0/0/0/0/0	0/0/0/0/0	0/0/0/0/0	0/0/0/0/0	0/0/0/0/0	0/0/0/0/0	0/0/0/0/0	0/0/0/0/0	0/0/0/0/0	0/0/0/0/0	0/0/0/0/0	0/0/0/0/0	0/0/0/0/0	0/0/0/0/0	
	Port: 8 (contain 24 entries)
		0.00156648/0/0/0/0	0.00086312/0/0/0/0	0/0/0/0/0	0/0/0/0/0	0/0/0/0/0	0/0/0/0/0	0/0/0/0/0	0.820749/205/298070/0/0	1.03138/428/622312/0/0	0.980984/274/398396/0/0	1.00885/361/524894/0/0	1.00293/396/575784/0/0	1.00246/428/622312/0/0	1.00234/459/667386/0/0	1.00211/487/708098/0/0	1.00176/513/745902/0/0	1.00176/538/782252/0/0	1.00165/563/818602/0/0	1.00165/587/853498/0/0	0.981552/438/636852/0/0	1.00246/469/681926/0/0	1.00176/495/719730/0/0	1.00176/520/756080/0/0	0.956181/154/223916/0/0	
	Port: 9 (contain 24 entries)
		0.00159536/0/0/0/0	2.336e-05/0/0/0/0	0/0/0/0/0	0.0200435/0/0/0/0	0.0331395/0/0/0/0	0.036085/0/0/0/0	0.0358312/0/0/0/0	0.0482947/0/0/0/0	0.0552035/0/0/0/0	0.0599573/0/0/0/0	0.0516797/0/0/0/0	0.0435053/0/0/0/0	0.0445286/0/0/0/0	0.045344/0/0/0/0	0.0458765/0/0/0/0	0.0460803/0/0/0/0	0.045943/0/0/0/0	0.0460595/0/0/0/0	0.041496/0/0/0/0	0.0391872/0/0/0/0	0.0350314/0/0/0/0	0.0355098/0/0/0/0	0.0349814/0/0/0/0	0.0468582/0/0/0/0	
	Port: 10 (contain 24 entries)
		0.00012008/0/0/0/0	0.00018656/0/0/0/0	0.000116/0/0/0/0	0/0/0/0/0	8.432e-05/0/0/0/0	1.28e-05/0/0/0/0	0/0/0/0/0	8.488e-05/0/0/0/0	5.688e-05/0/0/0/0	6.4e-05/0/0/0/0	0/0/0/0/0	0/0/0/0/0	0/0/0/0/0	0/0/0/0/0	0/0/0/0/0	0/0/0/0/0	0/0/0/0/0	0/0/0/0/0	0/0/0/0/0	0/0/0/0/0	0/0/0/0/0	0/0/0/0/0	0/0/0/0/0	0/0/0/0/0	
	Port: 11 (contain 24 entries)
		1.696e-05/0/0/0/0	0.00022008/0/0/0/0	0.00050784/0/0/0/0	0/0/0/0/0	1.28e-05/0/0/0/0	0.00011664/0/0/0/0	2.272e-05/0/0/0/0	0/0/0/0/0	0/0/0/0/0	0.25403/0/0/0/0	0.77955/0/0/0/0	0.998744/0/0/0/0	0.99886/0/0/0/0	0.998744/0/0/0/0	0.99886/0/0/0/0	0.998744/0/0/0/0	0.90236/0/0/0/0	0/0/0/0/0	0/0/0/0/0	0/0/0/0/0	0/0/0/0/0	0/0/0/0/0	0/0/0/0/0	0/0/0/0/0	
	Port: 12 (contain 24 entries)
		0.00023344/0/0/0/0	0/0/0/0/0	0/0/0/0/0	0.00040288/0/0/0/0	0/0/0/0/0	1.28e-05/0/0/0/0	0.00606976/0/0/0/0	0.0161222/0/0/0/0	0.0143437/0/0/0/0	0.00808704/0/0/0/0	0.0154794/0/0/0/0	0.017135/0/0/0/0	0.0172931/0/0/0/0	0.017185/0/0/0/0	0.0172307/0/0/0/0	0.0173597/0/0/0/0	0.0175011/0/0/0/0	0.0173139/0/0/0/0	0.0174845/0/0/0/0	0.0193981/0/0/0/0	0.0234125/0/0/0/0	0.0228675/0/0/0/0	0.0228093/0/0/0/0	0.0105456/0/0/0/0	

