Spine 0: (contain: 4 ports)
	Port: 1 (contain 24 entries)
		1.696e-05/0/0/0/0	1.28e-05/0/0/0/0	0.0012736/0/0/0/0	0.0209165/0/0/0/0	0.0357763/0/0/0/0	0.0357718/0/0/0/0	0.0836138/0/0/0/0	0.0357888/0/0/0/0	0.032968/0/0/0/0	0.00243776/0/0/0/0	0/0/0/0/0	0/0/0/0/0	0/0/0/0/0	0/0/0/0/0	0/0/0/0/0	0/0/0/0/0	0/0/0/0/0	0/0/0/0/0	0/0/0/0/0	0/0/0/0/0	0/0/0/0/0	0/0/0/0/0	0/0/0/0/0	0/0/0/0/0	
	Port: 2 (contain 24 entries)
		0/0/0/0/0	3.336e-05/0/0/0/0	0.00051312/0/0/0/0	0.130711/0/0/0/0	0/0/0/0/0	0/0/0/0/0	0.00173504/0/0/0/0	0.00018712/0/0/0/0	0.0174976/0/0/0/0	0.194672/0/0/0/0	0.619476/15/10610/0/0	0.888282/0/0/0/0	0.99189/0/0/0/0	0.995259/0/0/0/0	0.993284/0/0/0/0	0.992123/0/0/0/0	0.992123/0/0/0/0	0.99189/0/0/0/0	0.262023/0/0/0/0	0/0/0/0/0	0/0/0/0/0	0/0/0/0/0	0/0/0/0/0	0/0/0/0/0	
	Port: 3 (contain 24 entries)
		0/0/0/0/0	1.28e-05/0/0/0/0	4e-05/0/0/0/0	0/0/0/0/0	0.00011984/0/0/0/0	4.48e-06/0/0/0/0	0.233071/0/0/0/0	0.802901/0/0/0/0	0.964709/0/0/0/0	0.996539/0/0/0/0	0.99886/1/1454/0/0	0.998744/0/0/0/0	0.99886/1/1454/0/0	0.998744/0/0/0/0	0.998744/0/0/0/0	0.99886/1/1454/0/0	0.998744/0/0/0/0	0.99886/1/1454/0/0	0.998744/0/0/0/0	0.99886/1/1454/0/0	0.998744/0/0/0/0	0.99886/1/1454/0/0	0.998744/0/0/0/0	0.99886/1/1454/0/0	
	Port: 4 (contain 24 entries)
		0.0001476/0/0/0/0	0/0/0/0/0	5.056e-05/0/0/0/0	6.88e-05/0/0/0/0	0.0102148/0/0/0/0	4.48e-06/0/0/0/0	1.248e-05/0/0/0/0	0.0139571/0/0/0/0	0.15403/43/31722/0/0	0.0941982/0/0/0/0	0.0357718/0/0/0/0	0.0357677/0/0/0/0	0.0357718/0/0/0/0	0.0357677/0/0/0/0	0.0357718/0/0/0/0	0.0357677/0/0/0/0	0.0357718/0/0/0/0	0.0357677/0/0/0/0	0.0357718/0/0/0/0	0.0357677/0/0/0/0	0.0357677/0/0/0/0	0.0357718/0/0/0/0	0.0357677/0/0/0/0	0.0357718/0/0/0/0	

Spine 1: (contain: 4 ports)
	Port: 1 (contain 24 entries)
		0/0/0/0/0	7.624e-05/0/0/0/0	5.28e-05/0/0/0/0	8.032e-05/0/0/0/0	0.00079136/0/0/0/0	0/0/0/0/0	0/0/0/0/0	1.28e-05/0/0/0/0	0.00253928/0/0/0/0	0.0241866/0/0/0/0	0.0332093/0/0/0/0	0.0357677/0/0/0/0	0.0357718/0/0/0/0	0.0357677/0/0/0/0	0.035776/0/0/0/0	0.0357718/0/0/0/0	0.0357677/0/0/0/0	0.0357677/0/0/0/0	0.0353434/0/0/0/0	0.0352643/0/0/0/0	0.0352227/0/0/0/0	0.0351811/0/0/0/0	0.0351603/0/0/0/0	0.0349107/0/0/0/0	
	Port: 2 (contain 24 entries)
		0/0/0/0/0	0/0/0/0/0	0.0296841/0/0/0/0	0/0/0/0/0	1.28e-05/0/0/0/0	0/0/0/0/0	0/0/0/0/0	0/0/0/0/0	0/0/0/0/0	0.00013272/0/0/0/0	0/0/0/0/0	0/0/0/0/0	0/0/0/0/0	0/0/0/0/0	0/0/0/0/0	0/0/0/0/0	0/0/0/0/0	0/0/0/0/0	0/0/0/0/0	0/0/0/0/0	0/0/0/0/0	0/0/0/0/0	0/0/0/0/0	0/0/0/0/0	
	Port: 3 (contain 24 entries)
		8.528e-05/0/0/0/0	0/0/0/0/0	0/0/0/0/0	0/0/0/0/0	0/0/0/0/0	0/0/0/0/0	0/0/0/0/0	0.139027/0/0/0/0	0.492527/0/0/0/0	0.962631/0/0/0/0	0.998744/0/0/0/0	0.141732/0/0/0/0	0/0/0/0/0	0/0/0/0/0	0/0/0/0/0	0/0/0/0/0	0/0/0/0/0	0/0/0/0/0	0/0/0/0/0	0/0/0/0/0	0/0/0/0/0	0/0/0/0/0	0/0/0/0/0	0/0/0/0/0	
	Port: 4 (contain 24 entries)
		0/0/0/0/0	7.464e-05/0/0/0/0	0.00721056/0/0/0/0	0.624128/0/0/0/0	0.998776/0/0/0/0	0.99886/1/1454/0/0	0.998744/0/0/0/0	0.998744/0/0/0/0	0.956926/0/0/0/0	0.0363581/0/0/0/0	0/0/0/0/0	0/0/0/0/0	0/0/0/0/0	0/0/0/0/0	4.16e-06/0/0/0/0	0/0/0/0/0	0/0/0/0/0	0/0/0/0/0	0/0/0/0/0	0/0/0/0/0	0/0/0/0/0	0/0/0/0/0	0/0/0/0/0	0/0/0/0/0	

Spine 2: (contain: 4 ports)
	Port: 1 (contain 24 entries)
		0/0/0/0/0	0/0/0/0/0	0/0/0/0/0	0/0/0/0/0	0.237672/0/0/0/0	0.706381/0/0/0/0	0.998744/0/0/0/0	0.998877/1/1454/0/0	0.998744/0/0/0/0	0.989567/0/0/0/0	0.99886/0/0/0/0	0.867367/0/0/0/0	0.167967/0/0/0/0	0.0975744/0/0/0/0	0.154028/0/0/0/0	0.176563/0/0/0/0	0.182952/0/0/0/0	0.187134/0/0/0/0	0.331985/0/0/0/0	0.382747/0/0/0/0	0.415737/0/0/0/0	0.445706/0/0/0/0	0.464756/0/0/0/0	0.648521/0/0/0/0	
	Port: 2 (contain 24 entries)
		0/0/0/0/0	0/0/0/0/0	3.312e-05/0/0/0/0	0/0/0/0/0	0/0/0/0/0	0/0/0/0/0	0/0/0/0/0	1.28e-05/0/0/0/0	0/0/0/0/0	1.28e-05/0/0/0/0	0/0/0/0/0	0/0/0/0/0	0/0/0/0/0	0/0/0/0/0	0/0/0/0/0	0/0/0/0/0	0/0/0/0/0	0/0/0/0/0	0/0/0/0/0	0/0/0/0/0	0/0/0/0/0	0/0/0/0/0	0/0/0/0/0	0/0/0/0/0	
	Port: 3 (contain 24 entries)
		0/0/0/0/0	0/0/0/0/0	0.00025992/0/0/0/0	0/0/0/0/0	0/0/0/0/0	0/0/0/0/0	0/0/0/0/0	5.784e-05/0/0/0/0	0/0/0/0/0	0.00010888/0/0/0/0	0/0/0/0/0	0/0/0/0/0	0/0/0/0/0	0/0/0/0/0	0/0/0/0/0	0/0/0/0/0	0/0/0/0/0	0/0/0/0/0	0/0/0/0/0	0/0/0/0/0	0/0/0/0/0	0/0/0/0/0	0/0/0/0/0	0/0/0/0/0	
	Port: 4 (contain 24 entries)
		0/0/0/0/0	0/0/0/0/0	0/0/0/0/0	0/0/0/0/0	0.00851616/0/0/0/0	0.0226757/0/0/0/0	0.0357718/0/0/0/0	0.0357677/0/0/0/0	0.0357677/0/0/0/0	0.482986/0/0/0/0	0.408925/0/0/0/0	0.60472/0/0/0/0	0.573815/0/0/0/0	0.566916/1/54/0/0	0.749404/0/0/0/0	0.998541/0/0/0/0	0.99855/0/0/0/0	0.998675/0/0/0/0	0.998361/0/0/0/0	0.998325/1/54/0/0	0.998332/0/0/0/0	0.998327/1/54/0/0	0.998266/1/54/0/0	0.998065/1/54/0/0	

Spine 3: (contain: 4 ports)
	Port: 1 (contain 24 entries)
		0/0/0/0/0	0/0/0/0/0	0/0/0/0/0	0/0/0/0/0	0.00036672/0/0/0/0	4.592e-05/0/0/0/0	0/0/0/0/0	0/0/0/0/0	0/0/0/0/0	0.00578688/0/0/0/0	0.019943/0/0/0/0	0.0316534/0/0/0/0	0.0355181/0/0/0/0	0.0356429/0/0/0/0	0.035568/0/0/0/0	0.0355347/0/0/0/0	0.0355347/0/0/0/0	0.0355181/0/0/0/0	0.00953888/0/0/0/0	0/0/0/0/0	0/0/0/0/0	0/0/0/0/0	0/0/0/0/0	0/0/0/0/0	
	Port: 2 (contain 24 entries)
		0/0/0/0/0	0/0/0/0/0	1.28e-05/0/0/0/0	0.00051344/0/0/0/0	3.232e-05/0/0/0/0	0/0/0/0/0	0/0/0/0/0	0/0/0/0/0	0/0/0/0/0	0/0/0/0/0	0/0/0/0/0	0/0/0/0/0	0/0/0/0/0	0/0/0/0/0	0/0/0/0/0	0/0/0/0/0	0/0/0/0/0	0/0/0/0/0	0/0/0/0/0	0/0/0/0/0	0/0/0/0/0	0/0/0/0/0	0/0/0/0/0	0/0/0/0/0	
	Port: 3 (contain 24 entries)
		0/0/0/0/0	0/0/0/0/0	7.336e-05/0/0/0/0	0/0/0/0/0	4.224e-05/0/0/0/0	0.00114432/0/0/0/0	0/0/0/0/0	0.248475/0/0/0/0	0.77258/0/0/0/0	0.99886/0/0/0/0	0.998744/0/0/0/0	0.99886/0/0/0/0	0.998744/0/0/0/0	0.99886/0/0/0/0	0.998744/0/0/0/0	0.99886/0/0/0/0	0.998744/0/0/0/0	0.99886/0/0/0/0	0.998744/0/0/0/0	0.998744/0/0/0/0	0.99886/0/0/0/0	0.998744/0/0/0/0	0.99886/0/0/0/0	0.998744/0/0/0/0	
	Port: 4 (contain 24 entries)
		1.28e-05/0/0/0/0	0/0/0/0/0	1.28e-05/0/0/0/0	0.0046928/0/0/0/0	1.28e-05/0/0/0/0	0/0/0/0/0	0.00819552/0/0/0/0	0.0271232/0/0/0/0	0.0345446/0/0/0/0	0.207825/0/0/0/0	0.63144/1/54/0/0	0.466257/2/1508/0/0	0.47172/0/0/0/0	0.475201/0/0/0/0	0.265484/0/0/0/0	0.0357677/0/0/0/0	0.0357677/0/0/0/0	0.0357718/0/0/0/0	0.0357677/0/0/0/0	0.0357718/0/0/0/0	0.0357677/0/0/0/0	0.0357718/0/0/0/0	0.0357677/0/0/0/0	0.0357718/0/0/0/0	

Leaf 0: (contain: 12 ports)
	Port: 1 (contain 24 entries)
		0/0/0/0/0	0/0/0/0/0	0/0/0/0/0	0/0/0/0/0	1.28e-05/0/0/0/0	0/0/0/0/0	0/0/0/0/0	0/0/0/0/0	0/0/0/0/0	0/0/0/0/0	0/0/0/0/0	0/0/0/0/0	0/0/0/0/0	0/0/0/0/0	0/0/0/0/0	0/0/0/0/0	0/0/0/0/0	0/0/0/0/0	0/0/0/0/0	0/0/0/0/0	0/0/0/0/0	0/0/0/0/0	0/0/0/0/0	0/0/0/0/0	
	Port: 2 (contain 24 entries)
		0/0/0/0/0	8.904e-05/0/0/0/0	0.00016192/0/0/0/0	0.0209248/0/0/0/0	0.0362586/0/0/0/0	0.0358008/0/0/0/0	0.0354806/0/0/0/0	0.035776/0/0/0/0	0.0329888/0/0/0/0	0.00804128/0/0/0/0	0.0207334/0/0/0/0	0.0153546/0/0/0/0	0.0155126/0/0/0/0	0.0156582/0/0/0/0	0.009048/0/0/0/0	0/0/0/0/0	0/0/0/0/0	0/0/0/0/0	0/0/0/0/0	0/0/0/0/0	0/0/0/0/0	0/0/0/0/0	0/0/0/0/0	0/0/0/0/0	
	Port: 3 (contain 24 entries)
		1.696e-05/0/0/0/0	0/0/0/0/0	0/0/0/0/0	6.752e-05/0/0/0/0	0/0/0/0/0	1.28e-05/0/0/0/0	0.0481331/0/0/0/0	1.28e-05/0/0/0/0	0/0/0/0/0	0/0/0/0/0	0/0/0/0/0	0/0/0/0/0	0/0/0/0/0	0/0/0/0/0	0/0/0/0/0	0/0/0/0/0	0/0/0/0/0	0/0/0/0/0	0/0/0/0/0	0/0/0/0/0	0/0/0/0/0	0/0/0/0/0	0/0/0/0/0	0/0/0/0/0	
	Port: 4 (contain 24 entries)
		0/0/0/0/0	0/0/0/0/0	0/0/0/0/0	0/0/0/0/0	0.237685/0/0/0/0	0.705219/0/0/0/0	0.99886/0/0/0/0	0.998744/0/0/0/0	0.998744/0/0/0/0	0.99547/16/23264/0/0	1.01865/365/280110/0/0	0.899136/4/3016/0/0	0.204531/0/0/0/0	0.133221/0/0/0/0	0.189596/0/0/0/0	0.211633/1/54/0/0	0.218947/0/0/0/0	0.222303/0/0/0/0	0.34191/0/0/0/0	0.382515/0/0/0/0	0.415388/0/0/0/0	0.445241/0/0/0/0	0.465337/0/0/0/0	0.64794/0/0/0/0	
	Port: 5 (contain 24 entries)
		0/0/0/0/0	0/0/0/0/0	0.0010864/0/0/0/0	1.28e-05/0/0/0/0	1.28e-05/0/0/0/0	0/0/0/0/0	0/0/0/0/0	0/0/0/0/0	3.192e-05/0/0/0/0	0/0/0/0/0	0/0/0/0/0	0/0/0/0/0	0/0/0/0/0	0/0/0/0/0	0/0/0/0/0	0/0/0/0/0	0/0/0/0/0	0/0/0/0/0	0/0/0/0/0	0/0/0/0/0	0/0/0/0/0	0/0/0/0/0	0/0/0/0/0	0/0/0/0/0	
	Port: 6 (contain 24 entries)
		0/0/0/0/0	0/0/0/0/0	5.28e-05/0/0/0/0	0/0/0/0/0	0.00025432/0/0/0/0	0/0/0/0/0	0/0/0/0/0	1.696e-05/0/0/0/0	0/0/0/0/0	0/0/0/0/0	0/0/0/0/0	0/0/0/0/0	0/0/0/0/0	0/0/0/0/0	0/0/0/0/0	0/0/0/0/0	0/0/0/0/0	0/0/0/0/0	0/0/0/0/0	0/0/0/0/0	0/0/0/0/0	0/0/0/0/0	0/0/0/0/0	0/0/0/0/0	
	Port: 7 (contain 24 entries)
		0/0/0/0/0	0/0/0/0/0	0/0/0/0/0	0/0/0/0/0	0.00035392/0/0/0/0	0/0/0/0/0	0/0/0/0/0	1.696e-05/0/0/0/0	3.184e-05/0/0/0/0	0/0/0/0/0	0/0/0/0/0	0/0/0/0/0	0/0/0/0/0	0/0/0/0/0	0/0/0/0/0	0/0/0/0/0	0/0/0/0/0	0/0/0/0/0	0/0/0/0/0	0/0/0/0/0	0/0/0/0/0	0/0/0/0/0	0/0/0/0/0	0/0/0/0/0	
	Port: 8 (contain 24 entries)
		0/0/0/0/0	0/0/0/0/0	1.28e-05/0/0/0/0	0/0/0/0/0	0/0/0/0/0	0/0/0/0/0	0/0/0/0/0	0/0/0/0/0	0.00245056/0/0/0/0	0.0186038/0/0/0/0	0.012455/0/0/0/0	0.0204173/0/0/0/0	0.020255/0/0/0/0	0.0201136/0/0/0/0	0.0267238/0/0/0/0	0.0357718/0/0/0/0	0.0357677/0/0/0/0	0.0357718/0/0/0/0	0.0353392/0/0/0/0	0.0352685/0/0/0/0	0.0352227/0/0/0/0	0.0351811/0/0/0/0	0.0351562/0/0/0/0	0.0349149/0/0/0/0	
	Port: 9 (contain 24 entries)
		0.0001476/0/0/0/0	3.336e-05/0/0/0/0	1.28e-05/0/0/0/0	3.936e-05/0/0/0/0	0.00970232/0/0/0/0	0/0/0/0/0	0.00173504/0/0/0/0	0.00049272/0/0/0/0	0.129088/0/0/0/0	0.218785/0/0/0/0	0.584749/0/0/0/0	0.883048/0/0/0/0	0.992006/0/0/0/0	0.995259/0/0/0/0	0.993168/0/0/0/0	0.992239/0/0/0/0	0.992123/0/0/0/0	0.99189/0/0/0/0	0.260861/0/0/0/0	0/0/0/0/0	0/0/0/0/0	0/0/0/0/0	0/0/0/0/0	0/0/0/0/0	
	Port: 10 (contain 24 entries)
		0/0/0/0/0	0/0/0/0/0	0.0368946/0/0/0/0	0.625289/0/0/0/0	0.998744/0/0/0/0	0.998744/0/0/0/0	0.99886/0/0/0/0	0.998744/0/0/0/0	0.956113/0/0/0/0	0.0360096/0/0/0/0	0/0/0/0/0	0/0/0/0/0	0/0/0/0/0	0/0/0/0/0	4.16e-06/0/0/0/0	0/0/0/0/0	0/0/0/0/0	0/0/0/0/0	0/0/0/0/0	0/0/0/0/0	0/0/0/0/0	0/0/0/0/0	0/0/0/0/0	0/0/0/0/0	
	Port: 11 (contain 24 entries)
		0/0/0/0/0	0/0/0/0/0	0/0/0/0/0	0/0/0/0/0	0.00851616/0/0/0/0	0.0227131/0/0/0/0	0.0357677/0/0/0/0	0.0357718/0/0/0/0	0.0357677/0/0/0/0	0.482941/0/0/0/0	0.409854/0/0/0/0	0.603985/0/0/0/0	0.57428/0/0/0/0	0.566833/1/54/0/0	0.752275/21/30534/0/0	1.0053/105/113470/0/0	1.00519/171/196834/0/0	1.00553/229/283966/0/0	1.01094/423/440042/0/0	1.00058/454/468316/0/0	1.0006/486/496644/0/0	1.00036/488/523352/0/0	1.00046/564/551256/0/0	0.973111/314/232556/0/0	
	Port: 12 (contain 24 entries)
		0/0/0/0/0	0/0/0/0/0	9.896e-05/0/0/0/0	1.28e-05/0/0/0/0	3.232e-05/0/0/0/0	0.00114432/0/0/0/0	0/0/0/0/0	0/0/0/0/0	0/0/0/0/0	0.172149/0/0/0/0	0.595901/0/0/0/0	0.43107/0/0/0/0	0.4356/0/0/0/0	0.439433/0/0/0/0	0.229247/0/0/0/0	0/0/0/0/0	0/0/0/0/0	0/0/0/0/0	0/0/0/0/0	0/0/0/0/0	0/0/0/0/0	0/0/0/0/0	0/0/0/0/0	0/0/0/0/0	

Leaf 1: (contain: 12 ports)
	Port: 1 (contain 24 entries)
		0/0/0/0/0	0/0/0/0/0	0.00050032/0/0/0/0	0/0/0/0/0	0/0/0/0/0	0/0/0/0/0	0/0/0/0/0	0/0/0/0/0	0/0/0/0/0	0.161613/0/0/0/0	0.581845/0/0/0/0	0.883745/0/0/0/0	0.992006/0/0/0/0	0.995259/0/0/0/0	0.993168/0/0/0/0	0.992239/0/0/0/0	0.992123/0/0/0/0	0.99189/0/0/0/0	0.263068/0/0/0/0	0/0/0/0/0	0/0/0/0/0	0/0/0/0/0	0/0/0/0/0	0/0/0/0/0	
	Port: 2 (contain 24 entries)
		0/0/0/0/0	1.28e-05/0/0/0/0	3.312e-05/0/0/0/0	0.130724/0/0/0/0	0/0/0/0/0	0/0/0/0/0	0/0/0/0/0	1.28e-05/0/0/0/0	0/0/0/0/0	0/0/0/0/0	0/0/0/0/0	0/0/0/0/0	0/0/0/0/0	0/0/0/0/0	0/0/0/0/0	0/0/0/0/0	0/0/0/0/0	0/0/0/0/0	0/0/0/0/0	0/0/0/0/0	0/0/0/0/0	0/0/0/0/0	0/0/0/0/0	0/0/0/0/0	
	Port: 3 (contain 24 entries)
		0/0/0/0/0	0/0/0/0/0	0.029642/0/0/0/0	0/0/0/0/0	0/0/0/0/0	0/0/0/0/0	0/0/0/0/0	0/0/0/0/0	0.0174515/0/0/0/0	0.033072/0/0/0/0	0.0357344/0/0/0/0	0.005304/0/0/0/0	0/0/0/0/0	0/0/0/0/0	0/0/0/0/0	0/0/0/0/0	0/0/0/0/0	0/0/0/0/0	0/0/0/0/0	0/0/0/0/0	0/0/0/0/0	0/0/0/0/0	0/0/0/0/0	0/0/0/0/0	
	Port: 4 (contain 24 entries)
		0/0/0/0/0	0/0/0/0/0	0/0/0/0/0	0/0/0/0/0	1.28e-05/0/0/0/0	0/0/0/0/0	0/0/0/0/0	0/0/0/0/0	0/0/0/0/0	0.00010296/0/0/0/0	0/0/0/0/0	0/0/0/0/0	0/0/0/0/0	0/0/0/0/0	0/0/0/0/0	0/0/0/0/0	0/0/0/0/0	0/0/0/0/0	0/0/0/0/0	0/0/0/0/0	0/0/0/0/0	0/0/0/0/0	0/0/0/0/0	0/0/0/0/0	
	Port: 5 (contain 24 entries)
		0/0/0/0/0	0/0/0/0/0	0/0/0/0/0	0.00050064/0/0/0/0	0/0/0/0/0	0/0/0/0/0	0/0/0/0/0	0.00018712/0/0/0/0	0/0/0/0/0	0/0/0/0/0	0/0/0/0/0	0/0/0/0/0	0/0/0/0/0	0/0/0/0/0	0/0/0/0/0	0/0/0/0/0	0/0/0/0/0	0/0/0/0/0	0/0/0/0/0	0/0/0/0/0	0/0/0/0/0	0/0/0/0/0	0/0/0/0/0	0/0/0/0/0	
	Port: 6 (contain 24 entries)
		0/0/0/0/0	2.056e-05/0/0/0/0	5.488e-05/0/0/0/0	0/0/0/0/0	3.232e-05/0/0/0/0	0/0/0/0/0	0/0/0/0/0	0/0/0/0/0	0/0/0/0/0	0/0/0/0/0	0/0/0/0/0	0/0/0/0/0	0/0/0/0/0	0/0/0/0/0	0/0/0/0/0	0/0/0/0/0	0/0/0/0/0	0/0/0/0/0	0/0/0/0/0	0/0/0/0/0	0/0/0/0/0	0/0/0/0/0	0/0/0/0/0	0/0/0/0/0	
	Port: 7 (contain 24 entries)
		0/0/0/0/0	0/0/0/0/0	0/0/0/0/0	0/0/0/0/0	0/0/0/0/0	0/0/0/0/0	0/0/0/0/0	0/0/0/0/0	1.28e-05/0/0/0/0	1.28e-05/0/0/0/0	0/0/0/0/0	0/0/0/0/0	0/0/0/0/0	0/0/0/0/0	0/0/0/0/0	0/0/0/0/0	0/0/0/0/0	0/0/0/0/0	0/0/0/0/0	0/0/0/0/0	0/0/0/0/0	0/0/0/0/0	0/0/0/0/0	0/0/0/0/0	
	Port: 8 (contain 24 entries)
		0/0/0/0/0	0/0/0/0/0	1.28e-05/0/0/0/0	0/0/0/0/0	0/0/0/0/0	0/0/0/0/0	0.00173504/0/0/0/0	0/0/0/0/0	0/0/0/0/0	1.696e-05/0/0/0/0	0/0/0/0/0	0/0/0/0/0	0/0/0/0/0	0/0/0/0/0	0/0/0/0/0	0/0/0/0/0	0/0/0/0/0	0/0/0/0/0	0/0/0/0/0	0/0/0/0/0	0/0/0/0/0	0/0/0/0/0	0/0/0/0/0	0/0/0/0/0	
	Port: 9 (contain 24 entries)
		0/0/0/0/0	1.28e-05/0/0/0/0	0.00115584/0/0/0/0	2.944e-05/0/0/0/0	3.992e-05/0/0/0/0	0/0/0/0/0	0.0481331/0/0/0/0	0/0/0/0/0	0/0/0/0/0	0.00030608/0/0/0/0	0/0/0/0/0	0/0/0/0/0	0/0/0/0/0	0/0/0/0/0	0/0/0/0/0	0/0/0/0/0	0/0/0/0/0	0/0/0/0/0	0/0/0/0/0	0/0/0/0/0	0/0/0/0/0	0/0/0/0/0	0/0/0/0/0	0/0/0/0/0	
	Port: 10 (contain 24 entries)
		0/0/0/0/0	7.464e-05/0/0/0/0	5.28e-05/0/0/0/0	6.752e-05/0/0/0/0	1.28e-05/0/0/0/0	0/0/0/0/0	0/0/0/0/0	0/0/0/0/0	0.49372/0/0/0/0	0.962502/0/0/0/0	0.99886/0/0/0/0	0.140571/0/0/0/0	0/0/0/0/0	0/0/0/0/0	0/0/0/0/0	0/0/0/0/0	0/0/0/0/0	0/0/0/0/0	0/0/0/0/0	0/0/0/0/0	0/0/0/0/0	0/0/0/0/0	0/0/0/0/0	0/0/0/0/0	
	Port: 11 (contain 24 entries)
		0/0/0/0/0	0/0/0/0/0	0/0/0/0/0	0/0/0/0/0	0/0/0/0/0	0/0/0/0/0	0/0/0/0/0	7.48e-05/0/0/0/0	0/0/0/0/0	0.00012168/0/0/0/0	0/0/0/0/0	0/0/0/0/0	0/0/0/0/0	0/0/0/0/0	0/0/0/0/0	0/0/0/0/0	0/0/0/0/0	0/0/0/0/0	0/0/0/0/0	0/0/0/0/0	0/0/0/0/0	0/0/0/0/0	0/0/0/0/0	0/0/0/0/0	
	Port: 12 (contain 24 entries)
		0/0/0/0/0	0/0/0/0/0	0/0/0/0/0	0.0046928/0/0/0/0	0/0/0/0/0	0/0/0/0/0	0/0/0/0/0	0/0/0/0/0	0/0/0/0/0	0.00578688/0/0/0/0	0.0199763/0/0/0/0	0.0316534/0/0/0/0	0.0355222/0/0/0/0	0.0356429/0/0/0/0	0.035568/0/0/0/0	0.0355306/0/0/0/0	0.0355347/0/0/0/0	0.0355222/0/0/0/0	0.00950144/0/0/0/0	0/0/0/0/0	0/0/0/0/0	0/0/0/0/0	0/0/0/0/0	0/0/0/0/0	

Leaf 2: (contain: 12 ports)
	Port: 1 (contain 24 entries)
		0/0/0/0/0	0/0/0/0/0	0.00025992/0/0/0/0	0/0/0/0/0	4.64e-05/0/0/0/0	0/0/0/0/0	0/0/0/0/0	0.0002352/0/0/0/0	0/0/0/0/0	0/0/0/0/0	0/0/0/0/0	0/0/0/0/0	0/0/0/0/0	0/0/0/0/0	0/0/0/0/0	0/0/0/0/0	0/0/0/0/0	0/0/0/0/0	0/0/0/0/0	0/0/0/0/0	0/0/0/0/0	0/0/0/0/0	0/0/0/0/0	0/0/0/0/0	
	Port: 2 (contain 24 entries)
		0/0/0/0/0	0/0/0/0/0	0/0/0/0/0	0/0/0/0/0	0/0/0/0/0	0/0/0/0/0	0/0/0/0/0	0/0/0/0/0	0/0/0/0/0	0/0/0/0/0	0/0/0/0/0	0/0/0/0/0	0/0/0/0/0	0/0/0/0/0	0/0/0/0/0	0/0/0/0/0	0/0/0/0/0	0/0/0/0/0	0/0/0/0/0	0/0/0/0/0	0/0/0/0/0	0/0/0/0/0	0/0/0/0/0	0/0/0/0/0	
	Port: 3 (contain 24 entries)
		8.528e-05/0/0/0/0	0/0/0/0/0	0/0/0/0/0	0/0/0/0/0	0/0/0/0/0	0/0/0/0/0	0.231748/0/0/0/0	0.802782/0/0/0/0	0.964709/0/0/0/0	0.996188/0/0/0/0	0.99886/0/0/0/0	0.998744/0/0/0/0	0.99886/0/0/0/0	0.998744/0/0/0/0	0.998744/0/0/0/0	0.99886/0/0/0/0	0.998744/0/0/0/0	0.99886/0/0/0/0	0.998744/0/0/0/0	0.99886/0/0/0/0	0.998744/0/0/0/0	0.99886/0/0/0/0	0.998744/0/0/0/0	0.99886/0/0/0/0	
	Port: 4 (contain 24 entries)
		0/0/0/0/0	0/0/0/0/0	0/0/0/0/0	0/0/0/0/0	2.112e-05/0/0/0/0	0.00114432/0/0/0/0	0/0/0/0/0	0.248417/0/0/0/0	0.771651/0/0/0/0	0.998744/0/0/0/0	0.99886/0/0/0/0	0.998744/0/0/0/0	0.99886/0/0/0/0	0.998744/0/0/0/0	0.99886/0/0/0/0	0.998744/0/0/0/0	0.998744/0/0/0/0	0.99886/0/0/0/0	0.998744/0/0/0/0	0.99886/0/0/0/0	0.998744/0/0/0/0	0.99886/0/0/0/0	0.998744/0/0/0/0	0.99886/0/0/0/0	
	Port: 5 (contain 24 entries)
		0/0/0/0/0	0/0/0/0/0	0/0/0/0/0	0/0/0/0/0	6.512e-05/0/0/0/0	0/0/0/0/0	0/0/0/0/0	0.139027/0/0/0/0	0/0/0/0/0	4.728e-05/0/0/0/0	0/0/0/0/0	0/0/0/0/0	0/0/0/0/0	0/0/0/0/0	0/0/0/0/0	0/0/0/0/0	0/0/0/0/0	0/0/0/0/0	0/0/0/0/0	0/0/0/0/0	0/0/0/0/0	0/0/0/0/0	0/0/0/0/0	0/0/0/0/0	
	Port: 6 (contain 24 entries)
		0/0/0/0/0	1.28e-05/0/0/0/0	0.00010056/0/0/0/0	0/0/0/0/0	0/0/0/0/0	0/0/0/0/0	0/0/0/0/0	0/0/0/0/0	0.491365/0/0/0/0	0.962618/0/0/0/0	0.99886/0/0/0/0	0.142778/0/0/0/0	0/0/0/0/0	0/0/0/0/0	0/0/0/0/0	0/0/0/0/0	0/0/0/0/0	0/0/0/0/0	0/0/0/0/0	0/0/0/0/0	0/0/0/0/0	0/0/0/0/0	0/0/0/0/0	0/0/0/0/0	
	Port: 7 (contain 24 entries)
		0/0/0/0/0	0/0/0/0/0	0/0/0/0/0	0/0/0/0/0	0/0/0/0/0	4.48e-06/0/0/0/0	0.00016176/0/0/0/0	0/0/0/0/0	0/0/0/0/0	3.376e-05/0/0/0/0	0/0/0/0/0	0/0/0/0/0	0/0/0/0/0	0/0/0/0/0	0/0/0/0/0	0/0/0/0/0	0/0/0/0/0	0/0/0/0/0	0/0/0/0/0	0/0/0/0/0	0/0/0/0/0	0/0/0/0/0	0/0/0/0/0	0/0/0/0/0	
	Port: 8 (contain 24 entries)
		0/0/0/0/0	0/0/0/0/0	1.28e-05/0/0/0/0	0/0/0/0/0	2.944e-05/0/0/0/0	0/0/0/0/0	0/0/0/0/0	0/0/0/0/0	0/0/0/0/0	0.00027576/0/0/0/0	0/0/0/0/0	0/0/0/0/0	0/0/0/0/0	0/0/0/0/0	0/0/0/0/0	0/0/0/0/0	0/0/0/0/0	0/0/0/0/0	0/0/0/0/0	0/0/0/0/0	0/0/0/0/0	0/0/0/0/0	0/0/0/0/0	0/0/0/0/0	
	Port: 9 (contain 24 entries)
		0/0/0/0/0	0/0/0/0/0	4.672e-05/0/0/0/0	0/0/0/0/0	0.00054008/0/0/0/0	4.48e-06/0/0/0/0	1.248e-05/0/0/0/0	0.0139037/0/0/0/0	0.0436762/0/0/0/0	0.0688525/0/0/0/0	0.0715395/0/0/0/0	0.0409677/0/0/0/0	0.0357677/0/0/0/0	0.0357718/0/0/0/0	0.0357677/0/0/0/0	0.0357718/0/0/0/0	0.0357677/0/0/0/0	0.0357718/0/0/0/0	0.0357677/0/0/0/0	0.0357718/0/0/0/0	0.0357677/0/0/0/0	0.0357718/0/0/0/0	0.0357677/0/0/0/0	0.0357677/0/0/0/0	
	Port: 10 (contain 24 entries)
		0/0/0/0/0	7.624e-05/0/0/0/0	0/0/0/0/0	0/0/0/0/0	0.00028664/0/0/0/0	0/0/0/0/0	0/0/0/0/0	0/0/0/0/0	0/0/0/0/0	2.976e-05/0/0/0/0	0/0/0/0/0	0/0/0/0/0	0/0/0/0/0	0/0/0/0/0	0/0/0/0/0	0/0/0/0/0	0/0/0/0/0	0/0/0/0/0	0/0/0/0/0	0/0/0/0/0	0/0/0/0/0	0/0/0/0/0	0/0/0/0/0	0/0/0/0/0	
	Port: 11 (contain 24 entries)
		0/0/0/0/0	0/0/0/0/0	3.312e-05/0/0/0/0	0/0/0/0/0	0/0/0/0/0	0.0317236/0/0/0/0	0/0/0/0/0	1.28e-05/0/0/0/0	0/0/0/0/0	4.512e-05/0/0/0/0	0/0/0/0/0	0/0/0/0/0	0/0/0/0/0	0/0/0/0/0	0/0/0/0/0	0/0/0/0/0	0/0/0/0/0	0/0/0/0/0	0/0/0/0/0	0/0/0/0/0	0/0/0/0/0	0/0/0/0/0	0/0/0/0/0	0/0/0/0/0	
	Port: 12 (contain 24 entries)
		1.28e-05/0/0/0/0	0/0/0/0/0	0/0/0/0/0	0/0/0/0/0	1.28e-05/0/0/0/0	0/0/0/0/0	0.00823296/0/0/0/0	0.027119/0/0/0/0	0.0345488/0/0/0/0	0.0356762/0/0/0/0	0.0357677/0/0/0/0	0.0357718/0/0/0/0	0.0357677/0/0/0/0	0.0357718/0/0/0/0	0.0357677/0/0/0/0	0.0357718/0/0/0/0	0.0357677/0/0/0/0	0.0357718/0/0/0/0	0.0357677/0/0/0/0	0.0357677/0/0/0/0	0.0357718/0/0/0/0	0.0357677/0/0/0/0	0.0357718/0/0/0/0	0.0357677/0/0/0/0	

Leaf 3: (contain: 12 ports)
	Port: 1 (contain 24 entries)
		0/0/0/0/0	0/0/0/0/0	0/0/0/0/0	0/0/0/0/0	0.00052728/0/0/0/0	0/0/0/0/0	0/0/0/0/0	0.00498816/0/0/0/0	0/0/0/0/0	4.512e-05/0/0/0/0	0/0/0/0/0	0/0/0/0/0	0/0/0/0/0	0/0/0/0/0	0/0/0/0/0	0/0/0/0/0	0/0/0/0/0	0/0/0/0/0	0/0/0/0/0	0/0/0/0/0	0/0/0/0/0	0/0/0/0/0	0/0/0/0/0	0/0/0/0/0	
	Port: 2 (contain 24 entries)
		1.28e-05/0/0/0/0	0/0/0/0/0	2.944e-05/0/0/0/0	0/0/0/0/0	0.0096008/0/0/0/0	4.48e-06/0/0/0/0	1.248e-05/0/0/0/0	0/0/0/0/0	0/0/0/0/0	0.00011824/0/0/0/0	0/0/0/0/0	0/0/0/0/0	0/0/0/0/0	0/0/0/0/0	0/0/0/0/0	0/0/0/0/0	0/0/0/0/0	0/0/0/0/0	0/0/0/0/0	0/0/0/0/0	0/0/0/0/0	0/0/0/0/0	0/0/0/0/0	0/0/0/0/0	
	Port: 3 (contain 24 entries)
		0/0/0/0/0	0/0/0/0/0	3.392e-05/0/0/0/0	0/0/0/0/0	0.00851616/0/0/0/0	0.0225971/0/0/0/0	0.0357677/0/0/0/0	0.0357677/0/0/0/0	0.0357718/0/0/0/0	0.0353725/0/0/0/0	0.0348982/0/0/0/0	0.0313414/0/0/0/0	0.00664768/0/0/0/0	0.00340704/0/0/0/0	0.00541632/0/0/0/0	0.00628576/0/0/0/0	0.00644384/0/0/0/0	0.00666432/0/0/0/0	0.0118102/0/0/0/0	0.013624/0/0/0/0	0.0148179/0/0/0/0	0.0159411/0/0/0/0	0.0165027/0/0/0/0	0.023217/0/0/0/0	
	Port: 4 (contain 24 entries)
		0/0/0/0/0	0/0/0/0/0	0/0/0/0/0	0.0047616/0/0/0/0	0/0/0/0/0	0/0/0/0/0	0/0/0/0/0	0.00896896/0/0/0/0	0.0260045/0/0/0/0	0.0358592/0/0/0/0	0.0357677/0/0/0/0	0.0357718/0/0/0/0	0.0357677/0/0/0/0	0.0357718/0/0/0/0	0.0357677/0/0/0/0	0.0357718/0/0/0/0	0.0357677/0/0/0/0	0.0357677/0/0/0/0	0.0357718/0/0/0/0	0.0357677/0/0/0/0	0.0357718/0/0/0/0	0.0357677/0/0/0/0	0.0357718/0/0/0/0	0.0357677/0/0/0/0	
	Port: 5 (contain 24 entries)
		0.0001476/0/0/0/0	0/0/0/0/0	0/0/0/0/0	0/0/0/0/0	3.992e-05/0/0/0/0	0/0/0/0/0	0/0/0/0/0	0/0/0/0/0	0/0/0/0/0	0/0/0/0/0	0/0/0/0/0	0/0/0/0/0	0/0/0/0/0	0/0/0/0/0	0/0/0/0/0	0/0/0/0/0	0/0/0/0/0	0/0/0/0/0	0/0/0/0/0	0/0/0/0/0	0/0/0/0/0	0/0/0/0/0	0/0/0/0/0	0/0/0/0/0	
	Port: 6 (contain 24 entries)
		0/0/0/0/0	7.464e-05/0/0/0/0	0/0/0/0/0	0/0/0/0/0	0/0/0/0/0	0/0/0/0/0	0/0/0/0/0	0/0/0/0/0	0/0/0/0/0	0/0/0/0/0	0/0/0/0/0	0/0/0/0/0	0/0/0/0/0	0/0/0/0/0	0/0/0/0/0	0/0/0/0/0	0/0/0/0/0	0/0/0/0/0	0/0/0/0/0	0/0/0/0/0	0/0/0/0/0	0/0/0/0/0	0/0/0/0/0	0/0/0/0/0	
	Port: 7 (contain 24 entries)
		0/0/0/0/0	0/0/0/0/0	0/0/0/0/0	0/0/0/0/0	7.912e-05/0/0/0/0	3.248e-05/0/0/0/0	0.00816224/0/0/0/0	0.027119/0/0/0/0	0.0345488/0/0/0/0	0.0356762/0/0/0/0	0.0357677/0/0/0/0	0.0357677/0/0/0/0	0.0357718/0/0/0/0	0.0357677/0/0/0/0	0.0357718/0/0/0/0	0.0357677/0/0/0/0	0.0357718/0/0/0/0	0.0357677/0/0/0/0	0.0357718/0/0/0/0	0.0357677/0/0/0/0	0.0357718/0/0/0/0	0.0357677/0/0/0/0	0.0357718/0/0/0/0	0.0357677/0/0/0/0	
	Port: 8 (contain 24 entries)
		0/0/0/0/0	0/0/0/0/0	0.00697824/0/0/0/0	0.623198/0/0/0/0	0.998756/0/0/0/0	0.998873/0/0/0/0	0.998744/0/0/0/0	0.99886/1/1454/0/0	1.08192/599/870946/0/0	0.718333/0/0/0/0	0.968658/274/398396/0/0	1.00374/317/460918/0/0	1.00327/355/516170/0/0	1.00281/390/567060/0/0	0.973721/174/252996/0/0	0.992355/119/173026/0/0	0.992123/61/88694/0/0	0.99189/2/2908/0/0	0.986663/0/0/0/0	0.984688/0/0/0/0	0.983527/0/0/0/0	0.982249/0/0/0/0	0.981784/0/0/0/0	0.974815/0/0/0/0	
	Port: 9 (contain 24 entries)
		1.696e-05/0/0/0/0	1.28e-05/0/0/0/0	0.00069936/0/0/0/0	0.151623/0/0/0/0	0.0358328/0/0/0/0	0.0357763/0/0/0/0	0.278016/140/105560/0/0	0.838317/138/104052/0/0	1.02435/443/436922/0/0	0.99823/296/430384/0/0	0.994794/262/380948/0/0	0.99886/262/380948/0/0	0.998744/262/380948/0/0	0.99886/262/380948/0/0	0.998744/262/380948/0/0	0.99886/263/382402/0/0	0.998744/262/380948/0/0	0.99886/263/382402/0/0	0.998744/262/380948/0/0	0.998744/262/380948/0/0	0.99886/262/380948/0/0	0.998744/262/380948/0/0	0.99886/262/380948/0/0	0.998744/262/380948/0/0	
	Port: 10 (contain 24 entries)
		8.528e-05/0/0/0/0	0/0/0/0/0	0/0/0/0/0	1.28e-05/0/0/0/0	0.00053704/0/0/0/0	0/0/0/0/0	0/0/0/0/0	0.13904/0/0/0/0	0.0025324/0/0/0/0	0.0242774/0/0/0/0	0.0332467/0/0/0/0	0.0357677/0/0/0/0	0.0357677/0/0/0/0	0.0357718/0/0/0/0	0.035776/0/0/0/0	0.0357677/0/0/0/0	0.0357718/0/0/0/0	0.0357677/0/0/0/0	0.0353434/0/0/0/0	0.0352643/0/0/0/0	0.0352227/0/0/0/0	0.0351811/0/0/0/0	0.0351562/0/0/0/0	0.0349149/0/0/0/0	
	Port: 11 (contain 24 entries)
		0/0/0/0/0	0/0/0/0/0	0.00025992/0/0/0/0	0/0/0/0/0	0.237672/0/0/0/0	0.675703/0/0/0/0	0.99886/0/0/0/0	0.998744/0/0/0/0	0.99886/0/0/0/0	0.989567/0/0/0/0	0.998744/0/0/0/0	0.867483/0/0/0/0	0.166806/0/0/0/0	0.0975744/0/0/0/0	0.154028/0/0/0/0	0.176912/0/0/0/0	0.182604/0/0/0/0	0.187598/0/0/0/0	0.331637/0/0/0/0	0.383096/0/0/0/0	0.41562/0/0/0/0	0.446519/0/0/0/0	0.464292/0/0/0/0	0.648986/0/0/0/0	
	Port: 12 (contain 24 entries)
		0/0/0/0/0	0/0/0/0/0	0/0/0/0/0	0.00050064/0/0/0/0	0.00040896/0/0/0/0	4.592e-05/0/0/0/0	0/0/0/0/0	0.24952/0/0/0/0	0.772696/0/0/0/0	0.99886/0/0/0/0	0.998744/0/0/0/0	0.998744/0/0/0/0	0.99886/0/0/0/0	0.998744/0/0/0/0	0.99886/0/0/0/0	0.998744/0/0/0/0	0.99886/0/0/0/0	0.998744/0/0/0/0	0.99886/0/0/0/0	0.998744/0/0/0/0	0.99886/0/0/0/0	0.998744/0/0/0/0	0.998744/0/0/0/0	0.99886/0/0/0/0	

