Spine 0: (contain: 4 ports)
	Port: 1 (contain 24 entries)
		0.0626204/0/0/0/0	0/0/0/0/0	0.00023048/0/0/0/0	0.0002384/0/0/0/0	0.0054884/0/0/0/0	0.0004332/0/0/0/0	0.00010088/0/0/0/0	0/0/0/0/0	0.0110202/0/0/0/0	0.0357974/0/0/0/0	0.0357677/0/0/0/0	0.0357677/0/0/0/0	0.0357718/0/0/0/0	0.0357677/0/0/0/0	0.0357718/0/0/0/0	0.0232294/0/0/0/0	0/0/0/0/0	0/0/0/0/0	0/0/0/0/0	0/0/0/0/0	0/0/0/0/0	0/0/0/0/0	0/0/0/0/0	0/0/0/0/0	
	Port: 2 (contain 24 entries)
		0.00045424/0/0/0/0	3.144e-05/0/0/0/0	1.28e-05/0/0/0/0	0/0/0/0/0	0.00013416/0/0/0/0	0.00083816/0/0/0/0	4.04e-05/0/0/0/0	0.448942/0/0/0/0	0.921149/0/0/0/0	0.998744/0/0/0/0	0.998744/0/0/0/0	0.99886/0/0/0/0	0.998744/0/0/0/0	0.99886/0/0/0/0	0.998744/0/0/0/0	0.644305/0/0/0/0	0/0/0/0/0	0/0/0/0/0	0/0/0/0/0	0/0/0/0/0	0/0/0/0/0	0/0/0/0/0	0/0/0/0/0	0/0/0/0/0	
	Port: 3 (contain 24 entries)
		0.325716/0/0/0/0	0.959482/0/0/0/0	0.998842/0/0/0/0	0.998628/0/0/0/0	0.999039/2/2908/0/0	0.985385/0/0/0/0	0.99887/0/0/0/0	1.0002/13/18902/0/0	0.998744/13/18902/0/0	0.99886/13/18902/0/0	0.998744/13/18902/0/0	0.99886/13/18902/0/0	0.998744/13/18902/0/0	0.99886/13/18902/0/0	0.998744/13/18902/0/0	0.99886/13/18902/0/0	0.998744/13/18902/0/0	0.99886/13/18902/0/0	0.998744/13/18902/0/0	0.998744/13/18902/0/0	0.99886/13/18902/0/0	0.998744/13/18902/0/0	0.99886/13/18902/0/0	0.998744/13/18902/0/0	
	Port: 4 (contain 24 entries)
		0.581275/0/0/0/0	0.962618/0/0/0/0	0.998744/0/0/0/0	1.08415/521/757534/0/0	0.0969936/0/0/0/0	0.00032968/0/0/0/0	0.0236587/0/0/0/0	0.0472871/0/0/0/0	0.171703/0/0/0/0	0.0251357/0/0/0/0	0.026833/0/0/0/0	0.0647011/0/0/0/0	0.0614486/0/0/0/0	0.0688829/0/0/0/0	0.0737616/0/0/0/0	0.0792211/0/0/0/0	0.084216/0/0/0/0	0.0885139/0/0/0/0	0.0925795/0/0/0/0	0.0658627/0/0/0/0	0/0/0/0/0	0/0/0/0/0	0/0/0/0/0	0/0/0/0/0	

Spine 1: (contain: 4 ports)
	Port: 1 (contain 24 entries)
		0.205384/0/0/0/0	0.0708463/0/0/0/0	0.0364822/0/0/0/0	0.0233712/0/0/0/0	0.0179299/0/0/0/0	0.0214038/0/0/0/0	0.141019/0/0/0/0	0.0334742/0/0/0/0	0.0344649/0/0/0/0	0.0475288/0/0/0/0	0.0357677/0/0/0/0	0.0357718/0/0/0/0	0.0357677/0/0/0/0	0.0357718/0/0/0/0	0.0357677/0/0/0/0	0.0357718/0/0/0/0	0.0357677/0/0/0/0	0.0357718/0/0/0/0	0.0357677/0/0/0/0	0.0357677/0/0/0/0	0.035776/0/0/0/0	0.0357718/0/0/0/0	0.0357677/0/0/0/0	0.0357718/0/0/0/0	
	Port: 2 (contain 24 entries)
		0.0009904/0/0/0/0	8.496e-05/0/0/0/0	1.28e-05/0/0/0/0	0.0254515/0/0/0/0	0.0380227/0/0/0/0	0.0321591/0/0/0/0	0.034928/0/0/0/0	0.0367482/0/0/0/0	0.182646/0/0/0/0	0.0503376/0/0/0/0	0.0345072/0/0/0/0	0.0342992/0/0/0/0	0.0335629/0/0/0/0	0.0333091/0/0/0/0	0.0331219/0/0/0/0	0.0329347/0/0/0/0	0.0327517/0/0/0/0	0.0326019/0/0/0/0	0.0324522/0/0/0/0	0.0323939/0/0/0/0	0.0317242/0/0/0/0	0.0313914/0/0/0/0	0.0310627/0/0/0/0	0.0307715/0/0/0/0	
	Port: 3 (contain 24 entries)
		0.0011152/0/0/0/0	7.952e-05/0/0/0/0	0.00011472/0/0/0/0	0.401074/0/0/0/0	0.936761/0/0/0/0	0.512149/0/0/0/0	0.871485/0/0/0/0	0.99735/0/0/0/0	0.879916/0/0/0/0	0/0/0/0/0	0/0/0/0/0	0/0/0/0/0	0/0/0/0/0	0/0/0/0/0	0/0/0/0/0	0/0/0/0/0	0/0/0/0/0	0/0/0/0/0	0/0/0/0/0	0/0/0/0/0	0/0/0/0/0	0/0/0/0/0	0/0/0/0/0	0/0/0/0/0	
	Port: 4 (contain 24 entries)
		0.0109778/0/0/0/0	0.0447664/0/0/0/0	0.0670135/0/0/0/0	0.458177/12/4848/0/0	0.963409/151/76754/0/0	0.703789/424/108296/0/0	0.493988/0/0/0/0	0.708933/0/0/0/0	0.638292/3/162/0/0	0.647204/0/0/0/0	0.636977/0/0/0/0	0.627274/0/0/0/0	0.625316/0/0/0/0	0.616935/0/0/0/0	0.616462/0/0/0/0	0.61355/0/0/0/0	0.611928/0/0/0/0	0.606336/2/108/0/0	0.606452/2/108/0/0	0.608414/0/0/0/0	0.363368/0/0/0/0	0.0713814/0/0/0/0	0.0713648/0/0/0/0	0.0713565/0/0/0/0	

Spine 2: (contain: 4 ports)
	Port: 1 (contain 24 entries)
		0.00013632/0/0/0/0	1.28e-05/0/0/0/0	1.28e-05/0/0/0/0	9.352e-05/0/0/0/0	0/0/0/0/0	0.00061408/0/0/0/0	2.688e-05/0/0/0/0	0.23449/0/0/0/0	0.0726855/0/0/0/0	0/0/0/0/0	0/0/0/0/0	0/0/0/0/0	0/0/0/0/0	0/0/0/0/0	0/0/0/0/0	0/0/0/0/0	0/0/0/0/0	0/0/0/0/0	0/0/0/0/0	0/0/0/0/0	0/0/0/0/0	0/0/0/0/0	0/0/0/0/0	0/0/0/0/0	
	Port: 2 (contain 24 entries)
		0.00010944/0/0/0/0	1.28e-05/0/0/0/0	0.0003504/0/0/0/0	0.00011232/0/0/0/0	0/0/0/0/0	1.28e-05/0/0/0/0	0.00064128/0/0/0/0	4.16e-06/0/0/0/0	0.00026728/0/0/0/0	0.00012896/0/0/0/0	0.00094016/0/0/0/0	0.00232128/0/0/0/0	0.00222144/0/0/0/0	0.00241696/0/0/0/0	0.00264576/0/0/0/0	0.00283296/0/0/0/0	0.00298272/0/0/0/0	0.00315328/0/0/0/0	0.00331136/0/0/0/0	0.003536/0/0/0/0	0.00395616/0/0/0/0	0.00436384/0/0/0/0	0.00468416/0/0/0/0	0.00498368/0/0/0/0	
	Port: 3 (contain 24 entries)
		1.696e-05/0/0/0/0	1.28e-05/0/0/0/0	0.00010192/0/0/0/0	0.013811/0/0/0/0	0.0476911/0/0/0/0	0.0465808/0/0/0/0	0.0358667/0/0/0/0	0.035785/0/0/0/0	0.320372/0/0/0/0	0.626074/219/167226/0/0	1.00023/260/198840/0/0	0.956286/0/0/0/0	0.937411/0/0/0/0	0.929861/0/0/0/0	0.925098/0/0/0/0	0.919523/0/0/0/0	0.914644/0/0/0/0	0.91023/0/0/0/0	0.906164/0/0/0/0	0.903957/0/0/0/0	0.886417/0/0/0/0	0.87666/0/0/0/0	0.867134/0/0/0/0	0.859236/0/0/0/0	
	Port: 4 (contain 24 entries)
		0/0/0/0/0	0.0001664/0/0/0/0	3.36e-05/0/0/0/0	0.0025336/0/0/0/0	0.662265/139/202106/0/0	0.86008/0/0/0/0	0.653366/0/0/0/0	0.471971/0/0/0/0	0.405363/0/0/0/0	0.429224/0/0/0/0	0.438504/0/0/0/0	0.447564/0/0/0/0	0.449191/0/0/0/0	0.45709/0/0/0/0	0.457554/0/0/0/0	0.459761/0/0/0/0	0.46162/0/0/0/0	0.466963/0/0/0/0	0.466731/0/0/0/0	0.464524/0/0/0/0	0.667223/0/0/0/0	0.998744/0/0/0/0	0.99886/0/0/0/0	0.998744/0/0/0/0	

Spine 3: (contain: 4 ports)
	Port: 1 (contain 24 entries)
		0.00049336/0/0/0/0	0.345141/0/0/0/0	0.911275/0/0/0/0	0.987257/0/0/0/0	0.987012/0/0/0/0	0.970878/0/0/0/0	0.99491/0/0/0/0	0.994695/0/0/0/0	0.992355/0/0/0/0	0.997931/0/0/0/0	0.997814/0/0/0/0	0.99642/0/0/0/0	0.996537/0/0/0/0	0.996304/0/0/0/0	0.996072/0/0/0/0	0.99584/0/0/0/0	0.995724/0/0/0/0	0.995491/0/0/0/0	0.995491/0/0/0/0	0.995143/0/0/0/0	0.994678/0/0/0/0	0.994213/0/0/0/0	0.993981/0/0/0/0	0.993633/0/0/0/0	
	Port: 2 (contain 24 entries)
		0.00613272/0/0/0/0	0/0/0/0/0	0.00072256/0/0/0/0	0.00324728/0/0/0/0	0/0/0/0/0	0/0/0/0/0	0.00017472/0/0/0/0	0.00083224/0/0/0/0	0/0/0/0/0	0.0001628/0/0/0/0	0/0/0/0/0	0/0/0/0/0	0/0/0/0/0	0/0/0/0/0	0/0/0/0/0	0/0/0/0/0	0/0/0/0/0	0/0/0/0/0	0/0/0/0/0	0/0/0/0/0	0/0/0/0/0	0/0/0/0/0	0/0/0/0/0	0/0/0/0/0	
	Port: 3 (contain 24 entries)
		0.0120864/0/0/0/0	1.696e-05/0/0/0/0	3.376e-05/0/0/0/0	0.0007652/0/0/0/0	0.00134016/0/0/0/0	0.0222811/0/0/0/0	0.00381952/0/0/0/0	0.00702984/0/0/0/0	0.00196008/0/0/0/0	0.0007944/0/0/0/0	0/0/0/0/0	0/0/0/0/0	0/0/0/0/0	0/0/0/0/0	0/0/0/0/0	0/0/0/0/0	0/0/0/0/0	0/0/0/0/0	0/0/0/0/0	0/0/0/0/0	0/0/0/0/0	0/0/0/0/0	0/0/0/0/0	0/0/0/0/0	
	Port: 4 (contain 24 entries)
		0.0066624/0/0/0/0	0.00131872/0/0/0/0	0.00880224/0/0/0/0	7.04e-05/0/0/0/0	0.517599/0/0/0/0	0.961296/0/0/0/0	0.998744/0/0/0/0	0.998761/0/0/0/0	0.98831/0/0/0/0	0.978532/0/0/0/0	0.935436/0/0/0/0	0.616916/0/0/0/0	0/0/0/0/0	0/0/0/0/0	0/0/0/0/0	0/0/0/0/0	0/0/0/0/0	0/0/0/0/0	0/0/0/0/0	0.02904/0/0/0/0	0.112327/0/0/0/0	0.1222/0/0/0/0	0.131609/0/0/0/0	0.139624/0/0/0/0	

Leaf 0: (contain: 12 ports)
	Port: 1 (contain 24 entries)
		0.0308459/0/0/0/0	1.28e-05/0/0/0/0	0/0/0/0/0	0/0/0/0/0	6.112e-05/0/0/0/0	0.00367792/0/0/0/0	0.0117485/0/0/0/0	0.211884/0/0/0/0	0.0731589/0/0/0/0	0.0205046/0/0/0/0	0.0201594/0/0/0/0	0.0198182/0/0/0/0	0.0197392/0/0/0/0	0.0194896/0/0/0/0	0.0194563/0/0/0/0	0.019369/0/0/0/0	0.0192816/0/0/0/0	0.0190986/0/0/0/0	0.0191235/0/0/0/0	0.0191568/0/0/0/0	0.0118518/0/0/0/0	0/0/0/0/0	0/0/0/0/0	0/0/0/0/0	
	Port: 2 (contain 24 entries)
		0.185017/0/0/0/0	0.0375088/0/0/0/0	1.28e-05/0/0/0/0	1.28e-05/0/0/0/0	3.592e-05/0/0/0/0	7.528e-05/0/0/0/0	7.504e-05/0/0/0/0	0.0144566/0/0/0/0	0.0307913/0/0/0/0	0.0357805/0/0/0/0	0.0357677/0/0/0/0	0.0357718/0/0/0/0	0.0357677/0/0/0/0	0.0357718/0/0/0/0	0.0357677/0/0/0/0	0.0232669/0/0/0/0	0/0/0/0/0	0/0/0/0/0	0/0/0/0/0	0/0/0/0/0	0/0/0/0/0	0/0/0/0/0	0/0/0/0/0	0/0/0/0/0	
	Port: 3 (contain 24 entries)
		2.56e-05/0/0/0/0	0/0/0/0/0	0/0/0/0/0	0.00020064/0/0/0/0	0/0/0/0/0	0/0/0/0/0	0/0/0/0/0	0/0/0/0/0	0.00010904/0/0/0/0	0/0/0/0/0	0/0/0/0/0	0/0/0/0/0	0/0/0/0/0	0/0/0/0/0	0/0/0/0/0	0/0/0/0/0	0/0/0/0/0	0/0/0/0/0	0/0/0/0/0	0/0/0/0/0	0/0/0/0/0	0/0/0/0/0	0/0/0/0/0	0/0/0/0/0	
	Port: 4 (contain 24 entries)
		0.0318471/0/0/0/0	0/0/0/0/0	0.00023048/0/0/0/0	3.776e-05/0/0/0/0	0/0/0/0/0	0/0/0/0/0	0/0/0/0/0	1.696e-05/0/0/0/0	0/0/0/0/0	1.28e-05/0/0/0/0	0/0/0/0/0	0/0/0/0/0	0/0/0/0/0	0/0/0/0/0	0/0/0/0/0	0/0/0/0/0	0/0/0/0/0	0/0/0/0/0	0/0/0/0/0	0/0/0/0/0	0/0/0/0/0	0/0/0/0/0	0/0/0/0/0	0/0/0/0/0	
	Port: 5 (contain 24 entries)
		0.0206224/0/0/0/0	0.033255/0/0/0/0	0.0357805/0/0/0/0	0.0233958/0/0/0/0	0.0232963/0/0/0/0	0.0181234/0/0/0/0	0.0232317/0/0/0/0	0.0230842/0/0/0/0	0.0141981/0/0/0/0	0.0269771/0/0/0/0	0.0156125/0/0/0/0	0.0159494/0/0/0/0	0.0160326/0/0/0/0	0.0162781/0/0/0/0	0.0163155/0/0/0/0	0.0163987/0/0/0/0	0.0164861/0/0/0/0	0.0166733/0/0/0/0	0.0166442/0/0/0/0	0.016615/0/0/0/0	0.0239242/0/0/0/0	0.0357677/0/0/0/0	0.0357718/0/0/0/0	0.0357677/0/0/0/0	
	Port: 6 (contain 24 entries)
		0/0/0/0/0	0.34519/0/0/0/0	0.91023/0/0/0/0	0.987244/0/0/0/0	0.986895/0/0/0/0	0.971073/0/0/0/0	0.994794/0/0/0/0	0.994678/0/0/0/0	0.992355/0/0/0/0	0.998098/1/1454/0/0	0.997814/0/0/0/0	0.99642/0/0/0/0	0.99642/0/0/0/0	0.996304/0/0/0/0	0.996072/0/0/0/0	0.995956/0/0/0/0	0.995607/0/0/0/0	0.995607/0/0/0/0	0.995375/0/0/0/0	0.995143/0/0/0/0	0.994678/0/0/0/0	0.99433/0/0/0/0	0.993981/0/0/0/0	0.993633/0/0/0/0	
	Port: 7 (contain 24 entries)
		1.28e-05/0/0/0/0	0/0/0/0/0	0/0/0/0/0	1.28e-05/0/0/0/0	0/0/0/0/0	0.00048736/0/0/0/0	0.106092/0/0/0/0	0.0183739/0/0/0/0	1.28e-05/0/0/0/0	0/0/0/0/0	0/0/0/0/0	0/0/0/0/0	0/0/0/0/0	0/0/0/0/0	0/0/0/0/0	0/0/0/0/0	0/0/0/0/0	0/0/0/0/0	0/0/0/0/0	0/0/0/0/0	0/0/0/0/0	0/0/0/0/0	0/0/0/0/0	0/0/0/0/0	
	Port: 8 (contain 24 entries)
		0.00026384/0/0/0/0	0/0/0/0/0	0.0006976/0/0/0/0	9.352e-05/0/0/0/0	0/0/0/0/0	0/0/0/0/0	0/0/0/0/0	2.504e-05/0/0/0/0	0/0/0/0/0	0/0/0/0/0	0/0/0/0/0	0/0/0/0/0	0/0/0/0/0	0/0/0/0/0	0/0/0/0/0	0/0/0/0/0	0/0/0/0/0	0/0/0/0/0	0/0/0/0/0	0/0/0/0/0	0/0/0/0/0	0/0/0/0/0	0/0/0/0/0	0/0/0/0/0	
	Port: 9 (contain 24 entries)
		0.58197/0/0/0/0	0.962502/0/0/0/0	0.99886/0/0/0/0	0.669314/0/0/0/0	1.28e-05/0/0/0/0	0.0004484/0/0/0/0	0.00013864/0/0/0/0	0.409137/0/0/0/0	0.921613/0/0/0/0	0.998744/0/0/0/0	0.998744/0/0/0/0	0.99886/0/0/0/0	0.998744/0/0/0/0	0.998744/0/0/0/0	0.99886/0/0/0/0	0.643144/0/0/0/0	0/0/0/0/0	0/0/0/0/0	0/0/0/0/0	0/0/0/0/0	0/0/0/0/0	0/0/0/0/0	0/0/0/0/0	0/0/0/0/0	
	Port: 10 (contain 24 entries)
		0.00154704/0/0/0/0	0.0123184/0/0/0/0	0.0312158/0/0/0/0	0.03536/0/0/0/0	0.193368/0/0/0/0	0.159911/0/0/0/0	0.354382/0/0/0/0	0.673913/0/0/0/0	0.602516/0/0/0/0	0.611428/0/0/0/0	0.601322/0/0/0/0	0.59139/0/0/0/0	0.589307/1/54/0/0	0.581284/0/0/0/0	0.580695/0/0/0/0	0.577899/0/0/0/0	0.576152/0/0/0/0	0.57034/0/0/0/0	0.570796/1/54/0/0	0.572646/0/0/0/0	0.327019/0/0/0/0	0.0356096/0/0/0/0	0.0355971/0/0/0/0	0.0355846/0/0/0/0	
	Port: 11 (contain 24 entries)
		2.112e-05/0/0/0/0	5.688e-05/0/0/0/0	3.36e-05/0/0/0/0	0.00275408/0/0/0/0	0.53027/0/0/0/0	0.49082/0/0/0/0	0.65238/0/0/0/0	0.471145/0/0/0/0	0.400559/0/0/0/0	0.429224/0/0/0/0	0.438388/0/0/0/0	0.447681/0/0/0/0	0.449307/0/0/0/0	0.45709/0/0/0/0	0.457438/0/0/0/0	0.459761/0/0/0/0	0.461504/0/0/0/0	0.467312/0/0/0/0	0.466499/0/0/0/0	0.46464/0/0/0/0	0.667804/0/0/0/0	0.998744/0/0/0/0	0.998744/0/0/0/0	0.99886/0/0/0/0	
	Port: 12 (contain 24 entries)
		0.0124034/0/0/0/0	0.00133568/0/0/0/0	5.072e-05/0/0/0/0	0.0008356/0/0/0/0	0.0013232/0/0/0/0	0.0220804/0/0/0/0	0.00399424/0/0/0/0	0.00785912/0/0/0/0	0.00193448/0/0/0/0	0.0007324/0/0/0/0	0/0/0/0/0	0/0/0/0/0	0/0/0/0/0	0/0/0/0/0	0/0/0/0/0	0/0/0/0/0	0/0/0/0/0	0/0/0/0/0	0/0/0/0/0	0/0/0/0/0	0/0/0/0/0	0/0/0/0/0	0/0/0/0/0	0/0/0/0/0	

Leaf 1: (contain: 12 ports)
	Port: 1 (contain 24 entries)
		0.00491816/0/0/0/0	3.144e-05/0/0/0/0	0.0007056/0/0/0/0	0.00303168/0/0/0/0	0/0/0/0/0	2.888e-05/0/0/0/0	0/0/0/0/0	0.407266/0/0/0/0	0.921278/0/0/0/0	0.998628/0/0/0/0	0.99886/0/0/0/0	0.998744/0/0/0/0	0.99886/0/0/0/0	0.998744/0/0/0/0	0.99886/0/0/0/0	0.645351/0/0/0/0	0/0/0/0/0	0/0/0/0/0	0/0/0/0/0	0/0/0/0/0	0/0/0/0/0	0/0/0/0/0	0/0/0/0/0	0/0/0/0/0	
	Port: 2 (contain 24 entries)
		0.00114432/0/0/0/0	0/0/0/0/0	0/0/0/0/0	1.28e-05/0/0/0/0	0.00085312/0/0/0/0	2.976e-05/0/0/0/0	0.00018752/0/0/0/0	3.64e-05/0/0/0/0	0/0/0/0/0	6.392e-05/0/0/0/0	0/0/0/0/0	0/0/0/0/0	0/0/0/0/0	0/0/0/0/0	0/0/0/0/0	0/0/0/0/0	0/0/0/0/0	0/0/0/0/0	0/0/0/0/0	0/0/0/0/0	0/0/0/0/0	0/0/0/0/0	0/0/0/0/0	0/0/0/0/0	
	Port: 3 (contain 24 entries)
		0.0002316/0/0/0/0	1.28e-05/0/0/0/0	2.56e-05/0/0/0/0	0/0/0/0/0	1.696e-05/0/0/0/0	0/0/0/0/0	0/0/0/0/0	0.00065792/0/0/0/0	0/0/0/0/0	0.0001628/0/0/0/0	0/0/0/0/0	0/0/0/0/0	0/0/0/0/0	0/0/0/0/0	0/0/0/0/0	0/0/0/0/0	0/0/0/0/0	0/0/0/0/0	0/0/0/0/0	0/0/0/0/0	0/0/0/0/0	0/0/0/0/0	0/0/0/0/0	0/0/0/0/0	
	Port: 4 (contain 24 entries)
		0/0/0/0/0	0/0/0/0/0	0/0/0/0/0	0/0/0/0/0	1.28e-05/0/0/0/0	1.28e-05/0/0/0/0	6.688e-05/0/0/0/0	1.28e-05/0/0/0/0	0/0/0/0/0	0/0/0/0/0	0/0/0/0/0	0/0/0/0/0	0/0/0/0/0	0/0/0/0/0	0/0/0/0/0	0/0/0/0/0	0/0/0/0/0	0/0/0/0/0	0/0/0/0/0	0/0/0/0/0	0/0/0/0/0	0/0/0/0/0	0/0/0/0/0	0/0/0/0/0	
	Port: 5 (contain 24 entries)
		0.0010436/0/0/0/0	0/0/0/0/0	1.696e-05/0/0/0/0	0.0111699/0/0/0/0	0.0112528/0/0/0/0	0.0134618/0/0/0/0	0.00383136/0/0/0/0	0.0011068/0/0/0/0	0.0168245/0/0/0/0	0.0204214/0/0/0/0	0.0354432/0/0/0/0	0.0366205/0/0/0/0	0.0357885/0/0/0/0	0.0357261/0/0/0/0	0.0357635/0/0/0/0	0.0357635/0/0/0/0	0.0357386/0/0/0/0	0.0357552/0/0/0/0	0.0357677/0/0/0/0	0.0359424/0/0/0/0	0.0356678/0/0/0/0	0.0357552/0/0/0/0	0.0357427/0/0/0/0	0.0357594/0/0/0/0	
	Port: 6 (contain 24 entries)
		0.00012064/0/0/0/0	0/0/0/0/0	0.0003248/0/0/0/0	0.0002156/0/0/0/0	0.0001044/0/0/0/0	0.00090776/0/0/0/0	2.56e-05/0/0/0/0	3.176e-05/0/0/0/0	0/0/0/0/0	0/0/0/0/0	0/0/0/0/0	0/0/0/0/0	0/0/0/0/0	0/0/0/0/0	0/0/0/0/0	0/0/0/0/0	0/0/0/0/0	0/0/0/0/0	0/0/0/0/0	0/0/0/0/0	0/0/0/0/0	0/0/0/0/0	0/0/0/0/0	0/0/0/0/0	
	Port: 7 (contain 24 entries)
		0.00022848/0/0/0/0	0/0/0/0/0	2.56e-05/0/0/0/0	0/0/0/0/0	0/0/0/0/0	4.88e-05/0/0/0/0	2.76e-05/0/0/0/0	1.28e-05/0/0/0/0	0.134406/0/0/0/0	0.0299479/0/0/0/0	0/0/0/0/0	0/0/0/0/0	0/0/0/0/0	0/0/0/0/0	0/0/0/0/0	0/0/0/0/0	0/0/0/0/0	0/0/0/0/0	0/0/0/0/0	0/0/0/0/0	0/0/0/0/0	0/0/0/0/0	0/0/0/0/0	0/0/0/0/0	
	Port: 8 (contain 24 entries)
		0/0/0/0/0	8.496e-05/0/0/0/0	0/0/0/0/0	0.0143062/0/0/0/0	0.0259626/0/0/0/0	0.0184995/0/0/0/0	0.0316579/0/0/0/0	0.076245/0/0/0/0	0.0317034/0/0/0/0	0/0/0/0/0	0/0/0/0/0	0/0/0/0/0	0/0/0/0/0	0/0/0/0/0	0/0/0/0/0	0/0/0/0/0	0/0/0/0/0	0/0/0/0/0	0/0/0/0/0	0/0/0/0/0	0/0/0/0/0	0/0/0/0/0	0/0/0/0/0	0/0/0/0/0	
	Port: 9 (contain 24 entries)
		0.0591572/0/0/0/0	0/0/0/0/0	0.00032872/0/0/0/0	0.414816/0/0/0/0	0.0959982/0/0/0/0	7.504e-05/0/0/0/0	0.0235394/0/0/0/0	0.0487476/0/0/0/0	0.182642/0/0/0/0	0.0609203/0/0/0/0	0.0626048/0/0/0/0	0.100585/0/0/0/0	0.0972205/0/0/0/0	0.104534/0/0/0/0	0.109645/0/0/0/0	0.102417/0/0/0/0	0.084216/0/0/0/0	0.0885139/0/0/0/0	0.0925795/0/0/0/0	0.0657466/0/0/0/0	0/0/0/0/0	0/0/0/0/0	0/0/0/0/0	0/0/0/0/0	
	Port: 10 (contain 24 entries)
		0.00017952/0/0/0/0	4.592e-05/0/0/0/0	0.00014056/0/0/0/0	0.402056/0/0/0/0	0.778388/0/0/0/0	0.655259/13/18902/0/0	0.972608/0/0/0/0	0.997234/0/0/0/0	0.878875/0/0/0/0	1.248e-05/0/0/0/0	0/0/0/0/0	0/0/0/0/0	0/0/0/0/0	0/0/0/0/0	0/0/0/0/0	0/0/0/0/0	0/0/0/0/0	0/0/0/0/0	0/0/0/0/0	0/0/0/0/0	0/0/0/0/0	0/0/0/0/0	0/0/0/0/0	0/0/0/0/0	
	Port: 11 (contain 24 entries)
		2.976e-05/0/0/0/0	1.28e-05/0/0/0/0	0.00010192/0/0/0/0	0.00010632/0/0/0/0	0.132435/0/0/0/0	0.369156/0/0/0/0	0.0016444/0/0/0/0	0.0322776/0/0/0/0	0.309447/0/0/0/0	0.592184/0/0/0/0	0.9668/0/0/0/0	0.934043/0/0/0/0	0.937295/0/0/0/0	0.930093/0/0/0/0	0.924866/0/0/0/0	0.919639/0/0/0/0	0.914528/0/0/0/0	0.910346/0/0/0/0	0.906164/0/0/0/0	0.903841/0/0/0/0	0.886533/0/0/0/0	0.876543/0/0/0/0	0.867134/0/0/0/0	0.859236/0/0/0/0	
	Port: 12 (contain 24 entries)
		0.00026384/0/0/0/0	0/0/0/0/0	0.00880224/0/0/0/0	0/0/0/0/0	0.0235623/0/0/0/0	0.00028592/0/0/0/0	0/0/0/0/0	3.688e-05/0/0/0/0	4.672e-05/0/0/0/0	0.0002248/0/0/0/0	0.00511104/0/0/0/0	0/0/0/0/0	0/0/0/0/0	0/0/0/0/0	0/0/0/0/0	0/0/0/0/0	0/0/0/0/0	0/0/0/0/0	0/0/0/0/0	0.0292723/0/0/0/0	0.112211/0/0/0/0	0.1222/0/0/0/0	0.131725/0/0/0/0	0.139508/0/0/0/0	

Leaf 2: (contain: 12 ports)
	Port: 1 (contain 24 entries)
		0.297146/0/0/0/0	0.959515/0/0/0/0	0.998744/0/0/0/0	0.998744/0/0/0/0	0.998713/0/0/0/0	0.985747/0/0/0/0	0.998657/0/0/0/0	0.997234/0/0/0/0	0.99886/0/0/0/0	0.998744/0/0/0/0	0.99886/0/0/0/0	0.998744/0/0/0/0	0.99886/0/0/0/0	0.998744/0/0/0/0	0.99886/0/0/0/0	0.998744/0/0/0/0	0.998744/0/0/0/0	0.99886/0/0/0/0	0.998744/0/0/0/0	0.99886/0/0/0/0	0.998744/0/0/0/0	0.99886/0/0/0/0	0.998744/0/0/0/0	0.99886/0/0/0/0	
	Port: 2 (contain 24 entries)
		0.0273658/0/0/0/0	0/0/0/0/0	0/0/0/0/0	0/0/0/0/0	3.56e-05/0/0/0/0	0/0/0/0/0	0/0/0/0/0	0.00702272/0/0/0/0	0.00184352/0/0/0/0	0/0/0/0/0	0/0/0/0/0	0/0/0/0/0	0/0/0/0/0	0/0/0/0/0	0/0/0/0/0	0/0/0/0/0	0/0/0/0/0	0/0/0/0/0	0/0/0/0/0	0/0/0/0/0	0/0/0/0/0	0/0/0/0/0	0/0/0/0/0	0/0/0/0/0	
	Port: 3 (contain 24 entries)
		1.28e-05/0/0/0/0	0/0/0/0/0	0.00018352/0/0/0/0	0/0/0/0/0	0.0175184/0/0/0/0	0.0457323/0/0/0/0	0.0357718/0/0/0/0	0.0357722/0/0/0/0	0.320334/0/0/0/0	0.611694/1/54/0/0	0.997707/1/54/0/0	0.972301/0/0/0/0	0.937179/0/0/0/0	0.930093/0/0/0/0	0.924982/0/0/0/0	0.919406/0/0/0/0	0.914644/0/0/0/0	0.910346/0/0/0/0	0.90628/0/0/0/0	0.904073/0/0/0/0	0.886185/0/0/0/0	0.876543/0/0/0/0	0.867251/0/0/0/0	0.859236/0/0/0/0	
	Port: 4 (contain 24 entries)
		0/0/0/0/0	0/0/0/0/0	0/0/0/0/0	0.399779/0/0/0/0	0.776181/0/0/0/0	0.512614/0/0/0/0	0.870397/0/0/0/0	0.997234/0/0/0/0	0.881077/0/0/0/0	0.0004288/0/0/0/0	0/0/0/0/0	0/0/0/0/0	0/0/0/0/0	0/0/0/0/0	0/0/0/0/0	0/0/0/0/0	0/0/0/0/0	0/0/0/0/0	0/0/0/0/0	0/0/0/0/0	0/0/0/0/0	0/0/0/0/0	0/0/0/0/0	0/0/0/0/0	
	Port: 5 (contain 24 entries)
		6.424e-05/0/0/0/0	1.28e-05/0/0/0/0	0/0/0/0/0	1.28e-05/0/0/0/0	0.150707/0/0/0/0	0.00937776/0/0/0/0	0.00388464/0/0/0/0	0.00146048/0/0/0/0	0/0/0/0/0	0/0/0/0/0	0/0/0/0/0	0/0/0/0/0	0/0/0/0/0	0/0/0/0/0	0/0/0/0/0	0/0/0/0/0	0/0/0/0/0	0/0/0/0/0	0/0/0/0/0	0/0/0/0/0	0/0/0/0/0	0/0/0/0/0	0/0/0/0/0	0/0/0/0/0	
	Port: 6 (contain 24 entries)
		0.0131543/0/0/0/0	0/0/0/0/0	0/0/0/0/0	2.976e-05/0/0/0/0	7.52e-05/0/0/0/0	2.976e-05/0/0/0/0	0/0/0/0/0	0/0/0/0/0	0.00012936/0/0/0/0	7.336e-05/0/0/0/0	0/0/0/0/0	0/0/0/0/0	0/0/0/0/0	0/0/0/0/0	0/0/0/0/0	0/0/0/0/0	0/0/0/0/0	0/0/0/0/0	0/0/0/0/0	0/0/0/0/0	0/0/0/0/0	0/0/0/0/0	0/0/0/0/0	0/0/0/0/0	
	Port: 7 (contain 24 entries)
		0/0/0/0/0	6.288e-05/0/0/0/0	6.32e-05/0/0/0/0	0.013816/0/0/0/0	0.0300683/0/0/0/0	0.0135034/0/0/0/0	0.00063376/0/0/0/0	0/0/0/0/0	2.56e-05/0/0/0/0	0.00029224/0/0/0/0	0/0/0/0/0	0/0/0/0/0	0/0/0/0/0	0/0/0/0/0	0/0/0/0/0	0/0/0/0/0	0/0/0/0/0	0/0/0/0/0	0/0/0/0/0	0/0/0/0/0	0/0/0/0/0	0/0/0/0/0	0/0/0/0/0	0/0/0/0/0	
	Port: 8 (contain 24 entries)
		2.976e-05/0/0/0/0	0/0/0/0/0	0.00010192/0/0/0/0	0.00081784/0/0/0/0	0/0/0/0/0	0.00023504/0/0/0/0	0/0/0/0/0	1.992e-05/0/0/0/0	0/0/0/0/0	0/0/0/0/0	0/0/0/0/0	0/0/0/0/0	0/0/0/0/0	0/0/0/0/0	0/0/0/0/0	0/0/0/0/0	0/0/0/0/0	0/0/0/0/0	0/0/0/0/0	0/0/0/0/0	0/0/0/0/0	0/0/0/0/0	0/0/0/0/0	0/0/0/0/0	
	Port: 9 (contain 24 entries)
		0.0313532/0/0/0/0	3.144e-05/0/0/0/0	1.28e-05/0/0/0/0	0.00025536/0/0/0/0	0.00562256/0/0/0/0	0.0010776/0/0/0/0	0.00024776/0/0/0/0	0.0405019/0/0/0/0	0.00011432/0/0/0/0	1.28e-05/0/0/0/0	0/0/0/0/0	0/0/0/0/0	0/0/0/0/0	0/0/0/0/0	0/0/0/0/0	0/0/0/0/0	0/0/0/0/0	0/0/0/0/0	0/0/0/0/0	0/0/0/0/0	0/0/0/0/0	0/0/0/0/0	0/0/0/0/0	0/0/0/0/0	
	Port: 10 (contain 24 entries)
		0.0115738/0/0/0/0	0.0325062/0/0/0/0	0.0357933/0/0/0/0	0.438236/2/1508/0/0	0.97562/453/272262/0/0	0.39936/0/0/0/0	0.172922/0/0/0/0	0.0714809/0/0/0/0	0.0777966/0/0/0/0	0.0671714/0/0/0/0	0.070279/0/0/0/0	0.0700586/0/0/0/0	0.0693347/0/0/0/0	0.0690726/0/0/0/0	0.0688979/0/0/0/0	0.0687024/0/0/0/0	0.0685235/0/0/0/0	0.0683696/0/0/0/0	0.0682282/0/0/0/0	0.0681574/0/0/0/0	0.067496/0/0/0/0	0.0671632/0/0/0/0	0.0668262/0/0/0/0	0.0665434/0/0/0/0	
	Port: 11 (contain 24 entries)
		8.832e-05/0/0/0/0	0.00013512/0/0/0/0	1.28e-05/0/0/0/0	0.00019376/0/0/0/0	3.688e-05/0/0/0/0	0.00047488/0/0/0/0	0/0/0/0/0	0.195742/0/0/0/0	0.0529694/0/0/0/0	0/0/0/0/0	0/0/0/0/0	0/0/0/0/0	0/0/0/0/0	0/0/0/0/0	0/0/0/0/0	0/0/0/0/0	0/0/0/0/0	0/0/0/0/0	0/0/0/0/0	0/0/0/0/0	0/0/0/0/0	0/0/0/0/0	0/0/0/0/0	0/0/0/0/0	
	Port: 12 (contain 24 entries)
		0.00043896/0/0/0/0	0.00013712/0/0/0/0	0.00163488/0/0/0/0	0.0023308/0/0/0/0	0.4951/0/0/0/0	0.961224/0/0/0/0	0.99886/0/0/0/0	0.998744/0/0/0/0	0.988289/0/0/0/0	0.978416/0/0/0/0	0.930325/0/0/0/0	0.615871/0/0/0/0	0/0/0/0/0	0/0/0/0/0	0/0/0/0/0	0/0/0/0/0	0/0/0/0/0	0/0/0/0/0	0/0/0/0/0	0/0/0/0/0	0/0/0/0/0	0/0/0/0/0	0/0/0/0/0	0/0/0/0/0	

Leaf 3: (contain: 12 ports)
	Port: 1 (contain 24 entries)
		0/0/0/0/0	0.00010952/0/0/0/0	0/0/0/0/0	0/0/0/0/0	1.28e-05/0/0/0/0	0.00015528/0/0/0/0	4.512e-05/0/0/0/0	0/0/0/0/0	0.00011432/0/0/0/0	0/0/0/0/0	0/0/0/0/0	0/0/0/0/0	0/0/0/0/0	0/0/0/0/0	0/0/0/0/0	0/0/0/0/0	0/0/0/0/0	0/0/0/0/0	0/0/0/0/0	0/0/0/0/0	0/0/0/0/0	0/0/0/0/0	0/0/0/0/0	0/0/0/0/0	
	Port: 2 (contain 24 entries)
		3.808e-05/0/0/0/0	0/0/0/0/0	0/0/0/0/0	0.38566/0/0/0/0	0.887811/0/0/0/0	0.373106/0/0/0/0	1.28e-05/0/0/0/0	0.169211/0/0/0/0	0/0/0/0/0	0/0/0/0/0	0/0/0/0/0	0/0/0/0/0	0/0/0/0/0	0/0/0/0/0	0/0/0/0/0	0/0/0/0/0	0/0/0/0/0	0/0/0/0/0	0/0/0/0/0	0/0/0/0/0	0/0/0/0/0	0/0/0/0/0	0/0/0/0/0	0/0/0/0/0	
	Port: 3 (contain 24 entries)
		0/0/0/0/0	0/0/0/0/0	0/0/0/0/0	0/0/0/0/0	0/0/0/0/0	1.28e-05/0/0/0/0	0/0/0/0/0	1.28e-05/0/0/0/0	2.112e-05/0/0/0/0	0/0/0/0/0	0/0/0/0/0	0/0/0/0/0	0/0/0/0/0	0/0/0/0/0	0/0/0/0/0	0/0/0/0/0	0/0/0/0/0	0/0/0/0/0	0/0/0/0/0	0/0/0/0/0	0/0/0/0/0	0/0/0/0/0	0/0/0/0/0	0/0/0/0/0	
	Port: 4 (contain 24 entries)
		3.936e-05/0/0/0/0	0.0122141/0/0/0/0	0.0399856/0/0/0/0	0.387508/121/93334/0/0	0.321603/0/0/0/0	0.520212/0/0/0/0	0.148145/0/0/0/0	0.0827747/0/0/0/0	0.207142/0/0/0/0	0.0597837/0/0/0/0	0.0676826/0/0/0/0	0.100269/0/0/0/0	0.0972451/0/0/0/0	0.104455/0/0/0/0	0.109425/0/0/0/0	0.115005/0/0/0/0	0.119876/0/0/0/0	0.124049/0/0/0/0	0.128227/0/0/0/0	0.130313/0/0/0/0	0.148301/0/0/0/0	0.15781/1/54/0/0	0.167202/0/0/0/0	0.175097/0/0/0/0	
	Port: 5 (contain 24 entries)
		0.0001476/0/0/0/0	3.992e-05/0/0/0/0	3.36e-05/0/0/0/0	9.424e-05/0/0/0/0	3.264e-05/0/0/0/0	0/0/0/0/0	3.36e-05/0/0/0/0	0.00015144/0/0/0/0	0/0/0/0/0	1.28e-05/0/0/0/0	0/0/0/0/0	0/0/0/0/0	0/0/0/0/0	0/0/0/0/0	0/0/0/0/0	0/0/0/0/0	0/0/0/0/0	0/0/0/0/0	0/0/0/0/0	0/0/0/0/0	0/0/0/0/0	0/0/0/0/0	0/0/0/0/0	0/0/0/0/0	
	Port: 6 (contain 24 entries)
		0.0107671/0/0/0/0	0.0325062/0/0/0/0	0.0357935/0/0/0/0	0.0357597/0/0/0/0	0.0348682/0/0/0/0	0.0340874/0/0/0/0	0.0365459/0/0/0/0	0.0357136/0/0/0/0	0.0357718/0/0/0/0	0.0357677/0/0/0/0	0.0357718/0/0/0/0	0.0357718/0/0/0/0	0.0357635/0/0/0/0	0.035776/0/0/0/0	0.0357635/0/0/0/0	0.0357718/0/0/0/0	0.0357677/0/0/0/0	0.0357677/0/0/0/0	0.0357718/0/0/0/0	0.0357718/0/0/0/0	0.0357718/0/0/0/0	0.0357677/0/0/0/0	0.0357718/0/0/0/0	0.0357677/0/0/0/0	
	Port: 7 (contain 24 entries)
		0.00664/0/0/0/0	0.00134848/0/0/0/0	3.248e-05/0/0/0/0	0/0/0/0/0	0.492876/0/0/0/0	0.961271/0/0/0/0	0.998744/0/0/0/0	0.998877/0/0/0/0	0.988461/1/1454/0/0	0.979622/0/0/0/0	0.930325/0/0/0/0	0.617962/0/0/0/0	0/0/0/0/0	0/0/0/0/0	0/0/0/0/0	0/0/0/0/0	0/0/0/0/0	0/0/0/0/0	0/0/0/0/0	0/0/0/0/0	0/0/0/0/0	0/0/0/0/0	0/0/0/0/0	0/0/0/0/0	
	Port: 8 (contain 24 entries)
		0.580088/0/0/0/0	0.962618/0/0/0/0	0.998744/0/0/0/0	0.649218/0/0/0/0	0.540541/0/0/0/0	0.606414/93/135222/0/0	0.995308/63/91602/0/0	0.940315/146/212284/0/0	0.972162/209/302486/0/0	1.00503/262/380948/0/0	1.00385/306/444924/0/0	1.00351/346/503084/0/0	1.00293/382/555428/0/0	1.00269/415/603410/0/0	1.00246/447/649938/0/0	1.002/474/689196/0/0	1.002/502/729908/0/0	1.002/530/770620/0/0	1.00165/554/805516/0/0	1.00153/578/840412/0/0	0.959201/237/344598/0/0	0.99886/237/344598/0/0	0.998744/237/344598/0/0	0.99886/237/344598/0/0	
	Port: 9 (contain 24 entries)
		0.299908/0/0/0/0	0.959482/0/0/0/0	0.998744/0/0/0/0	0.998628/0/0/0/0	0.998744/0/0/0/0	0.985501/0/0/0/0	0.998628/0/0/0/0	0.99886/0/0/0/0	0.998744/0/0/0/0	0.99886/0/0/0/0	0.998744/0/0/0/0	0.998744/0/0/0/0	0.99886/0/0/0/0	0.998744/0/0/0/0	0.99886/0/0/0/0	0.998744/0/0/0/0	0.99886/0/0/0/0	0.998744/0/0/0/0	0.99886/0/0/0/0	0.998744/0/0/0/0	0.99886/0/0/0/0	0.998744/0/0/0/0	0.998744/0/0/0/0	0.99886/0/0/0/0	
	Port: 10 (contain 24 entries)
		0.205321/0/0/0/0	0.0708654/0/0/0/0	0.0364653/0/0/0/0	0.0347626/0/0/0/0	0.0299984/0/0/0/0	0.0348688/0/0/0/0	0.0393979/0/0/0/0	0.0344552/0/0/0/0	0.175044/0/0/0/0	0.0665043/0/0/0/0	0.0357677/0/0/0/0	0.0357718/0/0/0/0	0.0357677/0/0/0/0	0.0357677/0/0/0/0	0.0357718/0/0/0/0	0.0357677/0/0/0/0	0.0357718/0/0/0/0	0.0357677/0/0/0/0	0.0357718/0/0/0/0	0.0357677/0/0/0/0	0.035776/0/0/0/0	0.0357677/0/0/0/0	0.0357718/0/0/0/0	0.0357677/0/0/0/0	
	Port: 11 (contain 24 entries)
		0.00012352/0/0/0/0	0/0/0/0/0	0.0003504/0/0/0/0	0.0137619/0/0/0/0	0.0477158/0/0/0/0	0.0466867/0/0/0/0	0.0364528/0/0/0/0	0.0423095/0/0/0/0	0.0357952/0/0/0/0	0.035177/0/0/0/0	0.0342618/0/0/0/0	0.0245274/0/0/0/0	0.00222144/0/0/0/0	0.00241696/0/0/0/0	0.00264576/0/0/0/0	0.00283296/0/0/0/0	0.00298688/0/0/0/0	0.00315328/0/0/0/0	0.0033072/0/0/0/0	0.003536/0/0/0/0	0.00396032/0/0/0/0	0.00436384/0/0/0/0	0.00468416/0/0/0/0	0.00498368/0/0/0/0	
	Port: 12 (contain 24 entries)
		0.0122686/0/0/0/0	0.345004/0/0/0/0	0.912437/0/0/0/0	0.987128/0/0/0/0	0.987012/0/0/0/0	0.970981/0/0/0/0	0.994794/0/0/0/0	0.994678/0/0/0/0	0.992471/0/0/0/0	0.997931/0/0/0/0	0.997814/0/0/0/0	0.99642/0/0/0/0	0.996537/0/0/0/0	0.996188/0/0/0/0	0.996072/0/0/0/0	0.995956/0/0/0/0	0.995724/0/0/0/0	0.995491/0/0/0/0	0.995375/0/0/0/0	0.995143/0/0/0/0	0.994678/0/0/0/0	0.99433/0/0/0/0	0.993981/0/0/0/0	0.993633/0/0/0/0	

